#
# A fatal error has been detected by the Java Runtime Environment:
#
#  SIGSEGV (0xb) at pc=0x00007fff9df4ae5d, pid=17074, tid=2571
#
# JRE version: Java(TM) SE Runtime Environment (8.0_66-b17) (build 1.8.0_66-b17)
# Java VM: Java HotSpot(TM) 64-Bit Server VM (25.66-b17 mixed mode bsd-amd64 compressed oops)
# Problematic frame:
# C  [libobjc.A.dylib+0x7e5d]  objc_msgSend+0x1d
#
# Failed to write core dump. Core dumps have been disabled. To enable core dumping, try "ulimit -c unlimited" before starting Java again
#
# If you would like to submit a bug report, please visit:
#   http://bugreport.java.com/bugreport/crash.jsp
# The crash happened outside the Java Virtual Machine in native code.
# See problematic frame for where to report the bug.
#

---------------  T H R E A D  ---------------

Current thread (0x00007fff241d1000):  JavaThread "AWT-AppKit" daemon [_thread_in_native, id=2571, stack(0x00007fff52468000,0x00007fff52c68000)]

siginfo: si_signo: 11 (SIGSEGV), si_code: 1 (SEGV_MAPERR), si_addr: 0x0000000000000018

Registers:
RAX=0x00007fff25ecb510, RBX=0x000000012623f450, RCX=0x000000012622fce0, RDX=0x000000012622f5a0
RSP=0x00007fff52c633a8, RBP=0x00007fff52c63460, RSI=0x00007fff8af7ed0e, RDI=0x00007fff25f56e30
R8 =0x0000000000000000, R9 =0x0000000000000810, R10=0x00007fff8af7ed0e, R11=0x0000000000000000
R12=0x0000000000000000, R13=0x000000018155dab8, R14=0x000000012623f440, R15=0x00007fff241d1000
RIP=0x00007fff9df4ae5d, EFLAGS=0x0000000000010246, ERR=0x0000000000000004
  TRAPNO=0x000000000000000e

Top of Stack: (sp=0x00007fff52c633a8)
0x00007fff52c633a8:   000000012623d157 00007fff52c63400
0x00007fff52c633b8:   0000000000000003 00007fff52c633e0
0x00007fff52c633c8:   000000010d9f11f6 000000018155dab8
0x00007fff52c633d8:   000000018155dab8 00007fff25ecb510
0x00007fff52c633e8:   000000012623f6a0 000000012623f710
0x00007fff52c633f8:   00007fff7980a740 00007fff783834c0
0x00007fff52c63408:   000000012623f450 000000012623f690
0x00007fff52c63418:   00007fff25ecb510 00007fff25f56e30
0x00007fff52c63428:   00007fff234124b0 00007fff25ecb510
0x00007fff52c63438:   00007fff25f56e30 00007fff52c634e8
0x00007fff52c63448:   00007fff241d11f8 000000018155dab8
0x00007fff52c63458:   00007fff52c63510 00007fff52c634d8
0x00007fff52c63468:   000000010e7994d4 000000018155dab8
0x00007fff52c63478:   00007fff52c63510 00007fff52c634d8
0x00007fff52c63488:   000000010e799267 000000010e799222
0x00007fff52c63498:   00007fff52c63498 000000018155dab8
0x00007fff52c634a8:   00007fff52c63510 00000001815606f0
0x00007fff52c634b8:   0000000000000000 000000018155dab8
0x00007fff52c634c8:   0000000000000000 00007fff52c634f8
0x00007fff52c634d8:   00007fff52c63558 000000010e78d98d
0x00007fff52c634e8:   0000000740b0ed28 000000010e7952b8
0x00007fff52c634f8:   00007fff25ecb510 00007fff52c63558
0x00007fff52c63508:   00007fff25f56e30 000000010e796ac2
0x00007fff52c63518:   00007fff52c63518 000000018155dc82
0x00007fff52c63528:   00007fff52c63580 00000001815606f0
0x00007fff52c63538:   0000000000000000 000000018155dc90
0x00007fff52c63548:   00007fff52c634f8 00007fff52c63568
0x00007fff52c63558:   00007fff52c635c8 000000010e78d98d
0x00007fff52c63568:   00007fff25ecb510 0000000797693e60
0x00007fff52c63578:   00007fff25f56e30 0000000797693e60
0x00007fff52c63588:   00007fff52c63588 000000018619f3ae
0x00007fff52c63598:   00007fff52c635d8 000000018619f468 

Instructions: (pc=0x00007fff9df4ae5d)
0x00007fff9df4ae3d:   44 00 00 48 85 ff 2e 74 62 40 f6 c7 01 2e 75 66
0x00007fff9df4ae4d:   49 bb f8 ff ff ff ff 7f 00 00 4c 23 1f 49 89 f2
0x00007fff9df4ae5d:   45 23 53 18 49 c1 e2 04 4d 03 53 10 49 3b 32 75
0x00007fff9df4ae6d:   04 41 ff 62 08 49 83 3a 01 76 0d 49 83 c2 10 49 

Register to memory mapping:

RAX=0x00007fff25ecb510 is an unknown value
RBX=0x000000012623f450: Java_jogamp_nativewindow_macosx_OSXUtil_GetScreenRefreshRate0+0x1cf0 in /private/var/folders/zw/5jg9p0yx0gb97hh28z85c9rw0000gn/T/jogamp_0000/file_cache/jln8481907314064067899/jln1110146947966237030/libnativewindow_macosx.jnilib at 0x0000000126238000
RCX=0x000000012622fce0 is an unknown value
RDX=0x000000012622f5a0 is an unknown value
RSP=0x00007fff52c633a8 is pointing into the stack for thread: 0x00007fff241d1000
RBP=0x00007fff52c63460 is pointing into the stack for thread: 0x00007fff241d1000
RSI=0x00007fff8af7ed0e is an unknown value
RDI=0x00007fff25f56e30 is an unknown value
R8 =0x0000000000000000 is an unknown value
R9 =0x0000000000000810 is an unknown value
R10=0x00007fff8af7ed0e is an unknown value
R11=0x0000000000000000 is an unknown value
R12=0x0000000000000000 is an unknown value
R13={method} {0x000000018155dab8} 'UnsetJAWTRootSurfaceLayer0' '(JJ)V' in 'jogamp/nativewindow/jawt/macosx/MacOSXJAWTWindow'
R14=0x000000012623f440: Java_jogamp_nativewindow_macosx_OSXUtil_GetScreenRefreshRate0+0x1ce0 in /private/var/folders/zw/5jg9p0yx0gb97hh28z85c9rw0000gn/T/jogamp_0000/file_cache/jln8481907314064067899/jln1110146947966237030/libnativewindow_macosx.jnilib at 0x0000000126238000
R15=0x00007fff241d1000 is a thread


Stack: [0x00007fff52468000,0x00007fff52c68000],  sp=0x00007fff52c633a8,  free space=8172k
Native frames: (J=compiled Java code, j=interpreted, Vv=VM code, C=native code)
C  [libobjc.A.dylib+0x7e5d]  objc_msgSend+0x1d
j  jogamp.nativewindow.jawt.macosx.MacOSXJAWTWindow.UnsetJAWTRootSurfaceLayer0(JJ)V+0
j  jogamp.nativewindow.jawt.macosx.MacOSXJAWTWindow.access$200(JJ)V+2
j  jogamp.nativewindow.jawt.macosx.MacOSXJAWTWindow$1.run()V+38
J 2398 C1 com.jogamp.common.util.RunnableTask.run()V (345 bytes) @ 0x000000010ef48f94 [0x000000010ef48e00+0x194]
v  ~StubRoutines::call_stub
V  [libjvm.dylib+0x2ea35e]  JavaCalls::call_helper(JavaValue*, methodHandle*, JavaCallArguments*, Thread*)+0x6ae
V  [libjvm.dylib+0x321467]  jni_invoke_nonstatic(JNIEnv_*, JavaValue*, _jobject*, JNICallType, _jmethodID*, JNI_ArgumentPusher*, Thread*)+0x2ec
V  [libjvm.dylib+0x313c3b]  jni_CallVoidMethod+0x16b
C  [libnativewindow_macosx.jnilib+0x5326]  Java_jogamp_nativewindow_jawt_macosx_MacOSXJAWTWindow_UnsetJAWTRootSurfaceLayer0+0x2b6
C  [Foundation+0x7741e]  __NSThreadPerformPerform+0x117
C  [CoreFoundation+0xaa8b1]  __CFRUNLOOP_IS_CALLING_OUT_TO_A_SOURCE0_PERFORM_FUNCTION__+0x11
C  [CoreFoundation+0x8a027]  __CFRunLoopDoSources0+0x1a7
C  [CoreFoundation+0x895cf]  __CFRunLoopRun+0x39f
C  [CoreFoundation+0x88fc8]  CFRunLoopRunSpecific+0x128
C  [HIToolbox+0x30d55]  RunCurrentEventLoopInMode+0xeb
C  [HIToolbox+0x30a97]  ReceiveNextEventCommon+0xb8
C  [HIToolbox+0x309cf]  _BlockUntilNextEventMatchingListInModeWithFilter+0x47
C  [AppKit+0x49d96]  _DPSNextEvent+0x42b
C  [AppKit+0x491c5]  -[NSApplication _nextEventMatchingEventMask:untilDate:inMode:dequeue:]+0x1c6
C  [libosxapp.dylib+0x23aa]  -[NSApplicationAWT nextEventMatchingMask:untilDate:inMode:dequeue:]+0x7c
C  [AppKit+0x3dd28]  -[NSApplication run]+0x2aa
C  [libosxapp.dylib+0x214d]  +[NSApplicationAWT runAWTLoopWithApp:]+0x9c
C  [libawt_lwawt.dylib+0x4455b]  -[AWTStarter starter:]+0x389
C  [Foundation+0x7741e]  __NSThreadPerformPerform+0x117
C  [CoreFoundation+0xaa8b1]  __CFRUNLOOP_IS_CALLING_OUT_TO_A_SOURCE0_PERFORM_FUNCTION__+0x11
C  [CoreFoundation+0x8a0ac]  __CFRunLoopDoSources0+0x22c
C  [CoreFoundation+0x895cf]  __CFRunLoopRun+0x39f
C  [CoreFoundation+0x88fc8]  CFRunLoopRunSpecific+0x128
C  [java+0x6463]  CreateExecutionEnvironment+0x367
C  [java+0x21ac]  JLI_Launch+0x7a0
C  [java+0x84c0]  main+0x65
C  [java+0x1a04]  start+0x34
C  0x0000000000000007

Java frames: (J=compiled Java code, j=interpreted, Vv=VM code)
j  jogamp.nativewindow.jawt.macosx.MacOSXJAWTWindow.UnsetJAWTRootSurfaceLayer0(JJ)V+0
j  jogamp.nativewindow.jawt.macosx.MacOSXJAWTWindow.access$200(JJ)V+2
j  jogamp.nativewindow.jawt.macosx.MacOSXJAWTWindow$1.run()V+38
J 2398 C1 com.jogamp.common.util.RunnableTask.run()V (345 bytes) @ 0x000000010ef48f94 [0x000000010ef48e00+0x194]
v  ~StubRoutines::call_stub

---------------  P R O C E S S  ---------------

Java Threads: ( => current thread )
  0x00007fff27c26000 JavaThread "Thread-19" [_thread_blocked, id=67083, stack(0x0000700001662000,0x0000700001762000)]
  0x00007fff23e14800 JavaThread "AWT-EventQueue-1" [_thread_in_native, id=59399, stack(0x00007000014dc000,0x00007000015dc000)]
  0x00007fff23809000 JavaThread "DestroyJavaVM" [_thread_blocked, id=6403, stack(0x000070000011a000,0x000070000021a000)]
  0x00007fff23bc4800 JavaThread "AWT-EventQueue-0" [_thread_blocked, id=57095, stack(0x00007000012d6000,0x00007000013d6000)]
  0x00007fff23adf000 JavaThread "Java2D Disposer" daemon [_thread_blocked, id=52235, stack(0x000070000104d000,0x000070000114d000)]
  0x00007fff23ade000 JavaThread "Java2D Queue Flusher" daemon [_thread_blocked, id=39447, stack(0x0000700000f4a000,0x000070000104a000)]
  0x00007fff23a1e800 JavaThread "AWT-Shutdown" [_thread_blocked, id=26651, stack(0x0000700000dc4000,0x0000700000ec4000)]
=>0x00007fff241d1000 JavaThread "AWT-AppKit" daemon [_thread_in_native, id=2571, stack(0x00007fff52468000,0x00007fff52c68000)]
  0x00007fff23848000 JavaThread "Service Thread" daemon [_thread_blocked, id=17411, stack(0x0000700000b3b000,0x0000700000c3b000)]
  0x00007fff24076000 JavaThread "C1 CompilerThread1" daemon [_thread_blocked, id=16899, stack(0x0000700000a38000,0x0000700000b38000)]
  0x00007fff24035000 JavaThread "C2 CompilerThread0" daemon [_thread_blocked, id=16387, stack(0x0000700000935000,0x0000700000a35000)]
  0x00007fff24034000 JavaThread "Signal Dispatcher" daemon [_thread_blocked, id=15875, stack(0x0000700000832000,0x0000700000932000)]
  0x00007fff24058000 JavaThread "Finalizer" daemon [_thread_blocked, id=11779, stack(0x0000700000629000,0x0000700000729000)]
  0x00007fff24051800 JavaThread "Reference Handler" daemon [_thread_blocked, id=11267, stack(0x0000700000526000,0x0000700000626000)]

Other Threads:
  0x00007fff24051000 VMThread [stack: 0x0000700000423000,0x0000700000523000] [id=10755]
  0x00007fff23858800 WatcherThread [stack: 0x0000700000c3e000,0x0000700000d3e000] [id=17923]

VM state:not at safepoint (normal execution)

VM Mutex/Monitor currently owned by a thread: None

Heap:
 PSYoungGen      total 38400K, used 36183K [0x0000000795580000, 0x0000000798000000, 0x00000007c0000000)
  eden space 33280K, 93% used [0x0000000795580000,0x00000007973d6ad8,0x0000000797600000)
  from space 5120K, 99% used [0x0000000797600000,0x0000000797aff4b0,0x0000000797b00000)
  to   space 5120K, 0% used [0x0000000797b00000,0x0000000797b00000,0x0000000798000000)
 ParOldGen       total 87552K, used 12305K [0x0000000740000000, 0x0000000745580000, 0x0000000795580000)
  object space 87552K, 14% used [0x0000000740000000,0x0000000740c04500,0x0000000745580000)
 Metaspace       used 20728K, capacity 20891K, committed 21120K, reserved 1069056K
  class space    used 2043K, capacity 2112K, committed 2176K, reserved 1048576K

Card table byte_map: [0x000000011db46000,0x000000011df47000] byte_map_base: 0x000000011a146000

Marking Bits: (ParMarkBitMap*) 0x000000010e0dde20
 Begin Bits: [0x000000011e1f2000, 0x00000001201f2000)
 End Bits:   [0x00000001201f2000, 0x00000001221f2000)

Polling page: 0x000000010d25b000

CodeCache: size=245760Kb used=7905Kb max_used=7942Kb free=237854Kb
 bounds [0x000000010e786000, 0x000000010ef56000, 0x000000011d786000]
 total_blobs=3165 nmethods=2278 adapters=802
 compilation: enabled

Compilation events (10 events):
Event: 16.143 Thread 0x00007fff24076000 2417       3       java.util.concurrent.locks.LockSupport::setBlocker (12 bytes)
Event: 16.143 Thread 0x00007fff24076000 nmethod 2417 0x000000010ef4e490 code [0x000000010ef4e5e0, 0x000000010ef4e730]
Event: 16.196 Thread 0x00007fff24076000 2420       3       sun.net.www.protocol.jar.Handler::indexOfBangSlash (52 bytes)
Event: 16.197 Thread 0x00007fff24076000 nmethod 2420 0x000000010e893b50 code [0x000000010e893d00, 0x000000010e894418]
Event: 16.197 Thread 0x00007fff24076000 2422       3       java.net.URLStreamHandler::setURL (159 bytes)
Event: 16.198 Thread 0x00007fff24076000 nmethod 2422 0x000000010ecd9550 code [0x000000010ecd97e0, 0x000000010ecdab48]
Event: 16.198 Thread 0x00007fff24076000 2419       3       sun.net.www.protocol.jar.Handler::parseContextSpec (154 bytes)
Event: 16.200 Thread 0x00007fff24076000 nmethod 2419 0x000000010ecd5890 code [0x000000010ecd5c80, 0x000000010ecd8368]
Event: 16.200 Thread 0x00007fff24076000 2421       3       sun.net.www.ParseUtil::canonizeString (195 bytes)
Event: 16.201 Thread 0x00007fff24076000 nmethod 2421 0x000000010eb20090 code [0x000000010eb20460, 0x000000010eb228a8]

GC Heap History (6 events):
Event: 2.964 GC heap before
{Heap before GC invocations=1 (full 0):
 PSYoungGen      total 38400K, used 33280K [0x0000000795580000, 0x0000000798000000, 0x00000007c0000000)
  eden space 33280K, 100% used [0x0000000795580000,0x0000000797600000,0x0000000797600000)
  from space 5120K, 0% used [0x0000000797b00000,0x0000000797b00000,0x0000000798000000)
  to   space 5120K, 0% used [0x0000000797600000,0x0000000797600000,0x0000000797b00000)
 ParOldGen       total 87552K, used 0K [0x0000000740000000, 0x0000000745580000, 0x0000000795580000)
  object space 87552K, 0% used [0x0000000740000000,0x0000000740000000,0x0000000745580000)
 Metaspace       used 15780K, capacity 15999K, committed 16256K, reserved 1064960K
  class space    used 1599K, capacity 1660K, committed 1664K, reserved 1048576K
Event: 2.978 GC heap after
Heap after GC invocations=1 (full 0):
 PSYoungGen      total 38400K, used 4885K [0x0000000795580000, 0x0000000798000000, 0x00000007c0000000)
  eden space 33280K, 0% used [0x0000000795580000,0x0000000795580000,0x0000000797600000)
  from space 5120K, 95% used [0x0000000797600000,0x0000000797ac57b0,0x0000000797b00000)
  to   space 5120K, 0% used [0x0000000797b00000,0x0000000797b00000,0x0000000798000000)
 ParOldGen       total 87552K, used 8K [0x0000000740000000, 0x0000000745580000, 0x0000000795580000)
  object space 87552K, 0% used [0x0000000740000000,0x0000000740002000,0x0000000745580000)
 Metaspace       used 15780K, capacity 15999K, committed 16256K, reserved 1064960K
  class space    used 1599K, capacity 1660K, committed 1664K, reserved 1048576K
}
Event: 5.275 GC heap before
{Heap before GC invocations=2 (full 0):
 PSYoungGen      total 38400K, used 36445K [0x0000000795580000, 0x0000000798000000, 0x00000007c0000000)
  eden space 33280K, 94% used [0x0000000795580000,0x0000000797452020,0x0000000797600000)
  from space 5120K, 95% used [0x0000000797600000,0x0000000797ac57b0,0x0000000797b00000)
  to   space 5120K, 0% used [0x0000000797b00000,0x0000000797b00000,0x0000000798000000)
 ParOldGen       total 87552K, used 8K [0x0000000740000000, 0x0000000745580000, 0x0000000795580000)
  object space 87552K, 0% used [0x0000000740000000,0x0000000740002000,0x0000000745580000)
 Metaspace       used 19296K, capacity 19531K, committed 19712K, reserved 1067008K
  class space    used 1961K, capacity 2046K, committed 2048K, reserved 1048576K
Event: 5.300 GC heap after
Heap after GC invocations=2 (full 0):
 PSYoungGen      total 38400K, used 5117K [0x0000000795580000, 0x0000000798000000, 0x00000007c0000000)
  eden space 33280K, 0% used [0x0000000795580000,0x0000000795580000,0x0000000797600000)
  from space 5120K, 99% used [0x0000000797b00000,0x0000000797fff430,0x0000000798000000)
  to   space 5120K, 0% used [0x0000000797600000,0x0000000797600000,0x0000000797b00000)
 ParOldGen       total 87552K, used 3974K [0x0000000740000000, 0x0000000745580000, 0x0000000795580000)
  object space 87552K, 4% used [0x0000000740000000,0x00000007403e19c0,0x0000000745580000)
 Metaspace       used 19296K, capacity 19531K, committed 19712K, reserved 1067008K
  class space    used 1961K, capacity 2046K, committed 2048K, reserved 1048576K
}
Event: 7.122 GC heap before
{Heap before GC invocations=3 (full 0):
 PSYoungGen      total 38400K, used 38397K [0x0000000795580000, 0x0000000798000000, 0x00000007c0000000)
  eden space 33280K, 100% used [0x0000000795580000,0x0000000797600000,0x0000000797600000)
  from space 5120K, 99% used [0x0000000797b00000,0x0000000797fff430,0x0000000798000000)
  to   space 5120K, 0% used [0x0000000797600000,0x0000000797600000,0x0000000797b00000)
 ParOldGen       total 87552K, used 3974K [0x0000000740000000, 0x0000000745580000, 0x0000000795580000)
  object space 87552K, 4% used [0x0000000740000000,0x00000007403e19c0,0x0000000745580000)
 Metaspace       used 20433K, capacity 20629K, committed 20864K, reserved 1069056K
  class space    used 2035K, capacity 2111K, committed 2176K, reserved 1048576K
Event: 7.148 GC heap after
Heap after GC invocations=3 (full 0):
 PSYoungGen      total 38400K, used 5117K [0x0000000795580000, 0x0000000798000000, 0x00000007c0000000)
  eden space 33280K, 0% used [0x0000000795580000,0x0000000795580000,0x0000000797600000)
  from space 5120K, 99% used [0x0000000797600000,0x0000000797aff4b0,0x0000000797b00000)
  to   space 5120K, 0% used [0x0000000797b00000,0x0000000797b00000,0x0000000798000000)
 ParOldGen       total 87552K, used 12305K [0x0000000740000000, 0x0000000745580000, 0x0000000795580000)
  object space 87552K, 14% used [0x0000000740000000,0x0000000740c04500,0x0000000745580000)
 Metaspace       used 20433K, capacity 20629K, committed 20864K, reserved 1069056K
  class space    used 2035K, capacity 2111K, committed 2176K, reserved 1048576K
}

Deoptimization events (6 events):
Event: 2.137 Thread 0x00007fff24201000 Uncommon trap: reason=unstable_if action=reinterpret pc=0x000000010e962660 method=java.lang.String.toLowerCase(Ljava/util/Locale;)Ljava/lang/String; @ 85
Event: 2.465 Thread 0x00007fff24598000 Uncommon trap: reason=unstable_if action=reinterpret pc=0x000000010e94e114 method=java.lang.String.indexOf([CII[CIII)I @ 3
Event: 4.247 Thread 0x00007fff23e14800 Uncommon trap: reason=unstable_if action=reinterpret pc=0x000000010e93d814 method=java.lang.AbstractStringBuilder.append(Ljava/lang/String;)Ljava/lang/AbstractStringBuilder; @ 1
Event: 5.538 Thread 0x00007fff270ac800 Uncommon trap: reason=unstable_if action=reinterpret pc=0x000000010eb44f90 method=java.lang.String.regionMatches(ZILjava/lang/String;II)Z @ 123
Event: 5.687 Thread 0x00007fff23e14800 Uncommon trap: reason=unstable_if action=reinterpret pc=0x000000010ece45c0 method=processing.opengl.PGraphicsOpenGL$InGeometry.addVertex(FFFIFFFFFIFIIIFIZ)I @ 218
Event: 16.209 Thread 0x00007fff27c26000 Uncommon trap: reason=predicate action=maybe_recompile pc=0x000000010ec76830 method=java.util.Vector.indexOf(Ljava/lang/Object;I)I @ 44

Internal exceptions (10 events):
Event: 0.267 Thread 0x00007fff23809000 Exception <a 'java/lang/NoSuchFieldError': method resolution failed> (0x000000079582a0f0) thrown at [/HUDSON3/workspace/8-2-build-macosx-x86_64/jdk8u66/4988/hotspot/src/share/vm/prims/methodHandles.cpp, line 1146]
Event: 0.278 Thread 0x00007fff23809000 Exception <a 'java/lang/NoSuchFieldError': method resolution failed> (0x00000007958378c0) thrown at [/HUDSON3/workspace/8-2-build-macosx-x86_64/jdk8u66/4988/hotspot/src/share/vm/prims/methodHandles.cpp, line 1146]
Event: 0.509 Thread 0x00007fff23809000 Exception <a 'java/io/FileNotFoundException'> (0x00000007958b35b8) thrown at [/HUDSON3/workspace/8-2-build-macosx-x86_64/jdk8u66/4988/hotspot/src/share/vm/prims/jni.cpp, line 709]
Event: 0.509 Thread 0x00007fff23809000 Exception <a 'java/io/FileNotFoundException'> (0x00000007958b40e0) thrown at [/HUDSON3/workspace/8-2-build-macosx-x86_64/jdk8u66/4988/hotspot/src/share/vm/prims/jni.cpp, line 709]
Event: 0.715 Thread 0x00007fff23809000 Exception <a 'java/io/FileNotFoundException'> (0x00000007959ef150) thrown at [/HUDSON3/workspace/8-2-build-macosx-x86_64/jdk8u66/4988/hotspot/src/share/vm/prims/jni.cpp, line 709]
Event: 2.521 Thread 0x00007fff24598000 Exception <a 'java/lang/UnsatisfiedLinkError': com.jogamp.common.util.JarUtil.fixNativeLibAttribs(Ljava/lang/String;)Z> (0x0000000796b15948) thrown at [/HUDSON3/workspace/8-2-build-macosx-x86_64/jdk8u66/4988/hotspot/src/share/vm/prims/nativeLookup.cpp, li
Event: 2.990 Thread 0x00007fff24058000 Exception <a 'java/lang/NullPointerException'> (0x0000000795628348) thrown at [/HUDSON3/workspace/8-2-build-macosx-x86_64/jdk8u66/4988/hotspot/src/share/vm/interpreter/linkResolver.cpp, line 1178]
Event: 4.246 Thread 0x00007fff23e14800 Exception <a 'java/io/FileNotFoundException'> (0x0000000795fe5118) thrown at [/HUDSON3/workspace/8-2-build-macosx-x86_64/jdk8u66/4988/hotspot/src/share/vm/prims/jni.cpp, line 709]
Event: 4.246 Thread 0x00007fff23e14800 Exception <a 'java/io/FileNotFoundException'> (0x0000000795feb220) thrown at [/HUDSON3/workspace/8-2-build-macosx-x86_64/jdk8u66/4988/hotspot/src/share/vm/prims/jni.cpp, line 709]
Event: 4.246 Thread 0x00007fff23e14800 Implicit null exception at 0x000000010e93d4b5 to 0x000000010e93d801

Events (10 events):
Event: 16.207 loading class java/awt/event/AWTEventListenerProxy
Event: 16.207 loading class java/awt/event/AWTEventListenerProxy done
Event: 16.207 loading class java/awt/Toolkit$ToolkitEventMulticaster
Event: 16.208 loading class java/awt/Toolkit$ToolkitEventMulticaster done
Event: 16.208 Thread 0x00007fff2430f000 Thread exited: 0x00007fff2430f000
Event: 16.209 Thread 0x00007fff27c26000 Uncommon trap: trap_request=0xffffff86 fr.pc=0x000000010ec76830
Event: 16.209 Thread 0x00007fff27c26000 DEOPT PACKING pc=0x000000010ec76830 sp=0x00007000017617f0
Event: 16.209 Thread 0x00007fff27c26000 DEOPT UNPACKING pc=0x000000010e78af69 sp=0x00007000017617a0 mode 2
Event: 16.209 loading class java/awt/Window$1DisposeAction
Event: 16.209 loading class java/awt/Window$1DisposeAction done


Dynamic libraries:
0x0000000007f21000 	/System/Library/Frameworks/Cocoa.framework/Versions/A/Cocoa
0x0000000007f21000 	/System/Library/Frameworks/Security.framework/Versions/A/Security
0x0000000007f21000 	/System/Library/Frameworks/ApplicationServices.framework/Versions/A/ApplicationServices
0x0000000007f21000 	/usr/lib/libz.1.dylib
0x0000000007f21000 	/usr/lib/libSystem.B.dylib
0x0000000007f21000 	/usr/lib/libobjc.A.dylib
0x0000000007f21000 	/System/Library/Frameworks/CoreFoundation.framework/Versions/A/CoreFoundation
0x0000000007f21000 	/System/Library/Frameworks/Foundation.framework/Versions/C/Foundation
0x0000000007f21000 	/System/Library/Frameworks/AppKit.framework/Versions/C/AppKit
0x0000000007f21000 	/System/Library/Frameworks/CoreData.framework/Versions/A/CoreData
0x0000000007f21000 	/System/Library/PrivateFrameworks/RemoteViewServices.framework/Versions/A/RemoteViewServices
0x0000000007f21000 	/System/Library/PrivateFrameworks/UIFoundation.framework/Versions/A/UIFoundation
0x0000000007f21000 	/usr/lib/libScreenReader.dylib
0x0000000007f21000 	/System/Library/Frameworks/Accelerate.framework/Versions/A/Accelerate
0x0000000007f21000 	/System/Library/Frameworks/IOSurface.framework/Versions/A/IOSurface
0x0000000007f21000 	/System/Library/Frameworks/AudioToolbox.framework/Versions/A/AudioToolbox
0x0000000007f21000 	/System/Library/Frameworks/AudioUnit.framework/Versions/A/AudioUnit
0x0000000007f21000 	/System/Library/PrivateFrameworks/DataDetectorsCore.framework/Versions/A/DataDetectorsCore
0x0000000007f21000 	/System/Library/PrivateFrameworks/DesktopServicesPriv.framework/Versions/A/DesktopServicesPriv
0x0000000007f21000 	/System/Library/Frameworks/Carbon.framework/Versions/A/Frameworks/HIToolbox.framework/Versions/A/HIToolbox
0x0000000007f21000 	/System/Library/Frameworks/QuartzCore.framework/Versions/A/QuartzCore
0x0000000007f21000 	/System/Library/Frameworks/Carbon.framework/Versions/A/Frameworks/SpeechRecognition.framework/Versions/A/SpeechRecognition
0x0000000007f21000 	/usr/lib/libauto.dylib
0x0000000007f21000 	/usr/lib/libicucore.A.dylib
0x0000000007f21000 	/usr/lib/libxml2.2.dylib
0x0000000007f21000 	/System/Library/PrivateFrameworks/CoreUI.framework/Versions/A/CoreUI
0x0000000007f21000 	/System/Library/Frameworks/CoreAudio.framework/Versions/A/CoreAudio
0x0000000007f21000 	/System/Library/Frameworks/DiskArbitration.framework/Versions/A/DiskArbitration
0x0000000007f21000 	/usr/lib/liblangid.dylib
0x0000000007f21000 	/System/Library/PrivateFrameworks/MultitouchSupport.framework/Versions/A/MultitouchSupport
0x0000000007f21000 	/System/Library/Frameworks/IOKit.framework/Versions/A/IOKit
0x0000000007f21000 	/usr/lib/libDiagnosticMessagesClient.dylib
0x0000000007f21000 	/System/Library/Frameworks/CoreServices.framework/Versions/A/CoreServices
0x0000000007f21000 	/System/Library/PrivateFrameworks/PerformanceAnalysis.framework/Versions/A/PerformanceAnalysis
0x0000000007f21000 	/System/Library/PrivateFrameworks/GenerationalStorage.framework/Versions/A/GenerationalStorage
0x0000000007f21000 	/System/Library/Frameworks/OpenGL.framework/Versions/A/OpenGL
0x0000000007f21000 	/System/Library/PrivateFrameworks/Sharing.framework/Versions/A/Sharing
0x0000000007f21000 	/System/Library/Frameworks/CoreGraphics.framework/Versions/A/CoreGraphics
0x0000000007f21000 	/System/Library/Frameworks/CoreImage.framework/Versions/A/CoreImage
0x0000000007f21000 	/System/Library/Frameworks/CoreText.framework/Versions/A/CoreText
0x0000000007f21000 	/System/Library/Frameworks/ImageIO.framework/Versions/A/ImageIO
0x0000000007f21000 	/System/Library/PrivateFrameworks/Backup.framework/Versions/A/Backup
0x0000000007f21000 	/usr/lib/libextension.dylib
0x0000000007f21000 	/usr/lib/libarchive.2.dylib
0x0000000007f21000 	/System/Library/Frameworks/CFNetwork.framework/Versions/A/CFNetwork
0x0000000007f21000 	/System/Library/Frameworks/SystemConfiguration.framework/Versions/A/SystemConfiguration
0x0000000007f21000 	/usr/lib/libCRFSuite.dylib
0x0000000007f21000 	/usr/lib/libc++.1.dylib
0x0000000007f21000 	/usr/lib/libc++abi.dylib
0x0000000007f21000 	/usr/lib/system/libcache.dylib
0x0000000007f21000 	/usr/lib/system/libcommonCrypto.dylib
0x0000000007f21000 	/usr/lib/system/libcompiler_rt.dylib
0x0000000007f21000 	/usr/lib/system/libcopyfile.dylib
0x0000000007f21000 	/usr/lib/system/libcorecrypto.dylib
0x0000000007f21000 	/usr/lib/system/libdispatch.dylib
0x0000000007f21000 	/usr/lib/system/libdyld.dylib
0x0000000007f21000 	/usr/lib/system/libkeymgr.dylib
0x0000000007f21000 	/usr/lib/system/liblaunch.dylib
0x0000000007f21000 	/usr/lib/system/libmacho.dylib
0x0000000007f21000 	/usr/lib/system/libquarantine.dylib
0x0000000007f21000 	/usr/lib/system/libremovefile.dylib
0x0000000007f21000 	/usr/lib/system/libsystem_asl.dylib
0x0000000007f21000 	/usr/lib/system/libsystem_blocks.dylib
0x0000000007f21000 	/usr/lib/system/libsystem_c.dylib
0x0000000007f21000 	/usr/lib/system/libsystem_configuration.dylib
0x0000000007f21000 	/usr/lib/system/libsystem_coreservices.dylib
0x0000000007f21000 	/usr/lib/system/libsystem_coretls.dylib
0x0000000007f21000 	/usr/lib/system/libsystem_dnssd.dylib
0x0000000007f21000 	/usr/lib/system/libsystem_info.dylib
0x0000000007f21000 	/usr/lib/system/libsystem_kernel.dylib
0x0000000007f21000 	/usr/lib/system/libsystem_m.dylib
0x0000000007f21000 	/usr/lib/system/libsystem_malloc.dylib
0x0000000007f21000 	/usr/lib/system/libsystem_network.dylib
0x0000000007f21000 	/usr/lib/system/libsystem_networkextension.dylib
0x0000000007f21000 	/usr/lib/system/libsystem_notify.dylib
0x0000000007f21000 	/usr/lib/system/libsystem_platform.dylib
0x0000000007f21000 	/usr/lib/system/libsystem_pthread.dylib
0x0000000007f21000 	/usr/lib/system/libsystem_sandbox.dylib
0x0000000007f21000 	/usr/lib/system/libsystem_secinit.dylib
0x0000000007f21000 	/usr/lib/system/libsystem_trace.dylib
0x0000000007f21000 	/usr/lib/system/libunc.dylib
0x0000000007f21000 	/usr/lib/system/libunwind.dylib
0x0000000007f21000 	/usr/lib/system/libxpc.dylib
0x0000000007f21000 	/usr/lib/libenergytrace.dylib
0x0000000007f21000 	/usr/lib/libbsm.0.dylib
0x0000000007f21000 	/usr/lib/system/libkxld.dylib
0x0000000007f21000 	/usr/lib/libxar.1.dylib
0x0000000007f21000 	/usr/lib/libsqlite3.dylib
0x0000000007f21000 	/usr/lib/libpam.2.dylib
0x0000000007f21000 	/usr/lib/libOpenScriptingUtil.dylib
0x0000000007f21000 	/usr/lib/libbz2.1.0.dylib
0x0000000007f21000 	/usr/lib/liblzma.5.dylib
0x0000000007f21000 	/System/Library/Frameworks/CoreServices.framework/Versions/A/Frameworks/FSEvents.framework/Versions/A/FSEvents
0x0000000007f21000 	/System/Library/Frameworks/CoreServices.framework/Versions/A/Frameworks/CarbonCore.framework/Versions/A/CarbonCore
0x0000000007f21000 	/System/Library/Frameworks/CoreServices.framework/Versions/A/Frameworks/Metadata.framework/Versions/A/Metadata
0x0000000007f21000 	/System/Library/Frameworks/CoreServices.framework/Versions/A/Frameworks/OSServices.framework/Versions/A/OSServices
0x0000000007f21000 	/System/Library/Frameworks/CoreServices.framework/Versions/A/Frameworks/SearchKit.framework/Versions/A/SearchKit
0x0000000007f21000 	/System/Library/Frameworks/CoreServices.framework/Versions/A/Frameworks/AE.framework/Versions/A/AE
0x0000000007f21000 	/System/Library/Frameworks/CoreServices.framework/Versions/A/Frameworks/LaunchServices.framework/Versions/A/LaunchServices
0x0000000007f21000 	/System/Library/Frameworks/CoreServices.framework/Versions/A/Frameworks/DictionaryServices.framework/Versions/A/DictionaryServices
0x0000000007f21000 	/System/Library/Frameworks/CoreServices.framework/Versions/A/Frameworks/SharedFileList.framework/Versions/A/SharedFileList
0x0000000007f21000 	/System/Library/Frameworks/NetFS.framework/Versions/A/NetFS
0x0000000007f21000 	/System/Library/PrivateFrameworks/NetAuth.framework/Versions/A/NetAuth
0x0000000007f21000 	/System/Library/PrivateFrameworks/login.framework/Versions/A/Frameworks/loginsupport.framework/Versions/A/loginsupport
0x0000000007f21000 	/System/Library/PrivateFrameworks/TCC.framework/Versions/A/TCC
0x0000000007f21000 	/usr/lib/libmecabra.dylib
0x0000000007f21000 	/System/Library/Frameworks/ApplicationServices.framework/Versions/A/Frameworks/ATS.framework/Versions/A/ATS
0x0000000007f21000 	/System/Library/Frameworks/ApplicationServices.framework/Versions/A/Frameworks/ColorSync.framework/Versions/A/ColorSync
0x0000000007f21000 	/System/Library/Frameworks/ApplicationServices.framework/Versions/A/Frameworks/HIServices.framework/Versions/A/HIServices
0x0000000007f21000 	/System/Library/Frameworks/ApplicationServices.framework/Versions/A/Frameworks/LangAnalysis.framework/Versions/A/LangAnalysis
0x0000000007f21000 	/System/Library/Frameworks/ApplicationServices.framework/Versions/A/Frameworks/PrintCore.framework/Versions/A/PrintCore
0x0000000007f21000 	/System/Library/Frameworks/ApplicationServices.framework/Versions/A/Frameworks/QD.framework/Versions/A/QD
0x0000000007f21000 	/System/Library/Frameworks/ApplicationServices.framework/Versions/A/Frameworks/SpeechSynthesis.framework/Versions/A/SpeechSynthesis
0x0000000007f21000 	/System/Library/Frameworks/Metal.framework/Versions/A/Metal
0x0000000007f21000 	/System/Library/Frameworks/Accelerate.framework/Versions/A/Frameworks/vImage.framework/Versions/A/vImage
0x0000000007f21000 	/System/Library/Frameworks/Accelerate.framework/Versions/A/Frameworks/vecLib.framework/Versions/A/vecLib
0x0000000007f21000 	/System/Library/Frameworks/Accelerate.framework/Versions/A/Frameworks/vecLib.framework/Versions/A/libvDSP.dylib
0x0000000007f21000 	/System/Library/Frameworks/Accelerate.framework/Versions/A/Frameworks/vecLib.framework/Versions/A/libvMisc.dylib
0x0000000007f21000 	/System/Library/Frameworks/Accelerate.framework/Versions/A/Frameworks/vecLib.framework/Versions/A/libLAPACK.dylib
0x0000000007f21000 	/System/Library/Frameworks/Accelerate.framework/Versions/A/Frameworks/vecLib.framework/Versions/A/libBLAS.dylib
0x0000000007f21000 	/System/Library/Frameworks/Accelerate.framework/Versions/A/Frameworks/vecLib.framework/Versions/A/libLinearAlgebra.dylib
0x0000000007f21000 	/System/Library/Frameworks/Accelerate.framework/Versions/A/Frameworks/vecLib.framework/Versions/A/libSparseBLAS.dylib
0x0000000007f21000 	/System/Library/PrivateFrameworks/GPUCompiler.framework/libmetal_timestamp.dylib
0x0000000007f21000 	/System/Library/Frameworks/OpenGL.framework/Versions/A/Libraries/libCoreFSCache.dylib
0x0000000007f21000 	/System/Library/PrivateFrameworks/IOAccelerator.framework/Versions/A/IOAccelerator
0x0000000007f21000 	/System/Library/Frameworks/ApplicationServices.framework/Versions/A/Frameworks/ATS.framework/Versions/A/Resources/libFontParser.dylib
0x0000000007f21000 	/System/Library/Frameworks/ApplicationServices.framework/Versions/A/Frameworks/ATS.framework/Versions/A/Resources/libFontRegistry.dylib
0x0000000007f21000 	/System/Library/PrivateFrameworks/AppleVPA.framework/Versions/A/AppleVPA
0x0000000007f21000 	/System/Library/PrivateFrameworks/AppleJPEG.framework/Versions/A/AppleJPEG
0x0000000007f21000 	/System/Library/Frameworks/ImageIO.framework/Versions/A/Resources/libJPEG.dylib
0x0000000007f21000 	/System/Library/Frameworks/ImageIO.framework/Versions/A/Resources/libTIFF.dylib
0x0000000007f21000 	/System/Library/Frameworks/ImageIO.framework/Versions/A/Resources/libPng.dylib
0x0000000007f21000 	/System/Library/Frameworks/ImageIO.framework/Versions/A/Resources/libGIF.dylib
0x0000000007f21000 	/System/Library/Frameworks/ImageIO.framework/Versions/A/Resources/libJP2.dylib
0x0000000007f21000 	/System/Library/Frameworks/ImageIO.framework/Versions/A/Resources/libRadiance.dylib
0x0000000007f21000 	/System/Library/Frameworks/CoreVideo.framework/Versions/A/CoreVideo
0x0000000007f21000 	/System/Library/Frameworks/OpenGL.framework/Versions/A/Libraries/libGLU.dylib
0x0000000007f21000 	/System/Library/Frameworks/OpenGL.framework/Versions/A/Libraries/libGFXShared.dylib
0x0000000007f21000 	/System/Library/Frameworks/OpenGL.framework/Versions/A/Libraries/libGL.dylib
0x0000000007f21000 	/System/Library/Frameworks/OpenGL.framework/Versions/A/Libraries/libGLImage.dylib
0x0000000007f21000 	/System/Library/Frameworks/OpenGL.framework/Versions/A/Libraries/libCVMSPluginSupport.dylib
0x0000000007f21000 	/System/Library/Frameworks/OpenGL.framework/Versions/A/Libraries/libCoreVMClient.dylib
0x0000000007f21000 	/usr/lib/libcups.2.dylib
0x0000000007f21000 	/System/Library/Frameworks/Kerberos.framework/Versions/A/Kerberos
0x0000000007f21000 	/System/Library/Frameworks/GSS.framework/Versions/A/GSS
0x0000000007f21000 	/usr/lib/libresolv.9.dylib
0x0000000007f21000 	/usr/lib/libiconv.2.dylib
0x0000000007f21000 	/System/Library/PrivateFrameworks/Heimdal.framework/Versions/A/Heimdal
0x0000000007f21000 	/usr/lib/libheimdal-asn1.dylib
0x0000000007f21000 	/System/Library/Frameworks/OpenDirectory.framework/Versions/A/OpenDirectory
0x0000000007f21000 	/System/Library/PrivateFrameworks/CommonAuth.framework/Versions/A/CommonAuth
0x0000000007f21000 	/System/Library/Frameworks/OpenDirectory.framework/Versions/A/Frameworks/CFOpenDirectory.framework/Versions/A/CFOpenDirectory
0x0000000007f21000 	/System/Library/Frameworks/SecurityFoundation.framework/Versions/A/SecurityFoundation
0x0000000007f21000 	/System/Library/PrivateFrameworks/LanguageModeling.framework/Versions/A/LanguageModeling
0x0000000007f21000 	/usr/lib/libmarisa.dylib
0x0000000007f21000 	/usr/lib/libChineseTokenizer.dylib
0x0000000007f21000 	/usr/lib/libcmph.dylib
0x0000000007f21000 	/usr/lib/libcompression.dylib
0x0000000007f21000 	/System/Library/Frameworks/ServiceManagement.framework/Versions/A/ServiceManagement
0x0000000007f21000 	/usr/lib/libxslt.1.dylib
0x0000000007f21000 	/System/Library/Frameworks/Carbon.framework/Versions/A/Frameworks/Ink.framework/Versions/A/Ink
0x0000000007f21000 	/usr/lib/libFosl_dynamic.dylib
0x0000000007f21000 	/System/Library/PrivateFrameworks/FaceCore.framework/Versions/A/FaceCore
0x0000000007f21000 	/System/Library/Frameworks/OpenCL.framework/Versions/A/OpenCL
0x0000000007f21000 	/System/Library/PrivateFrameworks/CrashReporterSupport.framework/Versions/A/CrashReporterSupport
0x0000000007f21000 	/System/Library/PrivateFrameworks/IconServices.framework/Versions/A/IconServices
0x0000000007f21000 	/System/Library/PrivateFrameworks/Apple80211.framework/Versions/A/Apple80211
0x0000000007f21000 	/System/Library/Frameworks/CoreWLAN.framework/Versions/A/CoreWLAN
0x0000000007f21000 	/System/Library/Frameworks/IOBluetooth.framework/Versions/A/IOBluetooth
0x0000000007f21000 	/System/Library/PrivateFrameworks/CoreWiFi.framework/Versions/A/CoreWiFi
0x0000000007f21000 	/System/Library/Frameworks/CoreBluetooth.framework/Versions/A/CoreBluetooth
0x0000000007f21000 	/System/Library/PrivateFrameworks/ChunkingLibrary.framework/Versions/A/ChunkingLibrary
0x0000000007f21000 	/System/Library/PrivateFrameworks/DebugSymbols.framework/Versions/A/DebugSymbols
0x0000000007f21000 	/System/Library/PrivateFrameworks/CoreSymbolication.framework/Versions/A/CoreSymbolication
0x0000000007f21000 	/System/Library/PrivateFrameworks/Symbolication.framework/Versions/A/Symbolication
0x0000000007f21000 	/System/Library/PrivateFrameworks/SpeechRecognitionCore.framework/Versions/A/SpeechRecognitionCore
0x000000010d800000 	/Library/Java/JavaVirtualMachines/jdk1.8.0_66.jdk/Contents/Home/jre/lib/server/libjvm.dylib
0x0000000007f21000 	/usr/lib/libstdc++.6.dylib
0x000000010d218000 	/Library/Java/JavaVirtualMachines/jdk1.8.0_66.jdk/Contents/Home/jre/lib/libverify.dylib
0x000000010d226000 	/Library/Java/JavaVirtualMachines/jdk1.8.0_66.jdk/Contents/Home/jre/lib/libjava.dylib
0x000000010d265000 	/Library/Java/JavaVirtualMachines/jdk1.8.0_66.jdk/Contents/Home/jre/lib/libzip.dylib
0x000000010d3e1000 	/System/Library/Frameworks/JavaVM.framework/Frameworks/JavaRuntimeSupport.framework/JavaRuntimeSupport
0x0000000123936000 	/System/Library/Frameworks/JavaVM.framework/Versions/A/Frameworks/JavaNativeFoundation.framework/Versions/A/JavaNativeFoundation
0x000000012394b000 	/System/Library/Frameworks/JavaVM.framework/Versions/A/JavaVM
0x0000000007f21000 	/System/Library/Frameworks/Carbon.framework/Versions/A/Carbon
0x0000000123958000 	/System/Library/PrivateFrameworks/JavaLaunching.framework/Versions/A/JavaLaunching
0x0000000007f21000 	/System/Library/Frameworks/Carbon.framework/Versions/A/Frameworks/CommonPanels.framework/Versions/A/CommonPanels
0x0000000007f21000 	/System/Library/Frameworks/Carbon.framework/Versions/A/Frameworks/Help.framework/Versions/A/Help
0x0000000007f21000 	/System/Library/Frameworks/Carbon.framework/Versions/A/Frameworks/ImageCapture.framework/Versions/A/ImageCapture
0x0000000007f21000 	/System/Library/Frameworks/Carbon.framework/Versions/A/Frameworks/OpenScripting.framework/Versions/A/OpenScripting
0x0000000007f21000 	/System/Library/Frameworks/Carbon.framework/Versions/A/Frameworks/Print.framework/Versions/A/Print
0x0000000007f21000 	/System/Library/Frameworks/Carbon.framework/Versions/A/Frameworks/SecurityHI.framework/Versions/A/SecurityHI
0x0000000125277000 	/Library/Java/JavaVirtualMachines/jdk1.8.0_66.jdk/Contents/Home/jre/lib/libawt.dylib
0x000000012531f000 	/Library/Java/JavaVirtualMachines/jdk1.8.0_66.jdk/Contents/Home/jre/lib/./libmlib_image.dylib
0x00000001253eb000 	/Library/Java/JavaVirtualMachines/jdk1.8.0_66.jdk/Contents/Home/jre/lib/libawt_lwawt.dylib
0x00000001254a0000 	/Library/Java/JavaVirtualMachines/jdk1.8.0_66.jdk/Contents/Home/jre/lib/./libosxapp.dylib
0x0000000007f21000 	/System/Library/Frameworks/ExceptionHandling.framework/Versions/A/ExceptionHandling
0x0000000007f21000 	/System/Library/PrivateFrameworks/CoreServicesInternal.framework/Versions/A/CoreServicesInternal
0x0000000007f21000 	/System/Library/Frameworks/CoreGraphics.framework/Versions/A/Resources/libRIP.A.dylib
0x0000000007f21000 	/System/Library/Frameworks/Accelerate.framework/Versions/A/Frameworks/vImage.framework/Versions/A/Libraries/libCGInterfaces.dylib
0x0000000007f21000 	/System/Library/Frameworks/CoreGraphics.framework/Versions/A/Resources/libCGXType.A.dylib
0x0000000007f21000 	/System/Library/Frameworks/OpenCL.framework/Versions/A/Libraries/libcldcpuengine.dylib
0x0000000007f21000 	/System/Library/PrivateFrameworks/DiskImages.framework/Versions/A/DiskImages
0x0000000007f21000 	/System/Library/Frameworks/DiscRecording.framework/Versions/A/DiscRecording
0x0000000007f21000 	/usr/lib/libcsfde.dylib
0x0000000007f21000 	/usr/lib/libcurl.4.dylib
0x0000000007f21000 	/System/Library/PrivateFrameworks/MediaKit.framework/Versions/A/MediaKit
0x0000000007f21000 	/System/Library/PrivateFrameworks/ProtectedCloudStorage.framework/Versions/A/ProtectedCloudStorage
0x0000000007f21000 	/usr/lib/libCoreStorage.dylib
0x0000000007f21000 	/System/Library/PrivateFrameworks/EFILogin.framework/Versions/A/EFILogin
0x0000000007f21000 	/usr/lib/libutil.dylib
0x0000000007f21000 	/System/Library/PrivateFrameworks/FindMyDevice.framework/Versions/A/FindMyDevice
0x0000000007f21000 	/System/Library/Frameworks/LDAP.framework/Versions/A/LDAP
0x0000000007f21000 	/usr/lib/libsasl2.2.dylib
0x0000000007f21000 	/System/Library/PrivateFrameworks/CoreDaemon.framework/Versions/B/CoreDaemon
0x0000000007f21000 	/usr/lib/libcrypto.0.9.8.dylib
0x0000000007f21000 	/System/Library/PrivateFrameworks/AppleSRP.framework/Versions/A/AppleSRP
0x0000000007f21000 	/System/Library/PrivateFrameworks/TrustEvaluationAgent.framework/Versions/A/TrustEvaluationAgent
0x0000000126c8d000 	cl_kernels
0x0000000007f21000 	/System/Library/Frameworks/OpenCL.framework/Versions/A/Libraries/ImageFormats/unorm8_bgra.dylib
0x0000000007f21000 	/System/Library/Frameworks/OpenCL.framework/Versions/A/Libraries/ImageFormats/unorm8_rgba.dylib
0x0000000007f21000 	/System/Library/PrivateFrameworks/FamilyControls.framework/Versions/A/FamilyControls
0x0000000007f21000 	/System/Library/PrivateFrameworks/CommerceKit.framework/Versions/A/Frameworks/CommerceCore.framework/Versions/A/CommerceCore
0x0000000007f21000 	/System/Library/PrivateFrameworks/SystemAdministration.framework/Versions/A/SystemAdministration
0x0000000007f21000 	/System/Library/PrivateFrameworks/AppContainer.framework/Versions/A/AppContainer
0x0000000007f21000 	/System/Library/PrivateFrameworks/SecCodeWrapper.framework/Versions/A/SecCodeWrapper
0x0000000007f21000 	/System/Library/Frameworks/DirectoryService.framework/Versions/A/DirectoryService
0x0000000007f21000 	/System/Library/PrivateFrameworks/LoginUIKit.framework/Versions/A/Frameworks/LoginUICore.framework/Versions/A/LoginUICore
0x0000000007f21000 	/usr/lib/libodfde.dylib
0x0000000007f21000 	/System/Library/Frameworks/OpenGL.framework/Versions/A/Resources/GLEngine.bundle/GLEngine
0x0000000007f21000 	/System/Library/Frameworks/OpenGL.framework/Versions/A/Libraries/libGLProgrammability.dylib
0x0000000127d53000 	/System/Library/Extensions/GeForceTeslaGLDriver.bundle/Contents/MacOS/GeForceTeslaGLDriver
0x0000000129913000 	/System/Library/Extensions/GeForceTeslaGLDriver.bundle/Contents/MacOS/libclh.dylib
0x0000000007f21000 	/System/Library/PrivateFrameworks/GPUSupport.framework/Versions/A/Libraries/libGPUSupport.dylib
0x0000000007f21000 	/System/Library/Frameworks/OpenGL.framework/Versions/A/Resources/GLRendererFloat.bundle/GLRendererFloat
0x000000012ab80000 	/Library/Java/JavaVirtualMachines/jdk1.8.0_66.jdk/Contents/Home/jre/lib/libfontmanager.dylib
0x000000012c752000 	/Library/Java/JavaVirtualMachines/jdk1.8.0_66.jdk/Contents/Home/jre/lib/libosxui.dylib
0x000000012d7ff000 	/Library/Java/JavaVirtualMachines/jdk1.8.0_66.jdk/Contents/Home/jre/lib/libnet.dylib
0x000000012d4c6000 	/Library/Java/JavaVirtualMachines/jdk1.8.0_66.jdk/Contents/Home/jre/lib/libnio.dylib
0x0000000007f21000 	/System/Library/Frameworks/ApplicationServices.framework/Versions/A/Frameworks/ATS.framework/Versions/A/Resources/libTrueTypeScaler.dylib
0x0000000126273000 	/private/var/folders/zw/5jg9p0yx0gb97hh28z85c9rw0000gn/T/jogamp_0000/file_cache/jln8481907314064067899/jln1110146947966237030/libgluegen-rt.jnilib
0x0000000126232000 	/private/var/folders/zw/5jg9p0yx0gb97hh28z85c9rw0000gn/T/jogamp_0000/file_cache/jln8481907314064067899/jln1110146947966237030/libnativewindow_awt.jnilib
0x0000000126235000 	/Library/Java/JavaVirtualMachines/jdk1.8.0_66.jdk/Contents/Home/jre/lib/libjawt.dylib
0x0000000126238000 	/private/var/folders/zw/5jg9p0yx0gb97hh28z85c9rw0000gn/T/jogamp_0000/file_cache/jln8481907314064067899/jln1110146947966237030/libnativewindow_macosx.jnilib
0x000000018141b000 	/private/var/folders/zw/5jg9p0yx0gb97hh28z85c9rw0000gn/T/jogamp_0000/file_cache/jln8481907314064067899/jln1110146947966237030/libjogl_desktop.jnilib
0x000000017ee07000 	/Library/Java/JavaVirtualMachines/jdk1.8.0_66.jdk/Contents/Home/jre/lib/libt2k.dylib

VM Arguments:
jvm_args: -Djava.security.policy=java.policy.applet -Dfile.encoding=UTF-8 
java_command: sun.applet.AppletViewer module4.EarthquakeCityMap1452623777455.html
java_class_path (initial): /Users/ia/dev/eclipse/workspace/UCSDUnfoldingMaps/build:/Users/ia/dev/eclipse/workspace/UCSDUnfoldingMaps/lib/core.jar:/Users/ia/dev/eclipse/workspace/UCSDUnfoldingMaps/lib/gluegen-rt.jar:/Users/ia/dev/eclipse/workspace/UCSDUnfoldingMaps/lib/jogl-all.jar:/Users/ia/dev/eclipse/workspace/UCSDUnfoldingMaps/lib/log4j-1.2.15.jar:/Users/ia/dev/eclipse/workspace/UCSDUnfoldingMaps/lib/sqlite-jdbc-3.7.2.jar:/Users/ia/dev/eclipse/workspace/UCSDUnfoldingMaps/lib/json4processing.jar:/Users/ia/dev/eclipse/workspace/UCSDUnfoldingMaps/lib/libTUIO.jar:/Users/ia/dev/eclipse/workspace/UCSDUnfoldingMaps/lib/unfolding.0.9.7-uscd.jar
Launcher Type: SUN_STANDARD

Environment Variables:
PATH=/usr/bin:/bin:/usr/sbin:/sbin
SHELL=/bin/bash

Signal Handlers:
SIGSEGV: [libjvm.dylib+0x5a65d5], sa_mask[0]=11111111011111110111111111111111, sa_flags=SA_ONSTACK|SA_RESTART|SA_SIGINFO
SIGBUS: [libjvm.dylib+0x5a65d5], sa_mask[0]=11111111011111110111111111111111, sa_flags=SA_RESTART|SA_SIGINFO
SIGFPE: [libjvm.dylib+0x4802e8], sa_mask[0]=11111111011111110111111111111111, sa_flags=SA_RESTART|SA_SIGINFO
SIGPIPE: [libjvm.dylib+0x4802e8], sa_mask[0]=11111111011111110111111111111111, sa_flags=SA_RESTART|SA_SIGINFO
SIGXFSZ: [libjvm.dylib+0x4802e8], sa_mask[0]=11111111011111110111111111111111, sa_flags=SA_RESTART|SA_SIGINFO
SIGILL: [libjvm.dylib+0x4802e8], sa_mask[0]=11111111011111110111111111111111, sa_flags=SA_RESTART|SA_SIGINFO
SIGUSR1: SIG_DFL, sa_mask[0]=00000000000000000000000000000000, sa_flags=none
SIGUSR2: [libjvm.dylib+0x47fe06], sa_mask[0]=00100000000000000000000000000000, sa_flags=SA_RESTART|SA_SIGINFO
SIGHUP: [libjvm.dylib+0x47e3dd], sa_mask[0]=11111111011111110111111111111111, sa_flags=SA_RESTART|SA_SIGINFO
SIGINT: [libjvm.dylib+0x47e3dd], sa_mask[0]=11111111011111110111111111111111, sa_flags=SA_RESTART|SA_SIGINFO
SIGTERM: [libjvm.dylib+0x47e3dd], sa_mask[0]=11111111011111110111111111111111, sa_flags=SA_RESTART|SA_SIGINFO
SIGQUIT: [libjvm.dylib+0x47e3dd], sa_mask[0]=11111111011111110111111111111111, sa_flags=SA_RESTART|SA_SIGINFO


---------------  S Y S T E M  ---------------

OS:Bsduname:Darwin 15.0.0 Darwin Kernel Version 15.0.0: Sat Sep 19 15:53:46 PDT 2015; root:xnu-3247.10.11~1/RELEASE_X86_64 x86_64
rlimit: STACK 8192k, CORE 0k, NPROC 709, NOFILE 10240, AS infinity
load average:2.25 2.30 2.20

CPU:total 2 (2 cores per cpu, 1 threads per core) family 6 model 23 stepping 10, cmov, cx8, fxsr, mmx, sse, sse2, sse3, ssse3, sse4.1, tsc

Memory: 4k page, physical 8388608k(671212k free)

/proc/meminfo:


vm_info: Java HotSpot(TM) 64-Bit Server VM (25.66-b17) for bsd-amd64 JRE (1.8.0_66-b17), built on Oct  6 2015 16:09:13 by "java_re" with gcc 4.2.1 (Based on Apple Inc. build 5658) (LLVM build 2336.11.00)

time: Tue Jan 12 13:36:33 2016
elapsed time: 16 seconds (0d 0h 0m 16s)

