#
# A fatal error has been detected by the Java Runtime Environment:
#
#  SIGSEGV (0xb) at pc=0x00007fff9c146e5d, pid=11970, tid=2571
#
# JRE version: Java(TM) SE Runtime Environment (8.0_66-b17) (build 1.8.0_66-b17)
# Java VM: Java HotSpot(TM) 64-Bit Server VM (25.66-b17 mixed mode bsd-amd64 compressed oops)
# Problematic frame:
# C  [libobjc.A.dylib+0x7e5d]  objc_msgSend+0x1d
#
# Failed to write core dump. Core dumps have been disabled. To enable core dumping, try "ulimit -c unlimited" before starting Java again
#
# If you would like to submit a bug report, please visit:
#   http://bugreport.java.com/bugreport/crash.jsp
# The crash happened outside the Java Virtual Machine in native code.
# See problematic frame for where to report the bug.
#

---------------  T H R E A D  ---------------

Current thread (0x00007ffe8309a800):  JavaThread "AWT-AppKit" daemon [_thread_in_native, id=2571, stack(0x00007fff548da000,0x00007fff550da000)]

siginfo: si_signo: 11 (SIGSEGV), si_code: 1 (SEGV_MAPERR), si_addr: 0x0000000000000018

Registers:
RAX=0x00007ffe85760ef0, RBX=0x0000000123dd9450, RCX=0x0000000123ce3120, RDX=0x0000000123ce3c20
RSP=0x00007fff550d53b8, RBP=0x00007fff550d5470, RSI=0x00007fff8917ad0e, RDI=0x00007ffe858438f0
R8 =0x0000000000000000, R9 =0x0000000000000810, R10=0x00007fff8917ad0e, R11=0x0000000000000000
R12=0x0000000000000000, R13=0x000000017eae3520, R14=0x0000000123dd9440, R15=0x00007ffe8309a800
RIP=0x00007fff9c146e5d, EFLAGS=0x0000000000010246, ERR=0x0000000000000004
  TRAPNO=0x000000000000000e

Top of Stack: (sp=0x00007fff550d53b8)
0x00007fff550d53b8:   0000000123dd7157 00007fff550d5410
0x00007fff550d53c8:   0000000000000003 00007fff550d53f0
0x00007fff550d53d8:   000000010af931f6 000000017eae3520
0x00007fff550d53e8:   000000017eae3520 00007ffe85760ef0
0x00007fff550d53f8:   0000000123dd96a0 0000000123dd9710
0x00007fff550d5408:   00007fff77a06740 00007fff7657f4c0
0x00007fff550d5418:   0000000123dd9450 0000000123dd9690
0x00007fff550d5428:   00007ffe85760ef0 00007ffe858438f0
0x00007fff550d5438:   00007ffe82c64570 00007ffe85760ef0
0x00007fff550d5448:   00007ffe858438f0 00007fff550d54f8
0x00007fff550d5458:   00007ffe8309a9f8 000000017eae3520
0x00007fff550d5468:   00007fff550d5520 00007fff550d54e8
0x00007fff550d5478:   000000010c2134d4 000000017eae3520
0x00007fff550d5488:   00007fff550d5520 00007fff550d54e8
0x00007fff550d5498:   000000010c213267 000000010c213222
0x00007fff550d54a8:   00007fff550d54a8 000000017eae3520
0x00007fff550d54b8:   00007fff550d5520 000000017eae6158
0x00007fff550d54c8:   0000000000000000 000000017eae3520
0x00007fff550d54d8:   0000000000000000 00007fff550d5508
0x00007fff550d54e8:   00007fff550d5568 000000010c20798d
0x00007fff550d54f8:   00000007976b1068 000000010c20f2b8
0x00007fff550d5508:   00007ffe85760ef0 00007fff550d5568
0x00007fff550d5518:   00007ffe858438f0 000000010c210ac2
0x00007fff550d5528:   00007fff550d5528 000000017eae36ea
0x00007fff550d5538:   00007fff550d5590 000000017eae6158
0x00007fff550d5548:   0000000000000000 000000017eae36f8
0x00007fff550d5558:   00007fff550d5508 00007fff550d5578
0x00007fff550d5568:   00007fff550d55d8 000000010c20798d
0x00007fff550d5578:   00007ffe85760ef0 000000079766ab38
0x00007fff550d5588:   00007ffe858438f0 000000079766ab38
0x00007fff550d5598:   00007fff550d5598 000000018006b636
0x00007fff550d55a8:   00007fff550d55e8 000000018006b6f0 

Instructions: (pc=0x00007fff9c146e5d)
0x00007fff9c146e3d:   44 00 00 48 85 ff 2e 74 62 40 f6 c7 01 2e 75 66
0x00007fff9c146e4d:   49 bb f8 ff ff ff ff 7f 00 00 4c 23 1f 49 89 f2
0x00007fff9c146e5d:   45 23 53 18 49 c1 e2 04 4d 03 53 10 49 3b 32 75
0x00007fff9c146e6d:   04 41 ff 62 08 49 83 3a 01 76 0d 49 83 c2 10 49 

Register to memory mapping:

RAX=0x00007ffe85760ef0 is an unknown value
RBX=0x0000000123dd9450: Java_jogamp_nativewindow_macosx_OSXUtil_GetScreenRefreshRate0+0x1cf0 in /private/var/folders/zw/5jg9p0yx0gb97hh28z85c9rw0000gn/T/jogamp_0000/file_cache/jln5552339178834166007/jln2797957542427983003/libnativewindow_macosx.jnilib at 0x0000000123dd2000
RCX=0x0000000123ce3120 is an unknown value
RDX=0x0000000123ce3c20 is an unknown value
RSP=0x00007fff550d53b8 is pointing into the stack for thread: 0x00007ffe8309a800
RBP=0x00007fff550d5470 is pointing into the stack for thread: 0x00007ffe8309a800
RSI=0x00007fff8917ad0e is an unknown value
RDI=0x00007ffe858438f0 is an unknown value
R8 =0x0000000000000000 is an unknown value
R9 =0x0000000000000810 is an unknown value
R10=0x00007fff8917ad0e is an unknown value
R11=0x0000000000000000 is an unknown value
R12=0x0000000000000000 is an unknown value
R13={method} {0x000000017eae3520} 'UnsetJAWTRootSurfaceLayer0' '(JJ)V' in 'jogamp/nativewindow/jawt/macosx/MacOSXJAWTWindow'
R14=0x0000000123dd9440: Java_jogamp_nativewindow_macosx_OSXUtil_GetScreenRefreshRate0+0x1ce0 in /private/var/folders/zw/5jg9p0yx0gb97hh28z85c9rw0000gn/T/jogamp_0000/file_cache/jln5552339178834166007/jln2797957542427983003/libnativewindow_macosx.jnilib at 0x0000000123dd2000
R15=0x00007ffe8309a800 is a thread


Stack: [0x00007fff548da000,0x00007fff550da000],  sp=0x00007fff550d53b8,  free space=8172k
Native frames: (J=compiled Java code, j=interpreted, Vv=VM code, C=native code)
C  [libobjc.A.dylib+0x7e5d]  objc_msgSend+0x1d
j  jogamp.nativewindow.jawt.macosx.MacOSXJAWTWindow.UnsetJAWTRootSurfaceLayer0(JJ)V+0
j  jogamp.nativewindow.jawt.macosx.MacOSXJAWTWindow.access$200(JJ)V+2
j  jogamp.nativewindow.jawt.macosx.MacOSXJAWTWindow$1.run()V+38
J 1746 C1 com.jogamp.common.util.RunnableTask.run()V (345 bytes) @ 0x000000010c7bbe54 [0x000000010c7bbcc0+0x194]
v  ~StubRoutines::call_stub
V  [libjvm.dylib+0x2ea35e]  JavaCalls::call_helper(JavaValue*, methodHandle*, JavaCallArguments*, Thread*)+0x6ae
V  [libjvm.dylib+0x321467]  jni_invoke_nonstatic(JNIEnv_*, JavaValue*, _jobject*, JNICallType, _jmethodID*, JNI_ArgumentPusher*, Thread*)+0x2ec
V  [libjvm.dylib+0x313c3b]  jni_CallVoidMethod+0x16b
C  [libnativewindow_macosx.jnilib+0x5326]  Java_jogamp_nativewindow_jawt_macosx_MacOSXJAWTWindow_UnsetJAWTRootSurfaceLayer0+0x2b6
C  [Foundation+0x7741e]  __NSThreadPerformPerform+0x117
C  [CoreFoundation+0xaa8b1]  __CFRUNLOOP_IS_CALLING_OUT_TO_A_SOURCE0_PERFORM_FUNCTION__+0x11
C  [CoreFoundation+0x8a027]  __CFRunLoopDoSources0+0x1a7
C  [CoreFoundation+0x895cf]  __CFRunLoopRun+0x39f
C  [CoreFoundation+0x88fc8]  CFRunLoopRunSpecific+0x128
C  [HIToolbox+0x30d55]  RunCurrentEventLoopInMode+0xeb
C  [HIToolbox+0x30a97]  ReceiveNextEventCommon+0xb8
C  [HIToolbox+0x309cf]  _BlockUntilNextEventMatchingListInModeWithFilter+0x47
C  [AppKit+0x49d96]  _DPSNextEvent+0x42b
C  [AppKit+0x491c5]  -[NSApplication _nextEventMatchingEventMask:untilDate:inMode:dequeue:]+0x1c6
C  [libosxapp.dylib+0x23aa]  -[NSApplicationAWT nextEventMatchingMask:untilDate:inMode:dequeue:]+0x7c
C  [AppKit+0x3dd28]  -[NSApplication run]+0x2aa
C  [libosxapp.dylib+0x214d]  +[NSApplicationAWT runAWTLoopWithApp:]+0x9c
C  [libawt_lwawt.dylib+0x4455b]  -[AWTStarter starter:]+0x389
C  [Foundation+0x7741e]  __NSThreadPerformPerform+0x117
C  [CoreFoundation+0xaa8b1]  __CFRUNLOOP_IS_CALLING_OUT_TO_A_SOURCE0_PERFORM_FUNCTION__+0x11
C  [CoreFoundation+0x8a0ac]  __CFRunLoopDoSources0+0x22c
C  [CoreFoundation+0x895cf]  __CFRunLoopRun+0x39f
C  [CoreFoundation+0x88fc8]  CFRunLoopRunSpecific+0x128
C  [java+0x6463]  CreateExecutionEnvironment+0x367
C  [java+0x21ac]  JLI_Launch+0x7a0
C  [java+0x84c0]  main+0x65
C  [java+0x1a04]  start+0x34
C  0x0000000000000007

Java frames: (J=compiled Java code, j=interpreted, Vv=VM code)
j  jogamp.nativewindow.jawt.macosx.MacOSXJAWTWindow.UnsetJAWTRootSurfaceLayer0(JJ)V+0
j  jogamp.nativewindow.jawt.macosx.MacOSXJAWTWindow.access$200(JJ)V+2
j  jogamp.nativewindow.jawt.macosx.MacOSXJAWTWindow$1.run()V+38
J 1746 C1 com.jogamp.common.util.RunnableTask.run()V (345 bytes) @ 0x000000010c7bbe54 [0x000000010c7bbcc0+0x194]
v  ~StubRoutines::call_stub

---------------  P R O C E S S  ---------------

Java Threads: ( => current thread )
  0x00007ffe86008000 JavaThread "Thread-28" [_thread_blocked, id=63219, stack(0x00007000016e5000,0x00007000017e5000)]
  0x00007ffe83ce8800 JavaThread "AWT-EventQueue-1" [_thread_in_native, id=57735, stack(0x000070000155f000,0x000070000165f000)]
  0x00007ffe83cba800 JavaThread "DestroyJavaVM" [_thread_blocked, id=4099, stack(0x0000700000084000,0x0000700000184000)]
  0x00007ffe83423800 JavaThread "AWT-EventQueue-0" [_thread_blocked, id=57091, stack(0x0000700001359000,0x0000700001459000)]
  0x00007ffe83a7e800 JavaThread "Java2D Disposer" daemon [_thread_blocked, id=52503, stack(0x00007000010d0000,0x00007000011d0000)]
  0x00007ffe83a2e800 JavaThread "Java2D Queue Flusher" daemon [_thread_blocked, id=48391, stack(0x0000700000fcd000,0x00007000010cd000)]
  0x00007ffe83095800 JavaThread "AWT-Shutdown" [_thread_blocked, id=27923, stack(0x0000700000e47000,0x0000700000f47000)]
=>0x00007ffe8309a800 JavaThread "AWT-AppKit" daemon [_thread_in_native, id=2571, stack(0x00007fff548da000,0x00007fff550da000)]
  0x00007ffe8382e800 JavaThread "Service Thread" daemon [_thread_blocked, id=17155, stack(0x0000700000b3b000,0x0000700000c3b000)]
  0x00007ffe8307d000 JavaThread "C1 CompilerThread1" daemon [_thread_blocked, id=16643, stack(0x0000700000a38000,0x0000700000b38000)]
  0x00007ffe83044800 JavaThread "C2 CompilerThread0" daemon [_thread_blocked, id=16131, stack(0x0000700000935000,0x0000700000a35000)]
  0x00007ffe8306e000 JavaThread "Signal Dispatcher" daemon [_thread_blocked, id=15627, stack(0x0000700000832000,0x0000700000932000)]
  0x00007ffe83823000 JavaThread "Finalizer" daemon [_thread_blocked, id=10755, stack(0x0000700000629000,0x0000700000729000)]
  0x00007ffe83822000 JavaThread "Reference Handler" daemon [_thread_blocked, id=10243, stack(0x0000700000526000,0x0000700000626000)]

Other Threads:
  0x00007ffe8381f800 VMThread [stack: 0x0000700000423000,0x0000700000523000] [id=9731]
  0x00007ffe83841800 WatcherThread [stack: 0x0000700000c3e000,0x0000700000d3e000] [id=17667]

VM state:not at safepoint (normal execution)

VM Mutex/Monitor currently owned by a thread: None

Heap:
 PSYoungGen      total 38400K, used 22751K [0x0000000795580000, 0x0000000798000000, 0x00000007c0000000)
  eden space 33280K, 53% used [0x0000000795580000,0x00000007966bbc00,0x0000000797600000)
  from space 5120K, 99% used [0x0000000797600000,0x0000000797afc150,0x0000000797b00000)
  to   space 5120K, 0% used [0x0000000797b00000,0x0000000797b00000,0x0000000798000000)
 ParOldGen       total 87552K, used 9816K [0x0000000740000000, 0x0000000745580000, 0x0000000795580000)
  object space 87552K, 11% used [0x0000000740000000,0x00000007409961e8,0x0000000745580000)
 Metaspace       used 18986K, capacity 19179K, committed 19456K, reserved 1067008K
  class space    used 1881K, capacity 1950K, committed 2048K, reserved 1048576K

Card table byte_map: [0x000000011b5c0000,0x000000011b9c1000] byte_map_base: 0x0000000117bc0000

Marking Bits: (ParMarkBitMap*) 0x000000010b67fe20
 Begin Bits: [0x000000011bc6c000, 0x000000011dc6c000)
 End Bits:   [0x000000011dc6c000, 0x000000011fc6c000)

Polling page: 0x000000010bd6b000

CodeCache: size=245760Kb used=6548Kb max_used=6560Kb free=239211Kb
 bounds [0x000000010c200000, 0x000000010c870000, 0x000000011b200000]
 total_blobs=2727 nmethods=1856 adapters=787
 compilation: enabled

Compilation events (10 events):
Event: 16.272 Thread 0x00007ffe8307d000 1961       3       sun.java2d.pipe.RenderBuffer::putInt (26 bytes)
Event: 16.273 Thread 0x00007ffe8307d000 nmethod 1961 0x000000010c867490 code [0x000000010c867600, 0x000000010c867770]
Event: 16.273 Thread 0x00007ffe8307d000 1962       1       java.awt.Component::isEnabledImpl (5 bytes)
Event: 16.273 Thread 0x00007ffe8307d000 nmethod 1962 0x000000010c8671d0 code [0x000000010c867320, 0x000000010c867430]
Event: 16.320 Thread 0x00007ffe83044800 1963  s!   4       sun.misc.URLClassPath::getLoader (197 bytes)
Event: 16.326 Thread 0x00007ffe83044800 nmethod 1963 0x000000010c8664d0 code [0x000000010c866640, 0x000000010c866e38]
Event: 16.345 Thread 0x00007ffe83044800 1964  s    4       sun.misc.URLClassPath::getNextLoader (88 bytes)
Event: 16.350 Thread 0x00007ffe8307d000 1965   !   3       sun.lwawt.LWComponentPeer::isShowing (49 bytes)
Event: 16.351 Thread 0x00007ffe8307d000 nmethod 1965 0x000000010c86ce10 code [0x000000010c86cfc0, 0x000000010c86d8a8]
Event: 16.353 Thread 0x00007ffe83044800 nmethod 1964 0x000000010c86ab50 code [0x000000010c86acc0, 0x000000010c86b438]

GC Heap History (6 events):
Event: 3.249 GC heap before
{Heap before GC invocations=1 (full 0):
 PSYoungGen      total 38400K, used 33280K [0x0000000795580000, 0x0000000798000000, 0x00000007c0000000)
  eden space 33280K, 100% used [0x0000000795580000,0x0000000797600000,0x0000000797600000)
  from space 5120K, 0% used [0x0000000797b00000,0x0000000797b00000,0x0000000798000000)
  to   space 5120K, 0% used [0x0000000797600000,0x0000000797600000,0x0000000797b00000)
 ParOldGen       total 87552K, used 0K [0x0000000740000000, 0x0000000745580000, 0x0000000795580000)
  object space 87552K, 0% used [0x0000000740000000,0x0000000740000000,0x0000000745580000)
 Metaspace       used 15848K, capacity 16027K, committed 16384K, reserved 1064960K
  class space    used 1606K, capacity 1692K, committed 1792K, reserved 1048576K
Event: 3.265 GC heap after
Heap after GC invocations=1 (full 0):
 PSYoungGen      total 38400K, used 4887K [0x0000000795580000, 0x0000000798000000, 0x00000007c0000000)
  eden space 33280K, 0% used [0x0000000795580000,0x0000000795580000,0x0000000797600000)
  from space 5120K, 95% used [0x0000000797600000,0x0000000797ac5d58,0x0000000797b00000)
  to   space 5120K, 0% used [0x0000000797b00000,0x0000000797b00000,0x0000000798000000)
 ParOldGen       total 87552K, used 8K [0x0000000740000000, 0x0000000745580000, 0x0000000795580000)
  object space 87552K, 0% used [0x0000000740000000,0x0000000740002000,0x0000000745580000)
 Metaspace       used 15848K, capacity 16027K, committed 16384K, reserved 1064960K
  class space    used 1606K, capacity 1692K, committed 1792K, reserved 1048576K
}
Event: 5.333 GC heap before
{Heap before GC invocations=2 (full 0):
 PSYoungGen      total 38400K, used 38167K [0x0000000795580000, 0x0000000798000000, 0x00000007c0000000)
  eden space 33280K, 100% used [0x0000000795580000,0x0000000797600000,0x0000000797600000)
  from space 5120K, 95% used [0x0000000797600000,0x0000000797ac5d58,0x0000000797b00000)
  to   space 5120K, 0% used [0x0000000797b00000,0x0000000797b00000,0x0000000798000000)
 ParOldGen       total 87552K, used 8K [0x0000000740000000, 0x0000000745580000, 0x0000000795580000)
  object space 87552K, 0% used [0x0000000740000000,0x0000000740002000,0x0000000745580000)
 Metaspace       used 18346K, capacity 18533K, committed 18688K, reserved 1067008K
  class space    used 1873K, capacity 1949K, committed 2048K, reserved 1048576K
Event: 5.358 GC heap after
Heap after GC invocations=2 (full 0):
 PSYoungGen      total 38400K, used 5113K [0x0000000795580000, 0x0000000798000000, 0x00000007c0000000)
  eden space 33280K, 0% used [0x0000000795580000,0x0000000795580000,0x0000000797600000)
  from space 5120K, 99% used [0x0000000797b00000,0x0000000797ffe770,0x0000000798000000)
  to   space 5120K, 0% used [0x0000000797600000,0x0000000797600000,0x0000000797b00000)
 ParOldGen       total 87552K, used 6984K [0x0000000740000000, 0x0000000745580000, 0x0000000795580000)
  object space 87552K, 7% used [0x0000000740000000,0x00000007406d2138,0x0000000745580000)
 Metaspace       used 18346K, capacity 18533K, committed 18688K, reserved 1067008K
  class space    used 1873K, capacity 1949K, committed 2048K, reserved 1048576K
}
Event: 9.992 GC heap before
{Heap before GC invocations=3 (full 0):
 PSYoungGen      total 38400K, used 38393K [0x0000000795580000, 0x0000000798000000, 0x00000007c0000000)
  eden space 33280K, 100% used [0x0000000795580000,0x0000000797600000,0x0000000797600000)
  from space 5120K, 99% used [0x0000000797b00000,0x0000000797ffe770,0x0000000798000000)
  to   space 5120K, 0% used [0x0000000797600000,0x0000000797600000,0x0000000797b00000)
 ParOldGen       total 87552K, used 6984K [0x0000000740000000, 0x0000000745580000, 0x0000000795580000)
  object space 87552K, 7% used [0x0000000740000000,0x00000007406d2138,0x0000000745580000)
 Metaspace       used 18743K, capacity 18987K, committed 19200K, reserved 1067008K
  class space    used 1873K, capacity 1950K, committed 2048K, reserved 1048576K
Event: 10.006 GC heap after
Heap after GC invocations=3 (full 0):
 PSYoungGen      total 38400K, used 5104K [0x0000000795580000, 0x0000000798000000, 0x00000007c0000000)
  eden space 33280K, 0% used [0x0000000795580000,0x0000000795580000,0x0000000797600000)
  from space 5120K, 99% used [0x0000000797600000,0x0000000797afc150,0x0000000797b00000)
  to   space 5120K, 0% used [0x0000000797b00000,0x0000000797b00000,0x0000000798000000)
 ParOldGen       total 87552K, used 9816K [0x0000000740000000, 0x0000000745580000, 0x0000000795580000)
  object space 87552K, 11% used [0x0000000740000000,0x00000007409961e8,0x0000000745580000)
 Metaspace       used 18743K, capacity 18987K, committed 19200K, reserved 1067008K
  class space    used 1873K, capacity 1950K, committed 2048K, reserved 1048576K
}

Deoptimization events (4 events):
Event: 2.385 Thread 0x00007ffe8300e000 Uncommon trap: reason=unstable_if action=reinterpret pc=0x000000010c3d2aa0 method=java.lang.String.toLowerCase(Ljava/util/Locale;)Ljava/lang/String; @ 85
Event: 2.690 Thread 0x00007ffe83623800 Uncommon trap: reason=unstable_if action=reinterpret pc=0x000000010c3bea14 method=java.lang.String.indexOf([CII[CIII)I @ 3
Event: 4.470 Thread 0x00007ffe83ce8800 Uncommon trap: reason=unstable_if action=reinterpret pc=0x000000010c3aec14 method=java.lang.AbstractStringBuilder.append(Ljava/lang/String;)Ljava/lang/AbstractStringBuilder; @ 1
Event: 16.351 Thread 0x00007ffe86008000 Uncommon trap: reason=class_check action=maybe_recompile pc=0x000000010c77df28 method=java.util.Vector.indexOf(Ljava/lang/Object;I)I @ 51

Internal exceptions (10 events):
Event: 0.275 Thread 0x00007ffe8300e000 Exception <a 'java/lang/NoSuchFieldError': method resolution failed> (0x000000079582a6b0) thrown at [/HUDSON3/workspace/8-2-build-macosx-x86_64/jdk8u66/4988/hotspot/src/share/vm/prims/methodHandles.cpp, line 1146]
Event: 0.279 Thread 0x00007ffe8300e000 Exception <a 'java/lang/NoSuchFieldError': method resolution failed> (0x0000000795837e80) thrown at [/HUDSON3/workspace/8-2-build-macosx-x86_64/jdk8u66/4988/hotspot/src/share/vm/prims/methodHandles.cpp, line 1146]
Event: 0.468 Thread 0x00007ffe8300e000 Exception <a 'java/io/FileNotFoundException'> (0x00000007958b3b78) thrown at [/HUDSON3/workspace/8-2-build-macosx-x86_64/jdk8u66/4988/hotspot/src/share/vm/prims/jni.cpp, line 709]
Event: 0.468 Thread 0x00007ffe8300e000 Exception <a 'java/io/FileNotFoundException'> (0x00000007958b46a0) thrown at [/HUDSON3/workspace/8-2-build-macosx-x86_64/jdk8u66/4988/hotspot/src/share/vm/prims/jni.cpp, line 709]
Event: 0.785 Thread 0x00007ffe8300e000 Exception <a 'java/io/FileNotFoundException'> (0x00000007959ef440) thrown at [/HUDSON3/workspace/8-2-build-macosx-x86_64/jdk8u66/4988/hotspot/src/share/vm/prims/jni.cpp, line 709]
Event: 2.729 Thread 0x00007ffe83623800 Exception <a 'java/lang/UnsatisfiedLinkError': com.jogamp.common.util.JarUtil.fixNativeLibAttribs(Ljava/lang/String;)Z> (0x0000000796b0e6b8) thrown at [/HUDSON3/workspace/8-2-build-macosx-x86_64/jdk8u66/4988/hotspot/src/share/vm/prims/nativeLookup.cpp, li
Event: 3.269 Thread 0x00007ffe83823000 Exception <a 'java/lang/NullPointerException'> (0x0000000795679ed0) thrown at [/HUDSON3/workspace/8-2-build-macosx-x86_64/jdk8u66/4988/hotspot/src/share/vm/interpreter/linkResolver.cpp, line 1178]
Event: 4.469 Thread 0x00007ffe83ce8800 Exception <a 'java/io/FileNotFoundException'> (0x0000000795f1cf58) thrown at [/HUDSON3/workspace/8-2-build-macosx-x86_64/jdk8u66/4988/hotspot/src/share/vm/prims/jni.cpp, line 709]
Event: 4.470 Thread 0x00007ffe83ce8800 Exception <a 'java/io/FileNotFoundException'> (0x0000000795f23060) thrown at [/HUDSON3/workspace/8-2-build-macosx-x86_64/jdk8u66/4988/hotspot/src/share/vm/prims/jni.cpp, line 709]
Event: 4.470 Thread 0x00007ffe83ce8800 Implicit null exception at 0x000000010c3ae8b5 to 0x000000010c3aec01

Events (10 events):
Event: 16.348 loading class java/awt/event/AWTEventListenerProxy
Event: 16.348 loading class java/awt/event/AWTEventListenerProxy done
Event: 16.348 loading class java/awt/Toolkit$ToolkitEventMulticaster
Event: 16.348 loading class java/awt/Toolkit$ToolkitEventMulticaster done
Event: 16.349 Thread 0x00007ffe83351000 Thread exited: 0x00007ffe83351000
Event: 16.351 Thread 0x00007ffe86008000 Uncommon trap: trap_request=0xffffffde fr.pc=0x000000010c77df28
Event: 16.351 Thread 0x00007ffe86008000 DEOPT PACKING pc=0x000000010c77df28 sp=0x00007000017e47e0
Event: 16.351 Thread 0x00007ffe86008000 DEOPT UNPACKING pc=0x000000010c204f69 sp=0x00007000017e4790 mode 2
Event: 16.351 loading class java/awt/Window$1DisposeAction
Event: 16.351 loading class java/awt/Window$1DisposeAction done


Dynamic libraries:
0x000000000611d000 	/System/Library/Frameworks/Cocoa.framework/Versions/A/Cocoa
0x000000000611d000 	/System/Library/Frameworks/Security.framework/Versions/A/Security
0x000000000611d000 	/System/Library/Frameworks/ApplicationServices.framework/Versions/A/ApplicationServices
0x000000000611d000 	/usr/lib/libz.1.dylib
0x000000000611d000 	/usr/lib/libSystem.B.dylib
0x000000000611d000 	/usr/lib/libobjc.A.dylib
0x000000000611d000 	/System/Library/Frameworks/CoreFoundation.framework/Versions/A/CoreFoundation
0x000000000611d000 	/System/Library/Frameworks/Foundation.framework/Versions/C/Foundation
0x000000000611d000 	/System/Library/Frameworks/AppKit.framework/Versions/C/AppKit
0x000000000611d000 	/System/Library/Frameworks/CoreData.framework/Versions/A/CoreData
0x000000000611d000 	/System/Library/PrivateFrameworks/RemoteViewServices.framework/Versions/A/RemoteViewServices
0x000000000611d000 	/System/Library/PrivateFrameworks/UIFoundation.framework/Versions/A/UIFoundation
0x000000000611d000 	/usr/lib/libScreenReader.dylib
0x000000000611d000 	/System/Library/Frameworks/Accelerate.framework/Versions/A/Accelerate
0x000000000611d000 	/System/Library/Frameworks/IOSurface.framework/Versions/A/IOSurface
0x000000000611d000 	/System/Library/Frameworks/AudioToolbox.framework/Versions/A/AudioToolbox
0x000000000611d000 	/System/Library/Frameworks/AudioUnit.framework/Versions/A/AudioUnit
0x000000000611d000 	/System/Library/PrivateFrameworks/DataDetectorsCore.framework/Versions/A/DataDetectorsCore
0x000000000611d000 	/System/Library/PrivateFrameworks/DesktopServicesPriv.framework/Versions/A/DesktopServicesPriv
0x000000000611d000 	/System/Library/Frameworks/Carbon.framework/Versions/A/Frameworks/HIToolbox.framework/Versions/A/HIToolbox
0x000000000611d000 	/System/Library/Frameworks/QuartzCore.framework/Versions/A/QuartzCore
0x000000000611d000 	/System/Library/Frameworks/Carbon.framework/Versions/A/Frameworks/SpeechRecognition.framework/Versions/A/SpeechRecognition
0x000000000611d000 	/usr/lib/libauto.dylib
0x000000000611d000 	/usr/lib/libicucore.A.dylib
0x000000000611d000 	/usr/lib/libxml2.2.dylib
0x000000000611d000 	/System/Library/PrivateFrameworks/CoreUI.framework/Versions/A/CoreUI
0x000000000611d000 	/System/Library/Frameworks/CoreAudio.framework/Versions/A/CoreAudio
0x000000000611d000 	/System/Library/Frameworks/DiskArbitration.framework/Versions/A/DiskArbitration
0x000000000611d000 	/usr/lib/liblangid.dylib
0x000000000611d000 	/System/Library/PrivateFrameworks/MultitouchSupport.framework/Versions/A/MultitouchSupport
0x000000000611d000 	/System/Library/Frameworks/IOKit.framework/Versions/A/IOKit
0x000000000611d000 	/usr/lib/libDiagnosticMessagesClient.dylib
0x000000000611d000 	/System/Library/Frameworks/CoreServices.framework/Versions/A/CoreServices
0x000000000611d000 	/System/Library/PrivateFrameworks/PerformanceAnalysis.framework/Versions/A/PerformanceAnalysis
0x000000000611d000 	/System/Library/PrivateFrameworks/GenerationalStorage.framework/Versions/A/GenerationalStorage
0x000000000611d000 	/System/Library/Frameworks/OpenGL.framework/Versions/A/OpenGL
0x000000000611d000 	/System/Library/PrivateFrameworks/Sharing.framework/Versions/A/Sharing
0x000000000611d000 	/System/Library/Frameworks/CoreGraphics.framework/Versions/A/CoreGraphics
0x000000000611d000 	/System/Library/Frameworks/CoreImage.framework/Versions/A/CoreImage
0x000000000611d000 	/System/Library/Frameworks/CoreText.framework/Versions/A/CoreText
0x000000000611d000 	/System/Library/Frameworks/ImageIO.framework/Versions/A/ImageIO
0x000000000611d000 	/System/Library/PrivateFrameworks/Backup.framework/Versions/A/Backup
0x000000000611d000 	/usr/lib/libextension.dylib
0x000000000611d000 	/usr/lib/libarchive.2.dylib
0x000000000611d000 	/System/Library/Frameworks/CFNetwork.framework/Versions/A/CFNetwork
0x000000000611d000 	/System/Library/Frameworks/SystemConfiguration.framework/Versions/A/SystemConfiguration
0x000000000611d000 	/usr/lib/libCRFSuite.dylib
0x000000000611d000 	/usr/lib/libc++.1.dylib
0x000000000611d000 	/usr/lib/libc++abi.dylib
0x000000000611d000 	/usr/lib/system/libcache.dylib
0x000000000611d000 	/usr/lib/system/libcommonCrypto.dylib
0x000000000611d000 	/usr/lib/system/libcompiler_rt.dylib
0x000000000611d000 	/usr/lib/system/libcopyfile.dylib
0x000000000611d000 	/usr/lib/system/libcorecrypto.dylib
0x000000000611d000 	/usr/lib/system/libdispatch.dylib
0x000000000611d000 	/usr/lib/system/libdyld.dylib
0x000000000611d000 	/usr/lib/system/libkeymgr.dylib
0x000000000611d000 	/usr/lib/system/liblaunch.dylib
0x000000000611d000 	/usr/lib/system/libmacho.dylib
0x000000000611d000 	/usr/lib/system/libquarantine.dylib
0x000000000611d000 	/usr/lib/system/libremovefile.dylib
0x000000000611d000 	/usr/lib/system/libsystem_asl.dylib
0x000000000611d000 	/usr/lib/system/libsystem_blocks.dylib
0x000000000611d000 	/usr/lib/system/libsystem_c.dylib
0x000000000611d000 	/usr/lib/system/libsystem_configuration.dylib
0x000000000611d000 	/usr/lib/system/libsystem_coreservices.dylib
0x000000000611d000 	/usr/lib/system/libsystem_coretls.dylib
0x000000000611d000 	/usr/lib/system/libsystem_dnssd.dylib
0x000000000611d000 	/usr/lib/system/libsystem_info.dylib
0x000000000611d000 	/usr/lib/system/libsystem_kernel.dylib
0x000000000611d000 	/usr/lib/system/libsystem_m.dylib
0x000000000611d000 	/usr/lib/system/libsystem_malloc.dylib
0x000000000611d000 	/usr/lib/system/libsystem_network.dylib
0x000000000611d000 	/usr/lib/system/libsystem_networkextension.dylib
0x000000000611d000 	/usr/lib/system/libsystem_notify.dylib
0x000000000611d000 	/usr/lib/system/libsystem_platform.dylib
0x000000000611d000 	/usr/lib/system/libsystem_pthread.dylib
0x000000000611d000 	/usr/lib/system/libsystem_sandbox.dylib
0x000000000611d000 	/usr/lib/system/libsystem_secinit.dylib
0x000000000611d000 	/usr/lib/system/libsystem_trace.dylib
0x000000000611d000 	/usr/lib/system/libunc.dylib
0x000000000611d000 	/usr/lib/system/libunwind.dylib
0x000000000611d000 	/usr/lib/system/libxpc.dylib
0x000000000611d000 	/usr/lib/libenergytrace.dylib
0x000000000611d000 	/usr/lib/libbsm.0.dylib
0x000000000611d000 	/usr/lib/system/libkxld.dylib
0x000000000611d000 	/usr/lib/libxar.1.dylib
0x000000000611d000 	/usr/lib/libsqlite3.dylib
0x000000000611d000 	/usr/lib/libpam.2.dylib
0x000000000611d000 	/usr/lib/libOpenScriptingUtil.dylib
0x000000000611d000 	/usr/lib/libbz2.1.0.dylib
0x000000000611d000 	/usr/lib/liblzma.5.dylib
0x000000000611d000 	/System/Library/Frameworks/CoreServices.framework/Versions/A/Frameworks/FSEvents.framework/Versions/A/FSEvents
0x000000000611d000 	/System/Library/Frameworks/CoreServices.framework/Versions/A/Frameworks/CarbonCore.framework/Versions/A/CarbonCore
0x000000000611d000 	/System/Library/Frameworks/CoreServices.framework/Versions/A/Frameworks/Metadata.framework/Versions/A/Metadata
0x000000000611d000 	/System/Library/Frameworks/CoreServices.framework/Versions/A/Frameworks/OSServices.framework/Versions/A/OSServices
0x000000000611d000 	/System/Library/Frameworks/CoreServices.framework/Versions/A/Frameworks/SearchKit.framework/Versions/A/SearchKit
0x000000000611d000 	/System/Library/Frameworks/CoreServices.framework/Versions/A/Frameworks/AE.framework/Versions/A/AE
0x000000000611d000 	/System/Library/Frameworks/CoreServices.framework/Versions/A/Frameworks/LaunchServices.framework/Versions/A/LaunchServices
0x000000000611d000 	/System/Library/Frameworks/CoreServices.framework/Versions/A/Frameworks/DictionaryServices.framework/Versions/A/DictionaryServices
0x000000000611d000 	/System/Library/Frameworks/CoreServices.framework/Versions/A/Frameworks/SharedFileList.framework/Versions/A/SharedFileList
0x000000000611d000 	/System/Library/Frameworks/NetFS.framework/Versions/A/NetFS
0x000000000611d000 	/System/Library/PrivateFrameworks/NetAuth.framework/Versions/A/NetAuth
0x000000000611d000 	/System/Library/PrivateFrameworks/login.framework/Versions/A/Frameworks/loginsupport.framework/Versions/A/loginsupport
0x000000000611d000 	/System/Library/PrivateFrameworks/TCC.framework/Versions/A/TCC
0x000000000611d000 	/usr/lib/libmecabra.dylib
0x000000000611d000 	/System/Library/Frameworks/ApplicationServices.framework/Versions/A/Frameworks/ATS.framework/Versions/A/ATS
0x000000000611d000 	/System/Library/Frameworks/ApplicationServices.framework/Versions/A/Frameworks/ColorSync.framework/Versions/A/ColorSync
0x000000000611d000 	/System/Library/Frameworks/ApplicationServices.framework/Versions/A/Frameworks/HIServices.framework/Versions/A/HIServices
0x000000000611d000 	/System/Library/Frameworks/ApplicationServices.framework/Versions/A/Frameworks/LangAnalysis.framework/Versions/A/LangAnalysis
0x000000000611d000 	/System/Library/Frameworks/ApplicationServices.framework/Versions/A/Frameworks/PrintCore.framework/Versions/A/PrintCore
0x000000000611d000 	/System/Library/Frameworks/ApplicationServices.framework/Versions/A/Frameworks/QD.framework/Versions/A/QD
0x000000000611d000 	/System/Library/Frameworks/ApplicationServices.framework/Versions/A/Frameworks/SpeechSynthesis.framework/Versions/A/SpeechSynthesis
0x000000000611d000 	/System/Library/Frameworks/Metal.framework/Versions/A/Metal
0x000000000611d000 	/System/Library/Frameworks/Accelerate.framework/Versions/A/Frameworks/vImage.framework/Versions/A/vImage
0x000000000611d000 	/System/Library/Frameworks/Accelerate.framework/Versions/A/Frameworks/vecLib.framework/Versions/A/vecLib
0x000000000611d000 	/System/Library/Frameworks/Accelerate.framework/Versions/A/Frameworks/vecLib.framework/Versions/A/libvDSP.dylib
0x000000000611d000 	/System/Library/Frameworks/Accelerate.framework/Versions/A/Frameworks/vecLib.framework/Versions/A/libvMisc.dylib
0x000000000611d000 	/System/Library/Frameworks/Accelerate.framework/Versions/A/Frameworks/vecLib.framework/Versions/A/libLAPACK.dylib
0x000000000611d000 	/System/Library/Frameworks/Accelerate.framework/Versions/A/Frameworks/vecLib.framework/Versions/A/libBLAS.dylib
0x000000000611d000 	/System/Library/Frameworks/Accelerate.framework/Versions/A/Frameworks/vecLib.framework/Versions/A/libLinearAlgebra.dylib
0x000000000611d000 	/System/Library/Frameworks/Accelerate.framework/Versions/A/Frameworks/vecLib.framework/Versions/A/libSparseBLAS.dylib
0x000000000611d000 	/System/Library/PrivateFrameworks/GPUCompiler.framework/libmetal_timestamp.dylib
0x000000000611d000 	/System/Library/Frameworks/OpenGL.framework/Versions/A/Libraries/libCoreFSCache.dylib
0x000000000611d000 	/System/Library/PrivateFrameworks/IOAccelerator.framework/Versions/A/IOAccelerator
0x000000000611d000 	/System/Library/Frameworks/ApplicationServices.framework/Versions/A/Frameworks/ATS.framework/Versions/A/Resources/libFontParser.dylib
0x000000000611d000 	/System/Library/Frameworks/ApplicationServices.framework/Versions/A/Frameworks/ATS.framework/Versions/A/Resources/libFontRegistry.dylib
0x000000000611d000 	/System/Library/PrivateFrameworks/AppleVPA.framework/Versions/A/AppleVPA
0x000000000611d000 	/System/Library/PrivateFrameworks/AppleJPEG.framework/Versions/A/AppleJPEG
0x000000000611d000 	/System/Library/Frameworks/ImageIO.framework/Versions/A/Resources/libJPEG.dylib
0x000000000611d000 	/System/Library/Frameworks/ImageIO.framework/Versions/A/Resources/libTIFF.dylib
0x000000000611d000 	/System/Library/Frameworks/ImageIO.framework/Versions/A/Resources/libPng.dylib
0x000000000611d000 	/System/Library/Frameworks/ImageIO.framework/Versions/A/Resources/libGIF.dylib
0x000000000611d000 	/System/Library/Frameworks/ImageIO.framework/Versions/A/Resources/libJP2.dylib
0x000000000611d000 	/System/Library/Frameworks/ImageIO.framework/Versions/A/Resources/libRadiance.dylib
0x000000000611d000 	/System/Library/Frameworks/CoreVideo.framework/Versions/A/CoreVideo
0x000000000611d000 	/System/Library/Frameworks/OpenGL.framework/Versions/A/Libraries/libGLU.dylib
0x000000000611d000 	/System/Library/Frameworks/OpenGL.framework/Versions/A/Libraries/libGFXShared.dylib
0x000000000611d000 	/System/Library/Frameworks/OpenGL.framework/Versions/A/Libraries/libGL.dylib
0x000000000611d000 	/System/Library/Frameworks/OpenGL.framework/Versions/A/Libraries/libGLImage.dylib
0x000000000611d000 	/System/Library/Frameworks/OpenGL.framework/Versions/A/Libraries/libCVMSPluginSupport.dylib
0x000000000611d000 	/System/Library/Frameworks/OpenGL.framework/Versions/A/Libraries/libCoreVMClient.dylib
0x000000000611d000 	/usr/lib/libcups.2.dylib
0x000000000611d000 	/System/Library/Frameworks/Kerberos.framework/Versions/A/Kerberos
0x000000000611d000 	/System/Library/Frameworks/GSS.framework/Versions/A/GSS
0x000000000611d000 	/usr/lib/libresolv.9.dylib
0x000000000611d000 	/usr/lib/libiconv.2.dylib
0x000000000611d000 	/System/Library/PrivateFrameworks/Heimdal.framework/Versions/A/Heimdal
0x000000000611d000 	/usr/lib/libheimdal-asn1.dylib
0x000000000611d000 	/System/Library/Frameworks/OpenDirectory.framework/Versions/A/OpenDirectory
0x000000000611d000 	/System/Library/PrivateFrameworks/CommonAuth.framework/Versions/A/CommonAuth
0x000000000611d000 	/System/Library/Frameworks/OpenDirectory.framework/Versions/A/Frameworks/CFOpenDirectory.framework/Versions/A/CFOpenDirectory
0x000000000611d000 	/System/Library/Frameworks/SecurityFoundation.framework/Versions/A/SecurityFoundation
0x000000000611d000 	/System/Library/PrivateFrameworks/LanguageModeling.framework/Versions/A/LanguageModeling
0x000000000611d000 	/usr/lib/libmarisa.dylib
0x000000000611d000 	/usr/lib/libChineseTokenizer.dylib
0x000000000611d000 	/usr/lib/libcmph.dylib
0x000000000611d000 	/usr/lib/libcompression.dylib
0x000000000611d000 	/System/Library/Frameworks/ServiceManagement.framework/Versions/A/ServiceManagement
0x000000000611d000 	/usr/lib/libxslt.1.dylib
0x000000000611d000 	/System/Library/Frameworks/Carbon.framework/Versions/A/Frameworks/Ink.framework/Versions/A/Ink
0x000000000611d000 	/usr/lib/libFosl_dynamic.dylib
0x000000000611d000 	/System/Library/PrivateFrameworks/FaceCore.framework/Versions/A/FaceCore
0x000000000611d000 	/System/Library/Frameworks/OpenCL.framework/Versions/A/OpenCL
0x000000000611d000 	/System/Library/PrivateFrameworks/CrashReporterSupport.framework/Versions/A/CrashReporterSupport
0x000000000611d000 	/System/Library/PrivateFrameworks/IconServices.framework/Versions/A/IconServices
0x000000000611d000 	/System/Library/PrivateFrameworks/Apple80211.framework/Versions/A/Apple80211
0x000000000611d000 	/System/Library/Frameworks/CoreWLAN.framework/Versions/A/CoreWLAN
0x000000000611d000 	/System/Library/Frameworks/IOBluetooth.framework/Versions/A/IOBluetooth
0x000000000611d000 	/System/Library/PrivateFrameworks/CoreWiFi.framework/Versions/A/CoreWiFi
0x000000000611d000 	/System/Library/Frameworks/CoreBluetooth.framework/Versions/A/CoreBluetooth
0x000000000611d000 	/System/Library/PrivateFrameworks/ChunkingLibrary.framework/Versions/A/ChunkingLibrary
0x000000000611d000 	/System/Library/PrivateFrameworks/DebugSymbols.framework/Versions/A/DebugSymbols
0x000000000611d000 	/System/Library/PrivateFrameworks/CoreSymbolication.framework/Versions/A/CoreSymbolication
0x000000000611d000 	/System/Library/PrivateFrameworks/Symbolication.framework/Versions/A/Symbolication
0x000000000611d000 	/System/Library/PrivateFrameworks/SpeechRecognitionCore.framework/Versions/A/SpeechRecognitionCore
0x000000010ada2000 	/Library/Java/JavaVirtualMachines/jdk1.8.0_66.jdk/Contents/Home/jre/lib/server/libjvm.dylib
0x000000000611d000 	/usr/lib/libstdc++.6.dylib
0x000000010bd28000 	/Library/Java/JavaVirtualMachines/jdk1.8.0_66.jdk/Contents/Home/jre/lib/libverify.dylib
0x000000010bd36000 	/Library/Java/JavaVirtualMachines/jdk1.8.0_66.jdk/Contents/Home/jre/lib/libjava.dylib
0x000000010bd79000 	/Library/Java/JavaVirtualMachines/jdk1.8.0_66.jdk/Contents/Home/jre/lib/libzip.dylib
0x00000001214b2000 	/System/Library/Frameworks/JavaVM.framework/Frameworks/JavaRuntimeSupport.framework/JavaRuntimeSupport
0x00000001214cd000 	/System/Library/Frameworks/JavaVM.framework/Versions/A/Frameworks/JavaNativeFoundation.framework/Versions/A/JavaNativeFoundation
0x000000010bdf3000 	/System/Library/Frameworks/JavaVM.framework/Versions/A/JavaVM
0x000000000611d000 	/System/Library/Frameworks/Carbon.framework/Versions/A/Carbon
0x00000001214e2000 	/System/Library/PrivateFrameworks/JavaLaunching.framework/Versions/A/JavaLaunching
0x000000000611d000 	/System/Library/Frameworks/Carbon.framework/Versions/A/Frameworks/CommonPanels.framework/Versions/A/CommonPanels
0x000000000611d000 	/System/Library/Frameworks/Carbon.framework/Versions/A/Frameworks/Help.framework/Versions/A/Help
0x000000000611d000 	/System/Library/Frameworks/Carbon.framework/Versions/A/Frameworks/ImageCapture.framework/Versions/A/ImageCapture
0x000000000611d000 	/System/Library/Frameworks/Carbon.framework/Versions/A/Frameworks/OpenScripting.framework/Versions/A/OpenScripting
0x000000000611d000 	/System/Library/Frameworks/Carbon.framework/Versions/A/Frameworks/Print.framework/Versions/A/Print
0x000000000611d000 	/System/Library/Frameworks/Carbon.framework/Versions/A/Frameworks/SecurityHI.framework/Versions/A/SecurityHI
0x0000000122e05000 	/Library/Java/JavaVirtualMachines/jdk1.8.0_66.jdk/Contents/Home/jre/lib/libawt.dylib
0x0000000122ead000 	/Library/Java/JavaVirtualMachines/jdk1.8.0_66.jdk/Contents/Home/jre/lib/./libmlib_image.dylib
0x0000000122f79000 	/Library/Java/JavaVirtualMachines/jdk1.8.0_66.jdk/Contents/Home/jre/lib/libawt_lwawt.dylib
0x000000012302e000 	/Library/Java/JavaVirtualMachines/jdk1.8.0_66.jdk/Contents/Home/jre/lib/./libosxapp.dylib
0x000000000611d000 	/System/Library/Frameworks/ExceptionHandling.framework/Versions/A/ExceptionHandling
0x000000000611d000 	/System/Library/PrivateFrameworks/CoreServicesInternal.framework/Versions/A/CoreServicesInternal
0x000000000611d000 	/System/Library/Frameworks/CoreGraphics.framework/Versions/A/Resources/libRIP.A.dylib
0x000000000611d000 	/System/Library/Frameworks/Accelerate.framework/Versions/A/Frameworks/vImage.framework/Versions/A/Libraries/libCGInterfaces.dylib
0x000000000611d000 	/System/Library/Frameworks/CoreGraphics.framework/Versions/A/Resources/libCGXType.A.dylib
0x000000000611d000 	/System/Library/Frameworks/OpenCL.framework/Versions/A/Libraries/libcldcpuengine.dylib
0x000000000611d000 	/System/Library/PrivateFrameworks/DiskImages.framework/Versions/A/DiskImages
0x000000000611d000 	/System/Library/Frameworks/DiscRecording.framework/Versions/A/DiscRecording
0x000000000611d000 	/usr/lib/libcsfde.dylib
0x000000000611d000 	/usr/lib/libcurl.4.dylib
0x000000000611d000 	/System/Library/PrivateFrameworks/MediaKit.framework/Versions/A/MediaKit
0x000000000611d000 	/System/Library/PrivateFrameworks/ProtectedCloudStorage.framework/Versions/A/ProtectedCloudStorage
0x000000000611d000 	/usr/lib/libCoreStorage.dylib
0x000000000611d000 	/System/Library/PrivateFrameworks/EFILogin.framework/Versions/A/EFILogin
0x000000000611d000 	/usr/lib/libutil.dylib
0x000000000611d000 	/System/Library/PrivateFrameworks/FindMyDevice.framework/Versions/A/FindMyDevice
0x000000000611d000 	/System/Library/Frameworks/LDAP.framework/Versions/A/LDAP
0x000000000611d000 	/usr/lib/libsasl2.2.dylib
0x000000000611d000 	/System/Library/PrivateFrameworks/CoreDaemon.framework/Versions/B/CoreDaemon
0x000000000611d000 	/usr/lib/libcrypto.0.9.8.dylib
0x000000000611d000 	/System/Library/PrivateFrameworks/AppleSRP.framework/Versions/A/AppleSRP
0x000000000611d000 	/System/Library/PrivateFrameworks/TrustEvaluationAgent.framework/Versions/A/TrustEvaluationAgent
0x0000000124819000 	cl_kernels
0x000000000611d000 	/System/Library/Frameworks/OpenCL.framework/Versions/A/Libraries/ImageFormats/unorm8_bgra.dylib
0x000000000611d000 	/System/Library/Frameworks/OpenCL.framework/Versions/A/Libraries/ImageFormats/unorm8_rgba.dylib
0x000000000611d000 	/System/Library/PrivateFrameworks/FamilyControls.framework/Versions/A/FamilyControls
0x000000000611d000 	/System/Library/PrivateFrameworks/CommerceKit.framework/Versions/A/Frameworks/CommerceCore.framework/Versions/A/CommerceCore
0x000000000611d000 	/System/Library/PrivateFrameworks/SystemAdministration.framework/Versions/A/SystemAdministration
0x000000000611d000 	/System/Library/PrivateFrameworks/AppContainer.framework/Versions/A/AppContainer
0x000000000611d000 	/System/Library/PrivateFrameworks/SecCodeWrapper.framework/Versions/A/SecCodeWrapper
0x000000000611d000 	/System/Library/Frameworks/DirectoryService.framework/Versions/A/DirectoryService
0x000000000611d000 	/System/Library/PrivateFrameworks/LoginUIKit.framework/Versions/A/Frameworks/LoginUICore.framework/Versions/A/LoginUICore
0x000000000611d000 	/usr/lib/libodfde.dylib
0x000000000611d000 	/System/Library/Frameworks/OpenGL.framework/Versions/A/Resources/GLEngine.bundle/GLEngine
0x000000000611d000 	/System/Library/Frameworks/OpenGL.framework/Versions/A/Libraries/libGLProgrammability.dylib
0x0000000125859000 	/System/Library/Extensions/GeForceTeslaGLDriver.bundle/Contents/MacOS/GeForceTeslaGLDriver
0x0000000127419000 	/System/Library/Extensions/GeForceTeslaGLDriver.bundle/Contents/MacOS/libclh.dylib
0x000000000611d000 	/System/Library/PrivateFrameworks/GPUSupport.framework/Versions/A/Libraries/libGPUSupport.dylib
0x000000000611d000 	/System/Library/Frameworks/OpenGL.framework/Versions/A/Resources/GLRendererFloat.bundle/GLRendererFloat
0x00000001281bf000 	/Library/Java/JavaVirtualMachines/jdk1.8.0_66.jdk/Contents/Home/jre/lib/libfontmanager.dylib
0x0000000129338000 	/Library/Java/JavaVirtualMachines/jdk1.8.0_66.jdk/Contents/Home/jre/lib/libosxui.dylib
0x000000012b08d000 	/Library/Java/JavaVirtualMachines/jdk1.8.0_66.jdk/Contents/Home/jre/lib/libnet.dylib
0x000000012aea4000 	/Library/Java/JavaVirtualMachines/jdk1.8.0_66.jdk/Contents/Home/jre/lib/libnio.dylib
0x000000000611d000 	/System/Library/Frameworks/ApplicationServices.framework/Versions/A/Frameworks/ATS.framework/Versions/A/Resources/libTrueTypeScaler.dylib
0x0000000123dc8000 	/private/var/folders/zw/5jg9p0yx0gb97hh28z85c9rw0000gn/T/jogamp_0000/file_cache/jln5552339178834166007/jln2797957542427983003/libgluegen-rt.jnilib
0x0000000123dcc000 	/private/var/folders/zw/5jg9p0yx0gb97hh28z85c9rw0000gn/T/jogamp_0000/file_cache/jln5552339178834166007/jln2797957542427983003/libnativewindow_awt.jnilib
0x0000000123dcf000 	/Library/Java/JavaVirtualMachines/jdk1.8.0_66.jdk/Contents/Home/jre/lib/libjawt.dylib
0x0000000123dd2000 	/private/var/folders/zw/5jg9p0yx0gb97hh28z85c9rw0000gn/T/jogamp_0000/file_cache/jln5552339178834166007/jln2797957542427983003/libnativewindow_macosx.jnilib
0x000000017e9a3000 	/private/var/folders/zw/5jg9p0yx0gb97hh28z85c9rw0000gn/T/jogamp_0000/file_cache/jln5552339178834166007/jln2797957542427983003/libjogl_desktop.jnilib
0x00000001806f7000 	/Library/Java/JavaVirtualMachines/jdk1.8.0_66.jdk/Contents/Home/jre/lib/libjpeg.dylib

VM Arguments:
jvm_args: -Djava.security.policy=java.policy.applet -Dfile.encoding=UTF-8 
java_command: sun.applet.AppletViewer module1.HelloWorld1452199130255.html
java_class_path (initial): /Users/ia/dev/eclipse/workspace/UCSDUnfoldingMaps/build:/Users/ia/dev/eclipse/workspace/UCSDUnfoldingMaps/lib/core.jar:/Users/ia/dev/eclipse/workspace/UCSDUnfoldingMaps/lib/gluegen-rt.jar:/Users/ia/dev/eclipse/workspace/UCSDUnfoldingMaps/lib/jogl-all.jar:/Users/ia/dev/eclipse/workspace/UCSDUnfoldingMaps/lib/log4j-1.2.15.jar:/Users/ia/dev/eclipse/workspace/UCSDUnfoldingMaps/lib/sqlite-jdbc-3.7.2.jar:/Users/ia/dev/eclipse/workspace/UCSDUnfoldingMaps/lib/json4processing.jar:/Users/ia/dev/eclipse/workspace/UCSDUnfoldingMaps/lib/libTUIO.jar:/Users/ia/dev/eclipse/workspace/UCSDUnfoldingMaps/lib/unfolding.0.9.7-uscd.jar
Launcher Type: SUN_STANDARD

Environment Variables:
PATH=/usr/bin:/bin:/usr/sbin:/sbin
SHELL=/bin/bash

Signal Handlers:
SIGSEGV: [libjvm.dylib+0x5a65d5], sa_mask[0]=11111111011111110111111111111111, sa_flags=SA_ONSTACK|SA_RESTART|SA_SIGINFO
SIGBUS: [libjvm.dylib+0x5a65d5], sa_mask[0]=11111111011111110111111111111111, sa_flags=SA_RESTART|SA_SIGINFO
SIGFPE: [libjvm.dylib+0x4802e8], sa_mask[0]=11111111011111110111111111111111, sa_flags=SA_RESTART|SA_SIGINFO
SIGPIPE: [libjvm.dylib+0x4802e8], sa_mask[0]=11111111011111110111111111111111, sa_flags=SA_RESTART|SA_SIGINFO
SIGXFSZ: [libjvm.dylib+0x4802e8], sa_mask[0]=11111111011111110111111111111111, sa_flags=SA_RESTART|SA_SIGINFO
SIGILL: [libjvm.dylib+0x4802e8], sa_mask[0]=11111111011111110111111111111111, sa_flags=SA_RESTART|SA_SIGINFO
SIGUSR1: SIG_DFL, sa_mask[0]=00000000000000000000000000000000, sa_flags=none
SIGUSR2: [libjvm.dylib+0x47fe06], sa_mask[0]=00100000000000000000000000000000, sa_flags=SA_RESTART|SA_SIGINFO
SIGHUP: [libjvm.dylib+0x47e3dd], sa_mask[0]=11111111011111110111111111111111, sa_flags=SA_RESTART|SA_SIGINFO
SIGINT: [libjvm.dylib+0x47e3dd], sa_mask[0]=11111111011111110111111111111111, sa_flags=SA_RESTART|SA_SIGINFO
SIGTERM: [libjvm.dylib+0x47e3dd], sa_mask[0]=11111111011111110111111111111111, sa_flags=SA_RESTART|SA_SIGINFO
SIGQUIT: [libjvm.dylib+0x47e3dd], sa_mask[0]=11111111011111110111111111111111, sa_flags=SA_RESTART|SA_SIGINFO


---------------  S Y S T E M  ---------------

OS:Bsduname:Darwin 15.0.0 Darwin Kernel Version 15.0.0: Sat Sep 19 15:53:46 PDT 2015; root:xnu-3247.10.11~1/RELEASE_X86_64 x86_64
rlimit: STACK 8192k, CORE 0k, NPROC 709, NOFILE 10240, AS infinity
load average:2.74 2.21 2.02

CPU:total 2 (2 cores per cpu, 1 threads per core) family 6 model 23 stepping 10, cmov, cx8, fxsr, mmx, sse, sse2, sse3, ssse3, sse4.1, tsc

Memory: 4k page, physical 8388608k(54620k free)

/proc/meminfo:


vm_info: Java HotSpot(TM) 64-Bit Server VM (25.66-b17) for bsd-amd64 JRE (1.8.0_66-b17), built on Oct  6 2015 16:09:13 by "java_re" with gcc 4.2.1 (Based on Apple Inc. build 5658) (LLVM build 2336.11.00)

time: Thu Jan  7 15:39:06 2016
elapsed time: 16 seconds (0d 0h 0m 16s)

