#
# A fatal error has been detected by the Java Runtime Environment:
#
#  SIGSEGV (0xb) at pc=0x00007fff9de12e5d, pid=12668, tid=2571
#
# JRE version: Java(TM) SE Runtime Environment (8.0_66-b17) (build 1.8.0_66-b17)
# Java VM: Java HotSpot(TM) 64-Bit Server VM (25.66-b17 mixed mode bsd-amd64 compressed oops)
# Problematic frame:
# C  [libobjc.A.dylib+0x7e5d]  objc_msgSend+0x1d
#
# Failed to write core dump. Core dumps have been disabled. To enable core dumping, try "ulimit -c unlimited" before starting Java again
#
# If you would like to submit a bug report, please visit:
#   http://bugreport.java.com/bugreport/crash.jsp
# The crash happened outside the Java Virtual Machine in native code.
# See problematic frame for where to report the bug.
#

---------------  T H R E A D  ---------------

Current thread (0x00007f9f5296b800):  JavaThread "AWT-AppKit" daemon [_thread_in_native, id=2571, stack(0x00007fff4f7c9000,0x00007fff4ffc9000)]

siginfo: si_signo: 11 (SIGSEGV), si_code: 1 (SEGV_MAPERR), si_addr: 0x0000000000000018

Registers:
RAX=0x00007f9f53f746d0, RBX=0x0000000128f21450, RCX=0x0000000128b52800, RDX=0x0000000128f077a0
RSP=0x00007fff4ffc4498, RBP=0x00007fff4ffc4550, RSI=0x00007fff8ae46d0e, RDI=0x00007f9f54844fa0
R8 =0x0000000000000000, R9 =0x0000000000000810, R10=0x00007fff8ae46d0e, R11=0x0000000000000000
R12=0x0000000000000000, R13=0x0000000183f4ffc8, R14=0x0000000128f21440, R15=0x00007f9f5296b800
RIP=0x00007fff9de12e5d, EFLAGS=0x0000000000010246, ERR=0x0000000000000004
  TRAPNO=0x000000000000000e

Top of Stack: (sp=0x00007fff4ffc4498)
0x00007fff4ffc4498:   0000000128f1f157 00007fff4ffc44f0
0x00007fff4ffc44a8:   0000000000000003 00007fff4ffc44d0
0x00007fff4ffc44b8:   00000001100a41f6 0000000183f4ffc8
0x00007fff4ffc44c8:   0000000183f4ffc8 00007f9f53f746d0
0x00007fff4ffc44d8:   0000000128f216a0 0000000128f21710
0x00007fff4ffc44e8:   00007fff796d2740 00007fff7824b4c0
0x00007fff4ffc44f8:   0000000128f21450 0000000128f21690
0x00007fff4ffc4508:   00007f9f53f746d0 00007f9f54844fa0
0x00007fff4ffc4518:   00007f9f51c6b000 00007f9f53f746d0
0x00007fff4ffc4528:   00007f9f54844fa0 00007fff4ffc45d8
0x00007fff4ffc4538:   00007f9f5296b9f8 0000000183f4ffc8
0x00007fff4ffc4548:   00007fff4ffc4600 00007fff4ffc45c8
0x00007fff4ffc4558:   00000001114134d4 0000000183f4ffc8
0x00007fff4ffc4568:   00007fff4ffc4600 00007fff4ffc45c8
0x00007fff4ffc4578:   0000000111413267 0000000111413222
0x00007fff4ffc4588:   00007fff4ffc4588 0000000183f4ffc8
0x00007fff4ffc4598:   00007fff4ffc4600 0000000183f52c00
0x00007fff4ffc45a8:   0000000000000000 0000000183f4ffc8
0x00007fff4ffc45b8:   0000000000000000 00007fff4ffc45e8
0x00007fff4ffc45c8:   00007fff4ffc4648 000000011140798d
0x00007fff4ffc45d8:   000000074042b458 000000011140f2b8
0x00007fff4ffc45e8:   00007f9f53f746d0 00007fff4ffc4648
0x00007fff4ffc45f8:   00007f9f54844fa0 0000000111410ac2
0x00007fff4ffc4608:   00007fff4ffc4608 0000000183f50192
0x00007fff4ffc4618:   00007fff4ffc4670 0000000183f52c00
0x00007fff4ffc4628:   0000000000000000 0000000183f501a0
0x00007fff4ffc4638:   00007fff4ffc45e8 00007fff4ffc4658
0x00007fff4ffc4648:   00007fff4ffc46b8 000000011140798d
0x00007fff4ffc4658:   00007f9f53f746d0 0000000740fc8268
0x00007fff4ffc4668:   00007f9f54844fa0 0000000740fc8268
0x00007fff4ffc4678:   00007fff4ffc4678 0000000189b3c50e
0x00007fff4ffc4688:   00007fff4ffc46c8 0000000189b3c5c8 

Instructions: (pc=0x00007fff9de12e5d)
0x00007fff9de12e3d:   44 00 00 48 85 ff 2e 74 62 40 f6 c7 01 2e 75 66
0x00007fff9de12e4d:   49 bb f8 ff ff ff ff 7f 00 00 4c 23 1f 49 89 f2
0x00007fff9de12e5d:   45 23 53 18 49 c1 e2 04 4d 03 53 10 49 3b 32 75
0x00007fff9de12e6d:   04 41 ff 62 08 49 83 3a 01 76 0d 49 83 c2 10 49 

Register to memory mapping:

RAX=0x00007f9f53f746d0 is an unknown value
RBX=0x0000000128f21450: Java_jogamp_nativewindow_macosx_OSXUtil_GetScreenRefreshRate0+0x1cf0 in /private/var/folders/zw/5jg9p0yx0gb97hh28z85c9rw0000gn/T/jogamp_0000/file_cache/jln8599610306715353711/jln7342817782902127433/libnativewindow_macosx.jnilib at 0x0000000128f1a000
RCX=0x0000000128b52800 is an unknown value
RDX=0x0000000128f077a0 is an unknown value
RSP=0x00007fff4ffc4498 is pointing into the stack for thread: 0x00007f9f5296b800
RBP=0x00007fff4ffc4550 is pointing into the stack for thread: 0x00007f9f5296b800
RSI=0x00007fff8ae46d0e is an unknown value
RDI=0x00007f9f54844fa0 is an unknown value
R8 =0x0000000000000000 is an unknown value
R9 =0x0000000000000810 is an unknown value
R10=0x00007fff8ae46d0e is an unknown value
R11=0x0000000000000000 is an unknown value
R12=0x0000000000000000 is an unknown value
R13={method} {0x0000000183f4ffc8} 'UnsetJAWTRootSurfaceLayer0' '(JJ)V' in 'jogamp/nativewindow/jawt/macosx/MacOSXJAWTWindow'
R14=0x0000000128f21440: Java_jogamp_nativewindow_macosx_OSXUtil_GetScreenRefreshRate0+0x1ce0 in /private/var/folders/zw/5jg9p0yx0gb97hh28z85c9rw0000gn/T/jogamp_0000/file_cache/jln8599610306715353711/jln7342817782902127433/libnativewindow_macosx.jnilib at 0x0000000128f1a000
R15=0x00007f9f5296b800 is a thread


Stack: [0x00007fff4f7c9000,0x00007fff4ffc9000],  sp=0x00007fff4ffc4498,  free space=8173k
Native frames: (J=compiled Java code, j=interpreted, Vv=VM code, C=native code)
C  [libobjc.A.dylib+0x7e5d]  objc_msgSend+0x1d
j  jogamp.nativewindow.jawt.macosx.MacOSXJAWTWindow.UnsetJAWTRootSurfaceLayer0(JJ)V+0
j  jogamp.nativewindow.jawt.macosx.MacOSXJAWTWindow.access$200(JJ)V+2
j  jogamp.nativewindow.jawt.macosx.MacOSXJAWTWindow$1.run()V+38
j  com.jogamp.common.util.RunnableTask.run()V+24
v  ~StubRoutines::call_stub
V  [libjvm.dylib+0x2ea35e]  JavaCalls::call_helper(JavaValue*, methodHandle*, JavaCallArguments*, Thread*)+0x6ae
V  [libjvm.dylib+0x321467]  jni_invoke_nonstatic(JNIEnv_*, JavaValue*, _jobject*, JNICallType, _jmethodID*, JNI_ArgumentPusher*, Thread*)+0x2ec
V  [libjvm.dylib+0x313c3b]  jni_CallVoidMethod+0x16b
C  [libnativewindow_macosx.jnilib+0x5326]  Java_jogamp_nativewindow_jawt_macosx_MacOSXJAWTWindow_UnsetJAWTRootSurfaceLayer0+0x2b6
C  [Foundation+0x7741e]  __NSThreadPerformPerform+0x117
C  [CoreFoundation+0xaa8b1]  __CFRUNLOOP_IS_CALLING_OUT_TO_A_SOURCE0_PERFORM_FUNCTION__+0x11
C  [CoreFoundation+0x8a027]  __CFRunLoopDoSources0+0x1a7
C  [CoreFoundation+0x895cf]  __CFRunLoopRun+0x39f
C  [CoreFoundation+0x88fc8]  CFRunLoopRunSpecific+0x128
C  [HIToolbox+0x30d55]  RunCurrentEventLoopInMode+0xeb
C  [HIToolbox+0x30a97]  ReceiveNextEventCommon+0xb8
C  [HIToolbox+0x309cf]  _BlockUntilNextEventMatchingListInModeWithFilter+0x47
C  [AppKit+0x49d96]  _DPSNextEvent+0x42b
C  [AppKit+0x491c5]  -[NSApplication _nextEventMatchingEventMask:untilDate:inMode:dequeue:]+0x1c6
C  [libosxapp.dylib+0x23aa]  -[NSApplicationAWT nextEventMatchingMask:untilDate:inMode:dequeue:]+0x7c
C  [AppKit+0x3dd28]  -[NSApplication run]+0x2aa
C  [libosxapp.dylib+0x214d]  +[NSApplicationAWT runAWTLoopWithApp:]+0x9c
C  [libawt_lwawt.dylib+0x4455b]  -[AWTStarter starter:]+0x389
C  [Foundation+0x7741e]  __NSThreadPerformPerform+0x117
C  [CoreFoundation+0xaa8b1]  __CFRUNLOOP_IS_CALLING_OUT_TO_A_SOURCE0_PERFORM_FUNCTION__+0x11
C  [CoreFoundation+0x8a0ac]  __CFRunLoopDoSources0+0x22c
C  [CoreFoundation+0x895cf]  __CFRunLoopRun+0x39f
C  [CoreFoundation+0x88fc8]  CFRunLoopRunSpecific+0x128
C  [java+0x6463]  CreateExecutionEnvironment+0x367
C  [java+0x21ac]  JLI_Launch+0x7a0
C  [java+0x84c0]  main+0x65
C  [java+0x1a04]  start+0x34
C  0x0000000000000007

Java frames: (J=compiled Java code, j=interpreted, Vv=VM code)
j  jogamp.nativewindow.jawt.macosx.MacOSXJAWTWindow.UnsetJAWTRootSurfaceLayer0(JJ)V+0
j  jogamp.nativewindow.jawt.macosx.MacOSXJAWTWindow.access$200(JJ)V+2
j  jogamp.nativewindow.jawt.macosx.MacOSXJAWTWindow$1.run()V+38
j  com.jogamp.common.util.RunnableTask.run()V+24
v  ~StubRoutines::call_stub

---------------  P R O C E S S  ---------------

Java Threads: ( => current thread )
  0x00007f9f521ca800 JavaThread "Thread-20" [_thread_blocked, id=6671, stack(0x00007000016e5000,0x00007000017e5000)]
  0x00007f9f52d93000 JavaThread "AWT-EventQueue-1" [_thread_in_native, id=60439, stack(0x000070000155f000,0x000070000165f000)]
  0x00007f9f52d5c800 JavaThread "DestroyJavaVM" [_thread_blocked, id=4099, stack(0x0000700000084000,0x0000700000184000)]
  0x00007f9f5232c800 JavaThread "AWT-EventQueue-0" [_thread_blocked, id=57603, stack(0x0000700001359000,0x0000700001459000)]
  0x00007f9f52a85800 JavaThread "Java2D Disposer" daemon [_thread_blocked, id=52743, stack(0x00007000010d0000,0x00007000011d0000)]
  0x00007f9f529f4800 JavaThread "Java2D Queue Flusher" daemon [_thread_blocked, id=48391, stack(0x0000700000fcd000,0x00007000010cd000)]
  0x00007f9f52988000 JavaThread "AWT-Shutdown" [_thread_blocked, id=28431, stack(0x0000700000dc4000,0x0000700000ec4000)]
=>0x00007f9f5296b800 JavaThread "AWT-AppKit" daemon [_thread_in_native, id=2571, stack(0x00007fff4f7c9000,0x00007fff4ffc9000)]
  0x00007f9f52039800 JavaThread "Service Thread" daemon [_thread_blocked, id=17411, stack(0x0000700000b3b000,0x0000700000c3b000)]
  0x00007f9f52832800 JavaThread "C1 CompilerThread1" daemon [_thread_blocked, id=16899, stack(0x0000700000a38000,0x0000700000b38000)]
  0x00007f9f5203c000 JavaThread "C2 CompilerThread0" daemon [_thread_blocked, id=16387, stack(0x0000700000935000,0x0000700000a35000)]
  0x00007f9f52831800 JavaThread "Signal Dispatcher" daemon [_thread_blocked, id=15879, stack(0x0000700000832000,0x0000700000932000)]
  0x00007f9f5205f800 JavaThread "Finalizer" daemon [_thread_blocked, id=11779, stack(0x0000700000629000,0x0000700000729000)]
  0x00007f9f52807000 JavaThread "Reference Handler" daemon [_thread_blocked, id=11267, stack(0x0000700000526000,0x0000700000626000)]

Other Threads:
  0x00007f9f5205f000 VMThread [stack: 0x0000700000423000,0x0000700000523000] [id=10755]
  0x00007f9f5281e800 WatcherThread [stack: 0x0000700000c3e000,0x0000700000d3e000] [id=17923]

VM state:not at safepoint (normal execution)

VM Mutex/Monitor currently owned by a thread: None

Heap:
 PSYoungGen      total 26112K, used 17240K [0x0000000795580000, 0x000000079ac00000, 0x00000007c0000000)
  eden space 25600K, 67% used [0x0000000795580000,0x000000079664e0b0,0x0000000796e80000)
  from space 512K, 6% used [0x000000079ab80000,0x000000079ab88000,0x000000079ac00000)
  to   space 512K, 0% used [0x000000079ab00000,0x000000079ab00000,0x000000079ab80000)
 ParOldGen       total 66048K, used 28331K [0x0000000740000000, 0x0000000744080000, 0x0000000795580000)
  object space 66048K, 42% used [0x0000000740000000,0x0000000741baad18,0x0000000744080000)
 Metaspace       used 27307K, capacity 27513K, committed 27904K, reserved 1075200K
  class space    used 2158K, capacity 2240K, committed 2304K, reserved 1048576K

Card table byte_map: [0x00000001207c0000,0x0000000120bc1000] byte_map_base: 0x000000011cdc0000

Marking Bits: (ParMarkBitMap*) 0x0000000110790e20
 Begin Bits: [0x0000000120e6c000, 0x0000000122e6c000)
 End Bits:   [0x0000000122e6c000, 0x0000000124e6c000)

Polling page: 0x0000000110e7c000

CodeCache: size=245760Kb used=10588Kb max_used=10650Kb free=235171Kb
 bounds [0x0000000111400000, 0x0000000111ea0000, 0x0000000120400000]
 total_blobs=3681 nmethods=2781 adapters=815
 compilation: enabled

Compilation events (10 events):
Event: 1075.823 Thread 0x00007f9f5203c000 3145       4       java.awt.EventQueue::noEvents (29 bytes)
Event: 1075.825 Thread 0x00007f9f5203c000 nmethod 3145 0x00000001119f4310 code [0x00000001119f4460, 0x00000001119f4538]
Event: 1075.840 Thread 0x00007f9f52832800 3146       1       java.awt.Component::getTreeLock (4 bytes)
Event: 1075.840 Thread 0x00007f9f52832800 nmethod 3146 0x0000000111c1f010 code [0x0000000111c1f160, 0x0000000111c1f270]
Event: 1075.841 Thread 0x00007f9f5203c000 3147       4       sun.java2d.SurfaceData::pixelFor (13 bytes)
Event: 1075.842 Thread 0x00007f9f5203c000 nmethod 3147 0x00000001117f83d0 code [0x00000001117f8520, 0x00000001117f85f8]
Event: 1075.852 Thread 0x00007f9f52832800 3148   !   3       sun.font.FontDesignMetrics::getMetrics (265 bytes)
Event: 1075.854 Thread 0x00007f9f52832800 nmethod 3148 0x0000000111e8efd0 code [0x0000000111e8f3e0, 0x0000000111e91d18]
Event: 1075.855 Thread 0x00007f9f52832800 3149   !   3       java.awt.Font::equals (132 bytes)
Event: 1075.855 Thread 0x00007f9f52832800 nmethod 3149 0x00000001119cff10 code [0x00000001119d00e0, 0x00000001119d08e8]

GC Heap History (10 events):
Event: 1052.821 GC heap before
{Heap before GC invocations=133 (full 1):
 PSYoungGen      total 26112K, used 25664K [0x0000000795580000, 0x000000079ac00000, 0x00000007c0000000)
  eden space 25600K, 100% used [0x0000000795580000,0x0000000796e80000,0x0000000796e80000)
  from space 512K, 12% used [0x000000079ab00000,0x000000079ab10000,0x000000079ab80000)
  to   space 512K, 0% used [0x000000079ab80000,0x000000079ab80000,0x000000079ac00000)
 ParOldGen       total 66048K, used 28331K [0x0000000740000000, 0x0000000744080000, 0x0000000795580000)
  object space 66048K, 42% used [0x0000000740000000,0x0000000741baad18,0x0000000744080000)
 Metaspace       used 27279K, capacity 27513K, committed 27904K, reserved 1075200K
  class space    used 2151K, capacity 2240K, committed 2304K, reserved 1048576K
Event: 1052.823 GC heap after
Heap after GC invocations=133 (full 1):
 PSYoungGen      total 26112K, used 64K [0x0000000795580000, 0x000000079ac00000, 0x00000007c0000000)
  eden space 25600K, 0% used [0x0000000795580000,0x0000000795580000,0x0000000796e80000)
  from space 512K, 12% used [0x000000079ab80000,0x000000079ab90000,0x000000079ac00000)
  to   space 512K, 0% used [0x000000079ab00000,0x000000079ab00000,0x000000079ab80000)
 ParOldGen       total 66048K, used 28331K [0x0000000740000000, 0x0000000744080000, 0x0000000795580000)
  object space 66048K, 42% used [0x0000000740000000,0x0000000741baad18,0x0000000744080000)
 Metaspace       used 27279K, capacity 27513K, committed 27904K, reserved 1075200K
  class space    used 2151K, capacity 2240K, committed 2304K, reserved 1048576K
}
Event: 1057.246 GC heap before
{Heap before GC invocations=134 (full 1):
 PSYoungGen      total 26112K, used 25664K [0x0000000795580000, 0x000000079ac00000, 0x00000007c0000000)
  eden space 25600K, 100% used [0x0000000795580000,0x0000000796e80000,0x0000000796e80000)
  from space 512K, 12% used [0x000000079ab80000,0x000000079ab90000,0x000000079ac00000)
  to   space 512K, 0% used [0x000000079ab00000,0x000000079ab00000,0x000000079ab80000)
 ParOldGen       total 66048K, used 28331K [0x0000000740000000, 0x0000000744080000, 0x0000000795580000)
  object space 66048K, 42% used [0x0000000740000000,0x0000000741baad18,0x0000000744080000)
 Metaspace       used 27279K, capacity 27513K, committed 27904K, reserved 1075200K
  class space    used 2151K, capacity 2240K, committed 2304K, reserved 1048576K
Event: 1057.248 GC heap after
Heap after GC invocations=134 (full 1):
 PSYoungGen      total 26112K, used 64K [0x0000000795580000, 0x000000079ac00000, 0x00000007c0000000)
  eden space 25600K, 0% used [0x0000000795580000,0x0000000795580000,0x0000000796e80000)
  from space 512K, 12% used [0x000000079ab00000,0x000000079ab10000,0x000000079ab80000)
  to   space 512K, 0% used [0x000000079ab80000,0x000000079ab80000,0x000000079ac00000)
 ParOldGen       total 66048K, used 28331K [0x0000000740000000, 0x0000000744080000, 0x0000000795580000)
  object space 66048K, 42% used [0x0000000740000000,0x0000000741baad18,0x0000000744080000)
 Metaspace       used 27279K, capacity 27513K, committed 27904K, reserved 1075200K
  class space    used 2151K, capacity 2240K, committed 2304K, reserved 1048576K
}
Event: 1061.485 GC heap before
{Heap before GC invocations=135 (full 1):
 PSYoungGen      total 26112K, used 25664K [0x0000000795580000, 0x000000079ac00000, 0x00000007c0000000)
  eden space 25600K, 100% used [0x0000000795580000,0x0000000796e80000,0x0000000796e80000)
  from space 512K, 12% used [0x000000079ab00000,0x000000079ab10000,0x000000079ab80000)
  to   space 512K, 0% used [0x000000079ab80000,0x000000079ab80000,0x000000079ac00000)
 ParOldGen       total 66048K, used 28331K [0x0000000740000000, 0x0000000744080000, 0x0000000795580000)
  object space 66048K, 42% used [0x0000000740000000,0x0000000741baad18,0x0000000744080000)
 Metaspace       used 27279K, capacity 27513K, committed 27904K, reserved 1075200K
  class space    used 2151K, capacity 2240K, committed 2304K, reserved 1048576K
Event: 1061.486 GC heap after
Heap after GC invocations=135 (full 1):
 PSYoungGen      total 26112K, used 64K [0x0000000795580000, 0x000000079ac00000, 0x00000007c0000000)
  eden space 25600K, 0% used [0x0000000795580000,0x0000000795580000,0x0000000796e80000)
  from space 512K, 12% used [0x000000079ab80000,0x000000079ab90000,0x000000079ac00000)
  to   space 512K, 0% used [0x000000079ab00000,0x000000079ab00000,0x000000079ab80000)
 ParOldGen       total 66048K, used 28331K [0x0000000740000000, 0x0000000744080000, 0x0000000795580000)
  object space 66048K, 42% used [0x0000000740000000,0x0000000741baad18,0x0000000744080000)
 Metaspace       used 27279K, capacity 27513K, committed 27904K, reserved 1075200K
  class space    used 2151K, capacity 2240K, committed 2304K, reserved 1048576K
}
Event: 1066.464 GC heap before
{Heap before GC invocations=136 (full 1):
 PSYoungGen      total 26112K, used 25664K [0x0000000795580000, 0x000000079ac00000, 0x00000007c0000000)
  eden space 25600K, 100% used [0x0000000795580000,0x0000000796e80000,0x0000000796e80000)
  from space 512K, 12% used [0x000000079ab80000,0x000000079ab90000,0x000000079ac00000)
  to   space 512K, 0% used [0x000000079ab00000,0x000000079ab00000,0x000000079ab80000)
 ParOldGen       total 66048K, used 28331K [0x0000000740000000, 0x0000000744080000, 0x0000000795580000)
  object space 66048K, 42% used [0x0000000740000000,0x0000000741baad18,0x0000000744080000)
 Metaspace       used 27279K, capacity 27513K, committed 27904K, reserved 1075200K
  class space    used 2151K, capacity 2240K, committed 2304K, reserved 1048576K
Event: 1066.466 GC heap after
Heap after GC invocations=136 (full 1):
 PSYoungGen      total 26112K, used 32K [0x0000000795580000, 0x000000079ac00000, 0x00000007c0000000)
  eden space 25600K, 0% used [0x0000000795580000,0x0000000795580000,0x0000000796e80000)
  from space 512K, 6% used [0x000000079ab00000,0x000000079ab08000,0x000000079ab80000)
  to   space 512K, 0% used [0x000000079ab80000,0x000000079ab80000,0x000000079ac00000)
 ParOldGen       total 66048K, used 28331K [0x0000000740000000, 0x0000000744080000, 0x0000000795580000)
  object space 66048K, 42% used [0x0000000740000000,0x0000000741baad18,0x0000000744080000)
 Metaspace       used 27279K, capacity 27513K, committed 27904K, reserved 1075200K
  class space    used 2151K, capacity 2240K, committed 2304K, reserved 1048576K
}
Event: 1070.933 GC heap before
{Heap before GC invocations=137 (full 1):
 PSYoungGen      total 26112K, used 25632K [0x0000000795580000, 0x000000079ac00000, 0x00000007c0000000)
  eden space 25600K, 100% used [0x0000000795580000,0x0000000796e80000,0x0000000796e80000)
  from space 512K, 6% used [0x000000079ab00000,0x000000079ab08000,0x000000079ab80000)
  to   space 512K, 0% used [0x000000079ab80000,0x000000079ab80000,0x000000079ac00000)
 ParOldGen       total 66048K, used 28331K [0x0000000740000000, 0x0000000744080000, 0x0000000795580000)
  object space 66048K, 42% used [0x0000000740000000,0x0000000741baad18,0x0000000744080000)
 Metaspace       used 27279K, capacity 27513K, committed 27904K, reserved 1075200K
  class space    used 2151K, capacity 2240K, committed 2304K, reserved 1048576K
Event: 1070.946 GC heap after
Heap after GC invocations=137 (full 1):
 PSYoungGen      total 26112K, used 32K [0x0000000795580000, 0x000000079ac00000, 0x00000007c0000000)
  eden space 25600K, 0% used [0x0000000795580000,0x0000000795580000,0x0000000796e80000)
  from space 512K, 6% used [0x000000079ab80000,0x000000079ab88000,0x000000079ac00000)
  to   space 512K, 0% used [0x000000079ab00000,0x000000079ab00000,0x000000079ab80000)
 ParOldGen       total 66048K, used 28331K [0x0000000740000000, 0x0000000744080000, 0x0000000795580000)
  object space 66048K, 42% used [0x0000000740000000,0x0000000741baad18,0x0000000744080000)
 Metaspace       used 27279K, capacity 27513K, committed 27904K, reserved 1075200K
  class space    used 2151K, capacity 2240K, committed 2304K, reserved 1048576K
}

Deoptimization events (10 events):
Event: 1075.920 Thread 0x00007f9f52d93000 Uncommon trap: reason=unstable_if action=reinterpret pc=0x0000000111e29bd8 method=java.util.LinkedList$ListItr.<init>(Ljava/util/LinkedList;I)V @ 26
Event: 1075.921 Thread 0x00007f9f52d93000 Uncommon trap: reason=unstable_if action=reinterpret pc=0x0000000111889348 method=java.security.AccessControlContext.combine([Ljava/security/ProtectionDomain;[Ljava/security/ProtectionDomain;)[Ljava/security/ProtectionDomain; @ 151
Event: 1075.921 Thread 0x00007f9f52d93000 Uncommon trap: reason=unstable_if action=reinterpret pc=0x0000000111e27204 method=java.util.LinkedList$ListItr.<init>(Ljava/util/LinkedList;I)V @ 26
Event: 1075.922 Thread 0x00007f9f5232c800 Uncommon trap: reason=class_check action=maybe_recompile pc=0x0000000111b39dfc method=java.awt.EventQueue.setCurrentEventAndMostRecentTimeImpl(Ljava/awt/AWTEvent;)V @ 128
Event: 1075.922 Thread 0x00007f9f5232c800 Uncommon trap: reason=class_check action=maybe_recompile pc=0x00000001119d3878 method=java.awt.Component.getGraphics()Ljava/awt/Graphics; @ 114
Event: 1075.923 Thread 0x00007f9f521ca800 Uncommon trap: reason=predicate action=maybe_recompile pc=0x0000000111c6cbec method=java.util.Vector.indexOf(Ljava/lang/Object;I)I @ 44
Event: 1075.924 Thread 0x00007f9f521ca800 Uncommon trap: reason=class_check action=maybe_recompile pc=0x00000001119e9934 method=java.awt.EventQueue.coalesceEvent(Ljava/awt/AWTEvent;I)Z @ 32
Event: 1075.924 Thread 0x00007f9f52d93000 Uncommon trap: reason=class_check action=maybe_recompile pc=0x0000000111b393f8 method=java.awt.event.InvocationEvent.dispatch()V @ 11
Event: 1075.925 Thread 0x00007f9f5232c800 Uncommon trap: reason=unstable_if action=reinterpret pc=0x0000000111729db4 method=java.util.HashMap.removeNode(ILjava/lang/Object;Ljava/lang/Object;ZZ)Ljava/util/HashMap$Node; @ 46
Event: 1075.963 Thread 0x00007f9f5296b800 Uncommon trap: reason=class_check action=maybe_recompile pc=0x00000001119e7740 method=com.jogamp.common.util.RunnableTask.run()V @ 24

Internal exceptions (10 events):
Event: 0.354 Thread 0x00007f9f52008800 Exception <a 'java/lang/NoSuchFieldError': method resolution failed> (0x00000007958377b0) thrown at [/HUDSON3/workspace/8-2-build-macosx-x86_64/jdk8u66/4988/hotspot/src/share/vm/prims/methodHandles.cpp, line 1146]
Event: 0.588 Thread 0x00007f9f52008800 Exception <a 'java/io/FileNotFoundException'> (0x00000007958b34a8) thrown at [/HUDSON3/workspace/8-2-build-macosx-x86_64/jdk8u66/4988/hotspot/src/share/vm/prims/jni.cpp, line 709]
Event: 0.589 Thread 0x00007f9f52008800 Exception <a 'java/io/FileNotFoundException'> (0x00000007958b3fd0) thrown at [/HUDSON3/workspace/8-2-build-macosx-x86_64/jdk8u66/4988/hotspot/src/share/vm/prims/jni.cpp, line 709]
Event: 0.897 Thread 0x00007f9f52008800 Exception <a 'java/io/FileNotFoundException'> (0x00000007959eed90) thrown at [/HUDSON3/workspace/8-2-build-macosx-x86_64/jdk8u66/4988/hotspot/src/share/vm/prims/jni.cpp, line 709]
Event: 4.005 Thread 0x00007f9f52584000 Exception <a 'java/lang/UnsatisfiedLinkError': com.jogamp.common.util.JarUtil.fixNativeLibAttribs(Ljava/lang/String;)Z> (0x0000000796b145a8) thrown at [/HUDSON3/workspace/8-2-build-macosx-x86_64/jdk8u66/4988/hotspot/src/share/vm/prims/nativeLookup.cpp, li
Event: 4.586 Thread 0x00007f9f5205f800 Exception <a 'java/lang/NullPointerException'> (0x00000007956286c0) thrown at [/HUDSON3/workspace/8-2-build-macosx-x86_64/jdk8u66/4988/hotspot/src/share/vm/interpreter/linkResolver.cpp, line 1178]
Event: 5.817 Thread 0x00007f9f52d93000 Exception <a 'java/io/FileNotFoundException'> (0x0000000795f6a0b8) thrown at [/HUDSON3/workspace/8-2-build-macosx-x86_64/jdk8u66/4988/hotspot/src/share/vm/prims/jni.cpp, line 709]
Event: 5.818 Thread 0x00007f9f52d93000 Exception <a 'java/io/FileNotFoundException'> (0x0000000795f701b8) thrown at [/HUDSON3/workspace/8-2-build-macosx-x86_64/jdk8u66/4988/hotspot/src/share/vm/prims/jni.cpp, line 709]
Event: 5.818 Thread 0x00007f9f52d93000 Implicit null exception at 0x000000011159bbb5 to 0x000000011159bf01
Event: 7.098 Thread 0x00007f9f55138000 Implicit null exception at 0x00000001115994b5 to 0x000000011159980d

Events (10 events):
Event: 1075.924 Thread 0x00007f9f521ca800 DEOPT UNPACKING pc=0x0000000111404f69 sp=0x00007000017e4598 mode 2
Event: 1075.924 Thread 0x00007f9f52d93000 Uncommon trap: trap_request=0xffffffde fr.pc=0x0000000111b393f8
Event: 1075.924 Thread 0x00007f9f52d93000 DEOPT PACKING pc=0x0000000111b393f8 sp=0x000070000165cf80
Event: 1075.924 Thread 0x00007f9f52d93000 DEOPT UNPACKING pc=0x0000000111404f69 sp=0x000070000165cdf8 mode 2
Event: 1075.925 Thread 0x00007f9f5232c800 Uncommon trap: trap_request=0xffffff65 fr.pc=0x0000000111729db4
Event: 1075.925 Thread 0x00007f9f5232c800 DEOPT PACKING pc=0x0000000111729db4 sp=0x0000700001458630
Event: 1075.925 Thread 0x00007f9f5232c800 DEOPT UNPACKING pc=0x0000000111404f69 sp=0x0000700001458400 mode 2
Event: 1075.963 Thread 0x00007f9f5296b800 Uncommon trap: trap_request=0xffffffde fr.pc=0x00000001119e7740
Event: 1075.963 Thread 0x00007f9f5296b800 DEOPT PACKING pc=0x00000001119e7740 sp=0x00007fff4ffc4710
Event: 1075.963 Thread 0x00007f9f5296b800 DEOPT UNPACKING pc=0x0000000111404f69 sp=0x00007fff4ffc46b8 mode 2


Dynamic libraries:
0x0000000007de9000 	/System/Library/Frameworks/Cocoa.framework/Versions/A/Cocoa
0x0000000007de9000 	/System/Library/Frameworks/Security.framework/Versions/A/Security
0x0000000007de9000 	/System/Library/Frameworks/ApplicationServices.framework/Versions/A/ApplicationServices
0x0000000007de9000 	/usr/lib/libz.1.dylib
0x0000000007de9000 	/usr/lib/libSystem.B.dylib
0x0000000007de9000 	/usr/lib/libobjc.A.dylib
0x0000000007de9000 	/System/Library/Frameworks/CoreFoundation.framework/Versions/A/CoreFoundation
0x0000000007de9000 	/System/Library/Frameworks/Foundation.framework/Versions/C/Foundation
0x0000000007de9000 	/System/Library/Frameworks/AppKit.framework/Versions/C/AppKit
0x0000000007de9000 	/System/Library/Frameworks/CoreData.framework/Versions/A/CoreData
0x0000000007de9000 	/System/Library/PrivateFrameworks/RemoteViewServices.framework/Versions/A/RemoteViewServices
0x0000000007de9000 	/System/Library/PrivateFrameworks/UIFoundation.framework/Versions/A/UIFoundation
0x0000000007de9000 	/usr/lib/libScreenReader.dylib
0x0000000007de9000 	/System/Library/Frameworks/Accelerate.framework/Versions/A/Accelerate
0x0000000007de9000 	/System/Library/Frameworks/IOSurface.framework/Versions/A/IOSurface
0x0000000007de9000 	/System/Library/Frameworks/AudioToolbox.framework/Versions/A/AudioToolbox
0x0000000007de9000 	/System/Library/Frameworks/AudioUnit.framework/Versions/A/AudioUnit
0x0000000007de9000 	/System/Library/PrivateFrameworks/DataDetectorsCore.framework/Versions/A/DataDetectorsCore
0x0000000007de9000 	/System/Library/PrivateFrameworks/DesktopServicesPriv.framework/Versions/A/DesktopServicesPriv
0x0000000007de9000 	/System/Library/Frameworks/Carbon.framework/Versions/A/Frameworks/HIToolbox.framework/Versions/A/HIToolbox
0x0000000007de9000 	/System/Library/Frameworks/QuartzCore.framework/Versions/A/QuartzCore
0x0000000007de9000 	/System/Library/Frameworks/Carbon.framework/Versions/A/Frameworks/SpeechRecognition.framework/Versions/A/SpeechRecognition
0x0000000007de9000 	/usr/lib/libauto.dylib
0x0000000007de9000 	/usr/lib/libicucore.A.dylib
0x0000000007de9000 	/usr/lib/libxml2.2.dylib
0x0000000007de9000 	/System/Library/PrivateFrameworks/CoreUI.framework/Versions/A/CoreUI
0x0000000007de9000 	/System/Library/Frameworks/CoreAudio.framework/Versions/A/CoreAudio
0x0000000007de9000 	/System/Library/Frameworks/DiskArbitration.framework/Versions/A/DiskArbitration
0x0000000007de9000 	/usr/lib/liblangid.dylib
0x0000000007de9000 	/System/Library/PrivateFrameworks/MultitouchSupport.framework/Versions/A/MultitouchSupport
0x0000000007de9000 	/System/Library/Frameworks/IOKit.framework/Versions/A/IOKit
0x0000000007de9000 	/usr/lib/libDiagnosticMessagesClient.dylib
0x0000000007de9000 	/System/Library/Frameworks/CoreServices.framework/Versions/A/CoreServices
0x0000000007de9000 	/System/Library/PrivateFrameworks/PerformanceAnalysis.framework/Versions/A/PerformanceAnalysis
0x0000000007de9000 	/System/Library/PrivateFrameworks/GenerationalStorage.framework/Versions/A/GenerationalStorage
0x0000000007de9000 	/System/Library/Frameworks/OpenGL.framework/Versions/A/OpenGL
0x0000000007de9000 	/System/Library/PrivateFrameworks/Sharing.framework/Versions/A/Sharing
0x0000000007de9000 	/System/Library/Frameworks/CoreGraphics.framework/Versions/A/CoreGraphics
0x0000000007de9000 	/System/Library/Frameworks/CoreImage.framework/Versions/A/CoreImage
0x0000000007de9000 	/System/Library/Frameworks/CoreText.framework/Versions/A/CoreText
0x0000000007de9000 	/System/Library/Frameworks/ImageIO.framework/Versions/A/ImageIO
0x0000000007de9000 	/System/Library/PrivateFrameworks/Backup.framework/Versions/A/Backup
0x0000000007de9000 	/usr/lib/libextension.dylib
0x0000000007de9000 	/usr/lib/libarchive.2.dylib
0x0000000007de9000 	/System/Library/Frameworks/CFNetwork.framework/Versions/A/CFNetwork
0x0000000007de9000 	/System/Library/Frameworks/SystemConfiguration.framework/Versions/A/SystemConfiguration
0x0000000007de9000 	/usr/lib/libCRFSuite.dylib
0x0000000007de9000 	/usr/lib/libc++.1.dylib
0x0000000007de9000 	/usr/lib/libc++abi.dylib
0x0000000007de9000 	/usr/lib/system/libcache.dylib
0x0000000007de9000 	/usr/lib/system/libcommonCrypto.dylib
0x0000000007de9000 	/usr/lib/system/libcompiler_rt.dylib
0x0000000007de9000 	/usr/lib/system/libcopyfile.dylib
0x0000000007de9000 	/usr/lib/system/libcorecrypto.dylib
0x0000000007de9000 	/usr/lib/system/libdispatch.dylib
0x0000000007de9000 	/usr/lib/system/libdyld.dylib
0x0000000007de9000 	/usr/lib/system/libkeymgr.dylib
0x0000000007de9000 	/usr/lib/system/liblaunch.dylib
0x0000000007de9000 	/usr/lib/system/libmacho.dylib
0x0000000007de9000 	/usr/lib/system/libquarantine.dylib
0x0000000007de9000 	/usr/lib/system/libremovefile.dylib
0x0000000007de9000 	/usr/lib/system/libsystem_asl.dylib
0x0000000007de9000 	/usr/lib/system/libsystem_blocks.dylib
0x0000000007de9000 	/usr/lib/system/libsystem_c.dylib
0x0000000007de9000 	/usr/lib/system/libsystem_configuration.dylib
0x0000000007de9000 	/usr/lib/system/libsystem_coreservices.dylib
0x0000000007de9000 	/usr/lib/system/libsystem_coretls.dylib
0x0000000007de9000 	/usr/lib/system/libsystem_dnssd.dylib
0x0000000007de9000 	/usr/lib/system/libsystem_info.dylib
0x0000000007de9000 	/usr/lib/system/libsystem_kernel.dylib
0x0000000007de9000 	/usr/lib/system/libsystem_m.dylib
0x0000000007de9000 	/usr/lib/system/libsystem_malloc.dylib
0x0000000007de9000 	/usr/lib/system/libsystem_network.dylib
0x0000000007de9000 	/usr/lib/system/libsystem_networkextension.dylib
0x0000000007de9000 	/usr/lib/system/libsystem_notify.dylib
0x0000000007de9000 	/usr/lib/system/libsystem_platform.dylib
0x0000000007de9000 	/usr/lib/system/libsystem_pthread.dylib
0x0000000007de9000 	/usr/lib/system/libsystem_sandbox.dylib
0x0000000007de9000 	/usr/lib/system/libsystem_secinit.dylib
0x0000000007de9000 	/usr/lib/system/libsystem_trace.dylib
0x0000000007de9000 	/usr/lib/system/libunc.dylib
0x0000000007de9000 	/usr/lib/system/libunwind.dylib
0x0000000007de9000 	/usr/lib/system/libxpc.dylib
0x0000000007de9000 	/usr/lib/libenergytrace.dylib
0x0000000007de9000 	/usr/lib/libbsm.0.dylib
0x0000000007de9000 	/usr/lib/system/libkxld.dylib
0x0000000007de9000 	/usr/lib/libxar.1.dylib
0x0000000007de9000 	/usr/lib/libsqlite3.dylib
0x0000000007de9000 	/usr/lib/libpam.2.dylib
0x0000000007de9000 	/usr/lib/libOpenScriptingUtil.dylib
0x0000000007de9000 	/usr/lib/libbz2.1.0.dylib
0x0000000007de9000 	/usr/lib/liblzma.5.dylib
0x0000000007de9000 	/System/Library/Frameworks/CoreServices.framework/Versions/A/Frameworks/FSEvents.framework/Versions/A/FSEvents
0x0000000007de9000 	/System/Library/Frameworks/CoreServices.framework/Versions/A/Frameworks/CarbonCore.framework/Versions/A/CarbonCore
0x0000000007de9000 	/System/Library/Frameworks/CoreServices.framework/Versions/A/Frameworks/Metadata.framework/Versions/A/Metadata
0x0000000007de9000 	/System/Library/Frameworks/CoreServices.framework/Versions/A/Frameworks/OSServices.framework/Versions/A/OSServices
0x0000000007de9000 	/System/Library/Frameworks/CoreServices.framework/Versions/A/Frameworks/SearchKit.framework/Versions/A/SearchKit
0x0000000007de9000 	/System/Library/Frameworks/CoreServices.framework/Versions/A/Frameworks/AE.framework/Versions/A/AE
0x0000000007de9000 	/System/Library/Frameworks/CoreServices.framework/Versions/A/Frameworks/LaunchServices.framework/Versions/A/LaunchServices
0x0000000007de9000 	/System/Library/Frameworks/CoreServices.framework/Versions/A/Frameworks/DictionaryServices.framework/Versions/A/DictionaryServices
0x0000000007de9000 	/System/Library/Frameworks/CoreServices.framework/Versions/A/Frameworks/SharedFileList.framework/Versions/A/SharedFileList
0x0000000007de9000 	/System/Library/Frameworks/NetFS.framework/Versions/A/NetFS
0x0000000007de9000 	/System/Library/PrivateFrameworks/NetAuth.framework/Versions/A/NetAuth
0x0000000007de9000 	/System/Library/PrivateFrameworks/login.framework/Versions/A/Frameworks/loginsupport.framework/Versions/A/loginsupport
0x0000000007de9000 	/System/Library/PrivateFrameworks/TCC.framework/Versions/A/TCC
0x0000000007de9000 	/usr/lib/libmecabra.dylib
0x0000000007de9000 	/System/Library/Frameworks/ApplicationServices.framework/Versions/A/Frameworks/ATS.framework/Versions/A/ATS
0x0000000007de9000 	/System/Library/Frameworks/ApplicationServices.framework/Versions/A/Frameworks/ColorSync.framework/Versions/A/ColorSync
0x0000000007de9000 	/System/Library/Frameworks/ApplicationServices.framework/Versions/A/Frameworks/HIServices.framework/Versions/A/HIServices
0x0000000007de9000 	/System/Library/Frameworks/ApplicationServices.framework/Versions/A/Frameworks/LangAnalysis.framework/Versions/A/LangAnalysis
0x0000000007de9000 	/System/Library/Frameworks/ApplicationServices.framework/Versions/A/Frameworks/PrintCore.framework/Versions/A/PrintCore
0x0000000007de9000 	/System/Library/Frameworks/ApplicationServices.framework/Versions/A/Frameworks/QD.framework/Versions/A/QD
0x0000000007de9000 	/System/Library/Frameworks/ApplicationServices.framework/Versions/A/Frameworks/SpeechSynthesis.framework/Versions/A/SpeechSynthesis
0x0000000007de9000 	/System/Library/Frameworks/Metal.framework/Versions/A/Metal
0x0000000007de9000 	/System/Library/Frameworks/Accelerate.framework/Versions/A/Frameworks/vImage.framework/Versions/A/vImage
0x0000000007de9000 	/System/Library/Frameworks/Accelerate.framework/Versions/A/Frameworks/vecLib.framework/Versions/A/vecLib
0x0000000007de9000 	/System/Library/Frameworks/Accelerate.framework/Versions/A/Frameworks/vecLib.framework/Versions/A/libvDSP.dylib
0x0000000007de9000 	/System/Library/Frameworks/Accelerate.framework/Versions/A/Frameworks/vecLib.framework/Versions/A/libvMisc.dylib
0x0000000007de9000 	/System/Library/Frameworks/Accelerate.framework/Versions/A/Frameworks/vecLib.framework/Versions/A/libLAPACK.dylib
0x0000000007de9000 	/System/Library/Frameworks/Accelerate.framework/Versions/A/Frameworks/vecLib.framework/Versions/A/libBLAS.dylib
0x0000000007de9000 	/System/Library/Frameworks/Accelerate.framework/Versions/A/Frameworks/vecLib.framework/Versions/A/libLinearAlgebra.dylib
0x0000000007de9000 	/System/Library/Frameworks/Accelerate.framework/Versions/A/Frameworks/vecLib.framework/Versions/A/libSparseBLAS.dylib
0x0000000007de9000 	/System/Library/PrivateFrameworks/GPUCompiler.framework/libmetal_timestamp.dylib
0x0000000007de9000 	/System/Library/Frameworks/OpenGL.framework/Versions/A/Libraries/libCoreFSCache.dylib
0x0000000007de9000 	/System/Library/PrivateFrameworks/IOAccelerator.framework/Versions/A/IOAccelerator
0x0000000007de9000 	/System/Library/Frameworks/ApplicationServices.framework/Versions/A/Frameworks/ATS.framework/Versions/A/Resources/libFontParser.dylib
0x0000000007de9000 	/System/Library/Frameworks/ApplicationServices.framework/Versions/A/Frameworks/ATS.framework/Versions/A/Resources/libFontRegistry.dylib
0x0000000007de9000 	/System/Library/PrivateFrameworks/AppleVPA.framework/Versions/A/AppleVPA
0x0000000007de9000 	/System/Library/PrivateFrameworks/AppleJPEG.framework/Versions/A/AppleJPEG
0x0000000007de9000 	/System/Library/Frameworks/ImageIO.framework/Versions/A/Resources/libJPEG.dylib
0x0000000007de9000 	/System/Library/Frameworks/ImageIO.framework/Versions/A/Resources/libTIFF.dylib
0x0000000007de9000 	/System/Library/Frameworks/ImageIO.framework/Versions/A/Resources/libPng.dylib
0x0000000007de9000 	/System/Library/Frameworks/ImageIO.framework/Versions/A/Resources/libGIF.dylib
0x0000000007de9000 	/System/Library/Frameworks/ImageIO.framework/Versions/A/Resources/libJP2.dylib
0x0000000007de9000 	/System/Library/Frameworks/ImageIO.framework/Versions/A/Resources/libRadiance.dylib
0x0000000007de9000 	/System/Library/Frameworks/CoreVideo.framework/Versions/A/CoreVideo
0x0000000007de9000 	/System/Library/Frameworks/OpenGL.framework/Versions/A/Libraries/libGLU.dylib
0x0000000007de9000 	/System/Library/Frameworks/OpenGL.framework/Versions/A/Libraries/libGFXShared.dylib
0x0000000007de9000 	/System/Library/Frameworks/OpenGL.framework/Versions/A/Libraries/libGL.dylib
0x0000000007de9000 	/System/Library/Frameworks/OpenGL.framework/Versions/A/Libraries/libGLImage.dylib
0x0000000007de9000 	/System/Library/Frameworks/OpenGL.framework/Versions/A/Libraries/libCVMSPluginSupport.dylib
0x0000000007de9000 	/System/Library/Frameworks/OpenGL.framework/Versions/A/Libraries/libCoreVMClient.dylib
0x0000000007de9000 	/usr/lib/libcups.2.dylib
0x0000000007de9000 	/System/Library/Frameworks/Kerberos.framework/Versions/A/Kerberos
0x0000000007de9000 	/System/Library/Frameworks/GSS.framework/Versions/A/GSS
0x0000000007de9000 	/usr/lib/libresolv.9.dylib
0x0000000007de9000 	/usr/lib/libiconv.2.dylib
0x0000000007de9000 	/System/Library/PrivateFrameworks/Heimdal.framework/Versions/A/Heimdal
0x0000000007de9000 	/usr/lib/libheimdal-asn1.dylib
0x0000000007de9000 	/System/Library/Frameworks/OpenDirectory.framework/Versions/A/OpenDirectory
0x0000000007de9000 	/System/Library/PrivateFrameworks/CommonAuth.framework/Versions/A/CommonAuth
0x0000000007de9000 	/System/Library/Frameworks/OpenDirectory.framework/Versions/A/Frameworks/CFOpenDirectory.framework/Versions/A/CFOpenDirectory
0x0000000007de9000 	/System/Library/Frameworks/SecurityFoundation.framework/Versions/A/SecurityFoundation
0x0000000007de9000 	/System/Library/PrivateFrameworks/LanguageModeling.framework/Versions/A/LanguageModeling
0x0000000007de9000 	/usr/lib/libmarisa.dylib
0x0000000007de9000 	/usr/lib/libChineseTokenizer.dylib
0x0000000007de9000 	/usr/lib/libcmph.dylib
0x0000000007de9000 	/usr/lib/libcompression.dylib
0x0000000007de9000 	/System/Library/Frameworks/ServiceManagement.framework/Versions/A/ServiceManagement
0x0000000007de9000 	/usr/lib/libxslt.1.dylib
0x0000000007de9000 	/System/Library/Frameworks/Carbon.framework/Versions/A/Frameworks/Ink.framework/Versions/A/Ink
0x0000000007de9000 	/usr/lib/libFosl_dynamic.dylib
0x0000000007de9000 	/System/Library/PrivateFrameworks/FaceCore.framework/Versions/A/FaceCore
0x0000000007de9000 	/System/Library/Frameworks/OpenCL.framework/Versions/A/OpenCL
0x0000000007de9000 	/System/Library/PrivateFrameworks/CrashReporterSupport.framework/Versions/A/CrashReporterSupport
0x0000000007de9000 	/System/Library/PrivateFrameworks/IconServices.framework/Versions/A/IconServices
0x0000000007de9000 	/System/Library/PrivateFrameworks/Apple80211.framework/Versions/A/Apple80211
0x0000000007de9000 	/System/Library/Frameworks/CoreWLAN.framework/Versions/A/CoreWLAN
0x0000000007de9000 	/System/Library/Frameworks/IOBluetooth.framework/Versions/A/IOBluetooth
0x0000000007de9000 	/System/Library/PrivateFrameworks/CoreWiFi.framework/Versions/A/CoreWiFi
0x0000000007de9000 	/System/Library/Frameworks/CoreBluetooth.framework/Versions/A/CoreBluetooth
0x0000000007de9000 	/System/Library/PrivateFrameworks/ChunkingLibrary.framework/Versions/A/ChunkingLibrary
0x0000000007de9000 	/System/Library/PrivateFrameworks/DebugSymbols.framework/Versions/A/DebugSymbols
0x0000000007de9000 	/System/Library/PrivateFrameworks/CoreSymbolication.framework/Versions/A/CoreSymbolication
0x0000000007de9000 	/System/Library/PrivateFrameworks/Symbolication.framework/Versions/A/Symbolication
0x0000000007de9000 	/System/Library/PrivateFrameworks/SpeechRecognitionCore.framework/Versions/A/SpeechRecognitionCore
0x000000010feb3000 	/Library/Java/JavaVirtualMachines/jdk1.8.0_66.jdk/Contents/Home/jre/lib/server/libjvm.dylib
0x0000000007de9000 	/usr/lib/libstdc++.6.dylib
0x0000000110e39000 	/Library/Java/JavaVirtualMachines/jdk1.8.0_66.jdk/Contents/Home/jre/lib/libverify.dylib
0x0000000110e47000 	/Library/Java/JavaVirtualMachines/jdk1.8.0_66.jdk/Contents/Home/jre/lib/libjava.dylib
0x0000000110e8a000 	/Library/Java/JavaVirtualMachines/jdk1.8.0_66.jdk/Contents/Home/jre/lib/libzip.dylib
0x00000001265c1000 	/System/Library/Frameworks/JavaVM.framework/Frameworks/JavaRuntimeSupport.framework/JavaRuntimeSupport
0x00000001265dc000 	/System/Library/Frameworks/JavaVM.framework/Versions/A/Frameworks/JavaNativeFoundation.framework/Versions/A/JavaNativeFoundation
0x00000001265f1000 	/System/Library/Frameworks/JavaVM.framework/Versions/A/JavaVM
0x0000000007de9000 	/System/Library/Frameworks/Carbon.framework/Versions/A/Carbon
0x00000001265fe000 	/System/Library/PrivateFrameworks/JavaLaunching.framework/Versions/A/JavaLaunching
0x0000000007de9000 	/System/Library/Frameworks/Carbon.framework/Versions/A/Frameworks/CommonPanels.framework/Versions/A/CommonPanels
0x0000000007de9000 	/System/Library/Frameworks/Carbon.framework/Versions/A/Frameworks/Help.framework/Versions/A/Help
0x0000000007de9000 	/System/Library/Frameworks/Carbon.framework/Versions/A/Frameworks/ImageCapture.framework/Versions/A/ImageCapture
0x0000000007de9000 	/System/Library/Frameworks/Carbon.framework/Versions/A/Frameworks/OpenScripting.framework/Versions/A/OpenScripting
0x0000000007de9000 	/System/Library/Frameworks/Carbon.framework/Versions/A/Frameworks/Print.framework/Versions/A/Print
0x0000000007de9000 	/System/Library/Frameworks/Carbon.framework/Versions/A/Frameworks/SecurityHI.framework/Versions/A/SecurityHI
0x0000000127f1b000 	/Library/Java/JavaVirtualMachines/jdk1.8.0_66.jdk/Contents/Home/jre/lib/libawt.dylib
0x0000000127fc3000 	/Library/Java/JavaVirtualMachines/jdk1.8.0_66.jdk/Contents/Home/jre/lib/./libmlib_image.dylib
0x000000012808f000 	/Library/Java/JavaVirtualMachines/jdk1.8.0_66.jdk/Contents/Home/jre/lib/libawt_lwawt.dylib
0x0000000128144000 	/Library/Java/JavaVirtualMachines/jdk1.8.0_66.jdk/Contents/Home/jre/lib/./libosxapp.dylib
0x0000000007de9000 	/System/Library/Frameworks/ExceptionHandling.framework/Versions/A/ExceptionHandling
0x0000000007de9000 	/System/Library/PrivateFrameworks/CoreServicesInternal.framework/Versions/A/CoreServicesInternal
0x0000000007de9000 	/System/Library/Frameworks/CoreGraphics.framework/Versions/A/Resources/libRIP.A.dylib
0x0000000007de9000 	/System/Library/Frameworks/Accelerate.framework/Versions/A/Frameworks/vImage.framework/Versions/A/Libraries/libCGInterfaces.dylib
0x0000000007de9000 	/System/Library/Frameworks/CoreGraphics.framework/Versions/A/Resources/libCGXType.A.dylib
0x0000000007de9000 	/System/Library/Frameworks/OpenCL.framework/Versions/A/Libraries/libcldcpuengine.dylib
0x0000000007de9000 	/System/Library/PrivateFrameworks/DiskImages.framework/Versions/A/DiskImages
0x0000000007de9000 	/System/Library/Frameworks/DiscRecording.framework/Versions/A/DiscRecording
0x0000000007de9000 	/usr/lib/libcsfde.dylib
0x0000000007de9000 	/usr/lib/libcurl.4.dylib
0x0000000007de9000 	/System/Library/PrivateFrameworks/MediaKit.framework/Versions/A/MediaKit
0x0000000007de9000 	/System/Library/PrivateFrameworks/ProtectedCloudStorage.framework/Versions/A/ProtectedCloudStorage
0x0000000007de9000 	/usr/lib/libCoreStorage.dylib
0x0000000007de9000 	/System/Library/PrivateFrameworks/EFILogin.framework/Versions/A/EFILogin
0x0000000007de9000 	/usr/lib/libutil.dylib
0x0000000007de9000 	/System/Library/PrivateFrameworks/FindMyDevice.framework/Versions/A/FindMyDevice
0x0000000007de9000 	/System/Library/Frameworks/LDAP.framework/Versions/A/LDAP
0x0000000007de9000 	/usr/lib/libsasl2.2.dylib
0x0000000007de9000 	/System/Library/PrivateFrameworks/CoreDaemon.framework/Versions/B/CoreDaemon
0x0000000007de9000 	/usr/lib/libcrypto.0.9.8.dylib
0x0000000007de9000 	/System/Library/PrivateFrameworks/AppleSRP.framework/Versions/A/AppleSRP
0x0000000007de9000 	/System/Library/PrivateFrameworks/TrustEvaluationAgent.framework/Versions/A/TrustEvaluationAgent
0x00000001297d2000 	cl_kernels
0x0000000007de9000 	/System/Library/Frameworks/OpenCL.framework/Versions/A/Libraries/ImageFormats/unorm8_bgra.dylib
0x0000000007de9000 	/System/Library/Frameworks/OpenCL.framework/Versions/A/Libraries/ImageFormats/unorm8_rgba.dylib
0x0000000007de9000 	/System/Library/PrivateFrameworks/FamilyControls.framework/Versions/A/FamilyControls
0x0000000007de9000 	/System/Library/PrivateFrameworks/CommerceKit.framework/Versions/A/Frameworks/CommerceCore.framework/Versions/A/CommerceCore
0x0000000007de9000 	/System/Library/PrivateFrameworks/SystemAdministration.framework/Versions/A/SystemAdministration
0x0000000007de9000 	/System/Library/PrivateFrameworks/AppContainer.framework/Versions/A/AppContainer
0x0000000007de9000 	/System/Library/PrivateFrameworks/SecCodeWrapper.framework/Versions/A/SecCodeWrapper
0x0000000007de9000 	/System/Library/Frameworks/DirectoryService.framework/Versions/A/DirectoryService
0x0000000007de9000 	/System/Library/PrivateFrameworks/LoginUIKit.framework/Versions/A/Frameworks/LoginUICore.framework/Versions/A/LoginUICore
0x0000000007de9000 	/usr/lib/libodfde.dylib
0x0000000007de9000 	/System/Library/Frameworks/OpenGL.framework/Versions/A/Resources/GLEngine.bundle/GLEngine
0x0000000007de9000 	/System/Library/Frameworks/OpenGL.framework/Versions/A/Libraries/libGLProgrammability.dylib
0x000000012ad0c000 	/System/Library/Extensions/GeForceTeslaGLDriver.bundle/Contents/MacOS/GeForceTeslaGLDriver
0x000000012c8cc000 	/System/Library/Extensions/GeForceTeslaGLDriver.bundle/Contents/MacOS/libclh.dylib
0x0000000007de9000 	/System/Library/PrivateFrameworks/GPUSupport.framework/Versions/A/Libraries/libGPUSupport.dylib
0x0000000007de9000 	/System/Library/Frameworks/OpenGL.framework/Versions/A/Resources/GLRendererFloat.bundle/GLRendererFloat
0x000000012d680000 	/Library/Java/JavaVirtualMachines/jdk1.8.0_66.jdk/Contents/Home/jre/lib/libfontmanager.dylib
0x000000012f452000 	/Library/Java/JavaVirtualMachines/jdk1.8.0_66.jdk/Contents/Home/jre/lib/libosxui.dylib
0x0000000130347000 	/Library/Java/JavaVirtualMachines/jdk1.8.0_66.jdk/Contents/Home/jre/lib/libnet.dylib
0x000000013015b000 	/Library/Java/JavaVirtualMachines/jdk1.8.0_66.jdk/Contents/Home/jre/lib/libnio.dylib
0x0000000007de9000 	/System/Library/Frameworks/ApplicationServices.framework/Versions/A/Frameworks/ATS.framework/Versions/A/Resources/libTrueTypeScaler.dylib
0x0000000128f0f000 	/private/var/folders/zw/5jg9p0yx0gb97hh28z85c9rw0000gn/T/jogamp_0000/file_cache/jln8599610306715353711/jln7342817782902127433/libgluegen-rt.jnilib
0x0000000128f14000 	/private/var/folders/zw/5jg9p0yx0gb97hh28z85c9rw0000gn/T/jogamp_0000/file_cache/jln8599610306715353711/jln7342817782902127433/libnativewindow_awt.jnilib
0x0000000128f17000 	/Library/Java/JavaVirtualMachines/jdk1.8.0_66.jdk/Contents/Home/jre/lib/libjawt.dylib
0x0000000128f1a000 	/private/var/folders/zw/5jg9p0yx0gb97hh28z85c9rw0000gn/T/jogamp_0000/file_cache/jln8599610306715353711/jln7342817782902127433/libnativewindow_macosx.jnilib
0x0000000183e0d000 	/private/var/folders/zw/5jg9p0yx0gb97hh28z85c9rw0000gn/T/jogamp_0000/file_cache/jln8599610306715353711/jln7342817782902127433/libjogl_desktop.jnilib
0x00000001840d5000 	/Library/Java/JavaVirtualMachines/jdk1.8.0_66.jdk/Contents/Home/jre/lib/libt2k.dylib

VM Arguments:
jvm_args: -Djava.security.policy=java.policy.applet -Dfile.encoding=UTF-8 
java_command: sun.applet.AppletViewer module5.EarthquakeCityMap1454176556629.html
java_class_path (initial): /Users/ia/dev/eclipse/workspace/UCSDUnfoldingMaps/build:/Users/ia/dev/eclipse/workspace/UCSDUnfoldingMaps/lib/core.jar:/Users/ia/dev/eclipse/workspace/UCSDUnfoldingMaps/lib/gluegen-rt.jar:/Users/ia/dev/eclipse/workspace/UCSDUnfoldingMaps/lib/jogl-all.jar:/Users/ia/dev/eclipse/workspace/UCSDUnfoldingMaps/lib/log4j-1.2.15.jar:/Users/ia/dev/eclipse/workspace/UCSDUnfoldingMaps/lib/sqlite-jdbc-3.7.2.jar:/Users/ia/dev/eclipse/workspace/UCSDUnfoldingMaps/lib/json4processing.jar:/Users/ia/dev/eclipse/workspace/UCSDUnfoldingMaps/lib/libTUIO.jar:/Users/ia/dev/eclipse/workspace/UCSDUnfoldingMaps/lib/unfolding.0.9.7-uscd.jar
Launcher Type: SUN_STANDARD

Environment Variables:
PATH=/usr/bin:/bin:/usr/sbin:/sbin
SHELL=/bin/bash

Signal Handlers:
SIGSEGV: [libjvm.dylib+0x5a65d5], sa_mask[0]=11111111011111110111111111111111, sa_flags=SA_ONSTACK|SA_RESTART|SA_SIGINFO
SIGBUS: [libjvm.dylib+0x5a65d5], sa_mask[0]=11111111011111110111111111111111, sa_flags=SA_RESTART|SA_SIGINFO
SIGFPE: [libjvm.dylib+0x4802e8], sa_mask[0]=11111111011111110111111111111111, sa_flags=SA_RESTART|SA_SIGINFO
SIGPIPE: [libjvm.dylib+0x4802e8], sa_mask[0]=11111111011111110111111111111111, sa_flags=SA_RESTART|SA_SIGINFO
SIGXFSZ: [libjvm.dylib+0x4802e8], sa_mask[0]=11111111011111110111111111111111, sa_flags=SA_RESTART|SA_SIGINFO
SIGILL: [libjvm.dylib+0x4802e8], sa_mask[0]=11111111011111110111111111111111, sa_flags=SA_RESTART|SA_SIGINFO
SIGUSR1: SIG_DFL, sa_mask[0]=00000000000000000000000000000000, sa_flags=none
SIGUSR2: [libjvm.dylib+0x47fe06], sa_mask[0]=00100000000000000000000000000000, sa_flags=SA_RESTART|SA_SIGINFO
SIGHUP: [libjvm.dylib+0x47e3dd], sa_mask[0]=11111111011111110111111111111111, sa_flags=SA_RESTART|SA_SIGINFO
SIGINT: [libjvm.dylib+0x47e3dd], sa_mask[0]=11111111011111110111111111111111, sa_flags=SA_RESTART|SA_SIGINFO
SIGTERM: [libjvm.dylib+0x47e3dd], sa_mask[0]=11111111011111110111111111111111, sa_flags=SA_RESTART|SA_SIGINFO
SIGQUIT: [libjvm.dylib+0x47e3dd], sa_mask[0]=11111111011111110111111111111111, sa_flags=SA_RESTART|SA_SIGINFO


---------------  S Y S T E M  ---------------

OS:Bsduname:Darwin 15.0.0 Darwin Kernel Version 15.0.0: Sat Sep 19 15:53:46 PDT 2015; root:xnu-3247.10.11~1/RELEASE_X86_64 x86_64
rlimit: STACK 8192k, CORE 0k, NPROC 709, NOFILE 10240, AS infinity
load average:2.92 2.35 3.25

CPU:total 2 (2 cores per cpu, 1 threads per core) family 6 model 23 stepping 10, cmov, cx8, fxsr, mmx, sse, sse2, sse3, ssse3, sse4.1, tsc

Memory: 4k page, physical 8388608k(410204k free)

/proc/meminfo:


vm_info: Java HotSpot(TM) 64-Bit Server VM (25.66-b17) for bsd-amd64 JRE (1.8.0_66-b17), built on Oct  6 2015 16:09:13 by "java_re" with gcc 4.2.1 (Based on Apple Inc. build 5658) (LLVM build 2336.11.00)

time: Sat Jan 30 13:13:52 2016
elapsed time: 1075 seconds (0d 0h 17m 55s)

