#
# A fatal error has been detected by the Java Runtime Environment:
#
#  SIGSEGV (0xb) at pc=0x00007fff9de12e5d, pid=9675, tid=2571
#
# JRE version: Java(TM) SE Runtime Environment (8.0_66-b17) (build 1.8.0_66-b17)
# Java VM: Java HotSpot(TM) 64-Bit Server VM (25.66-b17 mixed mode bsd-amd64 compressed oops)
# Problematic frame:
# C  [libobjc.A.dylib+0x7e5d]  objc_msgSend+0x1d
#
# Failed to write core dump. Core dumps have been disabled. To enable core dumping, try "ulimit -c unlimited" before starting Java again
#
# If you would like to submit a bug report, please visit:
#   http://bugreport.java.com/bugreport/crash.jsp
# The crash happened outside the Java Virtual Machine in native code.
# See problematic frame for where to report the bug.
#

---------------  T H R E A D  ---------------

Current thread (0x00007fe25c99d000):  JavaThread "AWT-AppKit" daemon [_thread_in_native, id=2571, stack(0x00007fff512d2000,0x00007fff51ad2000)]

siginfo: si_signo: 11 (SIGSEGV), si_code: 1 (SEGV_MAPERR), si_addr: 0x0000000000000018

Registers:
RAX=0x00007fe25e8336d0, RBX=0x0000000127417450, RCX=0x0000000127049900, RDX=0x0000000127049140
RSP=0x00007fff51acd3b8, RBP=0x00007fff51acd470, RSI=0x00007fff8ae46d0e, RDI=0x00007fe25e782750
R8 =0x0000000000000000, R9 =0x0000000000000810, R10=0x00007fff8ae46d0e, R11=0x0000000000000000
R12=0x0000000000000000, R13=0x00000001821ce720, R14=0x0000000127417440, R15=0x00007fe25c99d000
RIP=0x00007fff9de12e5d, EFLAGS=0x0000000000010246, ERR=0x0000000000000004
  TRAPNO=0x000000000000000e

Top of Stack: (sp=0x00007fff51acd3b8)
0x00007fff51acd3b8:   0000000127415157 00007fff51acd410
0x00007fff51acd3c8:   0000000000000003 00007fff51acd3f0
0x00007fff51acd3d8:   000000010e59b1f6 00000001821ce720
0x00007fff51acd3e8:   00000001821ce720 00007fe25e8336d0
0x00007fff51acd3f8:   00000001274176a0 0000000127417710
0x00007fff51acd408:   00007fff796d2740 00007fff7824b4c0
0x00007fff51acd418:   0000000127417450 0000000127417690
0x00007fff51acd428:   00007fe25e8336d0 00007fe25e782750
0x00007fff51acd438:   00007fe25e827ba0 00007fe25e8336d0
0x00007fff51acd448:   00007fe25e782750 00007fff51acd4f8
0x00007fff51acd458:   00007fe25c99d1f8 00000001821ce720
0x00007fff51acd468:   00007fff51acd520 00007fff51acd4e8
0x00007fff51acd478:   000000010f8134d4 00000001821ce720
0x00007fff51acd488:   00007fff51acd520 00007fff51acd4e8
0x00007fff51acd498:   000000010f813267 000000010f813222
0x00007fff51acd4a8:   00007fff51acd4a8 00000001821ce720
0x00007fff51acd4b8:   00007fff51acd520 00000001821d1358
0x00007fff51acd4c8:   0000000000000000 00000001821ce720
0x00007fff51acd4d8:   0000000000000000 00007fff51acd508
0x00007fff51acd4e8:   00007fff51acd568 000000010f80798d
0x00007fff51acd4f8:   0000000797f512b8 000000010f80f2b8
0x00007fff51acd508:   00007fe25e8336d0 00007fff51acd568
0x00007fff51acd518:   00007fe25e782750 000000010f810ac2
0x00007fff51acd528:   00007fff51acd528 00000001821ce8ea
0x00007fff51acd538:   00007fff51acd590 00000001821d1358
0x00007fff51acd548:   0000000000000000 00000001821ce8f8
0x00007fff51acd558:   00007fff51acd508 00007fff51acd578
0x00007fff51acd568:   00007fff51acd5d8 000000010f80798d
0x00007fff51acd578:   00007fe25e8336d0 0000000797b249d0
0x00007fff51acd588:   00007fe25e782750 0000000797b249d0
0x00007fff51acd598:   00007fff51acd598 0000000184ed8d6e
0x00007fff51acd5a8:   00007fff51acd5e8 0000000184ed8e28 

Instructions: (pc=0x00007fff9de12e5d)
0x00007fff9de12e3d:   44 00 00 48 85 ff 2e 74 62 40 f6 c7 01 2e 75 66
0x00007fff9de12e4d:   49 bb f8 ff ff ff ff 7f 00 00 4c 23 1f 49 89 f2
0x00007fff9de12e5d:   45 23 53 18 49 c1 e2 04 4d 03 53 10 49 3b 32 75
0x00007fff9de12e6d:   04 41 ff 62 08 49 83 3a 01 76 0d 49 83 c2 10 49 

Register to memory mapping:

RAX=0x00007fe25e8336d0 is an unknown value
RBX=0x0000000127417450: Java_jogamp_nativewindow_macosx_OSXUtil_GetScreenRefreshRate0+0x1cf0 in /private/var/folders/zw/5jg9p0yx0gb97hh28z85c9rw0000gn/T/jogamp_0000/file_cache/jln5972065189786511916/jln794224298979224596/libnativewindow_macosx.jnilib at 0x0000000127410000
RCX=0x0000000127049900 is an unknown value
RDX=0x0000000127049140 is an unknown value
RSP=0x00007fff51acd3b8 is pointing into the stack for thread: 0x00007fe25c99d000
RBP=0x00007fff51acd470 is pointing into the stack for thread: 0x00007fe25c99d000
RSI=0x00007fff8ae46d0e is an unknown value
RDI=0x00007fe25e782750 is an unknown value
R8 =0x0000000000000000 is an unknown value
R9 =0x0000000000000810 is an unknown value
R10=0x00007fff8ae46d0e is an unknown value
R11=0x0000000000000000 is an unknown value
R12=0x0000000000000000 is an unknown value
R13={method} {0x00000001821ce720} 'UnsetJAWTRootSurfaceLayer0' '(JJ)V' in 'jogamp/nativewindow/jawt/macosx/MacOSXJAWTWindow'
R14=0x0000000127417440: Java_jogamp_nativewindow_macosx_OSXUtil_GetScreenRefreshRate0+0x1ce0 in /private/var/folders/zw/5jg9p0yx0gb97hh28z85c9rw0000gn/T/jogamp_0000/file_cache/jln5972065189786511916/jln794224298979224596/libnativewindow_macosx.jnilib at 0x0000000127410000
R15=0x00007fe25c99d000 is a thread


Stack: [0x00007fff512d2000,0x00007fff51ad2000],  sp=0x00007fff51acd3b8,  free space=8172k
Native frames: (J=compiled Java code, j=interpreted, Vv=VM code, C=native code)
C  [libobjc.A.dylib+0x7e5d]  objc_msgSend+0x1d
j  jogamp.nativewindow.jawt.macosx.MacOSXJAWTWindow.UnsetJAWTRootSurfaceLayer0(JJ)V+0
j  jogamp.nativewindow.jawt.macosx.MacOSXJAWTWindow.access$200(JJ)V+2
j  jogamp.nativewindow.jawt.macosx.MacOSXJAWTWindow$1.run()V+38
J 1883 C1 com.jogamp.common.util.RunnableTask.run()V (345 bytes) @ 0x000000010fea7cd4 [0x000000010fea7b40+0x194]
v  ~StubRoutines::call_stub
V  [libjvm.dylib+0x2ea35e]
V  [libjvm.dylib+0x321467]
V  [libjvm.dylib+0x313c3b]
C  [libnativewindow_macosx.jnilib+0x5326]  Java_jogamp_nativewindow_jawt_macosx_MacOSXJAWTWindow_UnsetJAWTRootSurfaceLayer0+0x2b6
C  [Foundation+0x7741e]  __NSThreadPerformPerform+0x117
C  [CoreFoundation+0xaa8b1]  __CFRUNLOOP_IS_CALLING_OUT_TO_A_SOURCE0_PERFORM_FUNCTION__+0x11
C  [CoreFoundation+0x8a027]  __CFRunLoopDoSources0+0x1a7
C  [CoreFoundation+0x895cf]  __CFRunLoopRun+0x39f
C  [CoreFoundation+0x88fc8]  CFRunLoopRunSpecific+0x128
C  [HIToolbox+0x30d55]  RunCurrentEventLoopInMode+0xeb
C  [HIToolbox+0x30a97]  ReceiveNextEventCommon+0xb8
C  [HIToolbox+0x309cf]  _BlockUntilNextEventMatchingListInModeWithFilter+0x47
C  [AppKit+0x49d96]  _DPSNextEvent+0x42b
C  [AppKit+0x491c5]  -[NSApplication _nextEventMatchingEventMask:untilDate:inMode:dequeue:]+0x1c6
C  [libosxapp.dylib+0x23aa]  -[NSApplicationAWT nextEventMatchingMask:untilDate:inMode:dequeue:]+0x7c
C  [AppKit+0x3dd28]  -[NSApplication run]+0x2aa
C  [libosxapp.dylib+0x214d]  +[NSApplicationAWT runAWTLoopWithApp:]+0x9c
C  [libawt_lwawt.dylib+0x4455b]  -[AWTStarter starter:]+0x389
C  [Foundation+0x7741e]  __NSThreadPerformPerform+0x117
C  [CoreFoundation+0xaa8b1]  __CFRUNLOOP_IS_CALLING_OUT_TO_A_SOURCE0_PERFORM_FUNCTION__+0x11
C  [CoreFoundation+0x8a0ac]  __CFRunLoopDoSources0+0x22c
C  [CoreFoundation+0x895cf]  __CFRunLoopRun+0x39f
C  [CoreFoundation+0x88fc8]  CFRunLoopRunSpecific+0x128
C  [java+0x6463]  CreateExecutionEnvironment+0x367
C  [java+0x21ac]  JLI_Launch+0x7a0
C  [java+0x84c0]  main+0x65
C  [java+0x1a04]  start+0x34
C  0x0000000000000007

Java frames: (J=compiled Java code, j=interpreted, Vv=VM code)
j  jogamp.nativewindow.jawt.macosx.MacOSXJAWTWindow.UnsetJAWTRootSurfaceLayer0(JJ)V+0
j  jogamp.nativewindow.jawt.macosx.MacOSXJAWTWindow.access$200(JJ)V+2
j  jogamp.nativewindow.jawt.macosx.MacOSXJAWTWindow$1.run()V+38
J 1883 C1 com.jogamp.common.util.RunnableTask.run()V (345 bytes) @ 0x000000010fea7cd4 [0x000000010fea7b40+0x194]
v  ~StubRoutines::call_stub

---------------  P R O C E S S  ---------------

Java Threads: ( => current thread )
  0x00007fe25f94a800 JavaThread "Thread-7" [_thread_blocked, id=68127, stack(0x00007000016e5000,0x00007000017e5000)]
  0x00007fe25ce27000 JavaThread "AWT-EventQueue-1" [_thread_in_native, id=59927, stack(0x000070000155f000,0x000070000165f000)]
  0x00007fe25cdfb800 JavaThread "DestroyJavaVM" [_thread_blocked, id=4099, stack(0x0000700000084000,0x0000700000184000)]
  0x00007fe25cb59000 JavaThread "AWT-EventQueue-0" [_thread_blocked, id=57603, stack(0x0000700001359000,0x0000700001459000)]
  0x00007fe25c335800 JavaThread "Java2D Disposer" daemon [_thread_blocked, id=53531, stack(0x00007000010d0000,0x00007000011d0000)]
  0x00007fe25c27c800 JavaThread "Java2D Queue Flusher" daemon [_thread_blocked, id=46867, stack(0x0000700000f4a000,0x000070000104a000)]
  0x00007fe25c23b800 JavaThread "AWT-Shutdown" [_thread_blocked, id=28175, stack(0x0000700000dc4000,0x0000700000ec4000)]
=>0x00007fe25c99d000 JavaThread "AWT-AppKit" daemon [_thread_in_native, id=2571, stack(0x00007fff512d2000,0x00007fff51ad2000)]
  0x00007fe25c832800 JavaThread "Service Thread" daemon [_thread_blocked, id=17155, stack(0x0000700000b3b000,0x0000700000c3b000)]
  0x00007fe25c0a1800 JavaThread "C1 CompilerThread1" daemon [_thread_blocked, id=16643, stack(0x0000700000a38000,0x0000700000b38000)]
  0x00007fe25c042800 JavaThread "C2 CompilerThread0" daemon [_thread_blocked, id=16131, stack(0x0000700000935000,0x0000700000a35000)]
  0x00007fe25c05d000 JavaThread "Signal Dispatcher" daemon [_thread_blocked, id=15635, stack(0x0000700000832000,0x0000700000932000)]
  0x00007fe25c025000 JavaThread "Finalizer" daemon [_thread_blocked, id=10755, stack(0x0000700000629000,0x0000700000729000)]
  0x00007fe25c01f000 JavaThread "Reference Handler" daemon [_thread_blocked, id=10243, stack(0x0000700000526000,0x0000700000626000)]

Other Threads:
  0x00007fe25c853000 VMThread [stack: 0x0000700000423000,0x0000700000523000] [id=9731]
  0x00007fe25c035800 WatcherThread [stack: 0x0000700000c3e000,0x0000700000d3e000] [id=17667]

VM state:not at safepoint (normal execution)

VM Mutex/Monitor currently owned by a thread: None

Heap:
 PSYoungGen      total 38400K, used 26986K [0x0000000795580000, 0x0000000798000000, 0x00000007c0000000)
  eden space 33280K, 65% used [0x0000000795580000,0x0000000796addec8,0x0000000797600000)
  from space 5120K, 99% used [0x0000000797b00000,0x0000000797ffccd0,0x0000000798000000)
  to   space 5120K, 0% used [0x0000000797600000,0x0000000797600000,0x0000000797b00000)
 ParOldGen       total 87552K, used 5676K [0x0000000740000000, 0x0000000745580000, 0x0000000795580000)
  object space 87552K, 6% used [0x0000000740000000,0x000000074058b3a8,0x0000000745580000)
 Metaspace       used 19222K, capacity 19467K, committed 19712K, reserved 1067008K
  class space    used 1894K, capacity 1982K, committed 2048K, reserved 1048576K

Card table byte_map: [0x000000011ebc0000,0x000000011efc1000] byte_map_base: 0x000000011b1c0000

Marking Bits: (ParMarkBitMap*) 0x000000010ec87e20
 Begin Bits: [0x000000011f26c000, 0x000000012126c000)
 End Bits:   [0x000000012126c000, 0x000000012326c000)

Polling page: 0x000000010f373000

CodeCache: size=245760Kb used=7673Kb max_used=7685Kb free=238086Kb
 bounds [0x000000010f800000, 0x000000010ff90000, 0x000000011e800000]
 total_blobs=2996 nmethods=2120 adapters=792
 compilation: enabled

Compilation events (10 events):
Event: 26.954 Thread 0x00007fe25c0a1800 2135       3       sun.awt.SunToolkit::awtTryLock (7 bytes)
Event: 26.954 Thread 0x00007fe25c0a1800 nmethod 2135 0x000000010ff80910 code [0x000000010ff80a80, 0x000000010ff80d68]
Event: 27.230 Thread 0x00007fe25c042800 2136       4       processing.opengl.PJOGL::frontFace (11 bytes)
Event: 27.232 Thread 0x00007fe25c042800 nmethod 2136 0x000000010ff80450 code [0x000000010ff805c0, 0x000000010ff80728]
Event: 27.983 Thread 0x00007fe25c042800 2137       4       sun.java2d.SunGraphics2D::invalidatePipe (41 bytes)
Event: 27.984 Thread 0x00007fe25c042800 nmethod 2137 0x000000010ff7e090 code [0x000000010ff7e1e0, 0x000000010ff7e278]
Event: 28.564 Thread 0x00007fe25c042800 2138  s!   4       sun.misc.URLClassPath::getLoader (197 bytes)
Event: 28.577 Thread 0x00007fe25c042800 nmethod 2138 0x000000010ff839d0 code [0x000000010ff83b40, 0x000000010ff84338]
Event: 28.579 Thread 0x00007fe25c0a1800 2139       3       sun.lwawt.LWComponentPeer::localToWindow (14 bytes)
Event: 28.580 Thread 0x00007fe25c0a1800 nmethod 2139 0x000000010ff83310 code [0x000000010ff834a0, 0x000000010ff83828]

GC Heap History (4 events):
Event: 2.863 GC heap before
{Heap before GC invocations=1 (full 0):
 PSYoungGen      total 38400K, used 33280K [0x0000000795580000, 0x0000000798000000, 0x00000007c0000000)
  eden space 33280K, 100% used [0x0000000795580000,0x0000000797600000,0x0000000797600000)
  from space 5120K, 0% used [0x0000000797b00000,0x0000000797b00000,0x0000000798000000)
  to   space 5120K, 0% used [0x0000000797600000,0x0000000797600000,0x0000000797b00000)
 ParOldGen       total 87552K, used 0K [0x0000000740000000, 0x0000000745580000, 0x0000000795580000)
  object space 87552K, 0% used [0x0000000740000000,0x0000000740000000,0x0000000745580000)
 Metaspace       used 15793K, capacity 15995K, committed 16256K, reserved 1064960K
  class space    used 1601K, capacity 1660K, committed 1664K, reserved 1048576K
Event: 2.875 GC heap after
Heap after GC invocations=1 (full 0):
 PSYoungGen      total 38400K, used 4869K [0x0000000795580000, 0x0000000798000000, 0x00000007c0000000)
  eden space 33280K, 0% used [0x0000000795580000,0x0000000795580000,0x0000000797600000)
  from space 5120K, 95% used [0x0000000797600000,0x0000000797ac1618,0x0000000797b00000)
  to   space 5120K, 0% used [0x0000000797b00000,0x0000000797b00000,0x0000000798000000)
 ParOldGen       total 87552K, used 8K [0x0000000740000000, 0x0000000745580000, 0x0000000795580000)
  object space 87552K, 0% used [0x0000000740000000,0x0000000740002000,0x0000000745580000)
 Metaspace       used 15793K, capacity 15995K, committed 16256K, reserved 1064960K
  class space    used 1601K, capacity 1660K, committed 1664K, reserved 1048576K
}
Event: 11.747 GC heap before
{Heap before GC invocations=2 (full 0):
 PSYoungGen      total 38400K, used 38149K [0x0000000795580000, 0x0000000798000000, 0x00000007c0000000)
  eden space 33280K, 100% used [0x0000000795580000,0x0000000797600000,0x0000000797600000)
  from space 5120K, 95% used [0x0000000797600000,0x0000000797ac1618,0x0000000797b00000)
  to   space 5120K, 0% used [0x0000000797b00000,0x0000000797b00000,0x0000000798000000)
 ParOldGen       total 87552K, used 8K [0x0000000740000000, 0x0000000745580000, 0x0000000795580000)
  object space 87552K, 0% used [0x0000000740000000,0x0000000740002000,0x0000000745580000)
 Metaspace       used 19012K, capacity 19211K, committed 19456K, reserved 1067008K
  class space    used 1888K, capacity 1982K, committed 2048K, reserved 1048576K
Event: 11.773 GC heap after
Heap after GC invocations=2 (full 0):
 PSYoungGen      total 38400K, used 5107K [0x0000000795580000, 0x0000000798000000, 0x00000007c0000000)
  eden space 33280K, 0% used [0x0000000795580000,0x0000000795580000,0x0000000797600000)
  from space 5120K, 99% used [0x0000000797b00000,0x0000000797ffccd0,0x0000000798000000)
  to   space 5120K, 0% used [0x0000000797600000,0x0000000797600000,0x0000000797b00000)
 ParOldGen       total 87552K, used 5676K [0x0000000740000000, 0x0000000745580000, 0x0000000795580000)
  object space 87552K, 6% used [0x0000000740000000,0x000000074058b3a8,0x0000000745580000)
 Metaspace       used 19012K, capacity 19211K, committed 19456K, reserved 1067008K
  class space    used 1888K, capacity 1982K, committed 2048K, reserved 1048576K
}

Deoptimization events (6 events):
Event: 2.404 Thread 0x00007fe25ce0f000 Uncommon trap: reason=unstable_if action=reinterpret pc=0x000000010f9ccc54 method=java.lang.String.indexOf([CII[CIII)I @ 3
Event: 4.049 Thread 0x00007fe25ce27000 Uncommon trap: reason=unstable_if action=reinterpret pc=0x000000010f9bccd4 method=java.lang.AbstractStringBuilder.append(Ljava/lang/String;)Ljava/lang/AbstractStringBuilder; @ 1
Event: 4.233 Thread 0x00007fe25ce27000 Uncommon trap: reason=unstable_if action=reinterpret pc=0x000000010fba38fc method=com.jogamp.common.util.IntIntHashMap.get(I)I @ 28
Event: 28.547 Thread 0x00007fe25ca6d800 Uncommon trap: reason=unstable_if action=reinterpret pc=0x000000010ff2b300 method=java.util.HashMap.putVal(ILjava/lang/Object;Ljava/lang/Object;ZZ)Ljava/lang/Object; @ 81
Event: 28.565 Thread 0x00007fe25ce27000 Uncommon trap: reason=unstable_if action=reinterpret pc=0x000000010ff00784 method=java.security.AccessControlContext.optimize()Ljava/security/AccessControlContext; @ 233
Event: 28.579 Thread 0x00007fe25f94a800 Uncommon trap: reason=predicate action=maybe_recompile pc=0x000000010fe9e064 method=java.util.Vector.indexOf(Ljava/lang/Object;I)I @ 44

Internal exceptions (10 events):
Event: 0.223 Thread 0x00007fe25c00c000 Exception <a 'java/lang/NoSuchFieldError': method resolution failed> (0x000000079582a0a0) thrown at [/HUDSON3/workspace/8-2-build-macosx-x86_64/jdk8u66/4988/hotspot/src/share/vm/prims/methodHandles.cpp, line 1146]
Event: 0.228 Thread 0x00007fe25c00c000 Exception <a 'java/lang/NoSuchFieldError': method resolution failed> (0x0000000795837870) thrown at [/HUDSON3/workspace/8-2-build-macosx-x86_64/jdk8u66/4988/hotspot/src/share/vm/prims/methodHandles.cpp, line 1146]
Event: 0.418 Thread 0x00007fe25c00c000 Exception <a 'java/io/FileNotFoundException'> (0x00000007958b3560) thrown at [/HUDSON3/workspace/8-2-build-macosx-x86_64/jdk8u66/4988/hotspot/src/share/vm/prims/jni.cpp, line 709]
Event: 0.419 Thread 0x00007fe25c00c000 Exception <a 'java/io/FileNotFoundException'> (0x00000007958b4088) thrown at [/HUDSON3/workspace/8-2-build-macosx-x86_64/jdk8u66/4988/hotspot/src/share/vm/prims/jni.cpp, line 709]
Event: 0.754 Thread 0x00007fe25c00c000 Exception <a 'java/io/FileNotFoundException'> (0x00000007959eed58) thrown at [/HUDSON3/workspace/8-2-build-macosx-x86_64/jdk8u66/4988/hotspot/src/share/vm/prims/jni.cpp, line 709]
Event: 2.436 Thread 0x00007fe25ce0f000 Exception <a 'java/lang/UnsatisfiedLinkError': com.jogamp.common.util.JarUtil.fixNativeLibAttribs(Ljava/lang/String;)Z> (0x0000000796b14028) thrown at [/HUDSON3/workspace/8-2-build-macosx-x86_64/jdk8u66/4988/hotspot/src/share/vm/prims/nativeLookup.cpp, li
Event: 2.878 Thread 0x00007fe25c025000 Exception <a 'java/lang/NullPointerException'> (0x0000000795626748) thrown at [/HUDSON3/workspace/8-2-build-macosx-x86_64/jdk8u66/4988/hotspot/src/share/vm/interpreter/linkResolver.cpp, line 1178]
Event: 4.048 Thread 0x00007fe25ce27000 Exception <a 'java/io/FileNotFoundException'> (0x0000000795f5dd18) thrown at [/HUDSON3/workspace/8-2-build-macosx-x86_64/jdk8u66/4988/hotspot/src/share/vm/prims/jni.cpp, line 709]
Event: 4.049 Thread 0x00007fe25ce27000 Exception <a 'java/io/FileNotFoundException'> (0x0000000795f63e18) thrown at [/HUDSON3/workspace/8-2-build-macosx-x86_64/jdk8u66/4988/hotspot/src/share/vm/prims/jni.cpp, line 709]
Event: 4.049 Thread 0x00007fe25ce27000 Implicit null exception at 0x000000010f9bc975 to 0x000000010f9bccc1

Events (10 events):
Event: 28.566 loading class java/awt/event/AWTEventListenerProxy
Event: 28.566 loading class java/awt/event/AWTEventListenerProxy done
Event: 28.566 loading class java/awt/Toolkit$ToolkitEventMulticaster
Event: 28.566 loading class java/awt/Toolkit$ToolkitEventMulticaster done
Event: 28.577 Thread 0x00007fe25ca6d800 Thread exited: 0x00007fe25ca6d800
Event: 28.579 Thread 0x00007fe25f94a800 Uncommon trap: trap_request=0xffffff86 fr.pc=0x000000010fe9e064
Event: 28.579 Thread 0x00007fe25f94a800 DEOPT PACKING pc=0x000000010fe9e064 sp=0x00007000017e47f0
Event: 28.579 Thread 0x00007fe25f94a800 DEOPT UNPACKING pc=0x000000010f804f69 sp=0x00007000017e47a0 mode 2
Event: 28.579 loading class java/awt/Window$1DisposeAction
Event: 28.580 loading class java/awt/Window$1DisposeAction done


Dynamic libraries:
0x0000000007de9000 	/System/Library/Frameworks/Cocoa.framework/Versions/A/Cocoa
0x0000000007de9000 	/System/Library/Frameworks/Security.framework/Versions/A/Security
0x0000000007de9000 	/System/Library/Frameworks/ApplicationServices.framework/Versions/A/ApplicationServices
0x0000000007de9000 	/usr/lib/libz.1.dylib
0x0000000007de9000 	/usr/lib/libSystem.B.dylib
0x0000000007de9000 	/usr/lib/libobjc.A.dylib
0x0000000007de9000 	/System/Library/Frameworks/CoreFoundation.framework/Versions/A/CoreFoundation
0x0000000007de9000 	/System/Library/Frameworks/Foundation.framework/Versions/C/Foundation
0x0000000007de9000 	/System/Library/Frameworks/AppKit.framework/Versions/C/AppKit
0x0000000007de9000 	/System/Library/Frameworks/CoreData.framework/Versions/A/CoreData
0x0000000007de9000 	/System/Library/PrivateFrameworks/RemoteViewServices.framework/Versions/A/RemoteViewServices
0x0000000007de9000 	/System/Library/PrivateFrameworks/UIFoundation.framework/Versions/A/UIFoundation
0x0000000007de9000 	/usr/lib/libScreenReader.dylib
0x0000000007de9000 	/System/Library/Frameworks/Accelerate.framework/Versions/A/Accelerate
0x0000000007de9000 	/System/Library/Frameworks/IOSurface.framework/Versions/A/IOSurface
0x0000000007de9000 	/System/Library/Frameworks/AudioToolbox.framework/Versions/A/AudioToolbox
0x0000000007de9000 	/System/Library/Frameworks/AudioUnit.framework/Versions/A/AudioUnit
0x0000000007de9000 	/System/Library/PrivateFrameworks/DataDetectorsCore.framework/Versions/A/DataDetectorsCore
0x0000000007de9000 	/System/Library/PrivateFrameworks/DesktopServicesPriv.framework/Versions/A/DesktopServicesPriv
0x0000000007de9000 	/System/Library/Frameworks/Carbon.framework/Versions/A/Frameworks/HIToolbox.framework/Versions/A/HIToolbox
0x0000000007de9000 	/System/Library/Frameworks/QuartzCore.framework/Versions/A/QuartzCore
0x0000000007de9000 	/System/Library/Frameworks/Carbon.framework/Versions/A/Frameworks/SpeechRecognition.framework/Versions/A/SpeechRecognition
0x0000000007de9000 	/usr/lib/libauto.dylib
0x0000000007de9000 	/usr/lib/libicucore.A.dylib
0x0000000007de9000 	/usr/lib/libxml2.2.dylib
0x0000000007de9000 	/System/Library/PrivateFrameworks/CoreUI.framework/Versions/A/CoreUI
0x0000000007de9000 	/System/Library/Frameworks/CoreAudio.framework/Versions/A/CoreAudio
0x0000000007de9000 	/System/Library/Frameworks/DiskArbitration.framework/Versions/A/DiskArbitration
0x0000000007de9000 	/usr/lib/liblangid.dylib
0x0000000007de9000 	/System/Library/PrivateFrameworks/MultitouchSupport.framework/Versions/A/MultitouchSupport
0x0000000007de9000 	/System/Library/Frameworks/IOKit.framework/Versions/A/IOKit
0x0000000007de9000 	/usr/lib/libDiagnosticMessagesClient.dylib
0x0000000007de9000 	/System/Library/Frameworks/CoreServices.framework/Versions/A/CoreServices
0x0000000007de9000 	/System/Library/PrivateFrameworks/PerformanceAnalysis.framework/Versions/A/PerformanceAnalysis
0x0000000007de9000 	/System/Library/PrivateFrameworks/GenerationalStorage.framework/Versions/A/GenerationalStorage
0x0000000007de9000 	/System/Library/Frameworks/OpenGL.framework/Versions/A/OpenGL
0x0000000007de9000 	/System/Library/PrivateFrameworks/Sharing.framework/Versions/A/Sharing
0x0000000007de9000 	/System/Library/Frameworks/CoreGraphics.framework/Versions/A/CoreGraphics
0x0000000007de9000 	/System/Library/Frameworks/CoreImage.framework/Versions/A/CoreImage
0x0000000007de9000 	/System/Library/Frameworks/CoreText.framework/Versions/A/CoreText
0x0000000007de9000 	/System/Library/Frameworks/ImageIO.framework/Versions/A/ImageIO
0x0000000007de9000 	/System/Library/PrivateFrameworks/Backup.framework/Versions/A/Backup
0x0000000007de9000 	/usr/lib/libextension.dylib
0x0000000007de9000 	/usr/lib/libarchive.2.dylib
0x0000000007de9000 	/System/Library/Frameworks/CFNetwork.framework/Versions/A/CFNetwork
0x0000000007de9000 	/System/Library/Frameworks/SystemConfiguration.framework/Versions/A/SystemConfiguration
0x0000000007de9000 	/usr/lib/libCRFSuite.dylib
0x0000000007de9000 	/usr/lib/libc++.1.dylib
0x0000000007de9000 	/usr/lib/libc++abi.dylib
0x0000000007de9000 	/usr/lib/system/libcache.dylib
0x0000000007de9000 	/usr/lib/system/libcommonCrypto.dylib
0x0000000007de9000 	/usr/lib/system/libcompiler_rt.dylib
0x0000000007de9000 	/usr/lib/system/libcopyfile.dylib
0x0000000007de9000 	/usr/lib/system/libcorecrypto.dylib
0x0000000007de9000 	/usr/lib/system/libdispatch.dylib
0x0000000007de9000 	/usr/lib/system/libdyld.dylib
0x0000000007de9000 	/usr/lib/system/libkeymgr.dylib
0x0000000007de9000 	/usr/lib/system/liblaunch.dylib
0x0000000007de9000 	/usr/lib/system/libmacho.dylib
0x0000000007de9000 	/usr/lib/system/libquarantine.dylib
0x0000000007de9000 	/usr/lib/system/libremovefile.dylib
0x0000000007de9000 	/usr/lib/system/libsystem_asl.dylib
0x0000000007de9000 	/usr/lib/system/libsystem_blocks.dylib
0x0000000007de9000 	/usr/lib/system/libsystem_c.dylib
0x0000000007de9000 	/usr/lib/system/libsystem_configuration.dylib
0x0000000007de9000 	/usr/lib/system/libsystem_coreservices.dylib
0x0000000007de9000 	/usr/lib/system/libsystem_coretls.dylib
0x0000000007de9000 	/usr/lib/system/libsystem_dnssd.dylib
0x0000000007de9000 	/usr/lib/system/libsystem_info.dylib
0x0000000007de9000 	/usr/lib/system/libsystem_kernel.dylib
0x0000000007de9000 	/usr/lib/system/libsystem_m.dylib
0x0000000007de9000 	/usr/lib/system/libsystem_malloc.dylib
0x0000000007de9000 	/usr/lib/system/libsystem_network.dylib
0x0000000007de9000 	/usr/lib/system/libsystem_networkextension.dylib
0x0000000007de9000 	/usr/lib/system/libsystem_notify.dylib
0x0000000007de9000 	/usr/lib/system/libsystem_platform.dylib
0x0000000007de9000 	/usr/lib/system/libsystem_pthread.dylib
0x0000000007de9000 	/usr/lib/system/libsystem_sandbox.dylib
0x0000000007de9000 	/usr/lib/system/libsystem_secinit.dylib
0x0000000007de9000 	/usr/lib/system/libsystem_trace.dylib
0x0000000007de9000 	/usr/lib/system/libunc.dylib
0x0000000007de9000 	/usr/lib/system/libunwind.dylib
0x0000000007de9000 	/usr/lib/system/libxpc.dylib
0x0000000007de9000 	/usr/lib/libenergytrace.dylib
0x0000000007de9000 	/usr/lib/libbsm.0.dylib
0x0000000007de9000 	/usr/lib/system/libkxld.dylib
0x0000000007de9000 	/usr/lib/libxar.1.dylib
0x0000000007de9000 	/usr/lib/libsqlite3.dylib
0x0000000007de9000 	/usr/lib/libpam.2.dylib
0x0000000007de9000 	/usr/lib/libOpenScriptingUtil.dylib
0x0000000007de9000 	/usr/lib/libbz2.1.0.dylib
0x0000000007de9000 	/usr/lib/liblzma.5.dylib
0x0000000007de9000 	/System/Library/Frameworks/CoreServices.framework/Versions/A/Frameworks/FSEvents.framework/Versions/A/FSEvents
0x0000000007de9000 	/System/Library/Frameworks/CoreServices.framework/Versions/A/Frameworks/CarbonCore.framework/Versions/A/CarbonCore
0x0000000007de9000 	/System/Library/Frameworks/CoreServices.framework/Versions/A/Frameworks/Metadata.framework/Versions/A/Metadata
0x0000000007de9000 	/System/Library/Frameworks/CoreServices.framework/Versions/A/Frameworks/OSServices.framework/Versions/A/OSServices
0x0000000007de9000 	/System/Library/Frameworks/CoreServices.framework/Versions/A/Frameworks/SearchKit.framework/Versions/A/SearchKit
0x0000000007de9000 	/System/Library/Frameworks/CoreServices.framework/Versions/A/Frameworks/AE.framework/Versions/A/AE
0x0000000007de9000 	/System/Library/Frameworks/CoreServices.framework/Versions/A/Frameworks/LaunchServices.framework/Versions/A/LaunchServices
0x0000000007de9000 	/System/Library/Frameworks/CoreServices.framework/Versions/A/Frameworks/DictionaryServices.framework/Versions/A/DictionaryServices
0x0000000007de9000 	/System/Library/Frameworks/CoreServices.framework/Versions/A/Frameworks/SharedFileList.framework/Versions/A/SharedFileList
0x0000000007de9000 	/System/Library/Frameworks/NetFS.framework/Versions/A/NetFS
0x0000000007de9000 	/System/Library/PrivateFrameworks/NetAuth.framework/Versions/A/NetAuth
0x0000000007de9000 	/System/Library/PrivateFrameworks/login.framework/Versions/A/Frameworks/loginsupport.framework/Versions/A/loginsupport
0x0000000007de9000 	/System/Library/PrivateFrameworks/TCC.framework/Versions/A/TCC
0x0000000007de9000 	/usr/lib/libmecabra.dylib
0x0000000007de9000 	/System/Library/Frameworks/ApplicationServices.framework/Versions/A/Frameworks/ATS.framework/Versions/A/ATS
0x0000000007de9000 	/System/Library/Frameworks/ApplicationServices.framework/Versions/A/Frameworks/ColorSync.framework/Versions/A/ColorSync
0x0000000007de9000 	/System/Library/Frameworks/ApplicationServices.framework/Versions/A/Frameworks/HIServices.framework/Versions/A/HIServices
0x0000000007de9000 	/System/Library/Frameworks/ApplicationServices.framework/Versions/A/Frameworks/LangAnalysis.framework/Versions/A/LangAnalysis
0x0000000007de9000 	/System/Library/Frameworks/ApplicationServices.framework/Versions/A/Frameworks/PrintCore.framework/Versions/A/PrintCore
0x0000000007de9000 	/System/Library/Frameworks/ApplicationServices.framework/Versions/A/Frameworks/QD.framework/Versions/A/QD
0x0000000007de9000 	/System/Library/Frameworks/ApplicationServices.framework/Versions/A/Frameworks/SpeechSynthesis.framework/Versions/A/SpeechSynthesis
0x0000000007de9000 	/System/Library/Frameworks/Metal.framework/Versions/A/Metal
0x0000000007de9000 	/System/Library/Frameworks/Accelerate.framework/Versions/A/Frameworks/vImage.framework/Versions/A/vImage
0x0000000007de9000 	/System/Library/Frameworks/Accelerate.framework/Versions/A/Frameworks/vecLib.framework/Versions/A/vecLib
0x0000000007de9000 	/System/Library/Frameworks/Accelerate.framework/Versions/A/Frameworks/vecLib.framework/Versions/A/libvDSP.dylib
0x0000000007de9000 	/System/Library/Frameworks/Accelerate.framework/Versions/A/Frameworks/vecLib.framework/Versions/A/libvMisc.dylib
0x0000000007de9000 	/System/Library/Frameworks/Accelerate.framework/Versions/A/Frameworks/vecLib.framework/Versions/A/libLAPACK.dylib
0x0000000007de9000 	/System/Library/Frameworks/Accelerate.framework/Versions/A/Frameworks/vecLib.framework/Versions/A/libBLAS.dylib
0x0000000007de9000 	/System/Library/Frameworks/Accelerate.framework/Versions/A/Frameworks/vecLib.framework/Versions/A/libLinearAlgebra.dylib
0x0000000007de9000 	/System/Library/Frameworks/Accelerate.framework/Versions/A/Frameworks/vecLib.framework/Versions/A/libSparseBLAS.dylib
0x0000000007de9000 	/System/Library/PrivateFrameworks/GPUCompiler.framework/libmetal_timestamp.dylib
0x0000000007de9000 	/System/Library/Frameworks/OpenGL.framework/Versions/A/Libraries/libCoreFSCache.dylib
0x0000000007de9000 	/System/Library/PrivateFrameworks/IOAccelerator.framework/Versions/A/IOAccelerator
0x0000000007de9000 	/System/Library/Frameworks/ApplicationServices.framework/Versions/A/Frameworks/ATS.framework/Versions/A/Resources/libFontParser.dylib
0x0000000007de9000 	/System/Library/Frameworks/ApplicationServices.framework/Versions/A/Frameworks/ATS.framework/Versions/A/Resources/libFontRegistry.dylib
0x0000000007de9000 	/System/Library/PrivateFrameworks/AppleVPA.framework/Versions/A/AppleVPA
0x0000000007de9000 	/System/Library/PrivateFrameworks/AppleJPEG.framework/Versions/A/AppleJPEG
0x0000000007de9000 	/System/Library/Frameworks/ImageIO.framework/Versions/A/Resources/libJPEG.dylib
0x0000000007de9000 	/System/Library/Frameworks/ImageIO.framework/Versions/A/Resources/libTIFF.dylib
0x0000000007de9000 	/System/Library/Frameworks/ImageIO.framework/Versions/A/Resources/libPng.dylib
0x0000000007de9000 	/System/Library/Frameworks/ImageIO.framework/Versions/A/Resources/libGIF.dylib
0x0000000007de9000 	/System/Library/Frameworks/ImageIO.framework/Versions/A/Resources/libJP2.dylib
0x0000000007de9000 	/System/Library/Frameworks/ImageIO.framework/Versions/A/Resources/libRadiance.dylib
0x0000000007de9000 	/System/Library/Frameworks/CoreVideo.framework/Versions/A/CoreVideo
0x0000000007de9000 	/System/Library/Frameworks/OpenGL.framework/Versions/A/Libraries/libGLU.dylib
0x0000000007de9000 	/System/Library/Frameworks/OpenGL.framework/Versions/A/Libraries/libGFXShared.dylib
0x0000000007de9000 	/System/Library/Frameworks/OpenGL.framework/Versions/A/Libraries/libGL.dylib
0x0000000007de9000 	/System/Library/Frameworks/OpenGL.framework/Versions/A/Libraries/libGLImage.dylib
0x0000000007de9000 	/System/Library/Frameworks/OpenGL.framework/Versions/A/Libraries/libCVMSPluginSupport.dylib
0x0000000007de9000 	/System/Library/Frameworks/OpenGL.framework/Versions/A/Libraries/libCoreVMClient.dylib
0x0000000007de9000 	/usr/lib/libcups.2.dylib
0x0000000007de9000 	/System/Library/Frameworks/Kerberos.framework/Versions/A/Kerberos
0x0000000007de9000 	/System/Library/Frameworks/GSS.framework/Versions/A/GSS
0x0000000007de9000 	/usr/lib/libresolv.9.dylib
0x0000000007de9000 	/usr/lib/libiconv.2.dylib
0x0000000007de9000 	/System/Library/PrivateFrameworks/Heimdal.framework/Versions/A/Heimdal
0x0000000007de9000 	/usr/lib/libheimdal-asn1.dylib
0x0000000007de9000 	/System/Library/Frameworks/OpenDirectory.framework/Versions/A/OpenDirectory
0x0000000007de9000 	/System/Library/PrivateFrameworks/CommonAuth.framework/Versions/A/CommonAuth
0x0000000007de9000 	/System/Library/Frameworks/OpenDirectory.framework/Versions/A/Frameworks/CFOpenDirectory.framework/Versions/A/CFOpenDirectory
0x0000000007de9000 	/System/Library/Frameworks/SecurityFoundation.framework/Versions/A/SecurityFoundation
0x0000000007de9000 	/System/Library/PrivateFrameworks/LanguageModeling.framework/Versions/A/LanguageModeling
0x0000000007de9000 	/usr/lib/libmarisa.dylib
0x0000000007de9000 	/usr/lib/libChineseTokenizer.dylib
0x0000000007de9000 	/usr/lib/libcmph.dylib
0x0000000007de9000 	/usr/lib/libcompression.dylib
0x0000000007de9000 	/System/Library/Frameworks/ServiceManagement.framework/Versions/A/ServiceManagement
0x0000000007de9000 	/usr/lib/libxslt.1.dylib
0x0000000007de9000 	/System/Library/Frameworks/Carbon.framework/Versions/A/Frameworks/Ink.framework/Versions/A/Ink
0x0000000007de9000 	/usr/lib/libFosl_dynamic.dylib
0x0000000007de9000 	/System/Library/PrivateFrameworks/FaceCore.framework/Versions/A/FaceCore
0x0000000007de9000 	/System/Library/Frameworks/OpenCL.framework/Versions/A/OpenCL
0x0000000007de9000 	/System/Library/PrivateFrameworks/CrashReporterSupport.framework/Versions/A/CrashReporterSupport
0x0000000007de9000 	/System/Library/PrivateFrameworks/IconServices.framework/Versions/A/IconServices
0x0000000007de9000 	/System/Library/PrivateFrameworks/Apple80211.framework/Versions/A/Apple80211
0x0000000007de9000 	/System/Library/Frameworks/CoreWLAN.framework/Versions/A/CoreWLAN
0x0000000007de9000 	/System/Library/Frameworks/IOBluetooth.framework/Versions/A/IOBluetooth
0x0000000007de9000 	/System/Library/PrivateFrameworks/CoreWiFi.framework/Versions/A/CoreWiFi
0x0000000007de9000 	/System/Library/Frameworks/CoreBluetooth.framework/Versions/A/CoreBluetooth
0x0000000007de9000 	/System/Library/PrivateFrameworks/ChunkingLibrary.framework/Versions/A/ChunkingLibrary
0x0000000007de9000 	/System/Library/PrivateFrameworks/DebugSymbols.framework/Versions/A/DebugSymbols
0x0000000007de9000 	/System/Library/PrivateFrameworks/CoreSymbolication.framework/Versions/A/CoreSymbolication
0x0000000007de9000 	/System/Library/PrivateFrameworks/Symbolication.framework/Versions/A/Symbolication
0x0000000007de9000 	/System/Library/PrivateFrameworks/SpeechRecognitionCore.framework/Versions/A/SpeechRecognitionCore
0x000000010e3aa000 	/Library/Java/JavaVirtualMachines/jdk1.8.0_66.jdk/Contents/Home/jre/lib/server/libjvm.dylib
0x0000000007de9000 	/usr/lib/libstdc++.6.dylib
0x000000010f330000 	/Library/Java/JavaVirtualMachines/jdk1.8.0_66.jdk/Contents/Home/jre/lib/libverify.dylib
0x000000010f33e000 	/Library/Java/JavaVirtualMachines/jdk1.8.0_66.jdk/Contents/Home/jre/lib/libjava.dylib
0x000000010f381000 	/Library/Java/JavaVirtualMachines/jdk1.8.0_66.jdk/Contents/Home/jre/lib/libzip.dylib
0x0000000124ab2000 	/System/Library/Frameworks/JavaVM.framework/Frameworks/JavaRuntimeSupport.framework/JavaRuntimeSupport
0x0000000124acd000 	/System/Library/Frameworks/JavaVM.framework/Versions/A/Frameworks/JavaNativeFoundation.framework/Versions/A/JavaNativeFoundation
0x0000000124ae2000 	/System/Library/Frameworks/JavaVM.framework/Versions/A/JavaVM
0x0000000007de9000 	/System/Library/Frameworks/Carbon.framework/Versions/A/Carbon
0x0000000124aef000 	/System/Library/PrivateFrameworks/JavaLaunching.framework/Versions/A/JavaLaunching
0x0000000007de9000 	/System/Library/Frameworks/Carbon.framework/Versions/A/Frameworks/CommonPanels.framework/Versions/A/CommonPanels
0x0000000007de9000 	/System/Library/Frameworks/Carbon.framework/Versions/A/Frameworks/Help.framework/Versions/A/Help
0x0000000007de9000 	/System/Library/Frameworks/Carbon.framework/Versions/A/Frameworks/ImageCapture.framework/Versions/A/ImageCapture
0x0000000007de9000 	/System/Library/Frameworks/Carbon.framework/Versions/A/Frameworks/OpenScripting.framework/Versions/A/OpenScripting
0x0000000007de9000 	/System/Library/Frameworks/Carbon.framework/Versions/A/Frameworks/Print.framework/Versions/A/Print
0x0000000007de9000 	/System/Library/Frameworks/Carbon.framework/Versions/A/Frameworks/SecurityHI.framework/Versions/A/SecurityHI
0x000000012640e000 	/Library/Java/JavaVirtualMachines/jdk1.8.0_66.jdk/Contents/Home/jre/lib/libawt.dylib
0x00000001264b6000 	/Library/Java/JavaVirtualMachines/jdk1.8.0_66.jdk/Contents/Home/jre/lib/./libmlib_image.dylib
0x0000000126582000 	/Library/Java/JavaVirtualMachines/jdk1.8.0_66.jdk/Contents/Home/jre/lib/libawt_lwawt.dylib
0x0000000126637000 	/Library/Java/JavaVirtualMachines/jdk1.8.0_66.jdk/Contents/Home/jre/lib/./libosxapp.dylib
0x0000000007de9000 	/System/Library/Frameworks/ExceptionHandling.framework/Versions/A/ExceptionHandling
0x0000000007de9000 	/System/Library/PrivateFrameworks/CoreServicesInternal.framework/Versions/A/CoreServicesInternal
0x0000000007de9000 	/System/Library/Frameworks/CoreGraphics.framework/Versions/A/Resources/libRIP.A.dylib
0x0000000007de9000 	/System/Library/Frameworks/Accelerate.framework/Versions/A/Frameworks/vImage.framework/Versions/A/Libraries/libCGInterfaces.dylib
0x0000000007de9000 	/System/Library/Frameworks/CoreGraphics.framework/Versions/A/Resources/libCGXType.A.dylib
0x0000000007de9000 	/System/Library/Frameworks/OpenCL.framework/Versions/A/Libraries/libcldcpuengine.dylib
0x0000000007de9000 	/System/Library/PrivateFrameworks/DiskImages.framework/Versions/A/DiskImages
0x0000000007de9000 	/System/Library/Frameworks/DiscRecording.framework/Versions/A/DiscRecording
0x0000000007de9000 	/usr/lib/libcsfde.dylib
0x0000000007de9000 	/usr/lib/libcurl.4.dylib
0x0000000007de9000 	/System/Library/PrivateFrameworks/MediaKit.framework/Versions/A/MediaKit
0x0000000007de9000 	/System/Library/PrivateFrameworks/ProtectedCloudStorage.framework/Versions/A/ProtectedCloudStorage
0x0000000007de9000 	/usr/lib/libCoreStorage.dylib
0x0000000007de9000 	/System/Library/PrivateFrameworks/EFILogin.framework/Versions/A/EFILogin
0x0000000007de9000 	/usr/lib/libutil.dylib
0x0000000007de9000 	/System/Library/PrivateFrameworks/FindMyDevice.framework/Versions/A/FindMyDevice
0x0000000007de9000 	/System/Library/Frameworks/LDAP.framework/Versions/A/LDAP
0x0000000007de9000 	/usr/lib/libsasl2.2.dylib
0x0000000007de9000 	/System/Library/PrivateFrameworks/CoreDaemon.framework/Versions/B/CoreDaemon
0x0000000007de9000 	/usr/lib/libcrypto.0.9.8.dylib
0x0000000007de9000 	/System/Library/PrivateFrameworks/AppleSRP.framework/Versions/A/AppleSRP
0x0000000007de9000 	/System/Library/PrivateFrameworks/TrustEvaluationAgent.framework/Versions/A/TrustEvaluationAgent
0x0000000127cc9000 	cl_kernels
0x0000000007de9000 	/System/Library/Frameworks/OpenCL.framework/Versions/A/Libraries/ImageFormats/unorm8_bgra.dylib
0x0000000007de9000 	/System/Library/Frameworks/OpenCL.framework/Versions/A/Libraries/ImageFormats/unorm8_rgba.dylib
0x0000000007de9000 	/System/Library/PrivateFrameworks/FamilyControls.framework/Versions/A/FamilyControls
0x0000000007de9000 	/System/Library/PrivateFrameworks/CommerceKit.framework/Versions/A/Frameworks/CommerceCore.framework/Versions/A/CommerceCore
0x0000000007de9000 	/System/Library/PrivateFrameworks/SystemAdministration.framework/Versions/A/SystemAdministration
0x0000000007de9000 	/System/Library/PrivateFrameworks/AppContainer.framework/Versions/A/AppContainer
0x0000000007de9000 	/System/Library/PrivateFrameworks/SecCodeWrapper.framework/Versions/A/SecCodeWrapper
0x0000000007de9000 	/System/Library/Frameworks/DirectoryService.framework/Versions/A/DirectoryService
0x0000000007de9000 	/System/Library/PrivateFrameworks/LoginUIKit.framework/Versions/A/Frameworks/LoginUICore.framework/Versions/A/LoginUICore
0x0000000007de9000 	/usr/lib/libodfde.dylib
0x0000000007de9000 	/System/Library/Frameworks/OpenGL.framework/Versions/A/Resources/GLEngine.bundle/GLEngine
0x0000000007de9000 	/System/Library/Frameworks/OpenGL.framework/Versions/A/Libraries/libGLProgrammability.dylib
0x0000000129203000 	/System/Library/Extensions/GeForceTeslaGLDriver.bundle/Contents/MacOS/GeForceTeslaGLDriver
0x000000012adc3000 	/System/Library/Extensions/GeForceTeslaGLDriver.bundle/Contents/MacOS/libclh.dylib
0x0000000007de9000 	/System/Library/PrivateFrameworks/GPUSupport.framework/Versions/A/Libraries/libGPUSupport.dylib
0x0000000007de9000 	/System/Library/Frameworks/OpenGL.framework/Versions/A/Resources/GLRendererFloat.bundle/GLRendererFloat
0x000000012bb77000 	/Library/Java/JavaVirtualMachines/jdk1.8.0_66.jdk/Contents/Home/jre/lib/libfontmanager.dylib
0x000000012d749000 	/Library/Java/JavaVirtualMachines/jdk1.8.0_66.jdk/Contents/Home/jre/lib/libosxui.dylib
0x000000012e73e000 	/Library/Java/JavaVirtualMachines/jdk1.8.0_66.jdk/Contents/Home/jre/lib/libnet.dylib
0x000000012e552000 	/Library/Java/JavaVirtualMachines/jdk1.8.0_66.jdk/Contents/Home/jre/lib/libnio.dylib
0x0000000007de9000 	/System/Library/Frameworks/ApplicationServices.framework/Versions/A/Frameworks/ATS.framework/Versions/A/Resources/libTrueTypeScaler.dylib
0x0000000127405000 	/private/var/folders/zw/5jg9p0yx0gb97hh28z85c9rw0000gn/T/jogamp_0000/file_cache/jln5972065189786511916/jln794224298979224596/libgluegen-rt.jnilib
0x000000012740a000 	/private/var/folders/zw/5jg9p0yx0gb97hh28z85c9rw0000gn/T/jogamp_0000/file_cache/jln5972065189786511916/jln794224298979224596/libnativewindow_awt.jnilib
0x000000012740d000 	/Library/Java/JavaVirtualMachines/jdk1.8.0_66.jdk/Contents/Home/jre/lib/libjawt.dylib
0x0000000127410000 	/private/var/folders/zw/5jg9p0yx0gb97hh28z85c9rw0000gn/T/jogamp_0000/file_cache/jln5972065189786511916/jln794224298979224596/libnativewindow_macosx.jnilib
0x000000018208e000 	/private/var/folders/zw/5jg9p0yx0gb97hh28z85c9rw0000gn/T/jogamp_0000/file_cache/jln5972065189786511916/jln794224298979224596/libjogl_desktop.jnilib

VM Arguments:
jvm_args: -Djava.security.policy=java.policy.applet -Dfile.encoding=UTF-8 
java_command: sun.applet.AppletViewer module5.Notes1454170184081.html
java_class_path (initial): /Users/ia/dev/eclipse/workspace/UCSDUnfoldingMaps/build:/Users/ia/dev/eclipse/workspace/UCSDUnfoldingMaps/lib/core.jar:/Users/ia/dev/eclipse/workspace/UCSDUnfoldingMaps/lib/gluegen-rt.jar:/Users/ia/dev/eclipse/workspace/UCSDUnfoldingMaps/lib/jogl-all.jar:/Users/ia/dev/eclipse/workspace/UCSDUnfoldingMaps/lib/log4j-1.2.15.jar:/Users/ia/dev/eclipse/workspace/UCSDUnfoldingMaps/lib/sqlite-jdbc-3.7.2.jar:/Users/ia/dev/eclipse/workspace/UCSDUnfoldingMaps/lib/json4processing.jar:/Users/ia/dev/eclipse/workspace/UCSDUnfoldingMaps/lib/libTUIO.jar:/Users/ia/dev/eclipse/workspace/UCSDUnfoldingMaps/lib/unfolding.0.9.7-uscd.jar
Launcher Type: SUN_STANDARD

Environment Variables:
PATH=/usr/bin:/bin:/usr/sbin:/sbin
SHELL=/bin/bash

Signal Handlers:
SIGSEGV: [libjvm.dylib+0x5a65d5], sa_mask[0]=11111111011111110111111111111111, sa_flags=SA_ONSTACK|SA_RESTART|SA_SIGINFO
SIGBUS: [libjvm.dylib+0x5a65d5], sa_mask[0]=11111111011111110111111111111111, sa_flags=SA_RESTART|SA_SIGINFO
SIGFPE: [libjvm.dylib+0x4802e8], sa_mask[0]=11111111011111110111111111111111, sa_flags=SA_RESTART|SA_SIGINFO
SIGPIPE: [libjvm.dylib+0x4802e8], sa_mask[0]=11111111011111110111111111111111, sa_flags=SA_RESTART|SA_SIGINFO
SIGXFSZ: [libjvm.dylib+0x4802e8], sa_mask[0]=11111111011111110111111111111111, sa_flags=SA_RESTART|SA_SIGINFO
SIGILL: [libjvm.dylib+0x4802e8], sa_mask[0]=11111111011111110111111111111111, sa_flags=SA_RESTART|SA_SIGINFO
SIGUSR1: SIG_DFL, sa_mask[0]=00000000000000000000000000000000, sa_flags=none
SIGUSR2: [libjvm.dylib+0x47fe06], sa_mask[0]=00100000000000000000000000000000, sa_flags=SA_RESTART|SA_SIGINFO
SIGHUP: [libjvm.dylib+0x47e3dd], sa_mask[0]=11111111011111110111111111111111, sa_flags=SA_RESTART|SA_SIGINFO
SIGINT: [libjvm.dylib+0x47e3dd], sa_mask[0]=11111111011111110111111111111111, sa_flags=SA_RESTART|SA_SIGINFO
SIGTERM: [libjvm.dylib+0x47e3dd], sa_mask[0]=11111111011111110111111111111111, sa_flags=SA_RESTART|SA_SIGINFO
SIGQUIT: [libjvm.dylib+0x47e3dd], sa_mask[0]=11111111011111110111111111111111, sa_flags=SA_RESTART|SA_SIGINFO


---------------  S Y S T E M  ---------------

OS:Bsduname:Darwin 15.0.0 Darwin Kernel Version 15.0.0: Sat Sep 19 15:53:46 PDT 2015; root:xnu-3247.10.11~1/RELEASE_X86_64 x86_64
rlimit: STACK 8192k, CORE 0k, NPROC 709, NOFILE 10240, AS infinity
load average:2.24 2.36 3.46

CPU:total 2 (2 cores per cpu, 1 threads per core) family 6 model 23 stepping 10, cmov, cx8, fxsr, mmx, sse, sse2, sse3, ssse3, sse4.1, tsc

Memory: 4k page, physical 8388608k(1183932k free)

/proc/meminfo:


vm_info: Java HotSpot(TM) 64-Bit Server VM (25.66-b17) for bsd-amd64 JRE (1.8.0_66-b17), built on Oct  6 2015 16:09:13 by "java_re" with gcc 4.2.1 (Based on Apple Inc. build 5658) (LLVM build 2336.11.00)

time: Sat Jan 30 11:10:12 2016
elapsed time: 28 seconds (0d 0h 0m 28s)

