#
# A fatal error has been detected by the Java Runtime Environment:
#
#  SIGSEGV (0xb) at pc=0x00007fff9cdb6e5d, pid=9116, tid=2571
#
# JRE version: Java(TM) SE Runtime Environment (8.0_66-b17) (build 1.8.0_66-b17)
# Java VM: Java HotSpot(TM) 64-Bit Server VM (25.66-b17 mixed mode bsd-amd64 compressed oops)
# Problematic frame:
# C  [libobjc.A.dylib+0x7e5d]  objc_msgSend+0x1d
#
# Failed to write core dump. Core dumps have been disabled. To enable core dumping, try "ulimit -c unlimited" before starting Java again
#
# If you would like to submit a bug report, please visit:
#   http://bugreport.java.com/bugreport/crash.jsp
# The crash happened outside the Java Virtual Machine in native code.
# See problematic frame for where to report the bug.
#

---------------  T H R E A D  ---------------

Current thread (0x00007fd5c4235000):  JavaThread "AWT-AppKit" daemon [_thread_in_native, id=2571, stack(0x00007fff5bc6a000,0x00007fff5c46a000)]

siginfo: si_signo: 11 (SIGSEGV), si_code: 1 (SEGV_MAPERR), si_addr: 0x0000000000000018

Registers:
RAX=0x00007fd5c5fdffd0, RBX=0x000000011ca4a450, RCX=0x000000011ca710e0, RDX=0x000000011ca71ec0
RSP=0x00007fff5c465498, RBP=0x00007fff5c465550, RSI=0x00007fff89dead0e, RDI=0x00007fd5c5fd9030
R8 =0x0000000000000000, R9 =0x0000000000000810, R10=0x00007fff89dead0e, R11=0x0000000000000000
R12=0x0000000000000000, R13=0x0000000177b2ddc0, R14=0x000000011ca4a440, R15=0x00007fd5c4235000
RIP=0x00007fff9cdb6e5d, EFLAGS=0x0000000000010246, ERR=0x0000000000000004
  TRAPNO=0x000000000000000e

Top of Stack: (sp=0x00007fff5c465498)
0x00007fff5c465498:   000000011ca48157 00007fff5c4654f0
0x00007fff5c4654a8:   0000000000000003 00007fff5c4654d0
0x00007fff5c4654b8:   0000000103c031f6 0000000177b2ddc0
0x00007fff5c4654c8:   0000000177b2ddc0 00007fd5c5fdffd0
0x00007fff5c4654d8:   000000011ca4a6a0 000000011ca4a710
0x00007fff5c4654e8:   00007fff78676740 00007fff771ef4c0
0x00007fff5c4654f8:   000000011ca4a450 000000011ca4a690
0x00007fff5c465508:   00007fd5c5fdffd0 00007fd5c5fd9030
0x00007fff5c465518:   00007fd5c355cab0 00007fd5c5fdffd0
0x00007fff5c465528:   00007fd5c5fd9030 00007fff5c4655d8
0x00007fff5c465538:   00007fd5c42351f8 0000000177b2ddc0
0x00007fff5c465548:   00007fff5c465600 00007fff5c4655c8
0x00007fff5c465558:   0000000104e134d4 0000000177b2ddc0
0x00007fff5c465568:   00007fff5c465600 00007fff5c4655c8
0x00007fff5c465578:   0000000104e13267 0000000104e13222
0x00007fff5c465588:   00007fff5c465588 0000000177b2ddc0
0x00007fff5c465598:   00007fff5c465600 0000000177b51028
0x00007fff5c4655a8:   0000000000000000 0000000177b2ddc0
0x00007fff5c4655b8:   0000000000000000 00007fff5c4655e8
0x00007fff5c4655c8:   00007fff5c465648 0000000104e0798d
0x00007fff5c4655d8:   00000007405243d8 0000000104e0f2b8
0x00007fff5c4655e8:   00007fd5c5fdffd0 00007fff5c465648
0x00007fff5c4655f8:   00007fd5c5fd9030 0000000104e10ac2
0x00007fff5c465608:   00007fff5c465608 0000000177b2df8a
0x00007fff5c465618:   00007fff5c465670 0000000177b51028
0x00007fff5c465628:   0000000000000000 0000000177b2df98
0x00007fff5c465638:   00007fff5c4655e8 00007fff5c465658
0x00007fff5c465648:   00007fff5c4656b8 0000000104e0798d
0x00007fff5c465658:   00007fd5c5fdffd0 0000000741912258
0x00007fff5c465668:   00007fd5c5fd9030 0000000741912258
0x00007fff5c465678:   00007fff5c465678 000000017dfa3856
0x00007fff5c465688:   00007fff5c4656c8 000000017dfa3910 

Instructions: (pc=0x00007fff9cdb6e5d)
0x00007fff9cdb6e3d:   44 00 00 48 85 ff 2e 74 62 40 f6 c7 01 2e 75 66
0x00007fff9cdb6e4d:   49 bb f8 ff ff ff ff 7f 00 00 4c 23 1f 49 89 f2
0x00007fff9cdb6e5d:   45 23 53 18 49 c1 e2 04 4d 03 53 10 49 3b 32 75
0x00007fff9cdb6e6d:   04 41 ff 62 08 49 83 3a 01 76 0d 49 83 c2 10 49 

Register to memory mapping:

RAX=0x00007fd5c5fdffd0 is an unknown value
RBX=0x000000011ca4a450: Java_jogamp_nativewindow_macosx_OSXUtil_GetScreenRefreshRate0+0x1cf0 in /private/var/folders/zw/5jg9p0yx0gb97hh28z85c9rw0000gn/T/jogamp_0000/file_cache/jln618757263120018713/jln1713969249913969636/libnativewindow_macosx.jnilib at 0x000000011ca43000
RCX=0x000000011ca710e0 is an unknown value
RDX=0x000000011ca71ec0 is an unknown value
RSP=0x00007fff5c465498 is pointing into the stack for thread: 0x00007fd5c4235000
RBP=0x00007fff5c465550 is pointing into the stack for thread: 0x00007fd5c4235000
RSI=0x00007fff89dead0e is an unknown value
RDI=0x00007fd5c5fd9030 is an unknown value
R8 =0x0000000000000000 is an unknown value
R9 =0x0000000000000810 is an unknown value
R10=0x00007fff89dead0e is an unknown value
R11=0x0000000000000000 is an unknown value
R12=0x0000000000000000 is an unknown value
R13={method} {0x0000000177b2ddc0} 'UnsetJAWTRootSurfaceLayer0' '(JJ)V' in 'jogamp/nativewindow/jawt/macosx/MacOSXJAWTWindow'
R14=0x000000011ca4a440: Java_jogamp_nativewindow_macosx_OSXUtil_GetScreenRefreshRate0+0x1ce0 in /private/var/folders/zw/5jg9p0yx0gb97hh28z85c9rw0000gn/T/jogamp_0000/file_cache/jln618757263120018713/jln1713969249913969636/libnativewindow_macosx.jnilib at 0x000000011ca43000
R15=0x00007fd5c4235000 is a thread


Stack: [0x00007fff5bc6a000,0x00007fff5c46a000],  sp=0x00007fff5c465498,  free space=8173k
Native frames: (J=compiled Java code, j=interpreted, Vv=VM code, C=native code)
C  [libobjc.A.dylib+0x7e5d]  objc_msgSend+0x1d
j  jogamp.nativewindow.jawt.macosx.MacOSXJAWTWindow.UnsetJAWTRootSurfaceLayer0(JJ)V+0
j  jogamp.nativewindow.jawt.macosx.MacOSXJAWTWindow.access$200(JJ)V+2
j  jogamp.nativewindow.jawt.macosx.MacOSXJAWTWindow$1.run()V+38
j  com.jogamp.common.util.RunnableTask.run()V+24
v  ~StubRoutines::call_stub
V  [libjvm.dylib+0x2ea35e]
V  [libjvm.dylib+0x321467]
V  [libjvm.dylib+0x313c3b]
C  [libnativewindow_macosx.jnilib+0x5326]  Java_jogamp_nativewindow_jawt_macosx_MacOSXJAWTWindow_UnsetJAWTRootSurfaceLayer0+0x2b6
C  [Foundation+0x7741e]  __NSThreadPerformPerform+0x117
C  [CoreFoundation+0xaa8b1]  __CFRUNLOOP_IS_CALLING_OUT_TO_A_SOURCE0_PERFORM_FUNCTION__+0x11
C  [CoreFoundation+0x8a027]  __CFRunLoopDoSources0+0x1a7
C  [CoreFoundation+0x895cf]  __CFRunLoopRun+0x39f
C  [CoreFoundation+0x88fc8]  CFRunLoopRunSpecific+0x128
C  [HIToolbox+0x30d55]  RunCurrentEventLoopInMode+0xeb
C  [HIToolbox+0x30a97]  ReceiveNextEventCommon+0xb8
C  [HIToolbox+0x309cf]  _BlockUntilNextEventMatchingListInModeWithFilter+0x47
C  [AppKit+0x49d96]  _DPSNextEvent+0x42b
C  [AppKit+0x491c5]  -[NSApplication _nextEventMatchingEventMask:untilDate:inMode:dequeue:]+0x1c6
C  [libosxapp.dylib+0x23aa]  -[NSApplicationAWT nextEventMatchingMask:untilDate:inMode:dequeue:]+0x7c
C  [AppKit+0x3dd28]  -[NSApplication run]+0x2aa
C  [libosxapp.dylib+0x214d]  +[NSApplicationAWT runAWTLoopWithApp:]+0x9c
C  [libawt_lwawt.dylib+0x4455b]  -[AWTStarter starter:]+0x389
C  [Foundation+0x7741e]  __NSThreadPerformPerform+0x117
C  [CoreFoundation+0xaa8b1]  __CFRUNLOOP_IS_CALLING_OUT_TO_A_SOURCE0_PERFORM_FUNCTION__+0x11
C  [CoreFoundation+0x8a0ac]  __CFRunLoopDoSources0+0x22c
C  [CoreFoundation+0x895cf]  __CFRunLoopRun+0x39f
C  [CoreFoundation+0x88fc8]  CFRunLoopRunSpecific+0x128
C  [java+0x6463]  CreateExecutionEnvironment+0x367
C  [java+0x21ac]  JLI_Launch+0x7a0
C  [java+0x84c0]  main+0x65
C  [java+0x1a04]  start+0x34
C  0x0000000000000007

Java frames: (J=compiled Java code, j=interpreted, Vv=VM code)
j  jogamp.nativewindow.jawt.macosx.MacOSXJAWTWindow.UnsetJAWTRootSurfaceLayer0(JJ)V+0
j  jogamp.nativewindow.jawt.macosx.MacOSXJAWTWindow.access$200(JJ)V+2
j  jogamp.nativewindow.jawt.macosx.MacOSXJAWTWindow$1.run()V+38
j  com.jogamp.common.util.RunnableTask.run()V+24
v  ~StubRoutines::call_stub

---------------  P R O C E S S  ---------------

Java Threads: ( => current thread )
  0x00007fd5c3ab6000 JavaThread "Thread-89" [_thread_blocked, id=12799, stack(0x0000700000d41000,0x0000700000e41000)]
  0x00007fd5c3d41000 JavaThread "AWT-EventQueue-1" [_thread_in_native, id=60179, stack(0x00007000015e2000,0x00007000016e2000)]
  0x00007fd5c3b57000 JavaThread "DestroyJavaVM" [_thread_blocked, id=4099, stack(0x0000700000084000,0x0000700000184000)]
  0x00007fd5c43f5800 JavaThread "AWT-EventQueue-0" [_thread_blocked, id=57859, stack(0x00007000013dc000,0x00007000014dc000)]
  0x00007fd5c39fc000 JavaThread "Java2D Disposer" daemon [_thread_blocked, id=53003, stack(0x0000700001153000,0x0000700001253000)]
  0x00007fd5c42ca000 JavaThread "Java2D Queue Flusher" daemon [_thread_blocked, id=48903, stack(0x0000700001050000,0x0000700001150000)]
  0x00007fd5c4258000 JavaThread "AWT-Shutdown" [_thread_blocked, id=29199, stack(0x0000700000eca000,0x0000700000fca000)]
=>0x00007fd5c4235000 JavaThread "AWT-AppKit" daemon [_thread_in_native, id=2571, stack(0x00007fff5bc6a000,0x00007fff5c46a000)]
  0x00007fd5c3817000 JavaThread "Service Thread" daemon [_thread_blocked, id=17155, stack(0x0000700000b3b000,0x0000700000c3b000)]
  0x00007fd5c40cf000 JavaThread "C1 CompilerThread1" daemon [_thread_blocked, id=16643, stack(0x0000700000a38000,0x0000700000b38000)]
  0x00007fd5c4040000 JavaThread "C2 CompilerThread0" daemon [_thread_blocked, id=16131, stack(0x0000700000935000,0x0000700000a35000)]
  0x00007fd5c4071800 JavaThread "Signal Dispatcher" daemon [_thread_blocked, id=11791, stack(0x0000700000832000,0x0000700000932000)]
  0x00007fd5c4064800 JavaThread "Finalizer" daemon [_thread_blocked, id=10755, stack(0x0000700000629000,0x0000700000729000)]
  0x00007fd5c4008000 JavaThread "Reference Handler" daemon [_thread_blocked, id=10243, stack(0x0000700000526000,0x0000700000626000)]

Other Threads:
  0x00007fd5c380c000 VMThread [stack: 0x0000700000423000,0x0000700000523000] [id=9731]
  0x00007fd5c3832800 WatcherThread [stack: 0x0000700000c3e000,0x0000700000d3e000] [id=17667]

VM state:not at safepoint (normal execution)

VM Mutex/Monitor currently owned by a thread: None

Heap:
 PSYoungGen      total 24576K, used 1045K [0x0000000795580000, 0x0000000796e80000, 0x00000007c0000000)
  eden space 24064K, 4% used [0x0000000795580000,0x0000000795685618,0x0000000796d00000)
  from space 512K, 0% used [0x0000000796d80000,0x0000000796d80000,0x0000000796e00000)
  to   space 512K, 0% used [0x0000000796e00000,0x0000000796e00000,0x0000000796e80000)
 ParOldGen       total 71168K, used 34242K [0x0000000740000000, 0x0000000744580000, 0x0000000795580000)
  object space 71168K, 48% used [0x0000000740000000,0x0000000742170ad0,0x0000000744580000)
 Metaspace       used 21031K, capacity 21305K, committed 21552K, reserved 1069056K
  class space    used 2058K, capacity 2147K, committed 2176K, reserved 1048576K

Card table byte_map: [0x00000001141c0000,0x00000001145c1000] byte_map_base: 0x00000001107c0000

Marking Bits: (ParMarkBitMap*) 0x00000001042efe20
 Begin Bits: [0x000000011486c000, 0x000000011686c000)
 End Bits:   [0x000000011686c000, 0x000000011886c000)

Polling page: 0x00000001049db000

CodeCache: size=245760Kb used=9228Kb max_used=9264Kb free=236531Kb
 bounds [0x0000000104e00000, 0x0000000105720000, 0x0000000113e00000]
 total_blobs=3508 nmethods=2625 adapters=798
 compilation: enabled

Compilation events (10 events):
Event: 909.527 Thread 0x00007fd5c40cf000 2969       3       java.awt.Toolkit::notifyAWTEventListeners (36 bytes)
Event: 909.528 Thread 0x00007fd5c40cf000 nmethod 2969 0x00000001056f0bd0 code [0x00000001056f0d80, 0x00000001056f1328]
Event: 909.546 Thread 0x00007fd5c40cf000 2970   !   3       java.awt.KeyboardFocusManager::retargetFocusEvent (244 bytes)
Event: 909.549 Thread 0x00007fd5c40cf000 nmethod 2970 0x0000000105702e10 code [0x00000001057032a0, 0x0000000105706238]
Event: 909.552 Thread 0x00007fd5c4040000 2971  s    4       sun.misc.URLClassPath::getNextLoader (88 bytes)
Event: 909.687 Thread 0x00007fd5c40cf000 2972   !   3       sun.net.www.http.KeepAliveStream::close (236 bytes)
Event: 909.689 Thread 0x00007fd5c40cf000 nmethod 2972 0x00000001054037d0 code [0x0000000105403a60, 0x0000000105404d68]
Event: 909.694 Thread 0x00007fd5c4040000 nmethod 2971 0x00000001053f88d0 code [0x00000001053f8a40, 0x00000001053f91b8]
Event: 909.710 Thread 0x00007fd5c4040000 2973       4       java.util.concurrent.locks.ReentrantLock::unlock (10 bytes)
Event: 909.714 Thread 0x00007fd5c4040000 nmethod 2973 0x0000000104f7be90 code [0x0000000104f7c000, 0x0000000104f7c248]

GC Heap History (10 events):
Event: 886.302 GC heap before
{Heap before GC invocations=142 (full 0):
 PSYoungGen      total 24576K, used 24128K [0x0000000795580000, 0x0000000796e80000, 0x00000007c0000000)
  eden space 24064K, 100% used [0x0000000795580000,0x0000000796d00000,0x0000000796d00000)
  from space 512K, 12% used [0x0000000796d80000,0x0000000796d90000,0x0000000796e00000)
  to   space 512K, 0% used [0x0000000796e00000,0x0000000796e00000,0x0000000796e80000)
 ParOldGen       total 87552K, used 36558K [0x0000000740000000, 0x0000000745580000, 0x0000000795580000)
  object space 87552K, 41% used [0x0000000740000000,0x00000007423b3ac8,0x0000000745580000)
 Metaspace       used 20997K, capacity 21177K, committed 21296K, reserved 1069056K
  class space    used 2051K, capacity 2147K, committed 2176K, reserved 1048576K
Event: 886.304 GC heap after
Heap after GC invocations=142 (full 0):
 PSYoungGen      total 24576K, used 64K [0x0000000795580000, 0x0000000796e80000, 0x00000007c0000000)
  eden space 24064K, 0% used [0x0000000795580000,0x0000000795580000,0x0000000796d00000)
  from space 512K, 12% used [0x0000000796e00000,0x0000000796e10000,0x0000000796e80000)
  to   space 512K, 0% used [0x0000000796d80000,0x0000000796d80000,0x0000000796e00000)
 ParOldGen       total 87552K, used 36558K [0x0000000740000000, 0x0000000745580000, 0x0000000795580000)
  object space 87552K, 41% used [0x0000000740000000,0x00000007423b3ac8,0x0000000745580000)
 Metaspace       used 20997K, capacity 21177K, committed 21296K, reserved 1069056K
  class space    used 2051K, capacity 2147K, committed 2176K, reserved 1048576K
}
Event: 893.847 GC heap before
{Heap before GC invocations=143 (full 0):
 PSYoungGen      total 24576K, used 24128K [0x0000000795580000, 0x0000000796e80000, 0x00000007c0000000)
  eden space 24064K, 100% used [0x0000000795580000,0x0000000796d00000,0x0000000796d00000)
  from space 512K, 12% used [0x0000000796e00000,0x0000000796e10000,0x0000000796e80000)
  to   space 512K, 0% used [0x0000000796d80000,0x0000000796d80000,0x0000000796e00000)
 ParOldGen       total 87552K, used 36558K [0x0000000740000000, 0x0000000745580000, 0x0000000795580000)
  object space 87552K, 41% used [0x0000000740000000,0x00000007423b3ac8,0x0000000745580000)
 Metaspace       used 20997K, capacity 21177K, committed 21296K, reserved 1069056K
  class space    used 2051K, capacity 2147K, committed 2176K, reserved 1048576K
Event: 893.850 GC heap after
Heap after GC invocations=143 (full 0):
 PSYoungGen      total 24576K, used 32K [0x0000000795580000, 0x0000000796e80000, 0x00000007c0000000)
  eden space 24064K, 0% used [0x0000000795580000,0x0000000795580000,0x0000000796d00000)
  from space 512K, 6% used [0x0000000796d80000,0x0000000796d88000,0x0000000796e00000)
  to   space 512K, 0% used [0x0000000796e00000,0x0000000796e00000,0x0000000796e80000)
 ParOldGen       total 87552K, used 36558K [0x0000000740000000, 0x0000000745580000, 0x0000000795580000)
  object space 87552K, 41% used [0x0000000740000000,0x00000007423b3ac8,0x0000000745580000)
 Metaspace       used 20997K, capacity 21177K, committed 21296K, reserved 1069056K
  class space    used 2051K, capacity 2147K, committed 2176K, reserved 1048576K
}
Event: 901.152 GC heap before
{Heap before GC invocations=144 (full 0):
 PSYoungGen      total 24576K, used 24096K [0x0000000795580000, 0x0000000796e80000, 0x00000007c0000000)
  eden space 24064K, 100% used [0x0000000795580000,0x0000000796d00000,0x0000000796d00000)
  from space 512K, 6% used [0x0000000796d80000,0x0000000796d88000,0x0000000796e00000)
  to   space 512K, 0% used [0x0000000796e00000,0x0000000796e00000,0x0000000796e80000)
 ParOldGen       total 87552K, used 36558K [0x0000000740000000, 0x0000000745580000, 0x0000000795580000)
  object space 87552K, 41% used [0x0000000740000000,0x00000007423b3ac8,0x0000000745580000)
 Metaspace       used 20997K, capacity 21177K, committed 21296K, reserved 1069056K
  class space    used 2051K, capacity 2147K, committed 2176K, reserved 1048576K
Event: 901.153 GC heap after
Heap after GC invocations=144 (full 0):
 PSYoungGen      total 24576K, used 64K [0x0000000795580000, 0x0000000796e80000, 0x00000007c0000000)
  eden space 24064K, 0% used [0x0000000795580000,0x0000000795580000,0x0000000796d00000)
  from space 512K, 12% used [0x0000000796e00000,0x0000000796e10000,0x0000000796e80000)
  to   space 512K, 0% used [0x0000000796d80000,0x0000000796d80000,0x0000000796e00000)
 ParOldGen       total 87552K, used 36558K [0x0000000740000000, 0x0000000745580000, 0x0000000795580000)
  object space 87552K, 41% used [0x0000000740000000,0x00000007423b3ac8,0x0000000745580000)
 Metaspace       used 20997K, capacity 21177K, committed 21296K, reserved 1069056K
  class space    used 2051K, capacity 2147K, committed 2176K, reserved 1048576K
}
Event: 909.553 GC heap before
{Heap before GC invocations=145 (full 0):
 PSYoungGen      total 24576K, used 21305K [0x0000000795580000, 0x0000000796e80000, 0x00000007c0000000)
  eden space 24064K, 88% used [0x0000000795580000,0x0000000796a3e718,0x0000000796d00000)
  from space 512K, 12% used [0x0000000796e00000,0x0000000796e10000,0x0000000796e80000)
  to   space 512K, 0% used [0x0000000796d80000,0x0000000796d80000,0x0000000796e00000)
 ParOldGen       total 87552K, used 36558K [0x0000000740000000, 0x0000000745580000, 0x0000000795580000)
  object space 87552K, 41% used [0x0000000740000000,0x00000007423b3ac8,0x0000000745580000)
 Metaspace       used 21013K, capacity 21177K, committed 21296K, reserved 1069056K
  class space    used 2053K, capacity 2147K, committed 2176K, reserved 1048576K
Event: 909.565 GC heap after
Heap after GC invocations=145 (full 0):
 PSYoungGen      total 24576K, used 96K [0x0000000795580000, 0x0000000796e80000, 0x00000007c0000000)
  eden space 24064K, 0% used [0x0000000795580000,0x0000000795580000,0x0000000796d00000)
  from space 512K, 18% used [0x0000000796d80000,0x0000000796d98000,0x0000000796e00000)
  to   space 512K, 0% used [0x0000000796e00000,0x0000000796e00000,0x0000000796e80000)
 ParOldGen       total 87552K, used 36566K [0x0000000740000000, 0x0000000745580000, 0x0000000795580000)
  object space 87552K, 41% used [0x0000000740000000,0x00000007423b5ac8,0x0000000745580000)
 Metaspace       used 21013K, capacity 21177K, committed 21296K, reserved 1069056K
  class space    used 2053K, capacity 2147K, committed 2176K, reserved 1048576K
}
Event: 909.565 GC heap before
{Heap before GC invocations=146 (full 1):
 PSYoungGen      total 24576K, used 96K [0x0000000795580000, 0x0000000796e80000, 0x00000007c0000000)
  eden space 24064K, 0% used [0x0000000795580000,0x0000000795580000,0x0000000796d00000)
  from space 512K, 18% used [0x0000000796d80000,0x0000000796d98000,0x0000000796e00000)
  to   space 512K, 0% used [0x0000000796e00000,0x0000000796e00000,0x0000000796e80000)
 ParOldGen       total 87552K, used 36566K [0x0000000740000000, 0x0000000745580000, 0x0000000795580000)
  object space 87552K, 41% used [0x0000000740000000,0x00000007423b5ac8,0x0000000745580000)
 Metaspace       used 21013K, capacity 21177K, committed 21296K, reserved 1069056K
  class space    used 2053K, capacity 2147K, committed 2176K, reserved 1048576K
Event: 909.681 GC heap after
Heap after GC invocations=146 (full 1):
 PSYoungGen      total 24576K, used 0K [0x0000000795580000, 0x0000000796e80000, 0x00000007c0000000)
  eden space 24064K, 0% used [0x0000000795580000,0x0000000795580000,0x0000000796d00000)
  from space 512K, 0% used [0x0000000796d80000,0x0000000796d80000,0x0000000796e00000)
  to   space 512K, 0% used [0x0000000796e00000,0x0000000796e00000,0x0000000796e80000)
 ParOldGen       total 71168K, used 34242K [0x0000000740000000, 0x0000000744580000, 0x0000000795580000)
  object space 71168K, 48% used [0x0000000740000000,0x0000000742170ad0,0x0000000744580000)
 Metaspace       used 21013K, capacity 21177K, committed 21296K, reserved 1069056K
  class space    used 2053K, capacity 2147K, committed 2176K, reserved 1048576K
}

Deoptimization events (10 events):
Event: 909.546 Thread 0x00007fd5c43f5800 Uncommon trap: reason=class_check action=maybe_recompile pc=0x00000001056cce88 method=java.awt.Component.getGraphics()Ljava/awt/Graphics; @ 114
Event: 909.552 Thread 0x00007fd5c4235000 Uncommon trap: reason=class_check action=maybe_recompile pc=0x00000001056d2cc0 method=com.jogamp.common.util.RunnableTask.run()V @ 24
Event: 909.681 Thread 0x00007fd5c4235000 Uncommon trap: reason=unstable_if action=reinterpret pc=0x00000001056cc07c method=jogamp.nativewindow.macosx.OSXUtil.RunOnMainThread(ZZLjava/lang/Runnable;)V @ 3
Event: 909.700 Thread 0x00007fd5c3d41000 Uncommon trap: reason=unstable_if action=reinterpret pc=0x00000001056f76ac method=jogamp.opengl.GLContextImpl.release(Z)V @ 161
Event: 909.706 Thread 0x00007fd5c3d41000 Uncommon trap: reason=unstable_if action=reinterpret pc=0x0000000105243318 method=java.util.LinkedList$ListItr.<init>(Ljava/util/LinkedList;I)V @ 26
Event: 909.707 Thread 0x00007fd5c3d41000 Uncommon trap: reason=unstable_if action=reinterpret pc=0x000000010550cc40 method=java.security.AccessControlContext.optimize()Ljava/security/AccessControlContext; @ 233
Event: 909.708 Thread 0x00007fd5c3d41000 Uncommon trap: reason=unstable_if action=reinterpret pc=0x0000000105322444 method=java.util.LinkedList$ListItr.<init>(Ljava/util/LinkedList;I)V @ 26
Event: 909.709 Thread 0x00007fd5c43f5800 Uncommon trap: reason=class_check action=maybe_recompile pc=0x00000001056cce88 method=java.awt.Component.getGraphics()Ljava/awt/Graphics; @ 114
Event: 909.714 Thread 0x00007fd5c43f5800 Uncommon trap: reason=unstable_if action=reinterpret pc=0x00000001050459e4 method=java.util.HashMap.removeNode(ILjava/lang/Object;Ljava/lang/Object;ZZ)Ljava/util/HashMap$Node; @ 46
Event: 909.728 Thread 0x00007fd5c4235000 Uncommon trap: reason=class_check action=maybe_recompile pc=0x00000001056d2cc0 method=com.jogamp.common.util.RunnableTask.run()V @ 24

Internal exceptions (10 events):
Event: 0.211 Thread 0x00007fd5c4006800 Exception <a 'java/lang/NoSuchFieldError': method resolution failed> (0x000000079582a6b0) thrown at [/HUDSON3/workspace/8-2-build-macosx-x86_64/jdk8u66/4988/hotspot/src/share/vm/prims/methodHandles.cpp, line 1146]
Event: 0.219 Thread 0x00007fd5c4006800 Exception <a 'java/lang/NoSuchFieldError': method resolution failed> (0x0000000795837e80) thrown at [/HUDSON3/workspace/8-2-build-macosx-x86_64/jdk8u66/4988/hotspot/src/share/vm/prims/methodHandles.cpp, line 1146]
Event: 0.438 Thread 0x00007fd5c4006800 Exception <a 'java/io/FileNotFoundException'> (0x00000007958b3b70) thrown at [/HUDSON3/workspace/8-2-build-macosx-x86_64/jdk8u66/4988/hotspot/src/share/vm/prims/jni.cpp, line 709]
Event: 0.439 Thread 0x00007fd5c4006800 Exception <a 'java/io/FileNotFoundException'> (0x00000007958b4698) thrown at [/HUDSON3/workspace/8-2-build-macosx-x86_64/jdk8u66/4988/hotspot/src/share/vm/prims/jni.cpp, line 709]
Event: 0.582 Thread 0x00007fd5c4006800 Exception <a 'java/io/FileNotFoundException'> (0x00000007959ef708) thrown at [/HUDSON3/workspace/8-2-build-macosx-x86_64/jdk8u66/4988/hotspot/src/share/vm/prims/jni.cpp, line 709]
Event: 2.322 Thread 0x00007fd5c4678000 Exception <a 'java/lang/UnsatisfiedLinkError': com.jogamp.common.util.JarUtil.fixNativeLibAttribs(Ljava/lang/String;)Z> (0x0000000796b4d558) thrown at [/HUDSON3/workspace/8-2-build-macosx-x86_64/jdk8u66/4988/hotspot/src/share/vm/prims/nativeLookup.cpp, li
Event: 3.110 Thread 0x00007fd5c4064800 Exception <a 'java/lang/NullPointerException'> (0x00000007956a6a08) thrown at [/HUDSON3/workspace/8-2-build-macosx-x86_64/jdk8u66/4988/hotspot/src/share/vm/interpreter/linkResolver.cpp, line 1178]
Event: 4.197 Thread 0x00007fd5c3d41000 Exception <a 'java/io/FileNotFoundException'> (0x0000000795ffecc0) thrown at [/HUDSON3/workspace/8-2-build-macosx-x86_64/jdk8u66/4988/hotspot/src/share/vm/prims/jni.cpp, line 709]
Event: 4.197 Thread 0x00007fd5c3d41000 Exception <a 'java/io/FileNotFoundException'> (0x0000000796004dc8) thrown at [/HUDSON3/workspace/8-2-build-macosx-x86_64/jdk8u66/4988/hotspot/src/share/vm/prims/jni.cpp, line 709]
Event: 4.197 Thread 0x00007fd5c3d41000 Implicit null exception at 0x0000000104fb43b5 to 0x0000000104fb4701

Events (10 events):
Event: 909.714 Thread 0x00007fd5c4040000 flushing nmethod 0x0000000104febbd0
Event: 909.714 Thread 0x00007fd5c4040000 flushing nmethod 0x0000000104feda90
Event: 909.714 Thread 0x00007fd5c4040000 flushing nmethod 0x0000000104ff3b90
Event: 909.714 Thread 0x00007fd5c4040000 flushing nmethod 0x0000000104ffcb10
Event: 909.714 Thread 0x00007fd5c43f5800 Uncommon trap: trap_request=0xffffff65 fr.pc=0x00000001050459e4
Event: 909.714 Thread 0x00007fd5c43f5800 DEOPT PACKING pc=0x00000001050459e4 sp=0x00007000014db590
Event: 909.715 Thread 0x00007fd5c43f5800 DEOPT UNPACKING pc=0x0000000104e04f69 sp=0x00007000014db438 mode 2
Event: 909.728 Thread 0x00007fd5c4235000 Uncommon trap: trap_request=0xffffffde fr.pc=0x00000001056d2cc0
Event: 909.728 Thread 0x00007fd5c4235000 DEOPT PACKING pc=0x00000001056d2cc0 sp=0x00007fff5c465710
Event: 909.728 Thread 0x00007fd5c4235000 DEOPT UNPACKING pc=0x0000000104e04f69 sp=0x00007fff5c4656b8 mode 2


Dynamic libraries:
0x0000000006d8d000 	/System/Library/Frameworks/Cocoa.framework/Versions/A/Cocoa
0x0000000006d8d000 	/System/Library/Frameworks/Security.framework/Versions/A/Security
0x0000000006d8d000 	/System/Library/Frameworks/ApplicationServices.framework/Versions/A/ApplicationServices
0x0000000006d8d000 	/usr/lib/libz.1.dylib
0x0000000006d8d000 	/usr/lib/libSystem.B.dylib
0x0000000006d8d000 	/usr/lib/libobjc.A.dylib
0x0000000006d8d000 	/System/Library/Frameworks/CoreFoundation.framework/Versions/A/CoreFoundation
0x0000000006d8d000 	/System/Library/Frameworks/Foundation.framework/Versions/C/Foundation
0x0000000006d8d000 	/System/Library/Frameworks/AppKit.framework/Versions/C/AppKit
0x0000000006d8d000 	/System/Library/Frameworks/CoreData.framework/Versions/A/CoreData
0x0000000006d8d000 	/System/Library/PrivateFrameworks/RemoteViewServices.framework/Versions/A/RemoteViewServices
0x0000000006d8d000 	/System/Library/PrivateFrameworks/UIFoundation.framework/Versions/A/UIFoundation
0x0000000006d8d000 	/usr/lib/libScreenReader.dylib
0x0000000006d8d000 	/System/Library/Frameworks/Accelerate.framework/Versions/A/Accelerate
0x0000000006d8d000 	/System/Library/Frameworks/IOSurface.framework/Versions/A/IOSurface
0x0000000006d8d000 	/System/Library/Frameworks/AudioToolbox.framework/Versions/A/AudioToolbox
0x0000000006d8d000 	/System/Library/Frameworks/AudioUnit.framework/Versions/A/AudioUnit
0x0000000006d8d000 	/System/Library/PrivateFrameworks/DataDetectorsCore.framework/Versions/A/DataDetectorsCore
0x0000000006d8d000 	/System/Library/PrivateFrameworks/DesktopServicesPriv.framework/Versions/A/DesktopServicesPriv
0x0000000006d8d000 	/System/Library/Frameworks/Carbon.framework/Versions/A/Frameworks/HIToolbox.framework/Versions/A/HIToolbox
0x0000000006d8d000 	/System/Library/Frameworks/QuartzCore.framework/Versions/A/QuartzCore
0x0000000006d8d000 	/System/Library/Frameworks/Carbon.framework/Versions/A/Frameworks/SpeechRecognition.framework/Versions/A/SpeechRecognition
0x0000000006d8d000 	/usr/lib/libauto.dylib
0x0000000006d8d000 	/usr/lib/libicucore.A.dylib
0x0000000006d8d000 	/usr/lib/libxml2.2.dylib
0x0000000006d8d000 	/System/Library/PrivateFrameworks/CoreUI.framework/Versions/A/CoreUI
0x0000000006d8d000 	/System/Library/Frameworks/CoreAudio.framework/Versions/A/CoreAudio
0x0000000006d8d000 	/System/Library/Frameworks/DiskArbitration.framework/Versions/A/DiskArbitration
0x0000000006d8d000 	/usr/lib/liblangid.dylib
0x0000000006d8d000 	/System/Library/PrivateFrameworks/MultitouchSupport.framework/Versions/A/MultitouchSupport
0x0000000006d8d000 	/System/Library/Frameworks/IOKit.framework/Versions/A/IOKit
0x0000000006d8d000 	/usr/lib/libDiagnosticMessagesClient.dylib
0x0000000006d8d000 	/System/Library/Frameworks/CoreServices.framework/Versions/A/CoreServices
0x0000000006d8d000 	/System/Library/PrivateFrameworks/PerformanceAnalysis.framework/Versions/A/PerformanceAnalysis
0x0000000006d8d000 	/System/Library/PrivateFrameworks/GenerationalStorage.framework/Versions/A/GenerationalStorage
0x0000000006d8d000 	/System/Library/Frameworks/OpenGL.framework/Versions/A/OpenGL
0x0000000006d8d000 	/System/Library/PrivateFrameworks/Sharing.framework/Versions/A/Sharing
0x0000000006d8d000 	/System/Library/Frameworks/CoreGraphics.framework/Versions/A/CoreGraphics
0x0000000006d8d000 	/System/Library/Frameworks/CoreImage.framework/Versions/A/CoreImage
0x0000000006d8d000 	/System/Library/Frameworks/CoreText.framework/Versions/A/CoreText
0x0000000006d8d000 	/System/Library/Frameworks/ImageIO.framework/Versions/A/ImageIO
0x0000000006d8d000 	/System/Library/PrivateFrameworks/Backup.framework/Versions/A/Backup
0x0000000006d8d000 	/usr/lib/libextension.dylib
0x0000000006d8d000 	/usr/lib/libarchive.2.dylib
0x0000000006d8d000 	/System/Library/Frameworks/CFNetwork.framework/Versions/A/CFNetwork
0x0000000006d8d000 	/System/Library/Frameworks/SystemConfiguration.framework/Versions/A/SystemConfiguration
0x0000000006d8d000 	/usr/lib/libCRFSuite.dylib
0x0000000006d8d000 	/usr/lib/libc++.1.dylib
0x0000000006d8d000 	/usr/lib/libc++abi.dylib
0x0000000006d8d000 	/usr/lib/system/libcache.dylib
0x0000000006d8d000 	/usr/lib/system/libcommonCrypto.dylib
0x0000000006d8d000 	/usr/lib/system/libcompiler_rt.dylib
0x0000000006d8d000 	/usr/lib/system/libcopyfile.dylib
0x0000000006d8d000 	/usr/lib/system/libcorecrypto.dylib
0x0000000006d8d000 	/usr/lib/system/libdispatch.dylib
0x0000000006d8d000 	/usr/lib/system/libdyld.dylib
0x0000000006d8d000 	/usr/lib/system/libkeymgr.dylib
0x0000000006d8d000 	/usr/lib/system/liblaunch.dylib
0x0000000006d8d000 	/usr/lib/system/libmacho.dylib
0x0000000006d8d000 	/usr/lib/system/libquarantine.dylib
0x0000000006d8d000 	/usr/lib/system/libremovefile.dylib
0x0000000006d8d000 	/usr/lib/system/libsystem_asl.dylib
0x0000000006d8d000 	/usr/lib/system/libsystem_blocks.dylib
0x0000000006d8d000 	/usr/lib/system/libsystem_c.dylib
0x0000000006d8d000 	/usr/lib/system/libsystem_configuration.dylib
0x0000000006d8d000 	/usr/lib/system/libsystem_coreservices.dylib
0x0000000006d8d000 	/usr/lib/system/libsystem_coretls.dylib
0x0000000006d8d000 	/usr/lib/system/libsystem_dnssd.dylib
0x0000000006d8d000 	/usr/lib/system/libsystem_info.dylib
0x0000000006d8d000 	/usr/lib/system/libsystem_kernel.dylib
0x0000000006d8d000 	/usr/lib/system/libsystem_m.dylib
0x0000000006d8d000 	/usr/lib/system/libsystem_malloc.dylib
0x0000000006d8d000 	/usr/lib/system/libsystem_network.dylib
0x0000000006d8d000 	/usr/lib/system/libsystem_networkextension.dylib
0x0000000006d8d000 	/usr/lib/system/libsystem_notify.dylib
0x0000000006d8d000 	/usr/lib/system/libsystem_platform.dylib
0x0000000006d8d000 	/usr/lib/system/libsystem_pthread.dylib
0x0000000006d8d000 	/usr/lib/system/libsystem_sandbox.dylib
0x0000000006d8d000 	/usr/lib/system/libsystem_secinit.dylib
0x0000000006d8d000 	/usr/lib/system/libsystem_trace.dylib
0x0000000006d8d000 	/usr/lib/system/libunc.dylib
0x0000000006d8d000 	/usr/lib/system/libunwind.dylib
0x0000000006d8d000 	/usr/lib/system/libxpc.dylib
0x0000000006d8d000 	/usr/lib/libenergytrace.dylib
0x0000000006d8d000 	/usr/lib/libbsm.0.dylib
0x0000000006d8d000 	/usr/lib/system/libkxld.dylib
0x0000000006d8d000 	/usr/lib/libxar.1.dylib
0x0000000006d8d000 	/usr/lib/libsqlite3.dylib
0x0000000006d8d000 	/usr/lib/libpam.2.dylib
0x0000000006d8d000 	/usr/lib/libOpenScriptingUtil.dylib
0x0000000006d8d000 	/usr/lib/libbz2.1.0.dylib
0x0000000006d8d000 	/usr/lib/liblzma.5.dylib
0x0000000006d8d000 	/System/Library/Frameworks/CoreServices.framework/Versions/A/Frameworks/FSEvents.framework/Versions/A/FSEvents
0x0000000006d8d000 	/System/Library/Frameworks/CoreServices.framework/Versions/A/Frameworks/CarbonCore.framework/Versions/A/CarbonCore
0x0000000006d8d000 	/System/Library/Frameworks/CoreServices.framework/Versions/A/Frameworks/Metadata.framework/Versions/A/Metadata
0x0000000006d8d000 	/System/Library/Frameworks/CoreServices.framework/Versions/A/Frameworks/OSServices.framework/Versions/A/OSServices
0x0000000006d8d000 	/System/Library/Frameworks/CoreServices.framework/Versions/A/Frameworks/SearchKit.framework/Versions/A/SearchKit
0x0000000006d8d000 	/System/Library/Frameworks/CoreServices.framework/Versions/A/Frameworks/AE.framework/Versions/A/AE
0x0000000006d8d000 	/System/Library/Frameworks/CoreServices.framework/Versions/A/Frameworks/LaunchServices.framework/Versions/A/LaunchServices
0x0000000006d8d000 	/System/Library/Frameworks/CoreServices.framework/Versions/A/Frameworks/DictionaryServices.framework/Versions/A/DictionaryServices
0x0000000006d8d000 	/System/Library/Frameworks/CoreServices.framework/Versions/A/Frameworks/SharedFileList.framework/Versions/A/SharedFileList
0x0000000006d8d000 	/System/Library/Frameworks/NetFS.framework/Versions/A/NetFS
0x0000000006d8d000 	/System/Library/PrivateFrameworks/NetAuth.framework/Versions/A/NetAuth
0x0000000006d8d000 	/System/Library/PrivateFrameworks/login.framework/Versions/A/Frameworks/loginsupport.framework/Versions/A/loginsupport
0x0000000006d8d000 	/System/Library/PrivateFrameworks/TCC.framework/Versions/A/TCC
0x0000000006d8d000 	/usr/lib/libmecabra.dylib
0x0000000006d8d000 	/System/Library/Frameworks/ApplicationServices.framework/Versions/A/Frameworks/ATS.framework/Versions/A/ATS
0x0000000006d8d000 	/System/Library/Frameworks/ApplicationServices.framework/Versions/A/Frameworks/ColorSync.framework/Versions/A/ColorSync
0x0000000006d8d000 	/System/Library/Frameworks/ApplicationServices.framework/Versions/A/Frameworks/HIServices.framework/Versions/A/HIServices
0x0000000006d8d000 	/System/Library/Frameworks/ApplicationServices.framework/Versions/A/Frameworks/LangAnalysis.framework/Versions/A/LangAnalysis
0x0000000006d8d000 	/System/Library/Frameworks/ApplicationServices.framework/Versions/A/Frameworks/PrintCore.framework/Versions/A/PrintCore
0x0000000006d8d000 	/System/Library/Frameworks/ApplicationServices.framework/Versions/A/Frameworks/QD.framework/Versions/A/QD
0x0000000006d8d000 	/System/Library/Frameworks/ApplicationServices.framework/Versions/A/Frameworks/SpeechSynthesis.framework/Versions/A/SpeechSynthesis
0x0000000006d8d000 	/System/Library/Frameworks/Metal.framework/Versions/A/Metal
0x0000000006d8d000 	/System/Library/Frameworks/Accelerate.framework/Versions/A/Frameworks/vImage.framework/Versions/A/vImage
0x0000000006d8d000 	/System/Library/Frameworks/Accelerate.framework/Versions/A/Frameworks/vecLib.framework/Versions/A/vecLib
0x0000000006d8d000 	/System/Library/Frameworks/Accelerate.framework/Versions/A/Frameworks/vecLib.framework/Versions/A/libvDSP.dylib
0x0000000006d8d000 	/System/Library/Frameworks/Accelerate.framework/Versions/A/Frameworks/vecLib.framework/Versions/A/libvMisc.dylib
0x0000000006d8d000 	/System/Library/Frameworks/Accelerate.framework/Versions/A/Frameworks/vecLib.framework/Versions/A/libLAPACK.dylib
0x0000000006d8d000 	/System/Library/Frameworks/Accelerate.framework/Versions/A/Frameworks/vecLib.framework/Versions/A/libBLAS.dylib
0x0000000006d8d000 	/System/Library/Frameworks/Accelerate.framework/Versions/A/Frameworks/vecLib.framework/Versions/A/libLinearAlgebra.dylib
0x0000000006d8d000 	/System/Library/Frameworks/Accelerate.framework/Versions/A/Frameworks/vecLib.framework/Versions/A/libSparseBLAS.dylib
0x0000000006d8d000 	/System/Library/PrivateFrameworks/GPUCompiler.framework/libmetal_timestamp.dylib
0x0000000006d8d000 	/System/Library/Frameworks/OpenGL.framework/Versions/A/Libraries/libCoreFSCache.dylib
0x0000000006d8d000 	/System/Library/PrivateFrameworks/IOAccelerator.framework/Versions/A/IOAccelerator
0x0000000006d8d000 	/System/Library/Frameworks/ApplicationServices.framework/Versions/A/Frameworks/ATS.framework/Versions/A/Resources/libFontParser.dylib
0x0000000006d8d000 	/System/Library/Frameworks/ApplicationServices.framework/Versions/A/Frameworks/ATS.framework/Versions/A/Resources/libFontRegistry.dylib
0x0000000006d8d000 	/System/Library/PrivateFrameworks/AppleVPA.framework/Versions/A/AppleVPA
0x0000000006d8d000 	/System/Library/PrivateFrameworks/AppleJPEG.framework/Versions/A/AppleJPEG
0x0000000006d8d000 	/System/Library/Frameworks/ImageIO.framework/Versions/A/Resources/libJPEG.dylib
0x0000000006d8d000 	/System/Library/Frameworks/ImageIO.framework/Versions/A/Resources/libTIFF.dylib
0x0000000006d8d000 	/System/Library/Frameworks/ImageIO.framework/Versions/A/Resources/libPng.dylib
0x0000000006d8d000 	/System/Library/Frameworks/ImageIO.framework/Versions/A/Resources/libGIF.dylib
0x0000000006d8d000 	/System/Library/Frameworks/ImageIO.framework/Versions/A/Resources/libJP2.dylib
0x0000000006d8d000 	/System/Library/Frameworks/ImageIO.framework/Versions/A/Resources/libRadiance.dylib
0x0000000006d8d000 	/System/Library/Frameworks/CoreVideo.framework/Versions/A/CoreVideo
0x0000000006d8d000 	/System/Library/Frameworks/OpenGL.framework/Versions/A/Libraries/libGLU.dylib
0x0000000006d8d000 	/System/Library/Frameworks/OpenGL.framework/Versions/A/Libraries/libGFXShared.dylib
0x0000000006d8d000 	/System/Library/Frameworks/OpenGL.framework/Versions/A/Libraries/libGL.dylib
0x0000000006d8d000 	/System/Library/Frameworks/OpenGL.framework/Versions/A/Libraries/libGLImage.dylib
0x0000000006d8d000 	/System/Library/Frameworks/OpenGL.framework/Versions/A/Libraries/libCVMSPluginSupport.dylib
0x0000000006d8d000 	/System/Library/Frameworks/OpenGL.framework/Versions/A/Libraries/libCoreVMClient.dylib
0x0000000006d8d000 	/usr/lib/libcups.2.dylib
0x0000000006d8d000 	/System/Library/Frameworks/Kerberos.framework/Versions/A/Kerberos
0x0000000006d8d000 	/System/Library/Frameworks/GSS.framework/Versions/A/GSS
0x0000000006d8d000 	/usr/lib/libresolv.9.dylib
0x0000000006d8d000 	/usr/lib/libiconv.2.dylib
0x0000000006d8d000 	/System/Library/PrivateFrameworks/Heimdal.framework/Versions/A/Heimdal
0x0000000006d8d000 	/usr/lib/libheimdal-asn1.dylib
0x0000000006d8d000 	/System/Library/Frameworks/OpenDirectory.framework/Versions/A/OpenDirectory
0x0000000006d8d000 	/System/Library/PrivateFrameworks/CommonAuth.framework/Versions/A/CommonAuth
0x0000000006d8d000 	/System/Library/Frameworks/OpenDirectory.framework/Versions/A/Frameworks/CFOpenDirectory.framework/Versions/A/CFOpenDirectory
0x0000000006d8d000 	/System/Library/Frameworks/SecurityFoundation.framework/Versions/A/SecurityFoundation
0x0000000006d8d000 	/System/Library/PrivateFrameworks/LanguageModeling.framework/Versions/A/LanguageModeling
0x0000000006d8d000 	/usr/lib/libmarisa.dylib
0x0000000006d8d000 	/usr/lib/libChineseTokenizer.dylib
0x0000000006d8d000 	/usr/lib/libcmph.dylib
0x0000000006d8d000 	/usr/lib/libcompression.dylib
0x0000000006d8d000 	/System/Library/Frameworks/ServiceManagement.framework/Versions/A/ServiceManagement
0x0000000006d8d000 	/usr/lib/libxslt.1.dylib
0x0000000006d8d000 	/System/Library/Frameworks/Carbon.framework/Versions/A/Frameworks/Ink.framework/Versions/A/Ink
0x0000000006d8d000 	/usr/lib/libFosl_dynamic.dylib
0x0000000006d8d000 	/System/Library/PrivateFrameworks/FaceCore.framework/Versions/A/FaceCore
0x0000000006d8d000 	/System/Library/Frameworks/OpenCL.framework/Versions/A/OpenCL
0x0000000006d8d000 	/System/Library/PrivateFrameworks/CrashReporterSupport.framework/Versions/A/CrashReporterSupport
0x0000000006d8d000 	/System/Library/PrivateFrameworks/IconServices.framework/Versions/A/IconServices
0x0000000006d8d000 	/System/Library/PrivateFrameworks/Apple80211.framework/Versions/A/Apple80211
0x0000000006d8d000 	/System/Library/Frameworks/CoreWLAN.framework/Versions/A/CoreWLAN
0x0000000006d8d000 	/System/Library/Frameworks/IOBluetooth.framework/Versions/A/IOBluetooth
0x0000000006d8d000 	/System/Library/PrivateFrameworks/CoreWiFi.framework/Versions/A/CoreWiFi
0x0000000006d8d000 	/System/Library/Frameworks/CoreBluetooth.framework/Versions/A/CoreBluetooth
0x0000000006d8d000 	/System/Library/PrivateFrameworks/ChunkingLibrary.framework/Versions/A/ChunkingLibrary
0x0000000006d8d000 	/System/Library/PrivateFrameworks/DebugSymbols.framework/Versions/A/DebugSymbols
0x0000000006d8d000 	/System/Library/PrivateFrameworks/CoreSymbolication.framework/Versions/A/CoreSymbolication
0x0000000006d8d000 	/System/Library/PrivateFrameworks/Symbolication.framework/Versions/A/Symbolication
0x0000000006d8d000 	/System/Library/PrivateFrameworks/SpeechRecognitionCore.framework/Versions/A/SpeechRecognitionCore
0x0000000103a12000 	/Library/Java/JavaVirtualMachines/jdk1.8.0_66.jdk/Contents/Home/jre/lib/server/libjvm.dylib
0x0000000006d8d000 	/usr/lib/libstdc++.6.dylib
0x0000000104998000 	/Library/Java/JavaVirtualMachines/jdk1.8.0_66.jdk/Contents/Home/jre/lib/libverify.dylib
0x00000001049a6000 	/Library/Java/JavaVirtualMachines/jdk1.8.0_66.jdk/Contents/Home/jre/lib/libjava.dylib
0x00000001049e9000 	/Library/Java/JavaVirtualMachines/jdk1.8.0_66.jdk/Contents/Home/jre/lib/libzip.dylib
0x000000011a122000 	/System/Library/Frameworks/JavaVM.framework/Frameworks/JavaRuntimeSupport.framework/JavaRuntimeSupport
0x000000011a13d000 	/System/Library/Frameworks/JavaVM.framework/Versions/A/Frameworks/JavaNativeFoundation.framework/Versions/A/JavaNativeFoundation
0x00000001049f3000 	/System/Library/Frameworks/JavaVM.framework/Versions/A/JavaVM
0x0000000006d8d000 	/System/Library/Frameworks/Carbon.framework/Versions/A/Carbon
0x000000011a152000 	/System/Library/PrivateFrameworks/JavaLaunching.framework/Versions/A/JavaLaunching
0x0000000006d8d000 	/System/Library/Frameworks/Carbon.framework/Versions/A/Frameworks/CommonPanels.framework/Versions/A/CommonPanels
0x0000000006d8d000 	/System/Library/Frameworks/Carbon.framework/Versions/A/Frameworks/Help.framework/Versions/A/Help
0x0000000006d8d000 	/System/Library/Frameworks/Carbon.framework/Versions/A/Frameworks/ImageCapture.framework/Versions/A/ImageCapture
0x0000000006d8d000 	/System/Library/Frameworks/Carbon.framework/Versions/A/Frameworks/OpenScripting.framework/Versions/A/OpenScripting
0x0000000006d8d000 	/System/Library/Frameworks/Carbon.framework/Versions/A/Frameworks/Print.framework/Versions/A/Print
0x0000000006d8d000 	/System/Library/Frameworks/Carbon.framework/Versions/A/Frameworks/SecurityHI.framework/Versions/A/SecurityHI
0x000000011ba75000 	/Library/Java/JavaVirtualMachines/jdk1.8.0_66.jdk/Contents/Home/jre/lib/libawt.dylib
0x000000011bb1d000 	/Library/Java/JavaVirtualMachines/jdk1.8.0_66.jdk/Contents/Home/jre/lib/./libmlib_image.dylib
0x000000011bbe9000 	/Library/Java/JavaVirtualMachines/jdk1.8.0_66.jdk/Contents/Home/jre/lib/libawt_lwawt.dylib
0x000000011bc9e000 	/Library/Java/JavaVirtualMachines/jdk1.8.0_66.jdk/Contents/Home/jre/lib/./libosxapp.dylib
0x0000000006d8d000 	/System/Library/Frameworks/ExceptionHandling.framework/Versions/A/ExceptionHandling
0x0000000006d8d000 	/System/Library/PrivateFrameworks/CoreServicesInternal.framework/Versions/A/CoreServicesInternal
0x0000000006d8d000 	/System/Library/Frameworks/CoreGraphics.framework/Versions/A/Resources/libRIP.A.dylib
0x0000000006d8d000 	/System/Library/Frameworks/Accelerate.framework/Versions/A/Frameworks/vImage.framework/Versions/A/Libraries/libCGInterfaces.dylib
0x0000000006d8d000 	/System/Library/Frameworks/CoreGraphics.framework/Versions/A/Resources/libCGXType.A.dylib
0x0000000006d8d000 	/System/Library/Frameworks/OpenCL.framework/Versions/A/Libraries/libcldcpuengine.dylib
0x0000000006d8d000 	/System/Library/PrivateFrameworks/DiskImages.framework/Versions/A/DiskImages
0x0000000006d8d000 	/System/Library/Frameworks/DiscRecording.framework/Versions/A/DiscRecording
0x0000000006d8d000 	/usr/lib/libcsfde.dylib
0x0000000006d8d000 	/usr/lib/libcurl.4.dylib
0x0000000006d8d000 	/System/Library/PrivateFrameworks/MediaKit.framework/Versions/A/MediaKit
0x0000000006d8d000 	/System/Library/PrivateFrameworks/ProtectedCloudStorage.framework/Versions/A/ProtectedCloudStorage
0x0000000006d8d000 	/usr/lib/libCoreStorage.dylib
0x0000000006d8d000 	/System/Library/PrivateFrameworks/EFILogin.framework/Versions/A/EFILogin
0x0000000006d8d000 	/usr/lib/libutil.dylib
0x0000000006d8d000 	/System/Library/PrivateFrameworks/FindMyDevice.framework/Versions/A/FindMyDevice
0x0000000006d8d000 	/System/Library/Frameworks/LDAP.framework/Versions/A/LDAP
0x0000000006d8d000 	/usr/lib/libsasl2.2.dylib
0x0000000006d8d000 	/System/Library/PrivateFrameworks/CoreDaemon.framework/Versions/B/CoreDaemon
0x0000000006d8d000 	/usr/lib/libcrypto.0.9.8.dylib
0x0000000006d8d000 	/System/Library/PrivateFrameworks/AppleSRP.framework/Versions/A/AppleSRP
0x0000000006d8d000 	/System/Library/PrivateFrameworks/TrustEvaluationAgent.framework/Versions/A/TrustEvaluationAgent
0x000000011d48b000 	cl_kernels
0x0000000006d8d000 	/System/Library/Frameworks/OpenCL.framework/Versions/A/Libraries/ImageFormats/unorm8_bgra.dylib
0x0000000006d8d000 	/System/Library/Frameworks/OpenCL.framework/Versions/A/Libraries/ImageFormats/unorm8_rgba.dylib
0x0000000006d8d000 	/System/Library/PrivateFrameworks/FamilyControls.framework/Versions/A/FamilyControls
0x0000000006d8d000 	/System/Library/PrivateFrameworks/CommerceKit.framework/Versions/A/Frameworks/CommerceCore.framework/Versions/A/CommerceCore
0x0000000006d8d000 	/System/Library/PrivateFrameworks/SystemAdministration.framework/Versions/A/SystemAdministration
0x0000000006d8d000 	/System/Library/PrivateFrameworks/AppContainer.framework/Versions/A/AppContainer
0x0000000006d8d000 	/System/Library/PrivateFrameworks/SecCodeWrapper.framework/Versions/A/SecCodeWrapper
0x0000000006d8d000 	/System/Library/Frameworks/DirectoryService.framework/Versions/A/DirectoryService
0x0000000006d8d000 	/System/Library/PrivateFrameworks/LoginUIKit.framework/Versions/A/Frameworks/LoginUICore.framework/Versions/A/LoginUICore
0x0000000006d8d000 	/usr/lib/libodfde.dylib
0x0000000006d8d000 	/System/Library/Frameworks/OpenGL.framework/Versions/A/Resources/GLEngine.bundle/GLEngine
0x0000000006d8d000 	/System/Library/Frameworks/OpenGL.framework/Versions/A/Libraries/libGLProgrammability.dylib
0x000000011e551000 	/System/Library/Extensions/GeForceTeslaGLDriver.bundle/Contents/MacOS/GeForceTeslaGLDriver
0x0000000120111000 	/System/Library/Extensions/GeForceTeslaGLDriver.bundle/Contents/MacOS/libclh.dylib
0x0000000006d8d000 	/System/Library/PrivateFrameworks/GPUSupport.framework/Versions/A/Libraries/libGPUSupport.dylib
0x0000000006d8d000 	/System/Library/Frameworks/OpenGL.framework/Versions/A/Resources/GLRendererFloat.bundle/GLRendererFloat
0x000000012137e000 	/Library/Java/JavaVirtualMachines/jdk1.8.0_66.jdk/Contents/Home/jre/lib/libfontmanager.dylib
0x0000000122f50000 	/Library/Java/JavaVirtualMachines/jdk1.8.0_66.jdk/Contents/Home/jre/lib/libosxui.dylib
0x0000000124049000 	/Library/Java/JavaVirtualMachines/jdk1.8.0_66.jdk/Contents/Home/jre/lib/libnet.dylib
0x0000000123e5e000 	/Library/Java/JavaVirtualMachines/jdk1.8.0_66.jdk/Contents/Home/jre/lib/libnio.dylib
0x0000000006d8d000 	/System/Library/Frameworks/ApplicationServices.framework/Versions/A/Frameworks/ATS.framework/Versions/A/Resources/libTrueTypeScaler.dylib
0x000000011ca39000 	/private/var/folders/zw/5jg9p0yx0gb97hh28z85c9rw0000gn/T/jogamp_0000/file_cache/jln618757263120018713/jln1713969249913969636/libgluegen-rt.jnilib
0x000000011ca3d000 	/private/var/folders/zw/5jg9p0yx0gb97hh28z85c9rw0000gn/T/jogamp_0000/file_cache/jln618757263120018713/jln1713969249913969636/libnativewindow_awt.jnilib
0x000000011ca40000 	/Library/Java/JavaVirtualMachines/jdk1.8.0_66.jdk/Contents/Home/jre/lib/libjawt.dylib
0x000000011ca43000 	/private/var/folders/zw/5jg9p0yx0gb97hh28z85c9rw0000gn/T/jogamp_0000/file_cache/jln618757263120018713/jln1713969249913969636/libnativewindow_macosx.jnilib
0x00000001779e9000 	/private/var/folders/zw/5jg9p0yx0gb97hh28z85c9rw0000gn/T/jogamp_0000/file_cache/jln618757263120018713/jln1713969249913969636/libjogl_desktop.jnilib

VM Arguments:
jvm_args: -Djava.security.policy=java.policy.applet -Dfile.encoding=UTF-8 
java_command: sun.applet.AppletViewer module3.EarthquakeCityMap1452530147050.html
java_class_path (initial): /Users/ia/dev/eclipse/workspace/UCSDUnfoldingMaps/build:/Users/ia/dev/eclipse/workspace/UCSDUnfoldingMaps/lib/core.jar:/Users/ia/dev/eclipse/workspace/UCSDUnfoldingMaps/lib/gluegen-rt.jar:/Users/ia/dev/eclipse/workspace/UCSDUnfoldingMaps/lib/jogl-all.jar:/Users/ia/dev/eclipse/workspace/UCSDUnfoldingMaps/lib/log4j-1.2.15.jar:/Users/ia/dev/eclipse/workspace/UCSDUnfoldingMaps/lib/sqlite-jdbc-3.7.2.jar:/Users/ia/dev/eclipse/workspace/UCSDUnfoldingMaps/lib/json4processing.jar:/Users/ia/dev/eclipse/workspace/UCSDUnfoldingMaps/lib/libTUIO.jar:/Users/ia/dev/eclipse/workspace/UCSDUnfoldingMaps/lib/unfolding.0.9.7-uscd.jar
Launcher Type: SUN_STANDARD

Environment Variables:
PATH=/usr/bin:/bin:/usr/sbin:/sbin
SHELL=/bin/bash

Signal Handlers:
SIGSEGV: [libjvm.dylib+0x5a65d5], sa_mask[0]=11111111011111110111111111111111, sa_flags=SA_ONSTACK|SA_RESTART|SA_SIGINFO
SIGBUS: [libjvm.dylib+0x5a65d5], sa_mask[0]=11111111011111110111111111111111, sa_flags=SA_RESTART|SA_SIGINFO
SIGFPE: [libjvm.dylib+0x4802e8], sa_mask[0]=11111111011111110111111111111111, sa_flags=SA_RESTART|SA_SIGINFO
SIGPIPE: [libjvm.dylib+0x4802e8], sa_mask[0]=11111111011111110111111111111111, sa_flags=SA_RESTART|SA_SIGINFO
SIGXFSZ: [libjvm.dylib+0x4802e8], sa_mask[0]=11111111011111110111111111111111, sa_flags=SA_RESTART|SA_SIGINFO
SIGILL: [libjvm.dylib+0x4802e8], sa_mask[0]=11111111011111110111111111111111, sa_flags=SA_RESTART|SA_SIGINFO
SIGUSR1: SIG_DFL, sa_mask[0]=00000000000000000000000000000000, sa_flags=none
SIGUSR2: [libjvm.dylib+0x47fe06], sa_mask[0]=00100000000000000000000000000000, sa_flags=SA_RESTART|SA_SIGINFO
SIGHUP: [libjvm.dylib+0x47e3dd], sa_mask[0]=11111111011111110111111111111111, sa_flags=SA_RESTART|SA_SIGINFO
SIGINT: [libjvm.dylib+0x47e3dd], sa_mask[0]=11111111011111110111111111111111, sa_flags=SA_RESTART|SA_SIGINFO
SIGTERM: [libjvm.dylib+0x47e3dd], sa_mask[0]=11111111011111110111111111111111, sa_flags=SA_RESTART|SA_SIGINFO
SIGQUIT: [libjvm.dylib+0x47e3dd], sa_mask[0]=11111111011111110111111111111111, sa_flags=SA_RESTART|SA_SIGINFO


---------------  S Y S T E M  ---------------

OS:Bsduname:Darwin 15.0.0 Darwin Kernel Version 15.0.0: Sat Sep 19 15:53:46 PDT 2015; root:xnu-3247.10.11~1/RELEASE_X86_64 x86_64
rlimit: STACK 8192k, CORE 0k, NPROC 709, NOFILE 10240, AS infinity
load average:3.11 2.75 4.87

CPU:total 2 (2 cores per cpu, 1 threads per core) family 6 model 23 stepping 10, cmov, cx8, fxsr, mmx, sse, sse2, sse3, ssse3, sse4.1, tsc

Memory: 4k page, physical 8388608k(1797696k free)

/proc/meminfo:


vm_info: Java HotSpot(TM) 64-Bit Server VM (25.66-b17) for bsd-amd64 JRE (1.8.0_66-b17), built on Oct  6 2015 16:09:13 by "java_re" with gcc 4.2.1 (Based on Apple Inc. build 5658) (LLVM build 2336.11.00)

time: Mon Jan 11 11:50:56 2016
elapsed time: 909 seconds (0d 0h 15m 9s)

