#
# A fatal error has been detected by the Java Runtime Environment:
#
#  SIGSEGV (0xb) at pc=0x00007fff9c146e5d, pid=32128, tid=2571
#
# JRE version: Java(TM) SE Runtime Environment (8.0_66-b17) (build 1.8.0_66-b17)
# Java VM: Java HotSpot(TM) 64-Bit Server VM (25.66-b17 mixed mode bsd-amd64 compressed oops)
# Problematic frame:
# C  [libobjc.A.dylib+0x7e5d]  objc_msgSend+0x1d
#
# Failed to write core dump. Core dumps have been disabled. To enable core dumping, try "ulimit -c unlimited" before starting Java again
#
# If you would like to submit a bug report, please visit:
#   http://bugreport.java.com/bugreport/crash.jsp
# The crash happened outside the Java Virtual Machine in native code.
# See problematic frame for where to report the bug.
#

---------------  T H R E A D  ---------------

Current thread (0x00007fe0fc208000):  JavaThread "AWT-AppKit" daemon [_thread_in_native, id=2571, stack(0x00007fff57d35000,0x00007fff58535000)]

siginfo: si_signo: 11 (SIGSEGV), si_code: 1 (SEGV_MAPERR), si_addr: 0x0000000000000018

Registers:
RAX=0x00007fe0fe5c4810, RBX=0x000000012097a450, RCX=0x0000000120990980, RDX=0x0000000120990a60
RSP=0x00007fff58530498, RBP=0x00007fff58530550, RSI=0x00007fff8917ad0e, RDI=0x00007fe0fe5df0d0
R8 =0x0000000000000000, R9 =0x0000000000000810, R10=0x00007fff8917ad0e, R11=0x0000000000000000
R12=0x0000000000000000, R13=0x000000017b787b08, R14=0x000000012097a440, R15=0x00007fe0fc208000
RIP=0x00007fff9c146e5d, EFLAGS=0x0000000000010246, ERR=0x0000000000000004
  TRAPNO=0x000000000000000e

Top of Stack: (sp=0x00007fff58530498)
0x00007fff58530498:   0000000120978157 00007fff585304f0
0x00007fff585304a8:   0000000000000003 00007fff585304d0
0x00007fff585304b8:   0000000107b381f6 000000017b787b08
0x00007fff585304c8:   000000017b787b08 00007fe0fe5c4810
0x00007fff585304d8:   000000012097a6a0 000000012097a710
0x00007fff585304e8:   00007fff77a06740 00007fff7657f4c0
0x00007fff585304f8:   000000012097a450 000000012097a690
0x00007fff58530508:   00007fe0fe5c4810 00007fe0fe5df0d0
0x00007fff58530518:   00007fe0ff128140 00007fe0fe5c4810
0x00007fff58530528:   00007fe0fe5df0d0 00007fff585305d8
0x00007fff58530538:   00007fe0fc2081f8 000000017b787b08
0x00007fff58530548:   00007fff58530600 00007fff585305c8
0x00007fff58530558:   0000000108e134d4 000000017b787b08
0x00007fff58530568:   00007fff58530600 00007fff585305c8
0x00007fff58530578:   0000000108e13267 0000000108e13222
0x00007fff58530588:   00007fff58530588 000000017b787b08
0x00007fff58530598:   00007fff58530600 000000017b7ab028
0x00007fff585305a8:   0000000000000000 000000017b787b08
0x00007fff585305b8:   0000000000000000 00007fff585305e8
0x00007fff585305c8:   00007fff58530648 0000000108e0798d
0x00007fff585305d8:   0000000740abc4a0 0000000108e0f2b8
0x00007fff585305e8:   00007fe0fe5c4810 00007fff58530648
0x00007fff585305f8:   00007fe0fe5df0d0 0000000108e10ac2
0x00007fff58530608:   00007fff58530608 000000017b787cd2
0x00007fff58530618:   00007fff58530670 000000017b7ab028
0x00007fff58530628:   0000000000000000 000000017b787ce0
0x00007fff58530638:   00007fff585305e8 00007fff58530658
0x00007fff58530648:   00007fff585306b8 0000000108e0798d
0x00007fff58530658:   00007fe0fe5c4810 0000000740b1a6c8
0x00007fff58530668:   00007fe0fe5df0d0 0000000740b1a6c8
0x00007fff58530678:   00007fff58530678 000000017fd81486
0x00007fff58530688:   00007fff585306c8 000000017fd81540 

Instructions: (pc=0x00007fff9c146e5d)
0x00007fff9c146e3d:   44 00 00 48 85 ff 2e 74 62 40 f6 c7 01 2e 75 66
0x00007fff9c146e4d:   49 bb f8 ff ff ff ff 7f 00 00 4c 23 1f 49 89 f2
0x00007fff9c146e5d:   45 23 53 18 49 c1 e2 04 4d 03 53 10 49 3b 32 75
0x00007fff9c146e6d:   04 41 ff 62 08 49 83 3a 01 76 0d 49 83 c2 10 49 

Register to memory mapping:

RAX=0x00007fe0fe5c4810 is an unknown value
RBX=0x000000012097a450: Java_jogamp_nativewindow_macosx_OSXUtil_GetScreenRefreshRate0+0x1cf0 in /private/var/folders/zw/5jg9p0yx0gb97hh28z85c9rw0000gn/T/jogamp_0000/file_cache/jln4131679149268044853/jln8494764907385972937/libnativewindow_macosx.jnilib at 0x0000000120973000
RCX=0x0000000120990980 is an unknown value
RDX=0x0000000120990a60 is an unknown value
RSP=0x00007fff58530498 is pointing into the stack for thread: 0x00007fe0fc208000
RBP=0x00007fff58530550 is pointing into the stack for thread: 0x00007fe0fc208000
RSI=0x00007fff8917ad0e is an unknown value
RDI=0x00007fe0fe5df0d0 is an unknown value
R8 =0x0000000000000000 is an unknown value
R9 =0x0000000000000810 is an unknown value
R10=0x00007fff8917ad0e is an unknown value
R11=0x0000000000000000 is an unknown value
R12=0x0000000000000000 is an unknown value
R13={method} {0x000000017b787b08} 'UnsetJAWTRootSurfaceLayer0' '(JJ)V' in 'jogamp/nativewindow/jawt/macosx/MacOSXJAWTWindow'
R14=0x000000012097a440: Java_jogamp_nativewindow_macosx_OSXUtil_GetScreenRefreshRate0+0x1ce0 in /private/var/folders/zw/5jg9p0yx0gb97hh28z85c9rw0000gn/T/jogamp_0000/file_cache/jln4131679149268044853/jln8494764907385972937/libnativewindow_macosx.jnilib at 0x0000000120973000
R15=0x00007fe0fc208000 is a thread


Stack: [0x00007fff57d35000,0x00007fff58535000],  sp=0x00007fff58530498,  free space=8173k
Native frames: (J=compiled Java code, j=interpreted, Vv=VM code, C=native code)
C  [libobjc.A.dylib+0x7e5d]  objc_msgSend+0x1d
j  jogamp.nativewindow.jawt.macosx.MacOSXJAWTWindow.UnsetJAWTRootSurfaceLayer0(JJ)V+0
j  jogamp.nativewindow.jawt.macosx.MacOSXJAWTWindow.access$200(JJ)V+2
j  jogamp.nativewindow.jawt.macosx.MacOSXJAWTWindow$1.run()V+38
j  com.jogamp.common.util.RunnableTask.run()V+24
v  ~StubRoutines::call_stub
V  [libjvm.dylib+0x2ea35e]
V  [libjvm.dylib+0x321467]
V  [libjvm.dylib+0x313c3b]
C  [libnativewindow_macosx.jnilib+0x5326]  Java_jogamp_nativewindow_jawt_macosx_MacOSXJAWTWindow_UnsetJAWTRootSurfaceLayer0+0x2b6
C  [Foundation+0x7741e]  __NSThreadPerformPerform+0x117
C  [CoreFoundation+0xaa8b1]  __CFRUNLOOP_IS_CALLING_OUT_TO_A_SOURCE0_PERFORM_FUNCTION__+0x11
C  [CoreFoundation+0x8a027]  __CFRunLoopDoSources0+0x1a7
C  [CoreFoundation+0x895cf]  __CFRunLoopRun+0x39f
C  [CoreFoundation+0x88fc8]  CFRunLoopRunSpecific+0x128
C  [HIToolbox+0x30d55]  RunCurrentEventLoopInMode+0xeb
C  [HIToolbox+0x30a97]  ReceiveNextEventCommon+0xb8
C  [HIToolbox+0x309cf]  _BlockUntilNextEventMatchingListInModeWithFilter+0x47
C  [AppKit+0x49d96]  _DPSNextEvent+0x42b
C  [AppKit+0x491c5]  -[NSApplication _nextEventMatchingEventMask:untilDate:inMode:dequeue:]+0x1c6
C  [libosxapp.dylib+0x23aa]  -[NSApplicationAWT nextEventMatchingMask:untilDate:inMode:dequeue:]+0x7c
C  [AppKit+0x3dd28]  -[NSApplication run]+0x2aa
C  [libosxapp.dylib+0x214d]  +[NSApplicationAWT runAWTLoopWithApp:]+0x9c
C  [libawt_lwawt.dylib+0x4455b]  -[AWTStarter starter:]+0x389
C  [Foundation+0x7741e]  __NSThreadPerformPerform+0x117
C  [CoreFoundation+0xaa8b1]  __CFRUNLOOP_IS_CALLING_OUT_TO_A_SOURCE0_PERFORM_FUNCTION__+0x11
C  [CoreFoundation+0x8a0ac]  __CFRunLoopDoSources0+0x22c
C  [CoreFoundation+0x895cf]  __CFRunLoopRun+0x39f
C  [CoreFoundation+0x88fc8]  CFRunLoopRunSpecific+0x128
C  [java+0x6463]  CreateExecutionEnvironment+0x367
C  [java+0x21ac]  JLI_Launch+0x7a0
C  [java+0x84c0]  main+0x65
C  [java+0x1a04]  start+0x34
C  0x0000000000000007

Java frames: (J=compiled Java code, j=interpreted, Vv=VM code)
j  jogamp.nativewindow.jawt.macosx.MacOSXJAWTWindow.UnsetJAWTRootSurfaceLayer0(JJ)V+0
j  jogamp.nativewindow.jawt.macosx.MacOSXJAWTWindow.access$200(JJ)V+2
j  jogamp.nativewindow.jawt.macosx.MacOSXJAWTWindow$1.run()V+38
j  com.jogamp.common.util.RunnableTask.run()V+24
v  ~StubRoutines::call_stub

---------------  P R O C E S S  ---------------

Java Threads: ( => current thread )
  0x00007fe0fce08000 JavaThread "Thread-19" [_thread_blocked, id=32263, stack(0x0000700000dc4000,0x0000700000ec4000)]
  0x00007fe0fcd8f000 JavaThread "AWT-EventQueue-1" [_thread_in_native, id=59955, stack(0x00007000015e2000,0x00007000016e2000)]
  0x00007fe0fc22d000 JavaThread "DestroyJavaVM" [_thread_blocked, id=4099, stack(0x0000700000084000,0x0000700000184000)]
  0x00007fe0fc3b4800 JavaThread "AWT-EventQueue-0" [_thread_blocked, id=57615, stack(0x00007000013dc000,0x00007000014dc000)]
  0x00007fe0fc309000 JavaThread "Java2D Disposer" daemon [_thread_blocked, id=52739, stack(0x0000700001153000,0x0000700001253000)]
  0x00007fe0fca44000 JavaThread "Java2D Queue Flusher" daemon [_thread_blocked, id=47891, stack(0x0000700001050000,0x0000700001150000)]
  0x00007fe0fc229000 JavaThread "AWT-Shutdown" [_thread_blocked, id=28943, stack(0x0000700000eca000,0x0000700000fca000)]
=>0x00007fe0fc208000 JavaThread "AWT-AppKit" daemon [_thread_in_native, id=2571, stack(0x00007fff57d35000,0x00007fff58535000)]
  0x00007fe0fc84b800 JavaThread "Service Thread" daemon [_thread_blocked, id=17411, stack(0x0000700000b3b000,0x0000700000c3b000)]
  0x00007fe0fc849000 JavaThread "C1 CompilerThread1" daemon [_thread_blocked, id=16899, stack(0x0000700000a38000,0x0000700000b38000)]
  0x00007fe0fc845000 JavaThread "C2 CompilerThread0" daemon [_thread_blocked, id=16387, stack(0x0000700000935000,0x0000700000a35000)]
  0x00007fe0fc04b800 JavaThread "Signal Dispatcher" daemon [_thread_blocked, id=15879, stack(0x0000700000832000,0x0000700000932000)]
  0x00007fe0fc004000 JavaThread "Finalizer" daemon [_thread_blocked, id=11779, stack(0x0000700000629000,0x0000700000729000)]
  0x00007fe0fc00d000 JavaThread "Reference Handler" daemon [_thread_blocked, id=11267, stack(0x0000700000526000,0x0000700000626000)]

Other Threads:
  0x00007fe0fc00f000 VMThread [stack: 0x0000700000423000,0x0000700000523000] [id=10755]
  0x00007fe0fc025800 WatcherThread [stack: 0x0000700000c3e000,0x0000700000d3e000] [id=17923]

VM state:not at safepoint (normal execution)

VM Mutex/Monitor currently owned by a thread: None

Heap:
 PSYoungGen      total 25088K, used 6669K [0x0000000795580000, 0x0000000796f00000, 0x00000007c0000000)
  eden space 24064K, 27% used [0x0000000795580000,0x0000000795bf35c8,0x0000000796d00000)
  from space 1024K, 6% used [0x0000000796d00000,0x0000000796d10000,0x0000000796e00000)
  to   space 1024K, 0% used [0x0000000796e00000,0x0000000796e00000,0x0000000796f00000)
 ParOldGen       total 87552K, used 14917K [0x0000000740000000, 0x0000000745580000, 0x0000000795580000)
  object space 87552K, 17% used [0x0000000740000000,0x0000000740e915a8,0x0000000745580000)
 Metaspace       used 20775K, capacity 21017K, committed 21296K, reserved 1069056K
  class space    used 2045K, capacity 2115K, committed 2176K, reserved 1048576K

Card table byte_map: [0x00000001181c0000,0x00000001185c1000] byte_map_base: 0x00000001147c0000

Marking Bits: (ParMarkBitMap*) 0x0000000108224e20
 Begin Bits: [0x000000011886c000, 0x000000011a86c000)
 End Bits:   [0x000000011a86c000, 0x000000011c86c000)

Polling page: 0x0000000108910000

CodeCache: size=245760Kb used=8422Kb max_used=8618Kb free=237337Kb
 bounds [0x0000000108e00000, 0x0000000109690000, 0x0000000117e00000]
 total_blobs=3179 nmethods=2301 adapters=793
 compilation: enabled

Compilation events (10 events):
Event: 743.307 Thread 0x00007fe0fc845000 2550       4       java.awt.Point::<init> (15 bytes)
Event: 743.308 Thread 0x00007fe0fc845000 nmethod 2550 0x0000000108f14650 code [0x0000000108f147a0, 0x0000000108f147f8]
Event: 743.926 Thread 0x00007fe0fc845000 2551       4       sun.java2d.SurfaceData::pixelFor (13 bytes)
Event: 743.927 Thread 0x00007fe0fc845000 nmethod 2551 0x000000010913ca10 code [0x000000010913cb60, 0x000000010913cc38]
Event: 743.931 Thread 0x00007fe0fc849000 2552       3       sun.java2d.pipe.RenderBuffer::putInt (26 bytes)
Event: 743.932 Thread 0x00007fe0fc849000 nmethod 2552 0x00000001091f8d10 code [0x00000001091f8e80, 0x00000001091f8ff0]
Event: 743.942 Thread 0x00007fe0fc849000 2553       3       java.awt.KeyboardFocusManager::checkKFMSecurity (11 bytes)
Event: 743.943 Thread 0x00007fe0fc849000 nmethod 2553 0x000000010916df50 code [0x000000010916e140, 0x000000010916e878]
Event: 743.978 Thread 0x00007fe0fc845000 2554   !   4       com.jogamp.common.util.awt.AWTEDTExecutor::invoke (57 bytes)
Event: 744.000 Thread 0x00007fe0fc845000 nmethod 2554 0x0000000109395e10 code [0x0000000109396080, 0x0000000109396c90]

GC Heap History (10 events):
Event: 693.726 GC heap before
{Heap before GC invocations=53 (full 0):
 PSYoungGen      total 25088K, used 24096K [0x0000000795580000, 0x0000000796f00000, 0x00000007c0000000)
  eden space 24064K, 100% used [0x0000000795580000,0x0000000796d00000,0x0000000796d00000)
  from space 1024K, 3% used [0x0000000796e00000,0x0000000796e08000,0x0000000796f00000)
  to   space 1024K, 0% used [0x0000000796d00000,0x0000000796d00000,0x0000000796e00000)
 ParOldGen       total 87552K, used 14917K [0x0000000740000000, 0x0000000745580000, 0x0000000795580000)
  object space 87552K, 17% used [0x0000000740000000,0x0000000740e915a8,0x0000000745580000)
 Metaspace       used 20737K, capacity 20953K, committed 21120K, reserved 1069056K
  class space    used 2037K, capacity 2115K, committed 2176K, reserved 1048576K
Event: 693.742 GC heap after
Heap after GC invocations=53 (full 0):
 PSYoungGen      total 25088K, used 32K [0x0000000795580000, 0x0000000796f00000, 0x00000007c0000000)
  eden space 24064K, 0% used [0x0000000795580000,0x0000000795580000,0x0000000796d00000)
  from space 1024K, 3% used [0x0000000796d00000,0x0000000796d08000,0x0000000796e00000)
  to   space 1024K, 0% used [0x0000000796e00000,0x0000000796e00000,0x0000000796f00000)
 ParOldGen       total 87552K, used 14917K [0x0000000740000000, 0x0000000745580000, 0x0000000795580000)
  object space 87552K, 17% used [0x0000000740000000,0x0000000740e915a8,0x0000000745580000)
 Metaspace       used 20737K, capacity 20953K, committed 21120K, reserved 1069056K
  class space    used 2037K, capacity 2115K, committed 2176K, reserved 1048576K
}
Event: 705.629 GC heap before
{Heap before GC invocations=54 (full 0):
 PSYoungGen      total 25088K, used 24096K [0x0000000795580000, 0x0000000796f00000, 0x00000007c0000000)
  eden space 24064K, 100% used [0x0000000795580000,0x0000000796d00000,0x0000000796d00000)
  from space 1024K, 3% used [0x0000000796d00000,0x0000000796d08000,0x0000000796e00000)
  to   space 1024K, 0% used [0x0000000796e00000,0x0000000796e00000,0x0000000796f00000)
 ParOldGen       total 87552K, used 14917K [0x0000000740000000, 0x0000000745580000, 0x0000000795580000)
  object space 87552K, 17% used [0x0000000740000000,0x0000000740e915a8,0x0000000745580000)
 Metaspace       used 20737K, capacity 20953K, committed 21120K, reserved 1069056K
  class space    used 2037K, capacity 2115K, committed 2176K, reserved 1048576K
Event: 705.630 GC heap after
Heap after GC invocations=54 (full 0):
 PSYoungGen      total 25088K, used 64K [0x0000000795580000, 0x0000000796f00000, 0x00000007c0000000)
  eden space 24064K, 0% used [0x0000000795580000,0x0000000795580000,0x0000000796d00000)
  from space 1024K, 6% used [0x0000000796e00000,0x0000000796e10000,0x0000000796f00000)
  to   space 1024K, 0% used [0x0000000796d00000,0x0000000796d00000,0x0000000796e00000)
 ParOldGen       total 87552K, used 14917K [0x0000000740000000, 0x0000000745580000, 0x0000000795580000)
  object space 87552K, 17% used [0x0000000740000000,0x0000000740e915a8,0x0000000745580000)
 Metaspace       used 20737K, capacity 20953K, committed 21120K, reserved 1069056K
  class space    used 2037K, capacity 2115K, committed 2176K, reserved 1048576K
}
Event: 717.498 GC heap before
{Heap before GC invocations=55 (full 0):
 PSYoungGen      total 25088K, used 24128K [0x0000000795580000, 0x0000000796f00000, 0x00000007c0000000)
  eden space 24064K, 100% used [0x0000000795580000,0x0000000796d00000,0x0000000796d00000)
  from space 1024K, 6% used [0x0000000796e00000,0x0000000796e10000,0x0000000796f00000)
  to   space 1024K, 0% used [0x0000000796d00000,0x0000000796d00000,0x0000000796e00000)
 ParOldGen       total 87552K, used 14917K [0x0000000740000000, 0x0000000745580000, 0x0000000795580000)
  object space 87552K, 17% used [0x0000000740000000,0x0000000740e915a8,0x0000000745580000)
 Metaspace       used 20737K, capacity 20953K, committed 21120K, reserved 1069056K
  class space    used 2037K, capacity 2115K, committed 2176K, reserved 1048576K
Event: 717.499 GC heap after
Heap after GC invocations=55 (full 0):
 PSYoungGen      total 25088K, used 64K [0x0000000795580000, 0x0000000796f00000, 0x00000007c0000000)
  eden space 24064K, 0% used [0x0000000795580000,0x0000000795580000,0x0000000796d00000)
  from space 1024K, 6% used [0x0000000796d00000,0x0000000796d10000,0x0000000796e00000)
  to   space 1024K, 0% used [0x0000000796e00000,0x0000000796e00000,0x0000000796f00000)
 ParOldGen       total 87552K, used 14917K [0x0000000740000000, 0x0000000745580000, 0x0000000795580000)
  object space 87552K, 17% used [0x0000000740000000,0x0000000740e915a8,0x0000000745580000)
 Metaspace       used 20737K, capacity 20953K, committed 21120K, reserved 1069056K
  class space    used 2037K, capacity 2115K, committed 2176K, reserved 1048576K
}
Event: 728.433 GC heap before
{Heap before GC invocations=56 (full 0):
 PSYoungGen      total 25088K, used 24128K [0x0000000795580000, 0x0000000796f00000, 0x00000007c0000000)
  eden space 24064K, 100% used [0x0000000795580000,0x0000000796d00000,0x0000000796d00000)
  from space 1024K, 6% used [0x0000000796d00000,0x0000000796d10000,0x0000000796e00000)
  to   space 1024K, 0% used [0x0000000796e00000,0x0000000796e00000,0x0000000796f00000)
 ParOldGen       total 87552K, used 14917K [0x0000000740000000, 0x0000000745580000, 0x0000000795580000)
  object space 87552K, 17% used [0x0000000740000000,0x0000000740e915a8,0x0000000745580000)
 Metaspace       used 20737K, capacity 20953K, committed 21120K, reserved 1069056K
  class space    used 2037K, capacity 2115K, committed 2176K, reserved 1048576K
Event: 728.435 GC heap after
Heap after GC invocations=56 (full 0):
 PSYoungGen      total 25088K, used 64K [0x0000000795580000, 0x0000000796f00000, 0x00000007c0000000)
  eden space 24064K, 0% used [0x0000000795580000,0x0000000795580000,0x0000000796d00000)
  from space 1024K, 6% used [0x0000000796e00000,0x0000000796e10000,0x0000000796f00000)
  to   space 1024K, 0% used [0x0000000796d00000,0x0000000796d00000,0x0000000796e00000)
 ParOldGen       total 87552K, used 14917K [0x0000000740000000, 0x0000000745580000, 0x0000000795580000)
  object space 87552K, 17% used [0x0000000740000000,0x0000000740e915a8,0x0000000745580000)
 Metaspace       used 20737K, capacity 20953K, committed 21120K, reserved 1069056K
  class space    used 2037K, capacity 2115K, committed 2176K, reserved 1048576K
}
Event: 739.600 GC heap before
{Heap before GC invocations=57 (full 0):
 PSYoungGen      total 25088K, used 24128K [0x0000000795580000, 0x0000000796f00000, 0x00000007c0000000)
  eden space 24064K, 100% used [0x0000000795580000,0x0000000796d00000,0x0000000796d00000)
  from space 1024K, 6% used [0x0000000796e00000,0x0000000796e10000,0x0000000796f00000)
  to   space 1024K, 0% used [0x0000000796d00000,0x0000000796d00000,0x0000000796e00000)
 ParOldGen       total 87552K, used 14917K [0x0000000740000000, 0x0000000745580000, 0x0000000795580000)
  object space 87552K, 17% used [0x0000000740000000,0x0000000740e915a8,0x0000000745580000)
 Metaspace       used 20737K, capacity 20953K, committed 21120K, reserved 1069056K
  class space    used 2037K, capacity 2115K, committed 2176K, reserved 1048576K
Event: 739.602 GC heap after
Heap after GC invocations=57 (full 0):
 PSYoungGen      total 25088K, used 64K [0x0000000795580000, 0x0000000796f00000, 0x00000007c0000000)
  eden space 24064K, 0% used [0x0000000795580000,0x0000000795580000,0x0000000796d00000)
  from space 1024K, 6% used [0x0000000796d00000,0x0000000796d10000,0x0000000796e00000)
  to   space 1024K, 0% used [0x0000000796e00000,0x0000000796e00000,0x0000000796f00000)
 ParOldGen       total 87552K, used 14917K [0x0000000740000000, 0x0000000745580000, 0x0000000795580000)
  object space 87552K, 17% used [0x0000000740000000,0x0000000740e915a8,0x0000000745580000)
 Metaspace       used 20737K, capacity 20953K, committed 21120K, reserved 1069056K
  class space    used 2037K, capacity 2115K, committed 2176K, reserved 1048576K
}

Deoptimization events (10 events):
Event: 743.957 Thread 0x00007fe0fc3b4800 Uncommon trap: reason=class_check action=maybe_recompile pc=0x00000001093cf3f8 method=java.awt.Component.getGraphics()Ljava/awt/Graphics; @ 114
Event: 743.958 Thread 0x00007fe0fcd8f000 Uncommon trap: reason=class_check action=maybe_recompile pc=0x0000000109660c9c method=java.awt.event.InvocationEvent.dispatch()V @ 11
Event: 743.960 Thread 0x00007fe0fc208000 Uncommon trap: reason=class_check action=maybe_recompile pc=0x0000000108f7c740 method=com.jogamp.common.util.RunnableTask.run()V @ 24
Event: 743.961 Thread 0x00007fe0fc208000 Uncommon trap: reason=unstable_if action=reinterpret pc=0x0000000108f1c23c method=jogamp.nativewindow.macosx.OSXUtil.RunOnMainThread(ZZLjava/lang/Runnable;)V @ 3
Event: 743.976 Thread 0x00007fe0fcd8f000 Uncommon trap: reason=unstable_if action=reinterpret pc=0x000000010966b394 method=jogamp.opengl.GLContextImpl.release(Z)V @ 161
Event: 743.980 Thread 0x00007fe0fcd8f000 Uncommon trap: reason=unstable_if action=reinterpret pc=0x0000000109367198 method=java.util.LinkedList$ListItr.<init>(Ljava/util/LinkedList;I)V @ 26
Event: 743.981 Thread 0x00007fe0fcd8f000 Uncommon trap: reason=unstable_if action=reinterpret pc=0x00000001094cd488 method=java.security.AccessControlContext.optimize()Ljava/security/AccessControlContext; @ 233
Event: 743.994 Thread 0x00007fe0fc3b4800 Uncommon trap: reason=class_check action=maybe_recompile pc=0x00000001093cf3f8 method=java.awt.Component.getGraphics()Ljava/awt/Graphics; @ 114
Event: 743.995 Thread 0x00007fe0fcd8f000 Uncommon trap: reason=class_check action=maybe_recompile pc=0x0000000109660c9c method=java.awt.event.InvocationEvent.dispatch()V @ 11
Event: 744.009 Thread 0x00007fe0fc208000 Uncommon trap: reason=class_check action=maybe_recompile pc=0x0000000108f7c740 method=com.jogamp.common.util.RunnableTask.run()V @ 24

Internal exceptions (10 events):
Event: 0.458 Thread 0x00007fe0fc806000 Exception <a 'java/lang/NoSuchFieldError': method resolution failed> (0x000000079582a0f0) thrown at [/HUDSON3/workspace/8-2-build-macosx-x86_64/jdk8u66/4988/hotspot/src/share/vm/prims/methodHandles.cpp, line 1146]
Event: 0.466 Thread 0x00007fe0fc806000 Exception <a 'java/lang/NoSuchFieldError': method resolution failed> (0x00000007958378c0) thrown at [/HUDSON3/workspace/8-2-build-macosx-x86_64/jdk8u66/4988/hotspot/src/share/vm/prims/methodHandles.cpp, line 1146]
Event: 0.729 Thread 0x00007fe0fc806000 Exception <a 'java/io/FileNotFoundException'> (0x00000007958b35b8) thrown at [/HUDSON3/workspace/8-2-build-macosx-x86_64/jdk8u66/4988/hotspot/src/share/vm/prims/jni.cpp, line 709]
Event: 0.729 Thread 0x00007fe0fc806000 Exception <a 'java/io/FileNotFoundException'> (0x00000007958b40e0) thrown at [/HUDSON3/workspace/8-2-build-macosx-x86_64/jdk8u66/4988/hotspot/src/share/vm/prims/jni.cpp, line 709]
Event: 1.280 Thread 0x00007fe0fc806000 Exception <a 'java/io/FileNotFoundException'> (0x00000007959eef88) thrown at [/HUDSON3/workspace/8-2-build-macosx-x86_64/jdk8u66/4988/hotspot/src/share/vm/prims/jni.cpp, line 709]
Event: 6.841 Thread 0x00007fe0fc806000 Exception <a 'java/lang/UnsatisfiedLinkError': com.jogamp.common.util.JarUtil.fixNativeLibAttribs(Ljava/lang/String;)Z> (0x0000000796af7d50) thrown at [/HUDSON3/workspace/8-2-build-macosx-x86_64/jdk8u66/4988/hotspot/src/share/vm/prims/nativeLookup.cpp, li
Event: 7.669 Thread 0x00007fe0fc004000 Exception <a 'java/lang/NullPointerException'> (0x000000079574b640) thrown at [/HUDSON3/workspace/8-2-build-macosx-x86_64/jdk8u66/4988/hotspot/src/share/vm/interpreter/linkResolver.cpp, line 1178]
Event: 9.411 Thread 0x00007fe0fcd8f000 Exception <a 'java/io/FileNotFoundException'> (0x0000000795f0d9b8) thrown at [/HUDSON3/workspace/8-2-build-macosx-x86_64/jdk8u66/4988/hotspot/src/share/vm/prims/jni.cpp, line 709]
Event: 9.412 Thread 0x00007fe0fcd8f000 Exception <a 'java/io/FileNotFoundException'> (0x0000000795f13ac0) thrown at [/HUDSON3/workspace/8-2-build-macosx-x86_64/jdk8u66/4988/hotspot/src/share/vm/prims/jni.cpp, line 709]
Event: 9.412 Thread 0x00007fe0fcd8f000 Implicit null exception at 0x0000000108fb5cf5 to 0x0000000108fb603d

Events (10 events):
Event: 744.001 Thread 0x00007fe0fc845000 flushing nmethod 0x00000001093502d0
Event: 744.001 Thread 0x00007fe0fc845000 flushing nmethod 0x0000000109351710
Event: 744.001 Thread 0x00007fe0fc845000 flushing nmethod 0x0000000109369850
Event: 744.001 Thread 0x00007fe0fc845000 flushing nmethod 0x000000010939a410
Event: 744.001 Thread 0x00007fe0fc845000 flushing nmethod 0x000000010939e5d0
Event: 744.001 Thread 0x00007fe0fc845000 flushing nmethod 0x00000001093a3e10
Event: 744.001 Thread 0x00007fe0fc845000 flushing nmethod 0x00000001093ad410
Event: 744.009 Thread 0x00007fe0fc208000 Uncommon trap: trap_request=0xffffffde fr.pc=0x0000000108f7c740
Event: 744.009 Thread 0x00007fe0fc208000 DEOPT PACKING pc=0x0000000108f7c740 sp=0x00007fff58530710
Event: 744.009 Thread 0x00007fe0fc208000 DEOPT UNPACKING pc=0x0000000108e04f69 sp=0x00007fff585306b8 mode 2


Dynamic libraries:
0x000000000611d000 	/System/Library/Frameworks/Cocoa.framework/Versions/A/Cocoa
0x000000000611d000 	/System/Library/Frameworks/Security.framework/Versions/A/Security
0x000000000611d000 	/System/Library/Frameworks/ApplicationServices.framework/Versions/A/ApplicationServices
0x000000000611d000 	/usr/lib/libz.1.dylib
0x000000000611d000 	/usr/lib/libSystem.B.dylib
0x000000000611d000 	/usr/lib/libobjc.A.dylib
0x000000000611d000 	/System/Library/Frameworks/CoreFoundation.framework/Versions/A/CoreFoundation
0x000000000611d000 	/System/Library/Frameworks/Foundation.framework/Versions/C/Foundation
0x000000000611d000 	/System/Library/Frameworks/AppKit.framework/Versions/C/AppKit
0x000000000611d000 	/System/Library/Frameworks/CoreData.framework/Versions/A/CoreData
0x000000000611d000 	/System/Library/PrivateFrameworks/RemoteViewServices.framework/Versions/A/RemoteViewServices
0x000000000611d000 	/System/Library/PrivateFrameworks/UIFoundation.framework/Versions/A/UIFoundation
0x000000000611d000 	/usr/lib/libScreenReader.dylib
0x000000000611d000 	/System/Library/Frameworks/Accelerate.framework/Versions/A/Accelerate
0x000000000611d000 	/System/Library/Frameworks/IOSurface.framework/Versions/A/IOSurface
0x000000000611d000 	/System/Library/Frameworks/AudioToolbox.framework/Versions/A/AudioToolbox
0x000000000611d000 	/System/Library/Frameworks/AudioUnit.framework/Versions/A/AudioUnit
0x000000000611d000 	/System/Library/PrivateFrameworks/DataDetectorsCore.framework/Versions/A/DataDetectorsCore
0x000000000611d000 	/System/Library/PrivateFrameworks/DesktopServicesPriv.framework/Versions/A/DesktopServicesPriv
0x000000000611d000 	/System/Library/Frameworks/Carbon.framework/Versions/A/Frameworks/HIToolbox.framework/Versions/A/HIToolbox
0x000000000611d000 	/System/Library/Frameworks/QuartzCore.framework/Versions/A/QuartzCore
0x000000000611d000 	/System/Library/Frameworks/Carbon.framework/Versions/A/Frameworks/SpeechRecognition.framework/Versions/A/SpeechRecognition
0x000000000611d000 	/usr/lib/libauto.dylib
0x000000000611d000 	/usr/lib/libicucore.A.dylib
0x000000000611d000 	/usr/lib/libxml2.2.dylib
0x000000000611d000 	/System/Library/PrivateFrameworks/CoreUI.framework/Versions/A/CoreUI
0x000000000611d000 	/System/Library/Frameworks/CoreAudio.framework/Versions/A/CoreAudio
0x000000000611d000 	/System/Library/Frameworks/DiskArbitration.framework/Versions/A/DiskArbitration
0x000000000611d000 	/usr/lib/liblangid.dylib
0x000000000611d000 	/System/Library/PrivateFrameworks/MultitouchSupport.framework/Versions/A/MultitouchSupport
0x000000000611d000 	/System/Library/Frameworks/IOKit.framework/Versions/A/IOKit
0x000000000611d000 	/usr/lib/libDiagnosticMessagesClient.dylib
0x000000000611d000 	/System/Library/Frameworks/CoreServices.framework/Versions/A/CoreServices
0x000000000611d000 	/System/Library/PrivateFrameworks/PerformanceAnalysis.framework/Versions/A/PerformanceAnalysis
0x000000000611d000 	/System/Library/PrivateFrameworks/GenerationalStorage.framework/Versions/A/GenerationalStorage
0x000000000611d000 	/System/Library/Frameworks/OpenGL.framework/Versions/A/OpenGL
0x000000000611d000 	/System/Library/PrivateFrameworks/Sharing.framework/Versions/A/Sharing
0x000000000611d000 	/System/Library/Frameworks/CoreGraphics.framework/Versions/A/CoreGraphics
0x000000000611d000 	/System/Library/Frameworks/CoreImage.framework/Versions/A/CoreImage
0x000000000611d000 	/System/Library/Frameworks/CoreText.framework/Versions/A/CoreText
0x000000000611d000 	/System/Library/Frameworks/ImageIO.framework/Versions/A/ImageIO
0x000000000611d000 	/System/Library/PrivateFrameworks/Backup.framework/Versions/A/Backup
0x000000000611d000 	/usr/lib/libextension.dylib
0x000000000611d000 	/usr/lib/libarchive.2.dylib
0x000000000611d000 	/System/Library/Frameworks/CFNetwork.framework/Versions/A/CFNetwork
0x000000000611d000 	/System/Library/Frameworks/SystemConfiguration.framework/Versions/A/SystemConfiguration
0x000000000611d000 	/usr/lib/libCRFSuite.dylib
0x000000000611d000 	/usr/lib/libc++.1.dylib
0x000000000611d000 	/usr/lib/libc++abi.dylib
0x000000000611d000 	/usr/lib/system/libcache.dylib
0x000000000611d000 	/usr/lib/system/libcommonCrypto.dylib
0x000000000611d000 	/usr/lib/system/libcompiler_rt.dylib
0x000000000611d000 	/usr/lib/system/libcopyfile.dylib
0x000000000611d000 	/usr/lib/system/libcorecrypto.dylib
0x000000000611d000 	/usr/lib/system/libdispatch.dylib
0x000000000611d000 	/usr/lib/system/libdyld.dylib
0x000000000611d000 	/usr/lib/system/libkeymgr.dylib
0x000000000611d000 	/usr/lib/system/liblaunch.dylib
0x000000000611d000 	/usr/lib/system/libmacho.dylib
0x000000000611d000 	/usr/lib/system/libquarantine.dylib
0x000000000611d000 	/usr/lib/system/libremovefile.dylib
0x000000000611d000 	/usr/lib/system/libsystem_asl.dylib
0x000000000611d000 	/usr/lib/system/libsystem_blocks.dylib
0x000000000611d000 	/usr/lib/system/libsystem_c.dylib
0x000000000611d000 	/usr/lib/system/libsystem_configuration.dylib
0x000000000611d000 	/usr/lib/system/libsystem_coreservices.dylib
0x000000000611d000 	/usr/lib/system/libsystem_coretls.dylib
0x000000000611d000 	/usr/lib/system/libsystem_dnssd.dylib
0x000000000611d000 	/usr/lib/system/libsystem_info.dylib
0x000000000611d000 	/usr/lib/system/libsystem_kernel.dylib
0x000000000611d000 	/usr/lib/system/libsystem_m.dylib
0x000000000611d000 	/usr/lib/system/libsystem_malloc.dylib
0x000000000611d000 	/usr/lib/system/libsystem_network.dylib
0x000000000611d000 	/usr/lib/system/libsystem_networkextension.dylib
0x000000000611d000 	/usr/lib/system/libsystem_notify.dylib
0x000000000611d000 	/usr/lib/system/libsystem_platform.dylib
0x000000000611d000 	/usr/lib/system/libsystem_pthread.dylib
0x000000000611d000 	/usr/lib/system/libsystem_sandbox.dylib
0x000000000611d000 	/usr/lib/system/libsystem_secinit.dylib
0x000000000611d000 	/usr/lib/system/libsystem_trace.dylib
0x000000000611d000 	/usr/lib/system/libunc.dylib
0x000000000611d000 	/usr/lib/system/libunwind.dylib
0x000000000611d000 	/usr/lib/system/libxpc.dylib
0x000000000611d000 	/usr/lib/libenergytrace.dylib
0x000000000611d000 	/usr/lib/libbsm.0.dylib
0x000000000611d000 	/usr/lib/system/libkxld.dylib
0x000000000611d000 	/usr/lib/libxar.1.dylib
0x000000000611d000 	/usr/lib/libsqlite3.dylib
0x000000000611d000 	/usr/lib/libpam.2.dylib
0x000000000611d000 	/usr/lib/libOpenScriptingUtil.dylib
0x000000000611d000 	/usr/lib/libbz2.1.0.dylib
0x000000000611d000 	/usr/lib/liblzma.5.dylib
0x000000000611d000 	/System/Library/Frameworks/CoreServices.framework/Versions/A/Frameworks/FSEvents.framework/Versions/A/FSEvents
0x000000000611d000 	/System/Library/Frameworks/CoreServices.framework/Versions/A/Frameworks/CarbonCore.framework/Versions/A/CarbonCore
0x000000000611d000 	/System/Library/Frameworks/CoreServices.framework/Versions/A/Frameworks/Metadata.framework/Versions/A/Metadata
0x000000000611d000 	/System/Library/Frameworks/CoreServices.framework/Versions/A/Frameworks/OSServices.framework/Versions/A/OSServices
0x000000000611d000 	/System/Library/Frameworks/CoreServices.framework/Versions/A/Frameworks/SearchKit.framework/Versions/A/SearchKit
0x000000000611d000 	/System/Library/Frameworks/CoreServices.framework/Versions/A/Frameworks/AE.framework/Versions/A/AE
0x000000000611d000 	/System/Library/Frameworks/CoreServices.framework/Versions/A/Frameworks/LaunchServices.framework/Versions/A/LaunchServices
0x000000000611d000 	/System/Library/Frameworks/CoreServices.framework/Versions/A/Frameworks/DictionaryServices.framework/Versions/A/DictionaryServices
0x000000000611d000 	/System/Library/Frameworks/CoreServices.framework/Versions/A/Frameworks/SharedFileList.framework/Versions/A/SharedFileList
0x000000000611d000 	/System/Library/Frameworks/NetFS.framework/Versions/A/NetFS
0x000000000611d000 	/System/Library/PrivateFrameworks/NetAuth.framework/Versions/A/NetAuth
0x000000000611d000 	/System/Library/PrivateFrameworks/login.framework/Versions/A/Frameworks/loginsupport.framework/Versions/A/loginsupport
0x000000000611d000 	/System/Library/PrivateFrameworks/TCC.framework/Versions/A/TCC
0x000000000611d000 	/usr/lib/libmecabra.dylib
0x000000000611d000 	/System/Library/Frameworks/ApplicationServices.framework/Versions/A/Frameworks/ATS.framework/Versions/A/ATS
0x000000000611d000 	/System/Library/Frameworks/ApplicationServices.framework/Versions/A/Frameworks/ColorSync.framework/Versions/A/ColorSync
0x000000000611d000 	/System/Library/Frameworks/ApplicationServices.framework/Versions/A/Frameworks/HIServices.framework/Versions/A/HIServices
0x000000000611d000 	/System/Library/Frameworks/ApplicationServices.framework/Versions/A/Frameworks/LangAnalysis.framework/Versions/A/LangAnalysis
0x000000000611d000 	/System/Library/Frameworks/ApplicationServices.framework/Versions/A/Frameworks/PrintCore.framework/Versions/A/PrintCore
0x000000000611d000 	/System/Library/Frameworks/ApplicationServices.framework/Versions/A/Frameworks/QD.framework/Versions/A/QD
0x000000000611d000 	/System/Library/Frameworks/ApplicationServices.framework/Versions/A/Frameworks/SpeechSynthesis.framework/Versions/A/SpeechSynthesis
0x000000000611d000 	/System/Library/Frameworks/Metal.framework/Versions/A/Metal
0x000000000611d000 	/System/Library/Frameworks/Accelerate.framework/Versions/A/Frameworks/vImage.framework/Versions/A/vImage
0x000000000611d000 	/System/Library/Frameworks/Accelerate.framework/Versions/A/Frameworks/vecLib.framework/Versions/A/vecLib
0x000000000611d000 	/System/Library/Frameworks/Accelerate.framework/Versions/A/Frameworks/vecLib.framework/Versions/A/libvDSP.dylib
0x000000000611d000 	/System/Library/Frameworks/Accelerate.framework/Versions/A/Frameworks/vecLib.framework/Versions/A/libvMisc.dylib
0x000000000611d000 	/System/Library/Frameworks/Accelerate.framework/Versions/A/Frameworks/vecLib.framework/Versions/A/libLAPACK.dylib
0x000000000611d000 	/System/Library/Frameworks/Accelerate.framework/Versions/A/Frameworks/vecLib.framework/Versions/A/libBLAS.dylib
0x000000000611d000 	/System/Library/Frameworks/Accelerate.framework/Versions/A/Frameworks/vecLib.framework/Versions/A/libLinearAlgebra.dylib
0x000000000611d000 	/System/Library/Frameworks/Accelerate.framework/Versions/A/Frameworks/vecLib.framework/Versions/A/libSparseBLAS.dylib
0x000000000611d000 	/System/Library/PrivateFrameworks/GPUCompiler.framework/libmetal_timestamp.dylib
0x000000000611d000 	/System/Library/Frameworks/OpenGL.framework/Versions/A/Libraries/libCoreFSCache.dylib
0x000000000611d000 	/System/Library/PrivateFrameworks/IOAccelerator.framework/Versions/A/IOAccelerator
0x000000000611d000 	/System/Library/Frameworks/ApplicationServices.framework/Versions/A/Frameworks/ATS.framework/Versions/A/Resources/libFontParser.dylib
0x000000000611d000 	/System/Library/Frameworks/ApplicationServices.framework/Versions/A/Frameworks/ATS.framework/Versions/A/Resources/libFontRegistry.dylib
0x000000000611d000 	/System/Library/PrivateFrameworks/AppleVPA.framework/Versions/A/AppleVPA
0x000000000611d000 	/System/Library/PrivateFrameworks/AppleJPEG.framework/Versions/A/AppleJPEG
0x000000000611d000 	/System/Library/Frameworks/ImageIO.framework/Versions/A/Resources/libJPEG.dylib
0x000000000611d000 	/System/Library/Frameworks/ImageIO.framework/Versions/A/Resources/libTIFF.dylib
0x000000000611d000 	/System/Library/Frameworks/ImageIO.framework/Versions/A/Resources/libPng.dylib
0x000000000611d000 	/System/Library/Frameworks/ImageIO.framework/Versions/A/Resources/libGIF.dylib
0x000000000611d000 	/System/Library/Frameworks/ImageIO.framework/Versions/A/Resources/libJP2.dylib
0x000000000611d000 	/System/Library/Frameworks/ImageIO.framework/Versions/A/Resources/libRadiance.dylib
0x000000000611d000 	/System/Library/Frameworks/CoreVideo.framework/Versions/A/CoreVideo
0x000000000611d000 	/System/Library/Frameworks/OpenGL.framework/Versions/A/Libraries/libGLU.dylib
0x000000000611d000 	/System/Library/Frameworks/OpenGL.framework/Versions/A/Libraries/libGFXShared.dylib
0x000000000611d000 	/System/Library/Frameworks/OpenGL.framework/Versions/A/Libraries/libGL.dylib
0x000000000611d000 	/System/Library/Frameworks/OpenGL.framework/Versions/A/Libraries/libGLImage.dylib
0x000000000611d000 	/System/Library/Frameworks/OpenGL.framework/Versions/A/Libraries/libCVMSPluginSupport.dylib
0x000000000611d000 	/System/Library/Frameworks/OpenGL.framework/Versions/A/Libraries/libCoreVMClient.dylib
0x000000000611d000 	/usr/lib/libcups.2.dylib
0x000000000611d000 	/System/Library/Frameworks/Kerberos.framework/Versions/A/Kerberos
0x000000000611d000 	/System/Library/Frameworks/GSS.framework/Versions/A/GSS
0x000000000611d000 	/usr/lib/libresolv.9.dylib
0x000000000611d000 	/usr/lib/libiconv.2.dylib
0x000000000611d000 	/System/Library/PrivateFrameworks/Heimdal.framework/Versions/A/Heimdal
0x000000000611d000 	/usr/lib/libheimdal-asn1.dylib
0x000000000611d000 	/System/Library/Frameworks/OpenDirectory.framework/Versions/A/OpenDirectory
0x000000000611d000 	/System/Library/PrivateFrameworks/CommonAuth.framework/Versions/A/CommonAuth
0x000000000611d000 	/System/Library/Frameworks/OpenDirectory.framework/Versions/A/Frameworks/CFOpenDirectory.framework/Versions/A/CFOpenDirectory
0x000000000611d000 	/System/Library/Frameworks/SecurityFoundation.framework/Versions/A/SecurityFoundation
0x000000000611d000 	/System/Library/PrivateFrameworks/LanguageModeling.framework/Versions/A/LanguageModeling
0x000000000611d000 	/usr/lib/libmarisa.dylib
0x000000000611d000 	/usr/lib/libChineseTokenizer.dylib
0x000000000611d000 	/usr/lib/libcmph.dylib
0x000000000611d000 	/usr/lib/libcompression.dylib
0x000000000611d000 	/System/Library/Frameworks/ServiceManagement.framework/Versions/A/ServiceManagement
0x000000000611d000 	/usr/lib/libxslt.1.dylib
0x000000000611d000 	/System/Library/Frameworks/Carbon.framework/Versions/A/Frameworks/Ink.framework/Versions/A/Ink
0x000000000611d000 	/usr/lib/libFosl_dynamic.dylib
0x000000000611d000 	/System/Library/PrivateFrameworks/FaceCore.framework/Versions/A/FaceCore
0x000000000611d000 	/System/Library/Frameworks/OpenCL.framework/Versions/A/OpenCL
0x000000000611d000 	/System/Library/PrivateFrameworks/CrashReporterSupport.framework/Versions/A/CrashReporterSupport
0x000000000611d000 	/System/Library/PrivateFrameworks/IconServices.framework/Versions/A/IconServices
0x000000000611d000 	/System/Library/PrivateFrameworks/Apple80211.framework/Versions/A/Apple80211
0x000000000611d000 	/System/Library/Frameworks/CoreWLAN.framework/Versions/A/CoreWLAN
0x000000000611d000 	/System/Library/Frameworks/IOBluetooth.framework/Versions/A/IOBluetooth
0x000000000611d000 	/System/Library/PrivateFrameworks/CoreWiFi.framework/Versions/A/CoreWiFi
0x000000000611d000 	/System/Library/Frameworks/CoreBluetooth.framework/Versions/A/CoreBluetooth
0x000000000611d000 	/System/Library/PrivateFrameworks/ChunkingLibrary.framework/Versions/A/ChunkingLibrary
0x000000000611d000 	/System/Library/PrivateFrameworks/DebugSymbols.framework/Versions/A/DebugSymbols
0x000000000611d000 	/System/Library/PrivateFrameworks/CoreSymbolication.framework/Versions/A/CoreSymbolication
0x000000000611d000 	/System/Library/PrivateFrameworks/Symbolication.framework/Versions/A/Symbolication
0x000000000611d000 	/System/Library/PrivateFrameworks/SpeechRecognitionCore.framework/Versions/A/SpeechRecognitionCore
0x0000000107947000 	/Library/Java/JavaVirtualMachines/jdk1.8.0_66.jdk/Contents/Home/jre/lib/server/libjvm.dylib
0x000000000611d000 	/usr/lib/libstdc++.6.dylib
0x00000001088cd000 	/Library/Java/JavaVirtualMachines/jdk1.8.0_66.jdk/Contents/Home/jre/lib/libverify.dylib
0x00000001088db000 	/Library/Java/JavaVirtualMachines/jdk1.8.0_66.jdk/Contents/Home/jre/lib/libjava.dylib
0x000000010891e000 	/Library/Java/JavaVirtualMachines/jdk1.8.0_66.jdk/Contents/Home/jre/lib/libzip.dylib
0x000000011e057000 	/System/Library/Frameworks/JavaVM.framework/Frameworks/JavaRuntimeSupport.framework/JavaRuntimeSupport
0x000000011e072000 	/System/Library/Frameworks/JavaVM.framework/Versions/A/Frameworks/JavaNativeFoundation.framework/Versions/A/JavaNativeFoundation
0x00000001089f3000 	/System/Library/Frameworks/JavaVM.framework/Versions/A/JavaVM
0x000000000611d000 	/System/Library/Frameworks/Carbon.framework/Versions/A/Carbon
0x000000011e087000 	/System/Library/PrivateFrameworks/JavaLaunching.framework/Versions/A/JavaLaunching
0x000000000611d000 	/System/Library/Frameworks/Carbon.framework/Versions/A/Frameworks/CommonPanels.framework/Versions/A/CommonPanels
0x000000000611d000 	/System/Library/Frameworks/Carbon.framework/Versions/A/Frameworks/Help.framework/Versions/A/Help
0x000000000611d000 	/System/Library/Frameworks/Carbon.framework/Versions/A/Frameworks/ImageCapture.framework/Versions/A/ImageCapture
0x000000000611d000 	/System/Library/Frameworks/Carbon.framework/Versions/A/Frameworks/OpenScripting.framework/Versions/A/OpenScripting
0x000000000611d000 	/System/Library/Frameworks/Carbon.framework/Versions/A/Frameworks/Print.framework/Versions/A/Print
0x000000000611d000 	/System/Library/Frameworks/Carbon.framework/Versions/A/Frameworks/SecurityHI.framework/Versions/A/SecurityHI
0x000000011f9aa000 	/Library/Java/JavaVirtualMachines/jdk1.8.0_66.jdk/Contents/Home/jre/lib/libawt.dylib
0x000000011fa52000 	/Library/Java/JavaVirtualMachines/jdk1.8.0_66.jdk/Contents/Home/jre/lib/./libmlib_image.dylib
0x000000011fb1e000 	/Library/Java/JavaVirtualMachines/jdk1.8.0_66.jdk/Contents/Home/jre/lib/libawt_lwawt.dylib
0x000000011fbd3000 	/Library/Java/JavaVirtualMachines/jdk1.8.0_66.jdk/Contents/Home/jre/lib/./libosxapp.dylib
0x000000000611d000 	/System/Library/Frameworks/ExceptionHandling.framework/Versions/A/ExceptionHandling
0x000000000611d000 	/System/Library/PrivateFrameworks/CoreServicesInternal.framework/Versions/A/CoreServicesInternal
0x000000000611d000 	/System/Library/Frameworks/CoreGraphics.framework/Versions/A/Resources/libRIP.A.dylib
0x000000000611d000 	/System/Library/Frameworks/Accelerate.framework/Versions/A/Frameworks/vImage.framework/Versions/A/Libraries/libCGInterfaces.dylib
0x000000000611d000 	/System/Library/Frameworks/CoreGraphics.framework/Versions/A/Resources/libCGXType.A.dylib
0x000000000611d000 	/System/Library/Frameworks/OpenCL.framework/Versions/A/Libraries/libcldcpuengine.dylib
0x000000000611d000 	/System/Library/PrivateFrameworks/DiskImages.framework/Versions/A/DiskImages
0x000000000611d000 	/System/Library/Frameworks/DiscRecording.framework/Versions/A/DiscRecording
0x000000000611d000 	/usr/lib/libcsfde.dylib
0x000000000611d000 	/usr/lib/libcurl.4.dylib
0x000000000611d000 	/System/Library/PrivateFrameworks/MediaKit.framework/Versions/A/MediaKit
0x000000000611d000 	/System/Library/PrivateFrameworks/ProtectedCloudStorage.framework/Versions/A/ProtectedCloudStorage
0x000000000611d000 	/usr/lib/libCoreStorage.dylib
0x000000000611d000 	/System/Library/PrivateFrameworks/EFILogin.framework/Versions/A/EFILogin
0x000000000611d000 	/usr/lib/libutil.dylib
0x000000000611d000 	/System/Library/PrivateFrameworks/FindMyDevice.framework/Versions/A/FindMyDevice
0x000000000611d000 	/System/Library/Frameworks/LDAP.framework/Versions/A/LDAP
0x000000000611d000 	/usr/lib/libsasl2.2.dylib
0x000000000611d000 	/System/Library/PrivateFrameworks/CoreDaemon.framework/Versions/B/CoreDaemon
0x000000000611d000 	/usr/lib/libcrypto.0.9.8.dylib
0x000000000611d000 	/System/Library/PrivateFrameworks/AppleSRP.framework/Versions/A/AppleSRP
0x000000000611d000 	/System/Library/PrivateFrameworks/TrustEvaluationAgent.framework/Versions/A/TrustEvaluationAgent
0x00000001213c0000 	cl_kernels
0x000000000611d000 	/System/Library/Frameworks/OpenCL.framework/Versions/A/Libraries/ImageFormats/unorm8_bgra.dylib
0x000000000611d000 	/System/Library/Frameworks/OpenCL.framework/Versions/A/Libraries/ImageFormats/unorm8_rgba.dylib
0x000000000611d000 	/System/Library/PrivateFrameworks/FamilyControls.framework/Versions/A/FamilyControls
0x000000000611d000 	/System/Library/PrivateFrameworks/CommerceKit.framework/Versions/A/Frameworks/CommerceCore.framework/Versions/A/CommerceCore
0x000000000611d000 	/System/Library/PrivateFrameworks/SystemAdministration.framework/Versions/A/SystemAdministration
0x000000000611d000 	/System/Library/PrivateFrameworks/AppContainer.framework/Versions/A/AppContainer
0x000000000611d000 	/System/Library/PrivateFrameworks/SecCodeWrapper.framework/Versions/A/SecCodeWrapper
0x000000000611d000 	/System/Library/Frameworks/DirectoryService.framework/Versions/A/DirectoryService
0x000000000611d000 	/System/Library/PrivateFrameworks/LoginUIKit.framework/Versions/A/Frameworks/LoginUICore.framework/Versions/A/LoginUICore
0x000000000611d000 	/usr/lib/libodfde.dylib
0x000000000611d000 	/System/Library/Frameworks/OpenGL.framework/Versions/A/Resources/GLEngine.bundle/GLEngine
0x000000000611d000 	/System/Library/Frameworks/OpenGL.framework/Versions/A/Libraries/libGLProgrammability.dylib
0x0000000122400000 	/System/Library/Extensions/GeForceTeslaGLDriver.bundle/Contents/MacOS/GeForceTeslaGLDriver
0x0000000123fc0000 	/System/Library/Extensions/GeForceTeslaGLDriver.bundle/Contents/MacOS/libclh.dylib
0x000000000611d000 	/System/Library/PrivateFrameworks/GPUSupport.framework/Versions/A/Libraries/libGPUSupport.dylib
0x000000000611d000 	/System/Library/Frameworks/OpenGL.framework/Versions/A/Resources/GLRendererFloat.bundle/GLRendererFloat
0x0000000124d66000 	/Library/Java/JavaVirtualMachines/jdk1.8.0_66.jdk/Contents/Home/jre/lib/libfontmanager.dylib
0x0000000126c98000 	/Library/Java/JavaVirtualMachines/jdk1.8.0_66.jdk/Contents/Home/jre/lib/libosxui.dylib
0x0000000127b8e000 	/Library/Java/JavaVirtualMachines/jdk1.8.0_66.jdk/Contents/Home/jre/lib/libnet.dylib
0x00000001279a2000 	/Library/Java/JavaVirtualMachines/jdk1.8.0_66.jdk/Contents/Home/jre/lib/libnio.dylib
0x000000000611d000 	/System/Library/Frameworks/ApplicationServices.framework/Versions/A/Frameworks/ATS.framework/Versions/A/Resources/libTrueTypeScaler.dylib
0x0000000120968000 	/private/var/folders/zw/5jg9p0yx0gb97hh28z85c9rw0000gn/T/jogamp_0000/file_cache/jln4131679149268044853/jln8494764907385972937/libgluegen-rt.jnilib
0x000000012096d000 	/private/var/folders/zw/5jg9p0yx0gb97hh28z85c9rw0000gn/T/jogamp_0000/file_cache/jln4131679149268044853/jln8494764907385972937/libnativewindow_awt.jnilib
0x0000000120970000 	/Library/Java/JavaVirtualMachines/jdk1.8.0_66.jdk/Contents/Home/jre/lib/libjawt.dylib
0x0000000120973000 	/private/var/folders/zw/5jg9p0yx0gb97hh28z85c9rw0000gn/T/jogamp_0000/file_cache/jln4131679149268044853/jln8494764907385972937/libnativewindow_macosx.jnilib
0x000000017b613000 	/private/var/folders/zw/5jg9p0yx0gb97hh28z85c9rw0000gn/T/jogamp_0000/file_cache/jln4131679149268044853/jln8494764907385972937/libjogl_desktop.jnilib

VM Arguments:
jvm_args: -Djava.security.policy=java.policy.applet -Dfile.encoding=UTF-8 
java_command: sun.applet.AppletViewer module3.EarthquakeCityMap1452278313114.html
java_class_path (initial): /Users/ia/dev/eclipse/workspace/UCSDUnfoldingMaps/build:/Users/ia/dev/eclipse/workspace/UCSDUnfoldingMaps/lib/core.jar:/Users/ia/dev/eclipse/workspace/UCSDUnfoldingMaps/lib/gluegen-rt.jar:/Users/ia/dev/eclipse/workspace/UCSDUnfoldingMaps/lib/jogl-all.jar:/Users/ia/dev/eclipse/workspace/UCSDUnfoldingMaps/lib/log4j-1.2.15.jar:/Users/ia/dev/eclipse/workspace/UCSDUnfoldingMaps/lib/sqlite-jdbc-3.7.2.jar:/Users/ia/dev/eclipse/workspace/UCSDUnfoldingMaps/lib/json4processing.jar:/Users/ia/dev/eclipse/workspace/UCSDUnfoldingMaps/lib/libTUIO.jar:/Users/ia/dev/eclipse/workspace/UCSDUnfoldingMaps/lib/unfolding.0.9.7-uscd.jar
Launcher Type: SUN_STANDARD

Environment Variables:
PATH=/usr/bin:/bin:/usr/sbin:/sbin
SHELL=/bin/bash

Signal Handlers:
SIGSEGV: [libjvm.dylib+0x5a65d5], sa_mask[0]=11111111011111110111111111111111, sa_flags=SA_ONSTACK|SA_RESTART|SA_SIGINFO
SIGBUS: [libjvm.dylib+0x5a65d5], sa_mask[0]=11111111011111110111111111111111, sa_flags=SA_RESTART|SA_SIGINFO
SIGFPE: [libjvm.dylib+0x4802e8], sa_mask[0]=11111111011111110111111111111111, sa_flags=SA_RESTART|SA_SIGINFO
SIGPIPE: [libjvm.dylib+0x4802e8], sa_mask[0]=11111111011111110111111111111111, sa_flags=SA_RESTART|SA_SIGINFO
SIGXFSZ: [libjvm.dylib+0x4802e8], sa_mask[0]=11111111011111110111111111111111, sa_flags=SA_RESTART|SA_SIGINFO
SIGILL: [libjvm.dylib+0x4802e8], sa_mask[0]=11111111011111110111111111111111, sa_flags=SA_RESTART|SA_SIGINFO
SIGUSR1: SIG_DFL, sa_mask[0]=00000000000000000000000000000000, sa_flags=none
SIGUSR2: [libjvm.dylib+0x47fe06], sa_mask[0]=00100000000000000000000000000000, sa_flags=SA_RESTART|SA_SIGINFO
SIGHUP: [libjvm.dylib+0x47e3dd], sa_mask[0]=11111111011111110111111111111111, sa_flags=SA_RESTART|SA_SIGINFO
SIGINT: [libjvm.dylib+0x47e3dd], sa_mask[0]=11111111011111110111111111111111, sa_flags=SA_RESTART|SA_SIGINFO
SIGTERM: [libjvm.dylib+0x47e3dd], sa_mask[0]=11111111011111110111111111111111, sa_flags=SA_RESTART|SA_SIGINFO
SIGQUIT: [libjvm.dylib+0x47e3dd], sa_mask[0]=11111111011111110111111111111111, sa_flags=SA_RESTART|SA_SIGINFO


---------------  S Y S T E M  ---------------

OS:Bsduname:Darwin 15.0.0 Darwin Kernel Version 15.0.0: Sat Sep 19 15:53:46 PDT 2015; root:xnu-3247.10.11~1/RELEASE_X86_64 x86_64
rlimit: STACK 8192k, CORE 0k, NPROC 709, NOFILE 10240, AS infinity
load average:5.19 2.73 2.23

CPU:total 2 (2 cores per cpu, 1 threads per core) family 6 model 23 stepping 10, cmov, cx8, fxsr, mmx, sse, sse2, sse3, ssse3, sse4.1, tsc

Memory: 4k page, physical 8388608k(1288324k free)

/proc/meminfo:


vm_info: Java HotSpot(TM) 64-Bit Server VM (25.66-b17) for bsd-amd64 JRE (1.8.0_66-b17), built on Oct  6 2015 16:09:13 by "java_re" with gcc 4.2.1 (Based on Apple Inc. build 5658) (LLVM build 2336.11.00)

time: Fri Jan  8 13:50:57 2016
elapsed time: 744 seconds (0d 0h 12m 24s)

