#
# A fatal error has been detected by the Java Runtime Environment:
#
#  SIGSEGV (0xb) at pc=0x00007fff9cdb6e5d, pid=8972, tid=2571
#
# JRE version: Java(TM) SE Runtime Environment (8.0_66-b17) (build 1.8.0_66-b17)
# Java VM: Java HotSpot(TM) 64-Bit Server VM (25.66-b17 mixed mode bsd-amd64 compressed oops)
# Problematic frame:
# C  [libobjc.A.dylib+0x7e5d]  objc_msgSend+0x1d
#
# Failed to write core dump. Core dumps have been disabled. To enable core dumping, try "ulimit -c unlimited" before starting Java again
#
# If you would like to submit a bug report, please visit:
#   http://bugreport.java.com/bugreport/crash.jsp
# The crash happened outside the Java Virtual Machine in native code.
# See problematic frame for where to report the bug.
#

---------------  T H R E A D  ---------------

Current thread (0x00007fc331230000):  JavaThread "AWT-AppKit" daemon [_thread_in_native, id=2571, stack(0x00007fff54405000,0x00007fff54c05000)]

siginfo: si_signo: 11 (SIGSEGV), si_code: 1 (SEGV_MAPERR), si_addr: 0x000007fc33385d00

Registers:
RAX=0x00007fc333827ba0, RBX=0x00000001242ab450, RCX=0x00000001242d33a0, RDX=0x00000001242d30a0
RSP=0x00007fff54c00498, RBP=0x00007fff54c00550, RSI=0x00007fff89dead0e, RDI=0x00007fc33381f880
R8 =0x0000000000000000, R9 =0x0000000000000810, R10=0x00007fff89dead0e, R11=0x000007fc33385ce8
R12=0x0000000000000000, R13=0x000000017ee0e980, R14=0x00000001242ab440, R15=0x00007fc331230000
RIP=0x00007fff9cdb6e5d, EFLAGS=0x0000000000010206, ERR=0x0000000000000004
  TRAPNO=0x000000000000000e

Top of Stack: (sp=0x00007fff54c00498)
0x00007fff54c00498:   00000001242a9157 00007fff54c004f0
0x00007fff54c004a8:   0000000000000003 00007fff54c004d0
0x00007fff54c004b8:   000000010b9f11f6 000000017ee0e980
0x00007fff54c004c8:   000000017ee0e980 00007fc333827ba0
0x00007fff54c004d8:   00000001242ab6a0 00000001242ab710
0x00007fff54c004e8:   00007fff78676740 00007fff771ef4c0
0x00007fff54c004f8:   00000001242ab450 00000001242ab690
0x00007fff54c00508:   00007fc333827ba0 00007fc33381f880
0x00007fff54c00518:   00007fc3338279b0 00007fc333827ba0
0x00007fff54c00528:   00007fc33381f880 00007fff54c005d8
0x00007fff54c00538:   00007fc3312301f8 000000017ee0e980
0x00007fff54c00548:   00007fff54c00600 00007fff54c005c8
0x00007fff54c00558:   000000010c7994d4 000000017ee0e980
0x00007fff54c00568:   00007fff54c00600 00007fff54c005c8
0x00007fff54c00578:   000000010c799267 000000010c799222
0x00007fff54c00588:   00007fff54c00588 000000017ee0e980
0x00007fff54c00598:   00007fff54c00600 000000017ee32028
0x00007fff54c005a8:   0000000000000000 000000017ee0e980
0x00007fff54c005b8:   0000000000000000 00007fff54c005e8
0x00007fff54c005c8:   00007fff54c00648 000000010c78d98d
0x00007fff54c005d8:   0000000740972d90 000000010c7952b8
0x00007fff54c005e8:   00007fc333827ba0 00007fff54c00648
0x00007fff54c005f8:   00007fc33381f880 000000010c796ac2
0x00007fff54c00608:   00007fff54c00608 000000017ee0eb4a
0x00007fff54c00618:   00007fff54c00670 000000017ee32028
0x00007fff54c00628:   0000000000000000 000000017ee0eb58
0x00007fff54c00638:   00007fff54c005e8 00007fff54c00658
0x00007fff54c00648:   00007fff54c006b8 000000010c78d98d
0x00007fff54c00658:   00007fc333827ba0 0000000740ccdde0
0x00007fff54c00668:   00007fc33381f880 0000000740ccdde0
0x00007fff54c00678:   00007fff54c00678 0000000184804906
0x00007fff54c00688:   00007fff54c006c8 00000001848049c0 

Instructions: (pc=0x00007fff9cdb6e5d)
0x00007fff9cdb6e3d:   44 00 00 48 85 ff 2e 74 62 40 f6 c7 01 2e 75 66
0x00007fff9cdb6e4d:   49 bb f8 ff ff ff ff 7f 00 00 4c 23 1f 49 89 f2
0x00007fff9cdb6e5d:   45 23 53 18 49 c1 e2 04 4d 03 53 10 49 3b 32 75
0x00007fff9cdb6e6d:   04 41 ff 62 08 49 83 3a 01 76 0d 49 83 c2 10 49 

Register to memory mapping:

RAX=0x00007fc333827ba0 is an unknown value
RBX=0x00000001242ab450: Java_jogamp_nativewindow_macosx_OSXUtil_GetScreenRefreshRate0+0x1cf0 in /private/var/folders/zw/5jg9p0yx0gb97hh28z85c9rw0000gn/T/jogamp_0000/file_cache/jln1018680699537863998/jln4021312957902769363/libnativewindow_macosx.jnilib at 0x00000001242a4000
RCX=0x00000001242d33a0 is an unknown value
RDX=0x00000001242d30a0 is an unknown value
RSP=0x00007fff54c00498 is pointing into the stack for thread: 0x00007fc331230000
RBP=0x00007fff54c00550 is pointing into the stack for thread: 0x00007fc331230000
RSI=0x00007fff89dead0e is an unknown value
RDI=0x00007fc33381f880 is an unknown value
R8 =0x0000000000000000 is an unknown value
R9 =0x0000000000000810 is an unknown value
R10=0x00007fff89dead0e is an unknown value
R11=0x000007fc33385ce8 is an unknown value
R12=0x0000000000000000 is an unknown value
R13={method} {0x000000017ee0e980} 'UnsetJAWTRootSurfaceLayer0' '(JJ)V' in 'jogamp/nativewindow/jawt/macosx/MacOSXJAWTWindow'
R14=0x00000001242ab440: Java_jogamp_nativewindow_macosx_OSXUtil_GetScreenRefreshRate0+0x1ce0 in /private/var/folders/zw/5jg9p0yx0gb97hh28z85c9rw0000gn/T/jogamp_0000/file_cache/jln1018680699537863998/jln4021312957902769363/libnativewindow_macosx.jnilib at 0x00000001242a4000
R15=0x00007fc331230000 is a thread


Stack: [0x00007fff54405000,0x00007fff54c05000],  sp=0x00007fff54c00498,  free space=8173k
Native frames: (J=compiled Java code, j=interpreted, Vv=VM code, C=native code)
C  [libobjc.A.dylib+0x7e5d]  objc_msgSend+0x1d
j  jogamp.nativewindow.jawt.macosx.MacOSXJAWTWindow.UnsetJAWTRootSurfaceLayer0(JJ)V+0
j  jogamp.nativewindow.jawt.macosx.MacOSXJAWTWindow.access$200(JJ)V+2
j  jogamp.nativewindow.jawt.macosx.MacOSXJAWTWindow$1.run()V+38
j  com.jogamp.common.util.RunnableTask.run()V+24
v  ~StubRoutines::call_stub
V  [libjvm.dylib+0x2ea35e]
V  [libjvm.dylib+0x321467]
V  [libjvm.dylib+0x313c3b]
C  [libnativewindow_macosx.jnilib+0x5326]  Java_jogamp_nativewindow_jawt_macosx_MacOSXJAWTWindow_UnsetJAWTRootSurfaceLayer0+0x2b6
C  [Foundation+0x7741e]  __NSThreadPerformPerform+0x117
C  [CoreFoundation+0xaa8b1]  __CFRUNLOOP_IS_CALLING_OUT_TO_A_SOURCE0_PERFORM_FUNCTION__+0x11
C  [CoreFoundation+0x8a027]  __CFRunLoopDoSources0+0x1a7
C  [CoreFoundation+0x895cf]  __CFRunLoopRun+0x39f
C  [CoreFoundation+0x88fc8]  CFRunLoopRunSpecific+0x128
C  [HIToolbox+0x30d55]  RunCurrentEventLoopInMode+0xeb
C  [HIToolbox+0x30a97]  ReceiveNextEventCommon+0xb8
C  [HIToolbox+0x309cf]  _BlockUntilNextEventMatchingListInModeWithFilter+0x47
C  [AppKit+0x49d96]  _DPSNextEvent+0x42b
C  [AppKit+0x491c5]  -[NSApplication _nextEventMatchingEventMask:untilDate:inMode:dequeue:]+0x1c6
C  [libosxapp.dylib+0x23aa]  -[NSApplicationAWT nextEventMatchingMask:untilDate:inMode:dequeue:]+0x7c
C  [AppKit+0x3dd28]  -[NSApplication run]+0x2aa
C  [libosxapp.dylib+0x214d]  +[NSApplicationAWT runAWTLoopWithApp:]+0x9c
C  [libawt_lwawt.dylib+0x4455b]  -[AWTStarter starter:]+0x389
C  [Foundation+0x7741e]  __NSThreadPerformPerform+0x117
C  [CoreFoundation+0xaa8b1]  __CFRUNLOOP_IS_CALLING_OUT_TO_A_SOURCE0_PERFORM_FUNCTION__+0x11
C  [CoreFoundation+0x8a0ac]  __CFRunLoopDoSources0+0x22c
C  [CoreFoundation+0x895cf]  __CFRunLoopRun+0x39f
C  [CoreFoundation+0x88fc8]  CFRunLoopRunSpecific+0x128
C  [java+0x6463]  CreateExecutionEnvironment+0x367
C  [java+0x21ac]  JLI_Launch+0x7a0
C  [java+0x84c0]  main+0x65
C  [java+0x1a04]  start+0x34
C  0x0000000000000007

Java frames: (J=compiled Java code, j=interpreted, Vv=VM code)
j  jogamp.nativewindow.jawt.macosx.MacOSXJAWTWindow.UnsetJAWTRootSurfaceLayer0(JJ)V+0
j  jogamp.nativewindow.jawt.macosx.MacOSXJAWTWindow.access$200(JJ)V+2
j  jogamp.nativewindow.jawt.macosx.MacOSXJAWTWindow$1.run()V+38
j  com.jogamp.common.util.RunnableTask.run()V+24
v  ~StubRoutines::call_stub

---------------  P R O C E S S  ---------------

Java Threads: ( => current thread )
  0x00007fc331118000 JavaThread "Thread-19" [_thread_blocked, id=4883, stack(0x0000700000d41000,0x0000700000e41000)]
  0x00007fc330c85800 JavaThread "AWT-EventQueue-1" [_thread_in_native, id=59651, stack(0x000070000155f000,0x000070000165f000)]
  0x00007fc330c82000 JavaThread "DestroyJavaVM" [_thread_blocked, id=6403, stack(0x000070000011a000,0x000070000021a000)]
  0x00007fc330b09000 JavaThread "AWT-EventQueue-0" [_thread_blocked, id=57603, stack(0x0000700001359000,0x0000700001459000)]
  0x00007fc3312eb000 JavaThread "Java2D Disposer" daemon [_thread_blocked, id=52739, stack(0x00007000010d0000,0x00007000011d0000)]
  0x00007fc3309cc800 JavaThread "Java2D Queue Flusher" daemon [_thread_blocked, id=48903, stack(0x0000700000fcd000,0x00007000010cd000)]
  0x00007fc33099b800 JavaThread "AWT-Shutdown" [_thread_blocked, id=23335, stack(0x0000700000e47000,0x0000700000f47000)]
=>0x00007fc331230000 JavaThread "AWT-AppKit" daemon [_thread_in_native, id=2571, stack(0x00007fff54405000,0x00007fff54c05000)]
  0x00007fc331052800 JavaThread "Service Thread" daemon [_thread_blocked, id=17411, stack(0x0000700000b3b000,0x0000700000c3b000)]
  0x00007fc331038800 JavaThread "C1 CompilerThread1" daemon [_thread_blocked, id=16899, stack(0x0000700000a38000,0x0000700000b38000)]
  0x00007fc331045000 JavaThread "C2 CompilerThread0" daemon [_thread_in_native, id=16387, stack(0x0000700000935000,0x0000700000a35000)]
  0x00007fc331044800 JavaThread "Signal Dispatcher" daemon [_thread_blocked, id=15631, stack(0x0000700000832000,0x0000700000932000)]
  0x00007fc330807000 JavaThread "Finalizer" daemon [_thread_blocked, id=11779, stack(0x0000700000629000,0x0000700000729000)]
  0x00007fc331022800 JavaThread "Reference Handler" daemon [_thread_blocked, id=11267, stack(0x0000700000526000,0x0000700000626000)]

Other Threads:
  0x00007fc33101f800 VMThread [stack: 0x0000700000423000,0x0000700000523000] [id=10755]
  0x00007fc330832000 WatcherThread [stack: 0x0000700000c3e000,0x0000700000d3e000] [id=17923]

VM state:not at safepoint (normal execution)

VM Mutex/Monitor currently owned by a thread: None

Heap:
 PSYoungGen      total 38400K, used 22405K [0x0000000795580000, 0x0000000798800000, 0x00000007c0000000)
  eden space 27136K, 82% used [0x0000000795580000,0x0000000796b59400,0x0000000797000000)
  from space 11264K, 0% used [0x0000000797d00000,0x0000000797d08000,0x0000000798800000)
  to   space 12288K, 0% used [0x0000000797000000,0x0000000797000000,0x0000000797c00000)
 ParOldGen       total 87552K, used 17466K [0x0000000740000000, 0x0000000745580000, 0x0000000795580000)
  object space 87552K, 19% used [0x0000000740000000,0x000000074110e990,0x0000000745580000)
 Metaspace       used 20583K, capacity 20747K, committed 20864K, reserved 1069056K
  class space    used 2022K, capacity 2110K, committed 2176K, reserved 1048576K

Card table byte_map: [0x000000011bb46000,0x000000011bf47000] byte_map_base: 0x0000000118146000

Marking Bits: (ParMarkBitMap*) 0x000000010c0dde20
 Begin Bits: [0x000000011c1f2000, 0x000000011e1f2000)
 End Bits:   [0x000000011e1f2000, 0x00000001201f2000)

Polling page: 0x000000010b2be000

CodeCache: size=245760Kb used=8390Kb max_used=8462Kb free=237369Kb
 bounds [0x000000010c786000, 0x000000010cfe6000, 0x000000011b786000]
 total_blobs=3214 nmethods=2332 adapters=797
 compilation: enabled

Compilation events (10 events):
Event: 171.161 Thread 0x00007fc331045000 nmethod 2595 0x000000010ce11a10 code [0x000000010ce11b60, 0x000000010ce11c38]
Event: 171.161 Thread 0x00007fc331038800 2596       1       java.awt.Component::getTreeLock (4 bytes)
Event: 171.162 Thread 0x00007fc331038800 nmethod 2596 0x000000010cce9990 code [0x000000010cce9ae0, 0x000000010cce9bf0]
Event: 171.162 Thread 0x00007fc331038800 2597       3       sun.lwawt.LWComponentPeer::getLocationOnScreen (41 bytes)
Event: 171.162 Thread 0x00007fc331038800 nmethod 2597 0x000000010cd57690 code [0x000000010cd57880, 0x000000010cd58228]
Event: 171.162 Thread 0x00007fc331038800 2598       3       sun.lwawt.LWWindowPeer::getLocationOnScreen (10 bytes)
Event: 171.163 Thread 0x00007fc331038800 nmethod 2598 0x000000010ca31cd0 code [0x000000010ca31e60, 0x000000010ca321f0]
Event: 171.229 Thread 0x00007fc331045000 2599       4       java.beans.WeakIdentityMap$Entry::isMatched (22 bytes)
Event: 171.230 Thread 0x00007fc331045000 nmethod 2599 0x000000010ca31990 code [0x000000010ca31ae0, 0x000000010ca31b98]
Event: 171.241 Thread 0x00007fc331045000 2600       4       sun.lwawt.LWComponentPeer::getVisibleRegion (9 bytes)

GC Heap History (10 events):
Event: 114.402 GC heap before
{Heap before GC invocations=12 (full 0):
 PSYoungGen      total 30208K, used 29760K [0x0000000795580000, 0x0000000798e80000, 0x00000007c0000000)
  eden space 29696K, 100% used [0x0000000795580000,0x0000000797280000,0x0000000797280000)
  from space 512K, 12% used [0x0000000797300000,0x0000000797310000,0x0000000797380000)
  to   space 14336K, 0% used [0x0000000798080000,0x0000000798080000,0x0000000798e80000)
 ParOldGen       total 87552K, used 17450K [0x0000000740000000, 0x0000000745580000, 0x0000000795580000)
  object space 87552K, 19% used [0x0000000740000000,0x000000074110a990,0x0000000745580000)
 Metaspace       used 20548K, capacity 20747K, committed 20864K, reserved 1069056K
  class space    used 2015K, capacity 2110K, committed 2176K, reserved 1048576K
Event: 114.404 GC heap after
Heap after GC invocations=12 (full 0):
 PSYoungGen      total 41984K, used 64K [0x0000000795580000, 0x0000000798d00000, 0x00000007c0000000)
  eden space 29184K, 0% used [0x0000000795580000,0x0000000795580000,0x0000000797200000)
  from space 12800K, 0% used [0x0000000798080000,0x0000000798090000,0x0000000798d00000)
  to   space 13824K, 0% used [0x0000000797200000,0x0000000797200000,0x0000000797f80000)
 ParOldGen       total 87552K, used 17450K [0x0000000740000000, 0x0000000745580000, 0x0000000795580000)
  object space 87552K, 19% used [0x0000000740000000,0x000000074110a990,0x0000000745580000)
 Metaspace       used 20548K, capacity 20747K, committed 20864K, reserved 1069056K
  class space    used 2015K, capacity 2110K, committed 2176K, reserved 1048576K
}
Event: 126.313 GC heap before
{Heap before GC invocations=13 (full 0):
 PSYoungGen      total 41984K, used 29248K [0x0000000795580000, 0x0000000798d00000, 0x00000007c0000000)
  eden space 29184K, 100% used [0x0000000795580000,0x0000000797200000,0x0000000797200000)
  from space 12800K, 0% used [0x0000000798080000,0x0000000798090000,0x0000000798d00000)
  to   space 13824K, 0% used [0x0000000797200000,0x0000000797200000,0x0000000797f80000)
 ParOldGen       total 87552K, used 17450K [0x0000000740000000, 0x0000000745580000, 0x0000000795580000)
  object space 87552K, 19% used [0x0000000740000000,0x000000074110a990,0x0000000745580000)
 Metaspace       used 20548K, capacity 20747K, committed 20864K, reserved 1069056K
  class space    used 2015K, capacity 2110K, committed 2176K, reserved 1048576K
Event: 126.315 GC heap after
Heap after GC invocations=13 (full 0):
 PSYoungGen      total 29184K, used 32K [0x0000000795580000, 0x0000000798c80000, 0x00000007c0000000)
  eden space 28672K, 0% used [0x0000000795580000,0x0000000795580000,0x0000000797180000)
  from space 512K, 6% used [0x0000000797200000,0x0000000797208000,0x0000000797280000)
  to   space 13824K, 0% used [0x0000000797f00000,0x0000000797f00000,0x0000000798c80000)
 ParOldGen       total 87552K, used 17450K [0x0000000740000000, 0x0000000745580000, 0x0000000795580000)
  object space 87552K, 19% used [0x0000000740000000,0x000000074110a990,0x0000000745580000)
 Metaspace       used 20548K, capacity 20747K, committed 20864K, reserved 1069056K
  class space    used 2015K, capacity 2110K, committed 2176K, reserved 1048576K
}
Event: 137.641 GC heap before
{Heap before GC invocations=14 (full 0):
 PSYoungGen      total 29184K, used 28704K [0x0000000795580000, 0x0000000798c80000, 0x00000007c0000000)
  eden space 28672K, 100% used [0x0000000795580000,0x0000000797180000,0x0000000797180000)
  from space 512K, 6% used [0x0000000797200000,0x0000000797208000,0x0000000797280000)
  to   space 13824K, 0% used [0x0000000797f00000,0x0000000797f00000,0x0000000798c80000)
 ParOldGen       total 87552K, used 17450K [0x0000000740000000, 0x0000000745580000, 0x0000000795580000)
  object space 87552K, 19% used [0x0000000740000000,0x000000074110a990,0x0000000745580000)
 Metaspace       used 20548K, capacity 20747K, committed 20864K, reserved 1069056K
  class space    used 2015K, capacity 2110K, committed 2176K, reserved 1048576K
Event: 137.643 GC heap after
Heap after GC invocations=14 (full 0):
 PSYoungGen      total 40448K, used 64K [0x0000000795580000, 0x0000000798b00000, 0x00000007c0000000)
  eden space 28160K, 0% used [0x0000000795580000,0x0000000795580000,0x0000000797100000)
  from space 12288K, 0% used [0x0000000797f00000,0x0000000797f10000,0x0000000798b00000)
  to   space 13312K, 0% used [0x0000000797100000,0x0000000797100000,0x0000000797e00000)
 ParOldGen       total 87552K, used 17450K [0x0000000740000000, 0x0000000745580000, 0x0000000795580000)
  object space 87552K, 19% used [0x0000000740000000,0x000000074110a990,0x0000000745580000)
 Metaspace       used 20548K, capacity 20747K, committed 20864K, reserved 1069056K
  class space    used 2015K, capacity 2110K, committed 2176K, reserved 1048576K
}
Event: 148.921 GC heap before
{Heap before GC invocations=15 (full 0):
 PSYoungGen      total 40448K, used 28224K [0x0000000795580000, 0x0000000798b00000, 0x00000007c0000000)
  eden space 28160K, 100% used [0x0000000795580000,0x0000000797100000,0x0000000797100000)
  from space 12288K, 0% used [0x0000000797f00000,0x0000000797f10000,0x0000000798b00000)
  to   space 13312K, 0% used [0x0000000797100000,0x0000000797100000,0x0000000797e00000)
 ParOldGen       total 87552K, used 17450K [0x0000000740000000, 0x0000000745580000, 0x0000000795580000)
  object space 87552K, 19% used [0x0000000740000000,0x000000074110a990,0x0000000745580000)
 Metaspace       used 20548K, capacity 20747K, committed 20864K, reserved 1069056K
  class space    used 2015K, capacity 2110K, committed 2176K, reserved 1048576K
Event: 148.924 GC heap after
Heap after GC invocations=15 (full 0):
 PSYoungGen      total 28160K, used 32K [0x0000000795580000, 0x0000000798980000, 0x00000007c0000000)
  eden space 27648K, 0% used [0x0000000795580000,0x0000000795580000,0x0000000797080000)
  from space 512K, 6% used [0x0000000797100000,0x0000000797108000,0x0000000797180000)
  to   space 12800K, 0% used [0x0000000797d00000,0x0000000797d00000,0x0000000798980000)
 ParOldGen       total 87552K, used 17458K [0x0000000740000000, 0x0000000745580000, 0x0000000795580000)
  object space 87552K, 19% used [0x0000000740000000,0x000000074110c990,0x0000000745580000)
 Metaspace       used 20548K, capacity 20747K, committed 20864K, reserved 1069056K
  class space    used 2015K, capacity 2110K, committed 2176K, reserved 1048576K
}
Event: 160.766 GC heap before
{Heap before GC invocations=16 (full 0):
 PSYoungGen      total 28160K, used 27680K [0x0000000795580000, 0x0000000798980000, 0x00000007c0000000)
  eden space 27648K, 100% used [0x0000000795580000,0x0000000797080000,0x0000000797080000)
  from space 512K, 6% used [0x0000000797100000,0x0000000797108000,0x0000000797180000)
  to   space 12800K, 0% used [0x0000000797d00000,0x0000000797d00000,0x0000000798980000)
 ParOldGen       total 87552K, used 17458K [0x0000000740000000, 0x0000000745580000, 0x0000000795580000)
  object space 87552K, 19% used [0x0000000740000000,0x000000074110c990,0x0000000745580000)
 Metaspace       used 20548K, capacity 20747K, committed 20864K, reserved 1069056K
  class space    used 2015K, capacity 2110K, committed 2176K, reserved 1048576K
Event: 160.769 GC heap after
Heap after GC invocations=16 (full 0):
 PSYoungGen      total 38400K, used 32K [0x0000000795580000, 0x0000000798800000, 0x00000007c0000000)
  eden space 27136K, 0% used [0x0000000795580000,0x0000000795580000,0x0000000797000000)
  from space 11264K, 0% used [0x0000000797d00000,0x0000000797d08000,0x0000000798800000)
  to   space 12288K, 0% used [0x0000000797000000,0x0000000797000000,0x0000000797c00000)
 ParOldGen       total 87552K, used 17466K [0x0000000740000000, 0x0000000745580000, 0x0000000795580000)
  object space 87552K, 19% used [0x0000000740000000,0x000000074110e990,0x0000000745580000)
 Metaspace       used 20548K, capacity 20747K, committed 20864K, reserved 1069056K
  class space    used 2015K, capacity 2110K, committed 2176K, reserved 1048576K
}

Deoptimization events (10 events):
Event: 171.164 Thread 0x00007fc330b09000 Uncommon trap: reason=unstable_if action=reinterpret pc=0x000000010cfa7cfc method=sun.java2d.pipe.Region.intersectsQuickCheck(Lsun/java2d/pipe/Region;)Z @ 41
Event: 171.227 Thread 0x00007fc331397000 Uncommon trap: reason=unstable_if action=reinterpret pc=0x000000010cf20460 method=java.util.HashMap.putVal(ILjava/lang/Object;Ljava/lang/Object;ZZ)Ljava/lang/Object; @ 81
Event: 171.228 Thread 0x00007fc330b09000 Uncommon trap: reason=class_check action=maybe_recompile pc=0x000000010cc34278 method=java.awt.Component.getGraphics()Ljava/awt/Graphics; @ 114
Event: 171.232 Thread 0x00007fc331230000 Uncommon trap: reason=class_check action=maybe_recompile pc=0x000000010ccff800 method=com.jogamp.common.util.RunnableTask.run()V @ 24
Event: 171.232 Thread 0x00007fc331230000 Uncommon trap: reason=unstable_if action=reinterpret pc=0x000000010ce05dfc method=jogamp.nativewindow.macosx.OSXUtil.RunOnMainThread(ZZLjava/lang/Runnable;)V @ 3
Event: 171.239 Thread 0x00007fc330c85800 Uncommon trap: reason=unstable_if action=reinterpret pc=0x000000010cf78718 method=java.util.LinkedList$ListItr.<init>(Ljava/util/LinkedList;I)V @ 26
Event: 171.240 Thread 0x00007fc330c85800 Uncommon trap: reason=unstable_if action=reinterpret pc=0x000000010cf62b64 method=java.security.AccessControlContext.optimize()Ljava/security/AccessControlContext; @ 233
Event: 171.240 Thread 0x00007fc330c85800 Uncommon trap: reason=unstable_if action=reinterpret pc=0x000000010cf78c44 method=java.util.LinkedList$ListItr.<init>(Ljava/util/LinkedList;I)V @ 26
Event: 171.241 Thread 0x00007fc330b09000 Uncommon trap: reason=class_check action=maybe_recompile pc=0x000000010cc34278 method=java.awt.Component.getGraphics()Ljava/awt/Graphics; @ 114
Event: 171.279 Thread 0x00007fc331230000 Uncommon trap: reason=class_check action=maybe_recompile pc=0x000000010ccff800 method=com.jogamp.common.util.RunnableTask.run()V @ 24

Internal exceptions (10 events):
Event: 0.310 Thread 0x00007fc331008000 Exception <a 'java/lang/NoSuchFieldError': method resolution failed> (0x000000079582a520) thrown at [/HUDSON3/workspace/8-2-build-macosx-x86_64/jdk8u66/4988/hotspot/src/share/vm/prims/methodHandles.cpp, line 1146]
Event: 0.326 Thread 0x00007fc331008000 Exception <a 'java/lang/NoSuchFieldError': method resolution failed> (0x0000000795837cf0) thrown at [/HUDSON3/workspace/8-2-build-macosx-x86_64/jdk8u66/4988/hotspot/src/share/vm/prims/methodHandles.cpp, line 1146]
Event: 0.582 Thread 0x00007fc331008000 Exception <a 'java/io/FileNotFoundException'> (0x00000007958b39e0) thrown at [/HUDSON3/workspace/8-2-build-macosx-x86_64/jdk8u66/4988/hotspot/src/share/vm/prims/jni.cpp, line 709]
Event: 0.582 Thread 0x00007fc331008000 Exception <a 'java/io/FileNotFoundException'> (0x00000007958b4508) thrown at [/HUDSON3/workspace/8-2-build-macosx-x86_64/jdk8u66/4988/hotspot/src/share/vm/prims/jni.cpp, line 709]
Event: 0.772 Thread 0x00007fc331008000 Exception <a 'java/io/FileNotFoundException'> (0x00000007959ef578) thrown at [/HUDSON3/workspace/8-2-build-macosx-x86_64/jdk8u66/4988/hotspot/src/share/vm/prims/jni.cpp, line 709]
Event: 2.373 Thread 0x00007fc330cac800 Exception <a 'java/lang/UnsatisfiedLinkError': com.jogamp.common.util.JarUtil.fixNativeLibAttribs(Ljava/lang/String;)Z> (0x0000000796b00ec8) thrown at [/HUDSON3/workspace/8-2-build-macosx-x86_64/jdk8u66/4988/hotspot/src/share/vm/prims/nativeLookup.cpp, li
Event: 2.895 Thread 0x00007fc330807000 Exception <a 'java/lang/NullPointerException'> (0x0000000795720250) thrown at [/HUDSON3/workspace/8-2-build-macosx-x86_64/jdk8u66/4988/hotspot/src/share/vm/interpreter/linkResolver.cpp, line 1178]
Event: 3.972 Thread 0x00007fc330c85800 Exception <a 'java/io/FileNotFoundException'> (0x0000000795f7ee40) thrown at [/HUDSON3/workspace/8-2-build-macosx-x86_64/jdk8u66/4988/hotspot/src/share/vm/prims/jni.cpp, line 709]
Event: 3.972 Thread 0x00007fc330c85800 Exception <a 'java/io/FileNotFoundException'> (0x0000000795f84f48) thrown at [/HUDSON3/workspace/8-2-build-macosx-x86_64/jdk8u66/4988/hotspot/src/share/vm/prims/jni.cpp, line 709]
Event: 3.973 Thread 0x00007fc330c85800 Implicit null exception at 0x000000010c93eff5 to 0x000000010c93f341

Events (10 events):
Event: 171.240 Thread 0x00007fc330c85800 DEOPT UNPACKING pc=0x000000010c78af69 sp=0x000070000165c748 mode 2
Event: 171.241 Thread 0x00007fc331397000 Thread exited: 0x00007fc331397000
Event: 171.241 Thread 0x00007fc330b09000 Uncommon trap: trap_request=0xffffffde fr.pc=0x000000010cc34278
Event: 171.241 Thread 0x00007fc330b09000 DEOPT PACKING pc=0x000000010cc34278 sp=0x0000700001456a10
Event: 171.241 Thread 0x00007fc330b09000 DEOPT UNPACKING pc=0x000000010c78af69 sp=0x0000700001456a10 mode 2
Event: 171.241 loading class java/awt/Window$1DisposeAction
Event: 171.241 loading class java/awt/Window$1DisposeAction done
Event: 171.279 Thread 0x00007fc331230000 Uncommon trap: trap_request=0xffffffde fr.pc=0x000000010ccff800
Event: 171.279 Thread 0x00007fc331230000 DEOPT PACKING pc=0x000000010ccff800 sp=0x00007fff54c00710
Event: 171.279 Thread 0x00007fc331230000 DEOPT UNPACKING pc=0x000000010c78af69 sp=0x00007fff54c006b8 mode 2


Dynamic libraries:
0x0000000006d8d000 	/System/Library/Frameworks/Cocoa.framework/Versions/A/Cocoa
0x0000000006d8d000 	/System/Library/Frameworks/Security.framework/Versions/A/Security
0x0000000006d8d000 	/System/Library/Frameworks/ApplicationServices.framework/Versions/A/ApplicationServices
0x0000000006d8d000 	/usr/lib/libz.1.dylib
0x0000000006d8d000 	/usr/lib/libSystem.B.dylib
0x0000000006d8d000 	/usr/lib/libobjc.A.dylib
0x0000000006d8d000 	/System/Library/Frameworks/CoreFoundation.framework/Versions/A/CoreFoundation
0x0000000006d8d000 	/System/Library/Frameworks/Foundation.framework/Versions/C/Foundation
0x0000000006d8d000 	/System/Library/Frameworks/AppKit.framework/Versions/C/AppKit
0x0000000006d8d000 	/System/Library/Frameworks/CoreData.framework/Versions/A/CoreData
0x0000000006d8d000 	/System/Library/PrivateFrameworks/RemoteViewServices.framework/Versions/A/RemoteViewServices
0x0000000006d8d000 	/System/Library/PrivateFrameworks/UIFoundation.framework/Versions/A/UIFoundation
0x0000000006d8d000 	/usr/lib/libScreenReader.dylib
0x0000000006d8d000 	/System/Library/Frameworks/Accelerate.framework/Versions/A/Accelerate
0x0000000006d8d000 	/System/Library/Frameworks/IOSurface.framework/Versions/A/IOSurface
0x0000000006d8d000 	/System/Library/Frameworks/AudioToolbox.framework/Versions/A/AudioToolbox
0x0000000006d8d000 	/System/Library/Frameworks/AudioUnit.framework/Versions/A/AudioUnit
0x0000000006d8d000 	/System/Library/PrivateFrameworks/DataDetectorsCore.framework/Versions/A/DataDetectorsCore
0x0000000006d8d000 	/System/Library/PrivateFrameworks/DesktopServicesPriv.framework/Versions/A/DesktopServicesPriv
0x0000000006d8d000 	/System/Library/Frameworks/Carbon.framework/Versions/A/Frameworks/HIToolbox.framework/Versions/A/HIToolbox
0x0000000006d8d000 	/System/Library/Frameworks/QuartzCore.framework/Versions/A/QuartzCore
0x0000000006d8d000 	/System/Library/Frameworks/Carbon.framework/Versions/A/Frameworks/SpeechRecognition.framework/Versions/A/SpeechRecognition
0x0000000006d8d000 	/usr/lib/libauto.dylib
0x0000000006d8d000 	/usr/lib/libicucore.A.dylib
0x0000000006d8d000 	/usr/lib/libxml2.2.dylib
0x0000000006d8d000 	/System/Library/PrivateFrameworks/CoreUI.framework/Versions/A/CoreUI
0x0000000006d8d000 	/System/Library/Frameworks/CoreAudio.framework/Versions/A/CoreAudio
0x0000000006d8d000 	/System/Library/Frameworks/DiskArbitration.framework/Versions/A/DiskArbitration
0x0000000006d8d000 	/usr/lib/liblangid.dylib
0x0000000006d8d000 	/System/Library/PrivateFrameworks/MultitouchSupport.framework/Versions/A/MultitouchSupport
0x0000000006d8d000 	/System/Library/Frameworks/IOKit.framework/Versions/A/IOKit
0x0000000006d8d000 	/usr/lib/libDiagnosticMessagesClient.dylib
0x0000000006d8d000 	/System/Library/Frameworks/CoreServices.framework/Versions/A/CoreServices
0x0000000006d8d000 	/System/Library/PrivateFrameworks/PerformanceAnalysis.framework/Versions/A/PerformanceAnalysis
0x0000000006d8d000 	/System/Library/PrivateFrameworks/GenerationalStorage.framework/Versions/A/GenerationalStorage
0x0000000006d8d000 	/System/Library/Frameworks/OpenGL.framework/Versions/A/OpenGL
0x0000000006d8d000 	/System/Library/PrivateFrameworks/Sharing.framework/Versions/A/Sharing
0x0000000006d8d000 	/System/Library/Frameworks/CoreGraphics.framework/Versions/A/CoreGraphics
0x0000000006d8d000 	/System/Library/Frameworks/CoreImage.framework/Versions/A/CoreImage
0x0000000006d8d000 	/System/Library/Frameworks/CoreText.framework/Versions/A/CoreText
0x0000000006d8d000 	/System/Library/Frameworks/ImageIO.framework/Versions/A/ImageIO
0x0000000006d8d000 	/System/Library/PrivateFrameworks/Backup.framework/Versions/A/Backup
0x0000000006d8d000 	/usr/lib/libextension.dylib
0x0000000006d8d000 	/usr/lib/libarchive.2.dylib
0x0000000006d8d000 	/System/Library/Frameworks/CFNetwork.framework/Versions/A/CFNetwork
0x0000000006d8d000 	/System/Library/Frameworks/SystemConfiguration.framework/Versions/A/SystemConfiguration
0x0000000006d8d000 	/usr/lib/libCRFSuite.dylib
0x0000000006d8d000 	/usr/lib/libc++.1.dylib
0x0000000006d8d000 	/usr/lib/libc++abi.dylib
0x0000000006d8d000 	/usr/lib/system/libcache.dylib
0x0000000006d8d000 	/usr/lib/system/libcommonCrypto.dylib
0x0000000006d8d000 	/usr/lib/system/libcompiler_rt.dylib
0x0000000006d8d000 	/usr/lib/system/libcopyfile.dylib
0x0000000006d8d000 	/usr/lib/system/libcorecrypto.dylib
0x0000000006d8d000 	/usr/lib/system/libdispatch.dylib
0x0000000006d8d000 	/usr/lib/system/libdyld.dylib
0x0000000006d8d000 	/usr/lib/system/libkeymgr.dylib
0x0000000006d8d000 	/usr/lib/system/liblaunch.dylib
0x0000000006d8d000 	/usr/lib/system/libmacho.dylib
0x0000000006d8d000 	/usr/lib/system/libquarantine.dylib
0x0000000006d8d000 	/usr/lib/system/libremovefile.dylib
0x0000000006d8d000 	/usr/lib/system/libsystem_asl.dylib
0x0000000006d8d000 	/usr/lib/system/libsystem_blocks.dylib
0x0000000006d8d000 	/usr/lib/system/libsystem_c.dylib
0x0000000006d8d000 	/usr/lib/system/libsystem_configuration.dylib
0x0000000006d8d000 	/usr/lib/system/libsystem_coreservices.dylib
0x0000000006d8d000 	/usr/lib/system/libsystem_coretls.dylib
0x0000000006d8d000 	/usr/lib/system/libsystem_dnssd.dylib
0x0000000006d8d000 	/usr/lib/system/libsystem_info.dylib
0x0000000006d8d000 	/usr/lib/system/libsystem_kernel.dylib
0x0000000006d8d000 	/usr/lib/system/libsystem_m.dylib
0x0000000006d8d000 	/usr/lib/system/libsystem_malloc.dylib
0x0000000006d8d000 	/usr/lib/system/libsystem_network.dylib
0x0000000006d8d000 	/usr/lib/system/libsystem_networkextension.dylib
0x0000000006d8d000 	/usr/lib/system/libsystem_notify.dylib
0x0000000006d8d000 	/usr/lib/system/libsystem_platform.dylib
0x0000000006d8d000 	/usr/lib/system/libsystem_pthread.dylib
0x0000000006d8d000 	/usr/lib/system/libsystem_sandbox.dylib
0x0000000006d8d000 	/usr/lib/system/libsystem_secinit.dylib
0x0000000006d8d000 	/usr/lib/system/libsystem_trace.dylib
0x0000000006d8d000 	/usr/lib/system/libunc.dylib
0x0000000006d8d000 	/usr/lib/system/libunwind.dylib
0x0000000006d8d000 	/usr/lib/system/libxpc.dylib
0x0000000006d8d000 	/usr/lib/libenergytrace.dylib
0x0000000006d8d000 	/usr/lib/libbsm.0.dylib
0x0000000006d8d000 	/usr/lib/system/libkxld.dylib
0x0000000006d8d000 	/usr/lib/libxar.1.dylib
0x0000000006d8d000 	/usr/lib/libsqlite3.dylib
0x0000000006d8d000 	/usr/lib/libpam.2.dylib
0x0000000006d8d000 	/usr/lib/libOpenScriptingUtil.dylib
0x0000000006d8d000 	/usr/lib/libbz2.1.0.dylib
0x0000000006d8d000 	/usr/lib/liblzma.5.dylib
0x0000000006d8d000 	/System/Library/Frameworks/CoreServices.framework/Versions/A/Frameworks/FSEvents.framework/Versions/A/FSEvents
0x0000000006d8d000 	/System/Library/Frameworks/CoreServices.framework/Versions/A/Frameworks/CarbonCore.framework/Versions/A/CarbonCore
0x0000000006d8d000 	/System/Library/Frameworks/CoreServices.framework/Versions/A/Frameworks/Metadata.framework/Versions/A/Metadata
0x0000000006d8d000 	/System/Library/Frameworks/CoreServices.framework/Versions/A/Frameworks/OSServices.framework/Versions/A/OSServices
0x0000000006d8d000 	/System/Library/Frameworks/CoreServices.framework/Versions/A/Frameworks/SearchKit.framework/Versions/A/SearchKit
0x0000000006d8d000 	/System/Library/Frameworks/CoreServices.framework/Versions/A/Frameworks/AE.framework/Versions/A/AE
0x0000000006d8d000 	/System/Library/Frameworks/CoreServices.framework/Versions/A/Frameworks/LaunchServices.framework/Versions/A/LaunchServices
0x0000000006d8d000 	/System/Library/Frameworks/CoreServices.framework/Versions/A/Frameworks/DictionaryServices.framework/Versions/A/DictionaryServices
0x0000000006d8d000 	/System/Library/Frameworks/CoreServices.framework/Versions/A/Frameworks/SharedFileList.framework/Versions/A/SharedFileList
0x0000000006d8d000 	/System/Library/Frameworks/NetFS.framework/Versions/A/NetFS
0x0000000006d8d000 	/System/Library/PrivateFrameworks/NetAuth.framework/Versions/A/NetAuth
0x0000000006d8d000 	/System/Library/PrivateFrameworks/login.framework/Versions/A/Frameworks/loginsupport.framework/Versions/A/loginsupport
0x0000000006d8d000 	/System/Library/PrivateFrameworks/TCC.framework/Versions/A/TCC
0x0000000006d8d000 	/usr/lib/libmecabra.dylib
0x0000000006d8d000 	/System/Library/Frameworks/ApplicationServices.framework/Versions/A/Frameworks/ATS.framework/Versions/A/ATS
0x0000000006d8d000 	/System/Library/Frameworks/ApplicationServices.framework/Versions/A/Frameworks/ColorSync.framework/Versions/A/ColorSync
0x0000000006d8d000 	/System/Library/Frameworks/ApplicationServices.framework/Versions/A/Frameworks/HIServices.framework/Versions/A/HIServices
0x0000000006d8d000 	/System/Library/Frameworks/ApplicationServices.framework/Versions/A/Frameworks/LangAnalysis.framework/Versions/A/LangAnalysis
0x0000000006d8d000 	/System/Library/Frameworks/ApplicationServices.framework/Versions/A/Frameworks/PrintCore.framework/Versions/A/PrintCore
0x0000000006d8d000 	/System/Library/Frameworks/ApplicationServices.framework/Versions/A/Frameworks/QD.framework/Versions/A/QD
0x0000000006d8d000 	/System/Library/Frameworks/ApplicationServices.framework/Versions/A/Frameworks/SpeechSynthesis.framework/Versions/A/SpeechSynthesis
0x0000000006d8d000 	/System/Library/Frameworks/Metal.framework/Versions/A/Metal
0x0000000006d8d000 	/System/Library/Frameworks/Accelerate.framework/Versions/A/Frameworks/vImage.framework/Versions/A/vImage
0x0000000006d8d000 	/System/Library/Frameworks/Accelerate.framework/Versions/A/Frameworks/vecLib.framework/Versions/A/vecLib
0x0000000006d8d000 	/System/Library/Frameworks/Accelerate.framework/Versions/A/Frameworks/vecLib.framework/Versions/A/libvDSP.dylib
0x0000000006d8d000 	/System/Library/Frameworks/Accelerate.framework/Versions/A/Frameworks/vecLib.framework/Versions/A/libvMisc.dylib
0x0000000006d8d000 	/System/Library/Frameworks/Accelerate.framework/Versions/A/Frameworks/vecLib.framework/Versions/A/libLAPACK.dylib
0x0000000006d8d000 	/System/Library/Frameworks/Accelerate.framework/Versions/A/Frameworks/vecLib.framework/Versions/A/libBLAS.dylib
0x0000000006d8d000 	/System/Library/Frameworks/Accelerate.framework/Versions/A/Frameworks/vecLib.framework/Versions/A/libLinearAlgebra.dylib
0x0000000006d8d000 	/System/Library/Frameworks/Accelerate.framework/Versions/A/Frameworks/vecLib.framework/Versions/A/libSparseBLAS.dylib
0x0000000006d8d000 	/System/Library/PrivateFrameworks/GPUCompiler.framework/libmetal_timestamp.dylib
0x0000000006d8d000 	/System/Library/Frameworks/OpenGL.framework/Versions/A/Libraries/libCoreFSCache.dylib
0x0000000006d8d000 	/System/Library/PrivateFrameworks/IOAccelerator.framework/Versions/A/IOAccelerator
0x0000000006d8d000 	/System/Library/Frameworks/ApplicationServices.framework/Versions/A/Frameworks/ATS.framework/Versions/A/Resources/libFontParser.dylib
0x0000000006d8d000 	/System/Library/Frameworks/ApplicationServices.framework/Versions/A/Frameworks/ATS.framework/Versions/A/Resources/libFontRegistry.dylib
0x0000000006d8d000 	/System/Library/PrivateFrameworks/AppleVPA.framework/Versions/A/AppleVPA
0x0000000006d8d000 	/System/Library/PrivateFrameworks/AppleJPEG.framework/Versions/A/AppleJPEG
0x0000000006d8d000 	/System/Library/Frameworks/ImageIO.framework/Versions/A/Resources/libJPEG.dylib
0x0000000006d8d000 	/System/Library/Frameworks/ImageIO.framework/Versions/A/Resources/libTIFF.dylib
0x0000000006d8d000 	/System/Library/Frameworks/ImageIO.framework/Versions/A/Resources/libPng.dylib
0x0000000006d8d000 	/System/Library/Frameworks/ImageIO.framework/Versions/A/Resources/libGIF.dylib
0x0000000006d8d000 	/System/Library/Frameworks/ImageIO.framework/Versions/A/Resources/libJP2.dylib
0x0000000006d8d000 	/System/Library/Frameworks/ImageIO.framework/Versions/A/Resources/libRadiance.dylib
0x0000000006d8d000 	/System/Library/Frameworks/CoreVideo.framework/Versions/A/CoreVideo
0x0000000006d8d000 	/System/Library/Frameworks/OpenGL.framework/Versions/A/Libraries/libGLU.dylib
0x0000000006d8d000 	/System/Library/Frameworks/OpenGL.framework/Versions/A/Libraries/libGFXShared.dylib
0x0000000006d8d000 	/System/Library/Frameworks/OpenGL.framework/Versions/A/Libraries/libGL.dylib
0x0000000006d8d000 	/System/Library/Frameworks/OpenGL.framework/Versions/A/Libraries/libGLImage.dylib
0x0000000006d8d000 	/System/Library/Frameworks/OpenGL.framework/Versions/A/Libraries/libCVMSPluginSupport.dylib
0x0000000006d8d000 	/System/Library/Frameworks/OpenGL.framework/Versions/A/Libraries/libCoreVMClient.dylib
0x0000000006d8d000 	/usr/lib/libcups.2.dylib
0x0000000006d8d000 	/System/Library/Frameworks/Kerberos.framework/Versions/A/Kerberos
0x0000000006d8d000 	/System/Library/Frameworks/GSS.framework/Versions/A/GSS
0x0000000006d8d000 	/usr/lib/libresolv.9.dylib
0x0000000006d8d000 	/usr/lib/libiconv.2.dylib
0x0000000006d8d000 	/System/Library/PrivateFrameworks/Heimdal.framework/Versions/A/Heimdal
0x0000000006d8d000 	/usr/lib/libheimdal-asn1.dylib
0x0000000006d8d000 	/System/Library/Frameworks/OpenDirectory.framework/Versions/A/OpenDirectory
0x0000000006d8d000 	/System/Library/PrivateFrameworks/CommonAuth.framework/Versions/A/CommonAuth
0x0000000006d8d000 	/System/Library/Frameworks/OpenDirectory.framework/Versions/A/Frameworks/CFOpenDirectory.framework/Versions/A/CFOpenDirectory
0x0000000006d8d000 	/System/Library/Frameworks/SecurityFoundation.framework/Versions/A/SecurityFoundation
0x0000000006d8d000 	/System/Library/PrivateFrameworks/LanguageModeling.framework/Versions/A/LanguageModeling
0x0000000006d8d000 	/usr/lib/libmarisa.dylib
0x0000000006d8d000 	/usr/lib/libChineseTokenizer.dylib
0x0000000006d8d000 	/usr/lib/libcmph.dylib
0x0000000006d8d000 	/usr/lib/libcompression.dylib
0x0000000006d8d000 	/System/Library/Frameworks/ServiceManagement.framework/Versions/A/ServiceManagement
0x0000000006d8d000 	/usr/lib/libxslt.1.dylib
0x0000000006d8d000 	/System/Library/Frameworks/Carbon.framework/Versions/A/Frameworks/Ink.framework/Versions/A/Ink
0x0000000006d8d000 	/usr/lib/libFosl_dynamic.dylib
0x0000000006d8d000 	/System/Library/PrivateFrameworks/FaceCore.framework/Versions/A/FaceCore
0x0000000006d8d000 	/System/Library/Frameworks/OpenCL.framework/Versions/A/OpenCL
0x0000000006d8d000 	/System/Library/PrivateFrameworks/CrashReporterSupport.framework/Versions/A/CrashReporterSupport
0x0000000006d8d000 	/System/Library/PrivateFrameworks/IconServices.framework/Versions/A/IconServices
0x0000000006d8d000 	/System/Library/PrivateFrameworks/Apple80211.framework/Versions/A/Apple80211
0x0000000006d8d000 	/System/Library/Frameworks/CoreWLAN.framework/Versions/A/CoreWLAN
0x0000000006d8d000 	/System/Library/Frameworks/IOBluetooth.framework/Versions/A/IOBluetooth
0x0000000006d8d000 	/System/Library/PrivateFrameworks/CoreWiFi.framework/Versions/A/CoreWiFi
0x0000000006d8d000 	/System/Library/Frameworks/CoreBluetooth.framework/Versions/A/CoreBluetooth
0x0000000006d8d000 	/System/Library/PrivateFrameworks/ChunkingLibrary.framework/Versions/A/ChunkingLibrary
0x0000000006d8d000 	/System/Library/PrivateFrameworks/DebugSymbols.framework/Versions/A/DebugSymbols
0x0000000006d8d000 	/System/Library/PrivateFrameworks/CoreSymbolication.framework/Versions/A/CoreSymbolication
0x0000000006d8d000 	/System/Library/PrivateFrameworks/Symbolication.framework/Versions/A/Symbolication
0x0000000006d8d000 	/System/Library/PrivateFrameworks/SpeechRecognitionCore.framework/Versions/A/SpeechRecognitionCore
0x000000010b800000 	/Library/Java/JavaVirtualMachines/jdk1.8.0_66.jdk/Contents/Home/jre/lib/server/libjvm.dylib
0x0000000006d8d000 	/usr/lib/libstdc++.6.dylib
0x000000010b27b000 	/Library/Java/JavaVirtualMachines/jdk1.8.0_66.jdk/Contents/Home/jre/lib/libverify.dylib
0x000000010b289000 	/Library/Java/JavaVirtualMachines/jdk1.8.0_66.jdk/Contents/Home/jre/lib/libjava.dylib
0x000000010b2c8000 	/Library/Java/JavaVirtualMachines/jdk1.8.0_66.jdk/Contents/Home/jre/lib/libzip.dylib
0x0000000121987000 	/System/Library/Frameworks/JavaVM.framework/Frameworks/JavaRuntimeSupport.framework/JavaRuntimeSupport
0x00000001219a2000 	/System/Library/Frameworks/JavaVM.framework/Versions/A/Frameworks/JavaNativeFoundation.framework/Versions/A/JavaNativeFoundation
0x000000010b3f3000 	/System/Library/Frameworks/JavaVM.framework/Versions/A/JavaVM
0x0000000006d8d000 	/System/Library/Frameworks/Carbon.framework/Versions/A/Carbon
0x00000001219b7000 	/System/Library/PrivateFrameworks/JavaLaunching.framework/Versions/A/JavaLaunching
0x0000000006d8d000 	/System/Library/Frameworks/Carbon.framework/Versions/A/Frameworks/CommonPanels.framework/Versions/A/CommonPanels
0x0000000006d8d000 	/System/Library/Frameworks/Carbon.framework/Versions/A/Frameworks/Help.framework/Versions/A/Help
0x0000000006d8d000 	/System/Library/Frameworks/Carbon.framework/Versions/A/Frameworks/ImageCapture.framework/Versions/A/ImageCapture
0x0000000006d8d000 	/System/Library/Frameworks/Carbon.framework/Versions/A/Frameworks/OpenScripting.framework/Versions/A/OpenScripting
0x0000000006d8d000 	/System/Library/Frameworks/Carbon.framework/Versions/A/Frameworks/Print.framework/Versions/A/Print
0x0000000006d8d000 	/System/Library/Frameworks/Carbon.framework/Versions/A/Frameworks/SecurityHI.framework/Versions/A/SecurityHI
0x00000001232da000 	/Library/Java/JavaVirtualMachines/jdk1.8.0_66.jdk/Contents/Home/jre/lib/libawt.dylib
0x0000000123382000 	/Library/Java/JavaVirtualMachines/jdk1.8.0_66.jdk/Contents/Home/jre/lib/./libmlib_image.dylib
0x000000012344e000 	/Library/Java/JavaVirtualMachines/jdk1.8.0_66.jdk/Contents/Home/jre/lib/libawt_lwawt.dylib
0x0000000123503000 	/Library/Java/JavaVirtualMachines/jdk1.8.0_66.jdk/Contents/Home/jre/lib/./libosxapp.dylib
0x0000000006d8d000 	/System/Library/Frameworks/ExceptionHandling.framework/Versions/A/ExceptionHandling
0x0000000006d8d000 	/System/Library/PrivateFrameworks/CoreServicesInternal.framework/Versions/A/CoreServicesInternal
0x0000000006d8d000 	/System/Library/Frameworks/CoreGraphics.framework/Versions/A/Resources/libRIP.A.dylib
0x0000000006d8d000 	/System/Library/Frameworks/Accelerate.framework/Versions/A/Frameworks/vImage.framework/Versions/A/Libraries/libCGInterfaces.dylib
0x0000000006d8d000 	/System/Library/Frameworks/CoreGraphics.framework/Versions/A/Resources/libCGXType.A.dylib
0x0000000006d8d000 	/System/Library/Frameworks/OpenCL.framework/Versions/A/Libraries/libcldcpuengine.dylib
0x0000000006d8d000 	/System/Library/PrivateFrameworks/DiskImages.framework/Versions/A/DiskImages
0x0000000006d8d000 	/System/Library/Frameworks/DiscRecording.framework/Versions/A/DiscRecording
0x0000000006d8d000 	/usr/lib/libcsfde.dylib
0x0000000006d8d000 	/usr/lib/libcurl.4.dylib
0x0000000006d8d000 	/System/Library/PrivateFrameworks/MediaKit.framework/Versions/A/MediaKit
0x0000000006d8d000 	/System/Library/PrivateFrameworks/ProtectedCloudStorage.framework/Versions/A/ProtectedCloudStorage
0x0000000006d8d000 	/usr/lib/libCoreStorage.dylib
0x0000000006d8d000 	/System/Library/PrivateFrameworks/EFILogin.framework/Versions/A/EFILogin
0x0000000006d8d000 	/usr/lib/libutil.dylib
0x0000000006d8d000 	/System/Library/PrivateFrameworks/FindMyDevice.framework/Versions/A/FindMyDevice
0x0000000006d8d000 	/System/Library/Frameworks/LDAP.framework/Versions/A/LDAP
0x0000000006d8d000 	/usr/lib/libsasl2.2.dylib
0x0000000006d8d000 	/System/Library/PrivateFrameworks/CoreDaemon.framework/Versions/B/CoreDaemon
0x0000000006d8d000 	/usr/lib/libcrypto.0.9.8.dylib
0x0000000006d8d000 	/System/Library/PrivateFrameworks/AppleSRP.framework/Versions/A/AppleSRP
0x0000000006d8d000 	/System/Library/PrivateFrameworks/TrustEvaluationAgent.framework/Versions/A/TrustEvaluationAgent
0x0000000124cf0000 	cl_kernels
0x0000000006d8d000 	/System/Library/Frameworks/OpenCL.framework/Versions/A/Libraries/ImageFormats/unorm8_bgra.dylib
0x0000000006d8d000 	/System/Library/Frameworks/OpenCL.framework/Versions/A/Libraries/ImageFormats/unorm8_rgba.dylib
0x0000000006d8d000 	/System/Library/PrivateFrameworks/FamilyControls.framework/Versions/A/FamilyControls
0x0000000006d8d000 	/System/Library/PrivateFrameworks/CommerceKit.framework/Versions/A/Frameworks/CommerceCore.framework/Versions/A/CommerceCore
0x0000000006d8d000 	/System/Library/PrivateFrameworks/SystemAdministration.framework/Versions/A/SystemAdministration
0x0000000006d8d000 	/System/Library/PrivateFrameworks/AppContainer.framework/Versions/A/AppContainer
0x0000000006d8d000 	/System/Library/PrivateFrameworks/SecCodeWrapper.framework/Versions/A/SecCodeWrapper
0x0000000006d8d000 	/System/Library/Frameworks/DirectoryService.framework/Versions/A/DirectoryService
0x0000000006d8d000 	/System/Library/PrivateFrameworks/LoginUIKit.framework/Versions/A/Frameworks/LoginUICore.framework/Versions/A/LoginUICore
0x0000000006d8d000 	/usr/lib/libodfde.dylib
0x0000000006d8d000 	/System/Library/Frameworks/OpenGL.framework/Versions/A/Resources/GLEngine.bundle/GLEngine
0x0000000006d8d000 	/System/Library/Frameworks/OpenGL.framework/Versions/A/Libraries/libGLProgrammability.dylib
0x0000000125db6000 	/System/Library/Extensions/GeForceTeslaGLDriver.bundle/Contents/MacOS/GeForceTeslaGLDriver
0x0000000127976000 	/System/Library/Extensions/GeForceTeslaGLDriver.bundle/Contents/MacOS/libclh.dylib
0x0000000006d8d000 	/System/Library/PrivateFrameworks/GPUSupport.framework/Versions/A/Libraries/libGPUSupport.dylib
0x0000000006d8d000 	/System/Library/Frameworks/OpenGL.framework/Versions/A/Resources/GLRendererFloat.bundle/GLRendererFloat
0x0000000128be3000 	/Library/Java/JavaVirtualMachines/jdk1.8.0_66.jdk/Contents/Home/jre/lib/libfontmanager.dylib
0x000000012a7b5000 	/Library/Java/JavaVirtualMachines/jdk1.8.0_66.jdk/Contents/Home/jre/lib/libosxui.dylib
0x000000012b8ae000 	/Library/Java/JavaVirtualMachines/jdk1.8.0_66.jdk/Contents/Home/jre/lib/libnet.dylib
0x000000012b6c3000 	/Library/Java/JavaVirtualMachines/jdk1.8.0_66.jdk/Contents/Home/jre/lib/libnio.dylib
0x0000000006d8d000 	/System/Library/Frameworks/ApplicationServices.framework/Versions/A/Frameworks/ATS.framework/Versions/A/Resources/libTrueTypeScaler.dylib
0x0000000124299000 	/private/var/folders/zw/5jg9p0yx0gb97hh28z85c9rw0000gn/T/jogamp_0000/file_cache/jln1018680699537863998/jln4021312957902769363/libgluegen-rt.jnilib
0x000000012429e000 	/private/var/folders/zw/5jg9p0yx0gb97hh28z85c9rw0000gn/T/jogamp_0000/file_cache/jln1018680699537863998/jln4021312957902769363/libnativewindow_awt.jnilib
0x00000001242a1000 	/Library/Java/JavaVirtualMachines/jdk1.8.0_66.jdk/Contents/Home/jre/lib/libjawt.dylib
0x00000001242a4000 	/private/var/folders/zw/5jg9p0yx0gb97hh28z85c9rw0000gn/T/jogamp_0000/file_cache/jln1018680699537863998/jln4021312957902769363/libnativewindow_macosx.jnilib
0x000000017ecca000 	/private/var/folders/zw/5jg9p0yx0gb97hh28z85c9rw0000gn/T/jogamp_0000/file_cache/jln1018680699537863998/jln4021312957902769363/libjogl_desktop.jnilib

VM Arguments:
jvm_args: -Djava.security.policy=java.policy.applet -Dfile.encoding=UTF-8 
java_command: sun.applet.AppletViewer module3.EarthquakeCityMap1452529929208.html
java_class_path (initial): /Users/ia/dev/eclipse/workspace/UCSDUnfoldingMaps/build:/Users/ia/dev/eclipse/workspace/UCSDUnfoldingMaps/lib/core.jar:/Users/ia/dev/eclipse/workspace/UCSDUnfoldingMaps/lib/gluegen-rt.jar:/Users/ia/dev/eclipse/workspace/UCSDUnfoldingMaps/lib/jogl-all.jar:/Users/ia/dev/eclipse/workspace/UCSDUnfoldingMaps/lib/log4j-1.2.15.jar:/Users/ia/dev/eclipse/workspace/UCSDUnfoldingMaps/lib/sqlite-jdbc-3.7.2.jar:/Users/ia/dev/eclipse/workspace/UCSDUnfoldingMaps/lib/json4processing.jar:/Users/ia/dev/eclipse/workspace/UCSDUnfoldingMaps/lib/libTUIO.jar:/Users/ia/dev/eclipse/workspace/UCSDUnfoldingMaps/lib/unfolding.0.9.7-uscd.jar
Launcher Type: SUN_STANDARD

Environment Variables:
PATH=/usr/bin:/bin:/usr/sbin:/sbin
SHELL=/bin/bash

Signal Handlers:
SIGSEGV: [libjvm.dylib+0x5a65d5], sa_mask[0]=11111111011111110111111111111111, sa_flags=SA_ONSTACK|SA_RESTART|SA_SIGINFO
SIGBUS: [libjvm.dylib+0x5a65d5], sa_mask[0]=11111111011111110111111111111111, sa_flags=SA_RESTART|SA_SIGINFO
SIGFPE: [libjvm.dylib+0x4802e8], sa_mask[0]=11111111011111110111111111111111, sa_flags=SA_RESTART|SA_SIGINFO
SIGPIPE: [libjvm.dylib+0x4802e8], sa_mask[0]=11111111011111110111111111111111, sa_flags=SA_RESTART|SA_SIGINFO
SIGXFSZ: [libjvm.dylib+0x4802e8], sa_mask[0]=11111111011111110111111111111111, sa_flags=SA_RESTART|SA_SIGINFO
SIGILL: [libjvm.dylib+0x4802e8], sa_mask[0]=11111111011111110111111111111111, sa_flags=SA_RESTART|SA_SIGINFO
SIGUSR1: SIG_DFL, sa_mask[0]=00000000000000000000000000000000, sa_flags=none
SIGUSR2: [libjvm.dylib+0x47fe06], sa_mask[0]=00100000000000000000000000000000, sa_flags=SA_RESTART|SA_SIGINFO
SIGHUP: [libjvm.dylib+0x47e3dd], sa_mask[0]=11111111011111110111111111111111, sa_flags=SA_RESTART|SA_SIGINFO
SIGINT: [libjvm.dylib+0x47e3dd], sa_mask[0]=11111111011111110111111111111111, sa_flags=SA_RESTART|SA_SIGINFO
SIGTERM: [libjvm.dylib+0x47e3dd], sa_mask[0]=11111111011111110111111111111111, sa_flags=SA_RESTART|SA_SIGINFO
SIGQUIT: [libjvm.dylib+0x47e3dd], sa_mask[0]=11111111011111110111111111111111, sa_flags=SA_RESTART|SA_SIGINFO


---------------  S Y S T E M  ---------------

OS:Bsduname:Darwin 15.0.0 Darwin Kernel Version 15.0.0: Sat Sep 19 15:53:46 PDT 2015; root:xnu-3247.10.11~1/RELEASE_X86_64 x86_64
rlimit: STACK 8192k, CORE 0k, NPROC 709, NOFILE 10240, AS infinity
load average:2.68 8.90 10.57

CPU:total 2 (2 cores per cpu, 1 threads per core) family 6 model 23 stepping 10, cmov, cx8, fxsr, mmx, sse, sse2, sse3, ssse3, sse4.1, tsc

Memory: 4k page, physical 8388608k(1496652k free)

/proc/meminfo:


vm_info: Java HotSpot(TM) 64-Bit Server VM (25.66-b17) for bsd-amd64 JRE (1.8.0_66-b17), built on Oct  6 2015 16:09:13 by "java_re" with gcc 4.2.1 (Based on Apple Inc. build 5658) (LLVM build 2336.11.00)

time: Mon Jan 11 11:35:00 2016
elapsed time: 171 seconds (0d 0h 2m 51s)

